
                         MODELLER 9.17, 2016/07/02, r10881

     PROTEIN STRUCTURE MODELLING BY SATISFACTION OF SPATIAL RESTRAINTS


                     Copyright(c) 1989-2016 Andrej Sali
                            All Rights Reserved

                             Written by A. Sali
                               with help from
              B. Webb, M.S. Madhusudhan, M-Y. Shen, G.Q. Dong,
          M.A. Marti-Renom, N. Eswar, F. Alber, M. Topf, B. Oliva,
             A. Fiser, R. Sanchez, B. Yerkovich, A. Badretdinov,
                     F. Melo, J.P. Overington, E. Feyfant
                 University of California, San Francisco, USA
                    Rockefeller University, New York, USA
                      Harvard University, Cambridge, USA
                   Imperial Cancer Research Fund, London, UK
              Birkbeck College, University of London, London, UK


Kind, OS, HostName, Kernel, Processor: 4, Windows Vista build 7601 Service Pack 1, DH-226-5192, SMP, unknown
Date and time of compilation         : 2016/07/01 22:06:57
MODELLER executable type             : x86_64-w64
Job starting time (YY/MM/DD HH:MM:SS): 2016/11/23 13:40:24


check_ali___> Checking the sequence-structure alignment. 

Implied intrachain target CA(i)-CA(i+1) distances longer than  8.0 angstroms:

ALN_POS  TMPL  RID1  RID2  NAM1  NAM2     DIST
----------------------------------------------
END OF TABLE
read_to_681_> topology.submodel read from topology file:        3
mdtrsr__446W> A potential that relies on one protein is used, yet you have at
              least one known structure available. MDT, not library, potential is used.
0 atoms in HETATM/BLK residues constrained
to protein atoms within 2.30 angstroms
and protein CA atoms within 10.00 angstroms
0 atoms in residues without defined topology
constrained to be rigid bodies
condens_443_> Restraints marked for deletion were removed.
              Total number of restraints before, now:    33304    31172
iupac_m_397W> Atoms were not swapped because of the uncertainty of how to handle the H atom.
iupac_m_397W> Atoms were not swapped because of the uncertainty of how to handle the H atom.
>> Model assessment by DOPE potential
iatmcls_286W> MODEL atom not classified:  ARG:OXT  ARG


>> ENERGY; Differences between the model's features and restraints:
Number of all residues in MODEL                   :      315
Number of all, selected real atoms                :     2390    2390
Number of all, selected pseudo atoms              :        0       0
Number of all static, selected restraints         :    31172   31172
COVALENT_CYS                                      :        F
NONBONDED_SEL_ATOMS                               :        1
Number of non-bonded pairs (excluding 1-2,1-3,1-4):   497640
Dynamic pairs routine                             : 1, NATM x NATM double loop
Atomic shift for contacts update (UPDATE_DYNAMIC) :    0.390
LENNARD_JONES_SWITCH                              :    6.500   7.500
COULOMB_JONES_SWITCH                              :    6.500   7.500
RESIDUE_SPAN_RANGE                                :        1    9999
NLOGN_USE                                         :       15
CONTACT_SHELL                                     :   15.000
DYNAMIC_PAIRS,_SPHERE,_COULOMB,_LENNARD,_MODELLER :        T       F       F       F       T
SPHERE_STDV                                       :    0.050
RADII_FACTOR                                      :    0.820
Current energy                                    :      -38772.6055




<< end of ENERGY.
DOPE score               : -38772.605469
>> Model assessment by GA341 potential

Surface library          : C:\Users\cedbrstu\Modeller9.17/modlib/surf5.de
Pair library             : C:\Users\cedbrstu\Modeller9.17/modlib/pair9.de
Chain identifier         : _
% sequence identity      :    99.352997
Sequence length          :          315
Compactness              :     0.281305
Native energy (pair)     :  -370.253606
Native energy (surface)  :   -16.955490
Native energy (combined) :   -11.139646
Z score (pair)           :   -10.030771
Z score (surface)        :    -7.101576
Z score (combined)       :   -12.434717
GA341 score              :     1.000000



>> ENERGY; Differences between the model's features and restraints:
Number of all residues in MODEL                   :      315
Number of all, selected real atoms                :     2390    2390
Number of all, selected pseudo atoms              :        0       0
Number of all static, selected restraints         :    31172   31172
COVALENT_CYS                                      :        F
NONBONDED_SEL_ATOMS                               :        1
Number of non-bonded pairs (excluding 1-2,1-3,1-4):     5492
Dynamic pairs routine                             : 2, NATM x NATM cell sorting
Atomic shift for contacts update (UPDATE_DYNAMIC) :    0.390
LENNARD_JONES_SWITCH                              :    6.500   7.500
COULOMB_JONES_SWITCH                              :    6.500   7.500
RESIDUE_SPAN_RANGE                                :        0   99999
NLOGN_USE                                         :       15
CONTACT_SHELL                                     :    4.000
DYNAMIC_PAIRS,_SPHERE,_COULOMB,_LENNARD,_MODELLER :        T       T       F       F       F
SPHERE_STDV                                       :    0.050
RADII_FACTOR                                      :    0.820
Current energy                                    :        1435.1984





Summary of the restraint violations: 

   NUM     ... number of restraints.
   NUMVI   ... number of restraints with RVIOL > VIOL_REPORT_CUT[i].
   RVIOL   ... relative difference from the best value.
   NUMVP   ... number of restraints with -Ln(pdf) > VIOL_REPORT_CUT2[i].
   RMS_1   ... RMS(feature, minimally_violated_basis_restraint, NUMB).
   RMS_2   ... RMS(feature, best_value, NUMB).
   MOL.PDF ... scaled contribution to -Ln(Molecular pdf).

 #                     RESTRAINT_GROUP      NUM   NUMVI  NUMVP   RMS_1   RMS_2         MOL.PDF     S_i
------------------------------------------------------------------------------------------------------
 1 Bond length potential              :    2452       0      0   0.005   0.005      14.020       1.000
 2 Bond angle potential               :    3342       0     11   1.913   1.913      237.77       1.000
 3 Stereochemical cosine torsion poten:    1608       0     45  46.391  46.391      534.10       1.000
 4 Stereochemical improper torsion pot:    1078       0      1   1.136   1.136      30.987       1.000
 5 Soft-sphere overlap restraints     :    5492       0      0   0.001   0.001      1.0768       1.000
 6 Lennard-Jones 6-12 potential       :       0       0      0   0.000   0.000      0.0000       1.000
 7 Coulomb point-point electrostatic p:       0       0      0   0.000   0.000      0.0000       1.000
 8 H-bonding potential                :       0       0      0   0.000   0.000      0.0000       1.000
 9 Distance restraints 1 (CA-CA)      :    6749       0      0   0.124   0.124      74.313       1.000
10 Distance restraints 2 (N-O)        :    6861       0      1   0.169   0.169      134.98       1.000
11 Mainchain Phi dihedral restraints  :       0       0      0   0.000   0.000      0.0000       1.000
12 Mainchain Psi dihedral restraints  :       0       0      0   0.000   0.000      0.0000       1.000
13 Mainchain Omega dihedral restraints:     314       0      3   4.083   4.083      61.733       1.000
14 Sidechain Chi_1 dihedral restraints:     231       0      1  42.934  42.934      1.0500       1.000
15 Sidechain Chi_2 dihedral restraints:     180       0      2  53.529  53.529      51.383       1.000
16 Sidechain Chi_3 dihedral restraints:      59       0      1  65.347  65.347      39.287       1.000
17 Sidechain Chi_4 dihedral restraints:      24       0      0 105.744 105.744      15.939       1.000
18 Disulfide distance restraints      :       0       0      0   0.000   0.000      0.0000       1.000
19 Disulfide angle restraints         :       0       0      0   0.000   0.000      0.0000       1.000
20 Disulfide dihedral angle restraints:       0       0      0   0.000   0.000      0.0000       1.000
21 Lower bound distance restraints    :       0       0      0   0.000   0.000      0.0000       1.000
22 Upper bound distance restraints    :       0       0      0   0.000   0.000      0.0000       1.000
23 Distance restraints 3 (SDCH-MNCH)  :    4742       0      0   0.346   0.346      80.590       1.000
24 Sidechain Chi_5 dihedral restraints:       0       0      0   0.000   0.000      0.0000       1.000
25 Phi/Psi pair of dihedral restraints:     313      10     24  24.398  35.062      12.628       1.000
26 Distance restraints 4 (SDCH-SDCH)  :    3219       0      0   0.638   0.638      145.34       1.000
27 Distance restraints 5 (X-Y)        :       0       0      0   0.000   0.000      0.0000       1.000
28 NMR distance restraints 6 (X-Y)    :       0       0      0   0.000   0.000      0.0000       1.000
29 NMR distance restraints 7 (X-Y)    :       0       0      0   0.000   0.000      0.0000       1.000
30 Minimal distance restraints        :       0       0      0   0.000   0.000      0.0000       1.000
31 Non-bonded restraints              :       0       0      0   0.000   0.000      0.0000       1.000
32 Atomic accessibility restraints    :       0       0      0   0.000   0.000      0.0000       1.000
33 Atomic density restraints          :       0       0      0   0.000   0.000      0.0000       1.000
34 Absolute position restraints       :       0       0      0   0.000   0.000      0.0000       1.000
35 Dihedral angle difference restraint:       0       0      0   0.000   0.000      0.0000       1.000
36 GBSA implicit solvent potential    :       0       0      0   0.000   0.000      0.0000       1.000
37 EM density fitting potential       :       0       0      0   0.000   0.000      0.0000       1.000
38 SAXS restraints                    :       0       0      0   0.000   0.000      0.0000       1.000
39 Symmetry restraints                :       0       0      0   0.000   0.000      0.0000       1.000



# Heavy relative violation of each residue is written to: T0694.V99990001
# The profile is NOT normalized by the number of restraints.
# The profiles are smoothed over a window of residues:    1
# The sum of all numbers in the file:   23005.7266



List of the violated restraints:
   A restraint is violated when the relative difference
   from the best value (RVIOL) is larger than CUTOFF.

   ICSR   ... index of a restraint in the current set.
   RESNO  ... residue numbers of the first two atoms.
   ATM    ... IUPAC atom names of the first two atoms.
   FEAT   ... the value of the feature in the model.
   restr  ... the mean of the basis restraint with the smallest
              difference from the model (local minimum).
   viol   ... difference from the local minimum.
   rviol  ... relative difference from the local minimum.
   RESTR  ... the best value (global minimum).
   VIOL   ... difference from the best value.
   RVIOL  ... relative difference from the best value.


-------------------------------------------------------------------------------------------------

Feature 25                           : Phi/Psi pair of dihedral restraints     
List of the RVIOL violations larger than   :       6.5000

    #   ICSR  RESNO1/2 ATM1/2   INDATM1/2    FEAT   restr    viol   rviol   RESTR    VIOL   RVIOL
    1   8503  23F  24N C   N     177  179 -129.11  -63.20   85.37    9.85  -63.20   85.37    9.85
    1         24N  24N N   CA    179  180   13.16  -41.10                  -41.10
    2   8537  57R  58K C   N     420  422   68.60   56.60   12.60    1.25  -62.90  151.65   26.48
    2         58K  58K N   CA    422  423   34.73   38.60                  -40.80
    3   8563  83S  84T C   N     605  607  -88.52  -63.20   44.13    7.24  -63.20   44.13    7.24
    3         84T  84T N   CA    607  608  -78.24  -42.10                  -42.10
    4   8576  96K  97F C   N     696  698  -59.12  -63.20    4.28    0.60   58.10  141.08   21.56
    4         97F  97F N   CA    698  699  -45.61  -44.30                   32.90
    5   8580 100D 101K C   N     729  731 -103.13 -118.00   43.35    2.24  -62.90  145.07   21.23
    5        101K 101K N   CA    731  732  179.82  139.10                  -40.80
    6   8617 137L 138K C   N    1020 1022 -115.39 -118.00   13.82    0.70  -62.90  174.61   25.80
    6        138K 138K N   CA   1022 1023  152.67  139.10                  -40.80
    7   8629 149K 150D C   N    1108 1110 -107.01  -63.30   79.73    8.51   54.50  162.13   19.72
    7        150D 150D N   CA   1110 1111   26.68  -40.00                   40.90
    8   8668 188V 189A C   N    1410 1412  -89.07  -62.50   48.81    7.33  -62.50   48.81    7.33
    8        189A 189A N   CA   1412 1413    0.04  -40.90                  -40.90
    9   8713 233K 234D C   N    1769 1771  -62.38  -63.30   11.23    1.44   54.50  136.09   17.64
    9        234D 234D N   CA   1771 1772  -28.81  -40.00                   40.90
   10   8789 309K 310Q C   N    2342 2344  -66.52  -63.80    2.72    0.45   55.10  145.87   19.29
   10        310Q 310Q N   CA   2344 2345  -40.23  -40.30                   40.30


report______> Distribution of short non-bonded contacts:


DISTANCE1:  0.00 2.10 2.20 2.30 2.40 2.50 2.60 2.70 2.80 2.90 3.00 3.10 3.20 3.30 3.40
DISTANCE2:  2.10 2.20 2.30 2.40 2.50 2.60 2.70 2.80 2.90 3.00 3.10 3.20 3.30 3.40 3.50
FREQUENCY:     0    0    0    0    0    6   28   91  174  201  199  268  402  394  428


<< end of ENERGY.
iupac_m_397W> Atoms were not swapped because of the uncertainty of how to handle the H atom.
>> Model assessment by DOPE potential
iatmcls_286W> MODEL atom not classified:  ARG:OXT  ARG


>> ENERGY; Differences between the model's features and restraints:
Number of all residues in MODEL                   :      315
Number of all, selected real atoms                :     2390    2390
Number of all, selected pseudo atoms              :        0       0
Number of all static, selected restraints         :    31172   31172
COVALENT_CYS                                      :        F
NONBONDED_SEL_ATOMS                               :        1
Number of non-bonded pairs (excluding 1-2,1-3,1-4):   498207
Dynamic pairs routine                             : 1, NATM x NATM double loop
Atomic shift for contacts update (UPDATE_DYNAMIC) :    0.390
LENNARD_JONES_SWITCH                              :    6.500   7.500
COULOMB_JONES_SWITCH                              :    6.500   7.500
RESIDUE_SPAN_RANGE                                :        1    9999
NLOGN_USE                                         :       15
CONTACT_SHELL                                     :   15.000
DYNAMIC_PAIRS,_SPHERE,_COULOMB,_LENNARD,_MODELLER :        T       F       F       F       T
SPHERE_STDV                                       :    0.050
RADII_FACTOR                                      :    0.820
Current energy                                    :      -38440.3672




<< end of ENERGY.
DOPE score               : -38440.367188
>> Model assessment by GA341 potential

Surface library          : C:\Users\cedbrstu\Modeller9.17/modlib/surf5.de
Pair library             : C:\Users\cedbrstu\Modeller9.17/modlib/pair9.de
Chain identifier         : _
% sequence identity      :    99.352997
Sequence length          :          315
Compactness              :     0.280140
Native energy (pair)     :  -332.721749
Native energy (surface)  :   -16.323910
Native energy (combined) :   -11.131420
Z score (pair)           :   -10.849574
Z score (surface)        :    -7.096826
Z score (combined)       :   -12.072147
GA341 score              :     1.000000



>> ENERGY; Differences between the model's features and restraints:
Number of all residues in MODEL                   :      315
Number of all, selected real atoms                :     2390    2390
Number of all, selected pseudo atoms              :        0       0
Number of all static, selected restraints         :    31172   31172
COVALENT_CYS                                      :        F
NONBONDED_SEL_ATOMS                               :        1
Number of non-bonded pairs (excluding 1-2,1-3,1-4):     5553
Dynamic pairs routine                             : 2, NATM x NATM cell sorting
Atomic shift for contacts update (UPDATE_DYNAMIC) :    0.390
LENNARD_JONES_SWITCH                              :    6.500   7.500
COULOMB_JONES_SWITCH                              :    6.500   7.500
RESIDUE_SPAN_RANGE                                :        0   99999
NLOGN_USE                                         :       15
CONTACT_SHELL                                     :    4.000
DYNAMIC_PAIRS,_SPHERE,_COULOMB,_LENNARD,_MODELLER :        T       T       F       F       F
SPHERE_STDV                                       :    0.050
RADII_FACTOR                                      :    0.820
Current energy                                    :        1422.1119





Summary of the restraint violations: 

   NUM     ... number of restraints.
   NUMVI   ... number of restraints with RVIOL > VIOL_REPORT_CUT[i].
   RVIOL   ... relative difference from the best value.
   NUMVP   ... number of restraints with -Ln(pdf) > VIOL_REPORT_CUT2[i].
   RMS_1   ... RMS(feature, minimally_violated_basis_restraint, NUMB).
   RMS_2   ... RMS(feature, best_value, NUMB).
   MOL.PDF ... scaled contribution to -Ln(Molecular pdf).

 #                     RESTRAINT_GROUP      NUM   NUMVI  NUMVP   RMS_1   RMS_2         MOL.PDF     S_i
------------------------------------------------------------------------------------------------------
 1 Bond length potential              :    2452       0      0   0.004   0.004      13.483       1.000
 2 Bond angle potential               :    3342       1     10   1.892   1.892      234.67       1.000
 3 Stereochemical cosine torsion poten:    1608       0     48  46.424  46.424      533.50       1.000
 4 Stereochemical improper torsion pot:    1078       0      1   1.096   1.096      29.505       1.000
 5 Soft-sphere overlap restraints     :    5553       0      0   0.001   0.001      1.3080       1.000
 6 Lennard-Jones 6-12 potential       :       0       0      0   0.000   0.000      0.0000       1.000
 7 Coulomb point-point electrostatic p:       0       0      0   0.000   0.000      0.0000       1.000
 8 H-bonding potential                :       0       0      0   0.000   0.000      0.0000       1.000
 9 Distance restraints 1 (CA-CA)      :    6749       0      0   0.114   0.114      66.681       1.000
10 Distance restraints 2 (N-O)        :    6861       0      7   0.198   0.198      172.24       1.000
11 Mainchain Phi dihedral restraints  :       0       0      0   0.000   0.000      0.0000       1.000
12 Mainchain Psi dihedral restraints  :       0       0      0   0.000   0.000      0.0000       1.000
13 Mainchain Omega dihedral restraints:     314       0      5   4.028   4.028      60.083       1.000
14 Sidechain Chi_1 dihedral restraints:     231       0      2  42.586  42.586     -7.9594       1.000
15 Sidechain Chi_2 dihedral restraints:     180       0      1  52.267  52.267      49.528       1.000
16 Sidechain Chi_3 dihedral restraints:      59       0      0  63.031  63.031      33.821       1.000
17 Sidechain Chi_4 dihedral restraints:      24       0      0 109.653 109.653      15.790       1.000
18 Disulfide distance restraints      :       0       0      0   0.000   0.000      0.0000       1.000
19 Disulfide angle restraints         :       0       0      0   0.000   0.000      0.0000       1.000
20 Disulfide dihedral angle restraints:       0       0      0   0.000   0.000      0.0000       1.000
21 Lower bound distance restraints    :       0       0      0   0.000   0.000      0.0000       1.000
22 Upper bound distance restraints    :       0       0      0   0.000   0.000      0.0000       1.000
23 Distance restraints 3 (SDCH-MNCH)  :    4742       0      0   0.348   0.348      66.354       1.000
24 Sidechain Chi_5 dihedral restraints:       0       0      0   0.000   0.000      0.0000       1.000
25 Phi/Psi pair of dihedral restraints:     313      13     29  25.715  39.639      35.668       1.000
26 Distance restraints 4 (SDCH-SDCH)  :    3219       0      0   0.617   0.617      117.43       1.000
27 Distance restraints 5 (X-Y)        :       0       0      0   0.000   0.000      0.0000       1.000
28 NMR distance restraints 6 (X-Y)    :       0       0      0   0.000   0.000      0.0000       1.000
29 NMR distance restraints 7 (X-Y)    :       0       0      0   0.000   0.000      0.0000       1.000
30 Minimal distance restraints        :       0       0      0   0.000   0.000      0.0000       1.000
31 Non-bonded restraints              :       0       0      0   0.000   0.000      0.0000       1.000
32 Atomic accessibility restraints    :       0       0      0   0.000   0.000      0.0000       1.000
33 Atomic density restraints          :       0       0      0   0.000   0.000      0.0000       1.000
34 Absolute position restraints       :       0       0      0   0.000   0.000      0.0000       1.000
35 Dihedral angle difference restraint:       0       0      0   0.000   0.000      0.0000       1.000
36 GBSA implicit solvent potential    :       0       0      0   0.000   0.000      0.0000       1.000
37 EM density fitting potential       :       0       0      0   0.000   0.000      0.0000       1.000
38 SAXS restraints                    :       0       0      0   0.000   0.000      0.0000       1.000
39 Symmetry restraints                :       0       0      0   0.000   0.000      0.0000       1.000



# Heavy relative violation of each residue is written to: T0694.V99990002
# The profile is NOT normalized by the number of restraints.
# The profiles are smoothed over a window of residues:    1
# The sum of all numbers in the file:   22602.9844



List of the violated restraints:
   A restraint is violated when the relative difference
   from the best value (RVIOL) is larger than CUTOFF.

   ICSR   ... index of a restraint in the current set.
   RESNO  ... residue numbers of the first two atoms.
   ATM    ... IUPAC atom names of the first two atoms.
   FEAT   ... the value of the feature in the model.
   restr  ... the mean of the basis restraint with the smallest
              difference from the model (local minimum).
   viol   ... difference from the local minimum.
   rviol  ... relative difference from the local minimum.
   RESTR  ... the best value (global minimum).
   VIOL   ... difference from the best value.
   RVIOL  ... relative difference from the best value.


-------------------------------------------------------------------------------------------------

Feature  2                           : Bond angle potential                    
List of the RVIOL violations larger than   :       4.5000

    #   ICSR  RESNO1/2 ATM1/2   INDATM1/2    FEAT   restr    viol   rviol   RESTR    VIOL   RVIOL
    1   5585 295Y 296A C   N    2236 2238  142.11  120.00   22.11    5.03  120.00   22.11    5.03

-------------------------------------------------------------------------------------------------

Feature 25                           : Phi/Psi pair of dihedral restraints     
List of the RVIOL violations larger than   :       6.5000

    #   ICSR  RESNO1/2 ATM1/2   INDATM1/2    FEAT   restr    viol   rviol   RESTR    VIOL   RVIOL
    1   8503  23F  24N C   N     177  179 -128.63  -63.20   85.66    9.83  -63.20   85.66    9.83
    1         24N  24N N   CA    179  180   14.17  -41.10                  -41.10
    2   8537  57R  58K C   N     420  422   65.33   56.60    8.93    0.95  -62.90  149.85   26.15
    2         58K  58K N   CA    422  423   36.74   38.60                  -40.80
    3   8548  68V  69D C   N     499  501  -73.33  -63.30   10.03    1.60  -70.90  169.46    8.23
    3         69D  69D N   CA    501  502  -40.26  -40.00                  150.30
    4   8549  69D  70G C   N     507  509  130.99   82.20   63.36    2.21  -62.40  166.87   29.42
    4         70G  70G N   CA    509  510  -31.91    8.50                  -41.20
    5   8563  83S  84T C   N     605  607  -89.40  -63.20   44.54    7.34  -63.20   44.54    7.34
    5         84T  84T N   CA    607  608  -78.11  -42.10                  -42.10
    6   8576  96K  97F C   N     696  698  -62.09  -63.20    3.51    0.42   58.10  144.68   22.11
    6         97F  97F N   CA    698  699  -47.63  -44.30                   32.90
    7   8580 100D 101K C   N     729  731  -88.55  -70.20   37.66    2.32  -62.90  148.16   20.73
    7        101K 101K N   CA    731  732  173.28  140.40                  -40.80
    8   8617 137L 138K C   N    1020 1022 -112.41 -118.00   18.32    0.94  -62.90  170.02   25.02
    8        138K 138K N   CA   1022 1023  156.55  139.10                  -40.80
    9   8629 149K 150D C   N    1108 1110 -103.78  -63.30   81.13    8.61   54.50  158.64   19.15
    9        150D 150D N   CA   1110 1111   30.31  -40.00                   40.90
   10   8668 188V 189A C   N    1410 1412  -90.00  -62.50   50.72    7.61  -62.50   50.72    7.61
   10        189A 189A N   CA   1412 1413    1.72  -40.90                  -40.90
   11   8713 233K 234D C   N    1769 1771 -110.15  -96.50   83.92    3.51   54.50  164.92   19.85
   11        234D 234D N   CA   1771 1772   31.40  114.20                   40.90
   12   8789 309K 310Q C   N    2342 2344  -79.26  -73.00   36.73    2.28   55.10 -168.40   11.88
   12        310Q 310Q N   CA   2344 2345  176.89  140.70                   40.30
   13   8790 310Q 311G C   N    2351 2353   86.23   82.20   67.33    3.06  -62.40  149.66   25.97
   13        311G 311G N   CA   2353 2354  -58.71    8.50                  -41.20


report______> Distribution of short non-bonded contacts:


DISTANCE1:  0.00 2.10 2.20 2.30 2.40 2.50 2.60 2.70 2.80 2.90 3.00 3.10 3.20 3.30 3.40
DISTANCE2:  2.10 2.20 2.30 2.40 2.50 2.60 2.70 2.80 2.90 3.00 3.10 3.20 3.30 3.40 3.50
FREQUENCY:     0    0    0    0    1   12   45   96  166  209  195  277  396  423  411


<< end of ENERGY.
iupac_m_484W> Dihedral still outside +-90:      -90.7241
>> Model assessment by DOPE potential
iatmcls_286W> MODEL atom not classified:  ARG:OXT  ARG


>> ENERGY; Differences between the model's features and restraints:
Number of all residues in MODEL                   :      315
Number of all, selected real atoms                :     2390    2390
Number of all, selected pseudo atoms              :        0       0
Number of all static, selected restraints         :    31172   31172
COVALENT_CYS                                      :        F
NONBONDED_SEL_ATOMS                               :        1
Number of non-bonded pairs (excluding 1-2,1-3,1-4):   498093
Dynamic pairs routine                             : 1, NATM x NATM double loop
Atomic shift for contacts update (UPDATE_DYNAMIC) :    0.390
LENNARD_JONES_SWITCH                              :    6.500   7.500
COULOMB_JONES_SWITCH                              :    6.500   7.500
RESIDUE_SPAN_RANGE                                :        1    9999
NLOGN_USE                                         :       15
CONTACT_SHELL                                     :   15.000
DYNAMIC_PAIRS,_SPHERE,_COULOMB,_LENNARD,_MODELLER :        T       F       F       F       T
SPHERE_STDV                                       :    0.050
RADII_FACTOR                                      :    0.820
Current energy                                    :      -38742.5469




<< end of ENERGY.
DOPE score               : -38742.546875
>> Model assessment by GA341 potential

Surface library          : C:\Users\cedbrstu\Modeller9.17/modlib/surf5.de
Pair library             : C:\Users\cedbrstu\Modeller9.17/modlib/pair9.de
Chain identifier         : _
% sequence identity      :    99.352997
Sequence length          :          315
Compactness              :     0.280891
Native energy (pair)     :  -385.898940
Native energy (surface)  :   -18.287185
Native energy (combined) :   -12.540406
Z score (pair)           :   -11.237181
Z score (surface)        :    -7.482390
Z score (combined)       :   -12.521216
GA341 score              :     1.000000



>> ENERGY; Differences between the model's features and restraints:
Number of all residues in MODEL                   :      315
Number of all, selected real atoms                :     2390    2390
Number of all, selected pseudo atoms              :        0       0
Number of all static, selected restraints         :    31172   31172
COVALENT_CYS                                      :        F
NONBONDED_SEL_ATOMS                               :        1
Number of non-bonded pairs (excluding 1-2,1-3,1-4):     5536
Dynamic pairs routine                             : 2, NATM x NATM cell sorting
Atomic shift for contacts update (UPDATE_DYNAMIC) :    0.390
LENNARD_JONES_SWITCH                              :    6.500   7.500
COULOMB_JONES_SWITCH                              :    6.500   7.500
RESIDUE_SPAN_RANGE                                :        0   99999
NLOGN_USE                                         :       15
CONTACT_SHELL                                     :    4.000
DYNAMIC_PAIRS,_SPHERE,_COULOMB,_LENNARD,_MODELLER :        T       T       F       F       F
SPHERE_STDV                                       :    0.050
RADII_FACTOR                                      :    0.820
Current energy                                    :        1332.2516





Summary of the restraint violations: 

   NUM     ... number of restraints.
   NUMVI   ... number of restraints with RVIOL > VIOL_REPORT_CUT[i].
   RVIOL   ... relative difference from the best value.
   NUMVP   ... number of restraints with -Ln(pdf) > VIOL_REPORT_CUT2[i].
   RMS_1   ... RMS(feature, minimally_violated_basis_restraint, NUMB).
   RMS_2   ... RMS(feature, best_value, NUMB).
   MOL.PDF ... scaled contribution to -Ln(Molecular pdf).

 #                     RESTRAINT_GROUP      NUM   NUMVI  NUMVP   RMS_1   RMS_2         MOL.PDF     S_i
------------------------------------------------------------------------------------------------------
 1 Bond length potential              :    2452       0      0   0.004   0.004      12.456       1.000
 2 Bond angle potential               :    3342       0      8   1.828   1.828      219.65       1.000
 3 Stereochemical cosine torsion poten:    1608       0     45  46.403  46.403      534.51       1.000
 4 Stereochemical improper torsion pot:    1078       0      1   1.066   1.066      28.195       1.000
 5 Soft-sphere overlap restraints     :    5536       0      0   0.001   0.001     0.91277       1.000
 6 Lennard-Jones 6-12 potential       :       0       0      0   0.000   0.000      0.0000       1.000
 7 Coulomb point-point electrostatic p:       0       0      0   0.000   0.000      0.0000       1.000
 8 H-bonding potential                :       0       0      0   0.000   0.000      0.0000       1.000
 9 Distance restraints 1 (CA-CA)      :    6749       0      0   0.113   0.113      63.608       1.000
10 Distance restraints 2 (N-O)        :    6861       0      1   0.169   0.169      131.09       1.000
11 Mainchain Phi dihedral restraints  :       0       0      0   0.000   0.000      0.0000       1.000
12 Mainchain Psi dihedral restraints  :       0       0      0   0.000   0.000      0.0000       1.000
13 Mainchain Omega dihedral restraints:     314       0      3   3.979   3.979      58.621       1.000
14 Sidechain Chi_1 dihedral restraints:     231       0      0  45.520  45.520     -5.3237       1.000
15 Sidechain Chi_2 dihedral restraints:     180       0      0  52.163  52.163      48.024       1.000
16 Sidechain Chi_3 dihedral restraints:      59       0      0  67.248  67.248      35.681       1.000
17 Sidechain Chi_4 dihedral restraints:      24       0      0  83.488  83.488      13.893       1.000
18 Disulfide distance restraints      :       0       0      0   0.000   0.000      0.0000       1.000
19 Disulfide angle restraints         :       0       0      0   0.000   0.000      0.0000       1.000
20 Disulfide dihedral angle restraints:       0       0      0   0.000   0.000      0.0000       1.000
21 Lower bound distance restraints    :       0       0      0   0.000   0.000      0.0000       1.000
22 Upper bound distance restraints    :       0       0      0   0.000   0.000      0.0000       1.000
23 Distance restraints 3 (SDCH-MNCH)  :    4742       0      0   0.366   0.366      71.136       1.000
24 Sidechain Chi_5 dihedral restraints:       0       0      0   0.000   0.000      0.0000       1.000
25 Phi/Psi pair of dihedral restraints:     313       9     25  24.109  34.728      4.7181       1.000
26 Distance restraints 4 (SDCH-SDCH)  :    3219       0      0   0.596   0.596      115.08       1.000
27 Distance restraints 5 (X-Y)        :       0       0      0   0.000   0.000      0.0000       1.000
28 NMR distance restraints 6 (X-Y)    :       0       0      0   0.000   0.000      0.0000       1.000
29 NMR distance restraints 7 (X-Y)    :       0       0      0   0.000   0.000      0.0000       1.000
30 Minimal distance restraints        :       0       0      0   0.000   0.000      0.0000       1.000
31 Non-bonded restraints              :       0       0      0   0.000   0.000      0.0000       1.000
32 Atomic accessibility restraints    :       0       0      0   0.000   0.000      0.0000       1.000
33 Atomic density restraints          :       0       0      0   0.000   0.000      0.0000       1.000
34 Absolute position restraints       :       0       0      0   0.000   0.000      0.0000       1.000
35 Dihedral angle difference restraint:       0       0      0   0.000   0.000      0.0000       1.000
36 GBSA implicit solvent potential    :       0       0      0   0.000   0.000      0.0000       1.000
37 EM density fitting potential       :       0       0      0   0.000   0.000      0.0000       1.000
38 SAXS restraints                    :       0       0      0   0.000   0.000      0.0000       1.000
39 Symmetry restraints                :       0       0      0   0.000   0.000      0.0000       1.000



# Heavy relative violation of each residue is written to: T0694.V99990003
# The profile is NOT normalized by the number of restraints.
# The profiles are smoothed over a window of residues:    1
# The sum of all numbers in the file:   21844.4688



List of the violated restraints:
   A restraint is violated when the relative difference
   from the best value (RVIOL) is larger than CUTOFF.

   ICSR   ... index of a restraint in the current set.
   RESNO  ... residue numbers of the first two atoms.
   ATM    ... IUPAC atom names of the first two atoms.
   FEAT   ... the value of the feature in the model.
   restr  ... the mean of the basis restraint with the smallest
              difference from the model (local minimum).
   viol   ... difference from the local minimum.
   rviol  ... relative difference from the local minimum.
   RESTR  ... the best value (global minimum).
   VIOL   ... difference from the best value.
   RVIOL  ... relative difference from the best value.


-------------------------------------------------------------------------------------------------

Feature 25                           : Phi/Psi pair of dihedral restraints     
List of the RVIOL violations larger than   :       6.5000

    #   ICSR  RESNO1/2 ATM1/2   INDATM1/2    FEAT   restr    viol   rviol   RESTR    VIOL   RVIOL
    1   8537  57R  58K C   N     420  422   66.83   56.60   10.30    1.26  -62.90  152.77   26.65
    1         58K  58K N   CA    422  423   39.89   38.60                  -40.80
    2   8563  83S  84T C   N     605  607  -89.10  -63.20   44.53    7.33  -63.20   44.53    7.33
    2         84T  84T N   CA    607  608  -78.31  -42.10                  -42.10
    3   8576  96K  97F C   N     696  698  -60.00  -63.20    3.97    0.48   58.10  142.39   21.76
    3         97F  97F N   CA    698  699  -46.65  -44.30                   32.90
    4   8580 100D 101K C   N     729  731 -109.19 -118.00   46.10    2.33  -62.90  142.57   21.27
    4        101K 101K N   CA    731  732 -175.65  139.10                  -40.80
    5   8617 137L 138K C   N    1020 1022 -109.01 -118.00   19.32    1.00  -62.90  169.40   24.73
    5        138K 138K N   CA   1022 1023  156.20  139.10                  -40.80
    6   8629 149K 150D C   N    1108 1110 -103.80  -63.30   81.72    8.67   54.50  158.61   19.12
    6        150D 150D N   CA   1110 1111   30.99  -40.00                   40.90
    7   8668 188V 189A C   N    1410 1412  -89.49  -62.50   49.53    7.44  -62.50   49.53    7.44
    7        189A 189A N   CA   1412 1413    0.63  -40.90                  -40.90
    8   8713 233K 234D C   N    1769 1771  -67.22  -63.30   15.14    1.67   54.50  138.60   17.99
    8        234D 234D N   CA   1771 1772  -25.38  -40.00                   40.90
    9   8789 309K 310Q C   N    2342 2344  -63.60  -63.80    1.66    0.23   55.10  144.41   19.04
    9        310Q 310Q N   CA   2344 2345  -41.95  -40.30                   40.30


report______> Distribution of short non-bonded contacts:


DISTANCE1:  0.00 2.10 2.20 2.30 2.40 2.50 2.60 2.70 2.80 2.90 3.00 3.10 3.20 3.30 3.40
DISTANCE2:  2.10 2.20 2.30 2.40 2.50 2.60 2.70 2.80 2.90 3.00 3.10 3.20 3.30 3.40 3.50
FREQUENCY:     0    0    0    0    0    8   36   89  179  209  206  265  384  428  411


<< end of ENERGY.
iupac_m_397W> Atoms were not swapped because of the uncertainty of how to handle the H atom.
>> Model assessment by DOPE potential
iatmcls_286W> MODEL atom not classified:  ARG:OXT  ARG


>> ENERGY; Differences between the model's features and restraints:
Number of all residues in MODEL                   :      315
Number of all, selected real atoms                :     2390    2390
Number of all, selected pseudo atoms              :        0       0
Number of all static, selected restraints         :    31172   31172
COVALENT_CYS                                      :        F
NONBONDED_SEL_ATOMS                               :        1
Number of non-bonded pairs (excluding 1-2,1-3,1-4):   499765
Dynamic pairs routine                             : 1, NATM x NATM double loop
Atomic shift for contacts update (UPDATE_DYNAMIC) :    0.390
LENNARD_JONES_SWITCH                              :    6.500   7.500
COULOMB_JONES_SWITCH                              :    6.500   7.500
RESIDUE_SPAN_RANGE                                :        1    9999
NLOGN_USE                                         :       15
CONTACT_SHELL                                     :   15.000
DYNAMIC_PAIRS,_SPHERE,_COULOMB,_LENNARD,_MODELLER :        T       F       F       F       T
SPHERE_STDV                                       :    0.050
RADII_FACTOR                                      :    0.820
Current energy                                    :      -38483.4648




<< end of ENERGY.
DOPE score               : -38483.464844
>> Model assessment by GA341 potential

Surface library          : C:\Users\cedbrstu\Modeller9.17/modlib/surf5.de
Pair library             : C:\Users\cedbrstu\Modeller9.17/modlib/pair9.de
Chain identifier         : _
% sequence identity      :    99.352997
Sequence length          :          315
Compactness              :     0.281012
Native energy (pair)     :  -347.580875
Native energy (surface)  :   -16.900390
Native energy (combined) :   -11.576385
Z score (pair)           :   -11.048920
Z score (surface)        :    -7.048982
Z score (combined)       :   -12.216855
GA341 score              :     1.000000



>> ENERGY; Differences between the model's features and restraints:
Number of all residues in MODEL                   :      315
Number of all, selected real atoms                :     2390    2390
Number of all, selected pseudo atoms              :        0       0
Number of all static, selected restraints         :    31172   31172
COVALENT_CYS                                      :        F
NONBONDED_SEL_ATOMS                               :        1
Number of non-bonded pairs (excluding 1-2,1-3,1-4):     5564
Dynamic pairs routine                             : 2, NATM x NATM cell sorting
Atomic shift for contacts update (UPDATE_DYNAMIC) :    0.390
LENNARD_JONES_SWITCH                              :    6.500   7.500
COULOMB_JONES_SWITCH                              :    6.500   7.500
RESIDUE_SPAN_RANGE                                :        0   99999
NLOGN_USE                                         :       15
CONTACT_SHELL                                     :    4.000
DYNAMIC_PAIRS,_SPHERE,_COULOMB,_LENNARD,_MODELLER :        T       T       F       F       F
SPHERE_STDV                                       :    0.050
RADII_FACTOR                                      :    0.820
Current energy                                    :        1465.6466





Summary of the restraint violations: 

   NUM     ... number of restraints.
   NUMVI   ... number of restraints with RVIOL > VIOL_REPORT_CUT[i].
   RVIOL   ... relative difference from the best value.
   NUMVP   ... number of restraints with -Ln(pdf) > VIOL_REPORT_CUT2[i].
   RMS_1   ... RMS(feature, minimally_violated_basis_restraint, NUMB).
   RMS_2   ... RMS(feature, best_value, NUMB).
   MOL.PDF ... scaled contribution to -Ln(Molecular pdf).

 #                     RESTRAINT_GROUP      NUM   NUMVI  NUMVP   RMS_1   RMS_2         MOL.PDF     S_i
------------------------------------------------------------------------------------------------------
 1 Bond length potential              :    2452       0      0   0.005   0.005      14.206       1.000
 2 Bond angle potential               :    3342       0      8   1.905   1.905      237.56       1.000
 3 Stereochemical cosine torsion poten:    1608       0     46  46.226  46.226      534.64       1.000
 4 Stereochemical improper torsion pot:    1078       0      1   1.121   1.121      30.210       1.000
 5 Soft-sphere overlap restraints     :    5564       0      0   0.002   0.002      1.4869       1.000
 6 Lennard-Jones 6-12 potential       :       0       0      0   0.000   0.000      0.0000       1.000
 7 Coulomb point-point electrostatic p:       0       0      0   0.000   0.000      0.0000       1.000
 8 H-bonding potential                :       0       0      0   0.000   0.000      0.0000       1.000
 9 Distance restraints 1 (CA-CA)      :    6749       0      0   0.124   0.124      77.733       1.000
10 Distance restraints 2 (N-O)        :    6861       0      4   0.192   0.192      152.15       1.000
11 Mainchain Phi dihedral restraints  :       0       0      0   0.000   0.000      0.0000       1.000
12 Mainchain Psi dihedral restraints  :       0       0      0   0.000   0.000      0.0000       1.000
13 Mainchain Omega dihedral restraints:     314       0      4   4.068   4.068      61.293       1.000
14 Sidechain Chi_1 dihedral restraints:     231       0      0  43.432  43.432    -0.88699E-01   1.000
15 Sidechain Chi_2 dihedral restraints:     180       0      0  57.033  57.033      55.277       1.000
16 Sidechain Chi_3 dihedral restraints:      59       0      0  52.881  52.881      33.097       1.000
17 Sidechain Chi_4 dihedral restraints:      24       0      0  73.143  73.143      17.312       1.000
18 Disulfide distance restraints      :       0       0      0   0.000   0.000      0.0000       1.000
19 Disulfide angle restraints         :       0       0      0   0.000   0.000      0.0000       1.000
20 Disulfide dihedral angle restraints:       0       0      0   0.000   0.000      0.0000       1.000
21 Lower bound distance restraints    :       0       0      0   0.000   0.000      0.0000       1.000
22 Upper bound distance restraints    :       0       0      0   0.000   0.000      0.0000       1.000
23 Distance restraints 3 (SDCH-MNCH)  :    4742       0      0   0.369   0.369      82.867       1.000
24 Sidechain Chi_5 dihedral restraints:       0       0      0   0.000   0.000      0.0000       1.000
25 Phi/Psi pair of dihedral restraints:     313      11     25  24.535  36.487      21.438       1.000
26 Distance restraints 4 (SDCH-SDCH)  :    3219       0      0   0.654   0.654      146.47       1.000
27 Distance restraints 5 (X-Y)        :       0       0      0   0.000   0.000      0.0000       1.000
28 NMR distance restraints 6 (X-Y)    :       0       0      0   0.000   0.000      0.0000       1.000
29 NMR distance restraints 7 (X-Y)    :       0       0      0   0.000   0.000      0.0000       1.000
30 Minimal distance restraints        :       0       0      0   0.000   0.000      0.0000       1.000
31 Non-bonded restraints              :       0       0      0   0.000   0.000      0.0000       1.000
32 Atomic accessibility restraints    :       0       0      0   0.000   0.000      0.0000       1.000
33 Atomic density restraints          :       0       0      0   0.000   0.000      0.0000       1.000
34 Absolute position restraints       :       0       0      0   0.000   0.000      0.0000       1.000
35 Dihedral angle difference restraint:       0       0      0   0.000   0.000      0.0000       1.000
36 GBSA implicit solvent potential    :       0       0      0   0.000   0.000      0.0000       1.000
37 EM density fitting potential       :       0       0      0   0.000   0.000      0.0000       1.000
38 SAXS restraints                    :       0       0      0   0.000   0.000      0.0000       1.000
39 Symmetry restraints                :       0       0      0   0.000   0.000      0.0000       1.000



# Heavy relative violation of each residue is written to: T0694.V99990004
# The profile is NOT normalized by the number of restraints.
# The profiles are smoothed over a window of residues:    1
# The sum of all numbers in the file:   23289.8184



List of the violated restraints:
   A restraint is violated when the relative difference
   from the best value (RVIOL) is larger than CUTOFF.

   ICSR   ... index of a restraint in the current set.
   RESNO  ... residue numbers of the first two atoms.
   ATM    ... IUPAC atom names of the first two atoms.
   FEAT   ... the value of the feature in the model.
   restr  ... the mean of the basis restraint with the smallest
              difference from the model (local minimum).
   viol   ... difference from the local minimum.
   rviol  ... relative difference from the local minimum.
   RESTR  ... the best value (global minimum).
   VIOL   ... difference from the best value.
   RVIOL  ... relative difference from the best value.


-------------------------------------------------------------------------------------------------

Feature 25                           : Phi/Psi pair of dihedral restraints     
List of the RVIOL violations larger than   :       6.5000

    #   ICSR  RESNO1/2 ATM1/2   INDATM1/2    FEAT   restr    viol   rviol   RESTR    VIOL   RVIOL
    1   8503  23F  24N C   N     177  179 -130.01  -63.20   88.83   10.13  -63.20   88.83   10.13
    1         24N  24N N   CA    179  180   17.44  -41.10                  -41.10
    2   8537  57R  58K C   N     420  422   67.85   56.60   11.76    1.18  -62.90  151.21   26.40
    2         58K  58K N   CA    422  423   35.16   38.60                  -40.80
    3   8563  83S  84T C   N     605  607  -87.83  -63.20   44.86    7.31  -63.20   44.86    7.31
    3         84T  84T N   CA    607  608  -79.59  -42.10                  -42.10
    4   8576  96K  97F C   N     696  698  -60.52  -63.20    2.68    0.44   58.10  141.45   21.65
    4         97F  97F N   CA    698  699  -44.16  -44.30                   32.90
    5   8580 100D 101K C   N     729  731  -86.55  -70.20   34.85    2.16  -62.90  149.90   20.84
    5        101K 101K N   CA    731  732  171.18  140.40                  -40.80
    6   8617 137L 138K C   N    1020 1022 -116.19 -118.00   18.56    0.92  -62.90  170.18   25.27
    6        138K 138K N   CA   1022 1023  157.58  139.10                  -40.80
    7   8629 149K 150D C   N    1108 1110  -68.81  -63.30   18.28    1.99   54.50  138.69   18.01
    7        150D 150D N   CA   1110 1111  -22.57  -40.00                   40.90
    8   8668 188V 189A C   N    1410 1412  -89.12  -62.50   49.33    7.40  -62.50   49.33    7.40
    8        189A 189A N   CA   1412 1413    0.63  -40.90                  -40.90
    9   8713 233K 234D C   N    1769 1771  -65.52  -63.30   15.63    1.81   54.50  136.69   17.74
    9        234D 234D N   CA   1771 1772  -24.53  -40.00                   40.90
   10   8789 309K 310Q C   N    2342 2344  -74.61  -73.00   33.28    2.14   55.10 -173.77   11.45
   10        310Q 310Q N   CA   2344 2345  173.94  140.70                   40.30
   11   8790 310Q 311G C   N    2351 2353   85.53   82.20   69.63    3.21  -62.40  149.26   25.78
   11        311G 311G N   CA   2353 2354  -61.04    8.50                  -41.20


report______> Distribution of short non-bonded contacts:


DISTANCE1:  0.00 2.10 2.20 2.30 2.40 2.50 2.60 2.70 2.80 2.90 3.00 3.10 3.20 3.30 3.40
DISTANCE2:  2.10 2.20 2.30 2.40 2.50 2.60 2.70 2.80 2.90 3.00 3.10 3.20 3.30 3.40 3.50
FREQUENCY:     0    0    0    0    1   10   34   91  176  195  231  288  389  409  458


<< end of ENERGY.
iupac_m_397W> Atoms were not swapped because of the uncertainty of how to handle the H atom.
>> Model assessment by DOPE potential
iatmcls_286W> MODEL atom not classified:  ARG:OXT  ARG


>> ENERGY; Differences between the model's features and restraints:
Number of all residues in MODEL                   :      315
Number of all, selected real atoms                :     2390    2390
Number of all, selected pseudo atoms              :        0       0
Number of all static, selected restraints         :    31172   31172
COVALENT_CYS                                      :        F
NONBONDED_SEL_ATOMS                               :        1
Number of non-bonded pairs (excluding 1-2,1-3,1-4):   498737
Dynamic pairs routine                             : 1, NATM x NATM double loop
Atomic shift for contacts update (UPDATE_DYNAMIC) :    0.390
LENNARD_JONES_SWITCH                              :    6.500   7.500
COULOMB_JONES_SWITCH                              :    6.500   7.500
RESIDUE_SPAN_RANGE                                :        1    9999
NLOGN_USE                                         :       15
CONTACT_SHELL                                     :   15.000
DYNAMIC_PAIRS,_SPHERE,_COULOMB,_LENNARD,_MODELLER :        T       F       F       F       T
SPHERE_STDV                                       :    0.050
RADII_FACTOR                                      :    0.820
Current energy                                    :      -38905.5312




<< end of ENERGY.
DOPE score               : -38905.531250
>> Model assessment by GA341 potential

Surface library          : C:\Users\cedbrstu\Modeller9.17/modlib/surf5.de
Pair library             : C:\Users\cedbrstu\Modeller9.17/modlib/pair9.de
Chain identifier         : _
% sequence identity      :    99.352997
Sequence length          :          315
Compactness              :     0.280879
Native energy (pair)     :  -358.147761
Native energy (surface)  :   -17.063931
Native energy (combined) :   -11.758796
Z score (pair)           :   -11.015662
Z score (surface)        :    -7.122775
Z score (combined)       :   -12.101460
GA341 score              :     1.000000



>> ENERGY; Differences between the model's features and restraints:
Number of all residues in MODEL                   :      315
Number of all, selected real atoms                :     2390    2390
Number of all, selected pseudo atoms              :        0       0
Number of all static, selected restraints         :    31172   31172
COVALENT_CYS                                      :        F
NONBONDED_SEL_ATOMS                               :        1
Number of non-bonded pairs (excluding 1-2,1-3,1-4):     5465
Dynamic pairs routine                             : 2, NATM x NATM cell sorting
Atomic shift for contacts update (UPDATE_DYNAMIC) :    0.390
LENNARD_JONES_SWITCH                              :    6.500   7.500
COULOMB_JONES_SWITCH                              :    6.500   7.500
RESIDUE_SPAN_RANGE                                :        0   99999
NLOGN_USE                                         :       15
CONTACT_SHELL                                     :    4.000
DYNAMIC_PAIRS,_SPHERE,_COULOMB,_LENNARD,_MODELLER :        T       T       F       F       F
SPHERE_STDV                                       :    0.050
RADII_FACTOR                                      :    0.820
Current energy                                    :        1380.6028





Summary of the restraint violations: 

   NUM     ... number of restraints.
   NUMVI   ... number of restraints with RVIOL > VIOL_REPORT_CUT[i].
   RVIOL   ... relative difference from the best value.
   NUMVP   ... number of restraints with -Ln(pdf) > VIOL_REPORT_CUT2[i].
   RMS_1   ... RMS(feature, minimally_violated_basis_restraint, NUMB).
   RMS_2   ... RMS(feature, best_value, NUMB).
   MOL.PDF ... scaled contribution to -Ln(Molecular pdf).

 #                     RESTRAINT_GROUP      NUM   NUMVI  NUMVP   RMS_1   RMS_2         MOL.PDF     S_i
------------------------------------------------------------------------------------------------------
 1 Bond length potential              :    2452       0      0   0.004   0.004      12.520       1.000
 2 Bond angle potential               :    3342       0      8   1.846   1.846      223.05       1.000
 3 Stereochemical cosine torsion poten:    1608       0     46  46.340  46.340      530.49       1.000
 4 Stereochemical improper torsion pot:    1078       0      1   1.029   1.029      26.765       1.000
 5 Soft-sphere overlap restraints     :    5465       0      0   0.001   0.001      1.0445       1.000
 6 Lennard-Jones 6-12 potential       :       0       0      0   0.000   0.000      0.0000       1.000
 7 Coulomb point-point electrostatic p:       0       0      0   0.000   0.000      0.0000       1.000
 8 H-bonding potential                :       0       0      0   0.000   0.000      0.0000       1.000
 9 Distance restraints 1 (CA-CA)      :    6749       0      0   0.112   0.112      60.939       1.000
10 Distance restraints 2 (N-O)        :    6861       0      4   0.188   0.188      145.71       1.000
11 Mainchain Phi dihedral restraints  :       0       0      0   0.000   0.000      0.0000       1.000
12 Mainchain Psi dihedral restraints  :       0       0      0   0.000   0.000      0.0000       1.000
13 Mainchain Omega dihedral restraints:     314       0      4   4.070   4.070      61.350       1.000
14 Sidechain Chi_1 dihedral restraints:     231       0      0  45.544  45.544     -6.6793       1.000
15 Sidechain Chi_2 dihedral restraints:     180       0      3  57.083  57.083      53.575       1.000
16 Sidechain Chi_3 dihedral restraints:      59       0      0  66.723  66.723      32.982       1.000
17 Sidechain Chi_4 dihedral restraints:      24       0      0  75.618  75.618      15.050       1.000
18 Disulfide distance restraints      :       0       0      0   0.000   0.000      0.0000       1.000
19 Disulfide angle restraints         :       0       0      0   0.000   0.000      0.0000       1.000
20 Disulfide dihedral angle restraints:       0       0      0   0.000   0.000      0.0000       1.000
21 Lower bound distance restraints    :       0       0      0   0.000   0.000      0.0000       1.000
22 Upper bound distance restraints    :       0       0      0   0.000   0.000      0.0000       1.000
23 Distance restraints 3 (SDCH-MNCH)  :    4742       0      0   0.339   0.339      73.698       1.000
24 Sidechain Chi_5 dihedral restraints:       0       0      0   0.000   0.000      0.0000       1.000
25 Phi/Psi pair of dihedral restraints:     313      11     26  24.793  36.795      20.334       1.000
26 Distance restraints 4 (SDCH-SDCH)  :    3219       0      1   0.618   0.618      129.78       1.000
27 Distance restraints 5 (X-Y)        :       0       0      0   0.000   0.000      0.0000       1.000
28 NMR distance restraints 6 (X-Y)    :       0       0      0   0.000   0.000      0.0000       1.000
29 NMR distance restraints 7 (X-Y)    :       0       0      0   0.000   0.000      0.0000       1.000
30 Minimal distance restraints        :       0       0      0   0.000   0.000      0.0000       1.000
31 Non-bonded restraints              :       0       0      0   0.000   0.000      0.0000       1.000
32 Atomic accessibility restraints    :       0       0      0   0.000   0.000      0.0000       1.000
33 Atomic density restraints          :       0       0      0   0.000   0.000      0.0000       1.000
34 Absolute position restraints       :       0       0      0   0.000   0.000      0.0000       1.000
35 Dihedral angle difference restraint:       0       0      0   0.000   0.000      0.0000       1.000
36 GBSA implicit solvent potential    :       0       0      0   0.000   0.000      0.0000       1.000
37 EM density fitting potential       :       0       0      0   0.000   0.000      0.0000       1.000
38 SAXS restraints                    :       0       0      0   0.000   0.000      0.0000       1.000
39 Symmetry restraints                :       0       0      0   0.000   0.000      0.0000       1.000



# Heavy relative violation of each residue is written to: T0694.V99990005
# The profile is NOT normalized by the number of restraints.
# The profiles are smoothed over a window of residues:    1
# The sum of all numbers in the file:   22324.2793



List of the violated restraints:
   A restraint is violated when the relative difference
   from the best value (RVIOL) is larger than CUTOFF.

   ICSR   ... index of a restraint in the current set.
   RESNO  ... residue numbers of the first two atoms.
   ATM    ... IUPAC atom names of the first two atoms.
   FEAT   ... the value of the feature in the model.
   restr  ... the mean of the basis restraint with the smallest
              difference from the model (local minimum).
   viol   ... difference from the local minimum.
   rviol  ... relative difference from the local minimum.
   RESTR  ... the best value (global minimum).
   VIOL   ... difference from the best value.
   RVIOL  ... relative difference from the best value.


-------------------------------------------------------------------------------------------------

Feature 25                           : Phi/Psi pair of dihedral restraints     
List of the RVIOL violations larger than   :       6.5000

    #   ICSR  RESNO1/2 ATM1/2   INDATM1/2    FEAT   restr    viol   rviol   RESTR    VIOL   RVIOL
    1   8521  41G  42N C   N     304  306 -110.24  -63.20   79.23    8.57  -63.20   79.23    8.57
    1         42N  42N N   CA    306  307   22.65  -41.10                  -41.10
    2   8537  57R  58K C   N     420  422   64.28   56.60    8.06    1.02  -62.90  151.24   26.36
    2         58K  58K N   CA    422  423   41.05   38.60                  -40.80
    3   8563  83S  84T C   N     605  607  -89.49  -63.20   44.61    7.36  -63.20   44.61    7.36
    3         84T  84T N   CA    607  608  -78.14  -42.10                  -42.10
    4   8576  96K  97F C   N     696  698  -62.06  -63.20    3.64    0.44   58.10  144.72   22.11
    4         97F  97F N   CA    698  699  -47.76  -44.30                   32.90
    5   8580 100D 101K C   N     729  731 -104.12 -118.00   46.39    2.38  -62.90  141.95   20.88
    5        101K 101K N   CA    731  732 -176.63  139.10                  -40.80
    6   8617 137L 138K C   N    1020 1022 -105.87 -118.00   19.64    1.01  -62.90  170.17   24.64
    6        138K 138K N   CA   1022 1023  154.55  139.10                  -40.80
    7   8629 149K 150D C   N    1108 1110 -113.39  -96.50   79.08    3.30   54.50  167.93   19.94
    7        150D 150D N   CA   1110 1111   36.94  114.20                   40.90
    8   8668 188V 189A C   N    1410 1412  -89.64  -62.50   50.84    7.63  -62.50   50.84    7.63
    8        189A 189A N   CA   1412 1413    2.10  -40.90                  -40.90
    9   8713 233K 234D C   N    1769 1771  -65.60  -63.30   13.67    1.56   54.50  137.73   17.87
    9        234D 234D N   CA   1771 1772  -26.52  -40.00                   40.90
   10   8789 309K 310Q C   N    2342 2344  -77.00  -73.00   34.25    2.16   55.10 -171.54   11.68
   10        310Q 310Q N   CA   2344 2345  174.71  140.70                   40.30
   11   8790 310Q 311G C   N    2351 2353   86.31   82.20   67.19    3.05  -62.40  149.72   25.99
   11        311G 311G N   CA   2353 2354  -58.57    8.50                  -41.20


report______> Distribution of short non-bonded contacts:


DISTANCE1:  0.00 2.10 2.20 2.30 2.40 2.50 2.60 2.70 2.80 2.90 3.00 3.10 3.20 3.30 3.40
DISTANCE2:  2.10 2.20 2.30 2.40 2.50 2.60 2.70 2.80 2.90 3.00 3.10 3.20 3.30 3.40 3.50
FREQUENCY:     0    0    0    0    1    8   41   91  174  197  201  269  410  410  388


<< end of ENERGY.

>> Summary of successfully produced models:
Filename                          molpdf     DOPE score    GA341 score
----------------------------------------------------------------------
T0694.B99990001.pdb           1435.19836   -38772.60547        1.00000
T0694.B99990002.pdb           1422.11194   -38440.36719        1.00000
T0694.B99990003.pdb           1332.25159   -38742.54688        1.00000
T0694.B99990004.pdb           1465.64661   -38483.46484        1.00000
T0694.B99990005.pdb           1380.60278   -38905.53125        1.00000

Total CPU time [seconds]                                 :      94.65
