
                         MODELLER 9.17, 2016/07/02, r10881

     PROTEIN STRUCTURE MODELLING BY SATISFACTION OF SPATIAL RESTRAINTS


                     Copyright(c) 1989-2016 Andrej Sali
                            All Rights Reserved

                             Written by A. Sali
                               with help from
              B. Webb, M.S. Madhusudhan, M-Y. Shen, G.Q. Dong,
          M.A. Marti-Renom, N. Eswar, F. Alber, M. Topf, B. Oliva,
             A. Fiser, R. Sanchez, B. Yerkovich, A. Badretdinov,
                     F. Melo, J.P. Overington, E. Feyfant
                 University of California, San Francisco, USA
                    Rockefeller University, New York, USA
                      Harvard University, Cambridge, USA
                   Imperial Cancer Research Fund, London, UK
              Birkbeck College, University of London, London, UK


Kind, OS, HostName, Kernel, Processor: 4, Windows Vista build 7601 Service Pack 1, SAI-PC, SMP, unknown
Date and time of compilation         : 2016/07/01 22:06:57
MODELLER executable type             : x86_64-w64
Job starting time (YY/MM/DD HH:MM:SS): 2016/11/30 19:06:23


Multiple dynamic programming alignment (MALIGN):
  Residue-residue metric  : $(LIB)/as1.sim.mat
  ALIGN_BLOCK             :            1
  Gap introduction penalty:    -900.0000
  Gap extension penalty   :     -50.0000
  Length of alignment     :          264
# Sequence alignment of the structurally conserved regions
# [average distance and standard deviation are with respect
#  to the framework (i.e., average structure)]
#
#  N av ds st dv   4f67A  3gk5A  1qxnA  
# ======================================
   1 1.486 0.582   P 105  Y 101  D  21  
# ======================================
   2 1.234 0.162   T 132  L 119  I  43  
   3 0.868 0.545   R 133  D 120  D  44  
# ======================================
   4 1.749 0.506   N 134  R 122  R  46  
# ======================================
   5 0.907 0.271   Y 136  L 127  L  51  
# ======================================
   6 1.042 0.486   E 137  S 131  K  56  
# ======================================
   7 1.094 0.629   T 142  N 134  D  58  
# ======================================
   8 1.538 0.234   P 149  I 138  H  64  
# ======================================
   9 1.373 0.121   E 156  I 140  S  66  
# ======================================
  10 1.338 0.523   Y 160  E 142  L  73  
  11 1.737 0.513   V 161  L 143  L  74  
# ======================================
  12 1.070 0.450   N 164  K 146  K  76  
# ======================================
  13 1.806 0.605   A 174  K 154  P  84  
# ======================================
  14 1.497 0.522   M 175  Y 156  V  86  
# ======================================
  15 1.217 0.178   C 183  V 158  V  87  
# ======================================
  16 1.403 0.471   Y 189  F 172  T 101  
  17 1.489 0.220   M 190  L 173  L 102  
# ======================================
  18 1.251 0.145   E 192  Q 175  Y 105  
# ======================================
  19 1.944 0.493   V 198  L 178  F 107  
# ======================================
  20 1.769 0.372   Y 199  N 179  I 110  
# ======================================
  21 1.565 0.387   V 232  P 196  G 124  
# ======================================
# Sequence alignment of the structurally conserved regions
# [average distance and standard deviation are with respect
#  to the framework (i.e., average structure)]
#
#  N av ds st dv   4f67A  3gk5A  1qxnA  
# ======================================
   1 1.133 0.081   P 105  Y 101  D  21  
# ======================================
   2 1.103 0.079   T 132  L 119  I  43  
   3 0.745 0.298   R 133  D 120  D  44  
# ======================================
   4 1.678 0.331   N 134  R 122  R  46  
# ======================================
   5 0.902 0.243   Y 136  L 127  L  51  
# ======================================
   6 0.779 0.155   E 137  S 131  K  56  
# ======================================
   7 1.348 0.269   G 141  A 133  D  58  
   8 0.673 0.411   T 142  N 134  V  59  
# ======================================
   9 1.691 0.187   N 148  N 137  K  63  
  10 1.170 0.104   P 149  I 138  H  64  
# ======================================
  11 1.485 0.372   I 151  P 139  S  66  
# ======================================
  12 1.197 0.053   F 157  I 140  L  70  
# ======================================
  13 1.106 0.123   Y 160  E 142  L  73  
  14 1.268 0.389   V 161  L 143  L  74  
# ======================================
  15 0.960 0.265   N 164  K 146  K  76  
# ======================================
  16 0.852 0.220   K 172  R 152  K  83  
# ======================================
  17 1.520 0.137   A 174  K 154  P  84  
# ======================================
  18 1.339 0.244   M 175  Y 156  V  85  
  19 1.546 0.036   F 176  A 157  V  86  
# ======================================
  20 1.486 0.415   C 183  V 158  V  87  
# ======================================
  21 1.000 0.159   T 186  V 170  G  99  
# ======================================
  22 1.638 0.338   A 188  E 171  K 100  
  23 0.867 0.375   Y 189  F 172  T 101  
  24 0.833 0.075   M 190  L 173  L 102  
  25 1.388 0.303   K 191  S 174  R 103  
# ======================================
  26 1.171 0.114   E 192  Q 175  Y 105  
# ======================================
  27 1.768 0.378   E 196  G 177  G 106  
# ======================================
  28 1.377 0.471   V 198  L 178  F 107  
# ======================================
  29 1.273 0.079   Y 199  N 179  T 109  
  30 1.606 0.313   Q 200  I 180  I 110  
# ======================================
  31 1.260 0.289   V 232  P 196  G 124  
# ======================================
# Sequence alignment of the structurally conserved regions
# [average distance and standard deviation are with respect
#  to the framework (i.e., average structure)]
#
#  N av ds st dv   4f67A  3gk5A  1qxnA  
# ======================================
   1 1.359 0.305   P 105  Y 101  D  21  
# ======================================
   2 1.948 0.665   P 115  N 112  D  29  
# ======================================
   3 1.522 0.419   W 118  A 115  L  33  
# ======================================
   4 1.302 0.212   D 131  L 119  L  42  
# ======================================
   5 0.669 0.212   R 133  D 120  D  44  
# ======================================
   6 1.707 0.269   N 134  R 122  R  46  
# ======================================
   7 1.139 0.332   Y 136  L 127  L  51  
# ======================================
   8 0.852 0.069   E 137  S 131  K  56  
# ======================================
   9 1.004 0.307   G 141  A 133  D  58  
  10 0.611 0.216   T 142  N 134  V  59  
# ======================================
  11 1.620 0.431   I 147  I 136  Y  62  
  12 1.362 0.163   N 148  N 137  K  63  
# ======================================
  13 1.200 0.530   P 149  I 138  M  65  
# ======================================
  14 1.424 0.237   I 151  P 139  S  66  
# ======================================
  15 1.022 0.102   F 157  I 140  L  70  
# ======================================
  16 1.036 0.099   Y 160  E 142  L  73  
  17 1.282 0.191   V 161  L 143  L  74  
# ======================================
  18 1.051 0.245   N 164  K 146  A  75  
# ======================================
  19 1.114 0.311   K 172  R 152  E  82  
# ======================================
  20 1.501 0.291   A 174  K 154  P  84  
# ======================================
  21 1.028 0.099   M 175  Y 156  V  85  
  22 1.125 0.083   F 176  A 157  V  86  
# ======================================
  23 1.526 0.542   C 183  V 158  V  87  
# ======================================
  24 1.291 0.399   K 185  A 167  A  96  
# ======================================
  25 0.824 0.118   T 186  V 170  G  99  
# ======================================
  26 1.406 0.109   A 188  E 171  K 100  
  27 0.789 0.251   Y 189  F 172  T 101  
  28 0.810 0.229   M 190  L 173  L 102  
# ======================================
  29 1.151 0.311   K 191  Q 175  E 104  
# ======================================
  30 1.468 0.283   E 196  G 177  G 106  
# ======================================
  31 0.973 0.435   V 198  L 178  F 107  
# ======================================
  32 0.918 0.121   Y 199  N 179  T 109  
  33 1.264 0.340   Q 200  I 180  I 110  
# ======================================
  34 1.117 0.335   V 232  P 196  G 124  
# ======================================
# Sequence alignment of the structurally conserved regions
# [average distance and standard deviation are with respect
#  to the framework (i.e., average structure)]
#
#  N av ds st dv   4f67A  3gk5A  1qxnA  
# ======================================
   1 1.574 0.224   N 108  Y 101  M  22  
# ======================================
   2 1.730 0.486   P 115  N 112  D  29  
# ======================================
   3 1.404 0.470   W 118  A 115  L  33  
# ======================================
   4 1.281 0.251   D 131  L 119  L  42  
# ======================================
   5 0.720 0.296   R 133  D 120  D  44  
# ======================================
   6 1.639 0.181   N 134  R 122  R  46  
# ======================================
   7 1.187 0.429   Y 136  L 127  L  51  
# ======================================
   8 0.940 0.131   E 137  S 131  K  56  
# ======================================
   9 0.996 0.319   G 141  A 133  D  58  
  10 0.837 0.279   T 142  N 134  V  59  
# ======================================
  11 1.593 0.427   I 147  I 136  Y  62  
  12 1.195 0.169   N 148  N 137  K  63  
# ======================================
  13 1.148 0.401   P 149  I 138  M  65  
# ======================================
  14 1.375 0.247   I 151  P 139  S  66  
# ======================================
  15 0.965 0.161   F 157  I 140  L  70  
# ======================================
  16 1.065 0.106   Y 160  E 142  L  73  
  17 1.378 0.046   V 161  L 143  L  74  
# ======================================
  18 0.799 0.190   N 164  K 146  A  75  
# ======================================
  19 0.866 0.288   K 172  R 152  E  82  
# ======================================
  20 1.133 0.060   M 175  Y 156  V  85  
  21 1.086 0.124   F 176  A 157  V  86  
# ======================================
  22 1.288 0.565   C 177  I 159  F  88  
# ======================================
  23 1.177 0.468   R 182  S 166  A  95  
# ======================================
  24 1.105 0.356   K 185  A 167  A  96  
# ======================================
  25 0.907 0.101   T 186  V 170  G  99  
# ======================================
  26 1.262 0.070   A 188  E 171  K 100  
  27 0.751 0.217   Y 189  F 172  T 101  
  28 0.814 0.293   M 190  L 173  L 102  
# ======================================
  29 0.874 0.161   K 191  Q 175  E 104  
# ======================================
  30 1.248 0.140   E 196  G 177  G 106  
# ======================================
  31 0.892 0.479   V 198  L 178  F 107  
# ======================================
  32 0.875 0.111   Y 199  N 179  T 109  
  33 1.245 0.347   Q 200  I 180  I 110  
# ======================================
  34 1.736 0.352   V 225  I 191  L 121  
# ======================================
  35 1.415 0.249   V 232  P 196  G 124  
# ======================================
# Sequence alignment of the structurally conserved regions
# [average distance and standard deviation are with respect
#  to the framework (i.e., average structure)]
#
#  N av ds st dv   4f67A  3gk5A  1qxnA  
# ======================================
   1 1.288 0.343   N 108  Y 101  M  22  
# ======================================
   2 1.805 0.277   P 115  N 112  D  29  
# ======================================
   3 1.197 0.359   H 119  A 115  L  33  
# ======================================
   4 1.226 0.264   D 131  L 119  L  42  
# ======================================
   5 0.799 0.311   R 133  D 120  D  44  
# ======================================
   6 1.638 0.227   N 134  R 122  R  46  
# ======================================
   7 0.985 0.189   E 137  S 131  K  56  
# ======================================
   8 0.949 0.315   G 141  A 133  D  58  
   9 0.929 0.378   T 142  N 134  V  59  
# ======================================
  10 1.546 0.475   I 147  I 136  Y  62  
  11 1.170 0.141   N 148  N 137  K  63  
# ======================================
  12 1.177 0.399   P 149  I 138  M  65  
# ======================================
  13 1.439 0.258   I 151  P 139  S  66  
# ======================================
  14 0.897 0.205   F 157  I 140  L  70  
# ======================================
  15 1.009 0.084   Y 160  E 142  L  73  
  16 1.363 0.041   V 161  L 143  L  74  
# ======================================
  17 0.807 0.180   N 164  K 146  A  75  
# ======================================
  18 0.852 0.306   K 172  R 152  E  82  
# ======================================
  19 1.214 0.062   M 175  Y 156  V  85  
  20 1.054 0.203   F 176  A 157  V  86  
# ======================================
  21 1.137 0.450   C 177  I 159  F  88  
# ======================================
  22 1.024 0.375   R 182  S 166  A  95  
# ======================================
  23 0.903 0.326   K 185  A 167  A  96  
# ======================================
  24 1.051 0.316   T 186  A 169  A  98  
  25 1.258 0.267   T 187  V 170  G  99  
  26 1.013 0.067   A 188  E 171  K 100  
  27 0.776 0.244   Y 189  F 172  T 101  
  28 0.934 0.365   M 190  L 173  L 102  
# ======================================
  29 0.818 0.136   K 191  Q 175  E 104  
# ======================================
  30 1.163 0.074   E 196  G 177  G 106  
# ======================================
  31 0.955 0.419   V 198  L 178  F 107  
# ======================================
  32 0.890 0.209   Y 199  N 179  T 109  
  33 1.198 0.361   Q 200  I 180  I 110  
# ======================================
  34 1.626 0.263   V 225  I 191  L 121  
# ======================================
  35 1.546 0.231   V 232  P 196  G 124  
# ======================================

Least-squares dynamic programming alignment:
     FIT_ATOMS atoms for alignment     : CA
     Max dist from frw for equivalence :    3.5000
     Gap introduction penalty          :    0.0000
     Gap extension penalty             :    1.7500
     Numb of residues in framework     :        35




COMPARISON OF SEVERAL 3D STRUCTURES:


  #  ALGNMT CODE      ATOM FILE                          

  1  4f67A
  2  3gk5A
  3  1qxnA



Variability at a given position is calculated as: 
VAR = 1/Nij * sum_ij (feat_i - feat_j)
sum runs over all pairs of proteins with residues present.



>> Least-squares superposition (FIT)           :       T

   Atom types for superposition/RMS (FIT_ATOMS): CA
   Atom type for position average/variability (VARATOM): CA


   Position comparison (FIT_ATOMS): 

       Cutoff for RMS calculation:     3.5000

       Upper = RMS, Lower = numb equiv positions

        4f67A   3gk5A   1qxnA   
4f67A      0.000   2.065   2.246
3gk5A         42   0.000   1.934
1qxnA         50      72   0.000



   Distance comparison (FIT_ATOMS): 

       Cutoff for rms calculation:     3.5000

       Upper = Distance RMS, Lower = numb equiv distances

        4f67A   3gk5A   1qxnA   
4f67A      0.000   1.549   1.693
3gk5A        828   0.000   1.312
1qxnA       1266    2497   0.000

>> Sequence comparison: 

       Diag=numb res, Upper=numb equiv res, Lower = % seq ID


            4f67A   3gk5A   1qxnA
4f67A         264       2       1
3gk5A           2     100      18
1qxnA           1      18     137


>> Dihedral angle comparison: Alph


       Cutoff for rms comparison:    60.0000

       Upper = RMS Alph, Lower = numb of equiv angles

        4f67A   3gk5A   1qxnA   
4f67A      0.000  25.572  24.875
3gk5A         29   0.000  21.413
1qxnA         31      55   0.000


>> Dihedral angle comparison: Phi 


       Cutoff for rms comparison:    60.0000

       Upper = RMS Phi , Lower = numb of equiv angles

        4f67A   3gk5A   1qxnA   
4f67A      0.000  25.604  24.285
3gk5A         34   0.000  25.101
1qxnA         43      58   0.000


>> Dihedral angle comparison: Psi 


       Cutoff for rms comparison:    15.0000

       Upper = RMS Psi , Lower = numb of equiv angles

        4f67A   3gk5A   1qxnA   
4f67A      0.000   5.705   7.494
3gk5A         17   0.000   6.956
1qxnA         22      34   0.000


>> Dihedral angle comparison: Omeg


       Cutoff for rms comparison:    60.0000

       Upper = RMS Omeg, Lower = numb of equiv angles

        4f67A   3gk5A   1qxnA   
4f67A      0.000   5.149   6.987
3gk5A         42   0.000   4.276
1qxnA         52      72   0.000


>> Dihedral angle comparison: chi1


       Cutoff for rms comparison:    60.0000

       Upper = RMS chi1, Lower = numb of equiv angles

        4f67A   3gk5A   1qxnA   
4f67A      0.000  16.744  32.805
3gk5A         16   0.000  30.702
1qxnA         16      26   0.000


>> Dihedral angle comparison: chi2


       Cutoff for rms comparison:    60.0000

       Upper = RMS chi2, Lower = numb of equiv angles

        4f67A   3gk5A   1qxnA   
4f67A      0.000  22.875  39.255
3gk5A          7   0.000  27.342
1qxnA         12      10   0.000


>> Dihedral angle comparison: chi3


       Cutoff for rms comparison:    60.0000

       Upper = RMS chi3, Lower = numb of equiv angles

        4f67A   3gk5A   1qxnA   
4f67A      0.000  20.131   0.000
3gk5A          3   0.000  44.494
1qxnA          0       1   0.000


>> Dihedral angle comparison: chi4


       Cutoff for rms comparison:    60.0000

       Upper = RMS chi4, Lower = numb of equiv angles

        4f67A   3gk5A   1qxnA   
4f67A      0.000   0.000   0.000
3gk5A          0   0.000   6.953
1qxnA          0       2   0.000


>> Dihedral angle comparison: chi5


       Cutoff for rms comparison:    60.0000

       Upper = RMS chi5, Lower = numb of equiv angles

        4f67A   3gk5A   1qxnA   
4f67A      0.000   0.000   0.000
3gk5A          0   0.000   0.000
1qxnA          0       0   0.000



>> Ramachandran mainchain class substitution
   prot 1 --> prot 2; class on vert --> class on horiz

              A      P      B      L      E      U
      A      66      1      8      6      0      1
      P       6      6     14      1      0      0
      B       5      7     33      3      0      0
      L       3      0      1      1      1      0
      E       0      0      1      0      1      0
      U       0      1      0      0      0      0


   Summary (% does not count undefined):

   CODE   # ID # NID # TOT   % ID  % NID  % TOT
      A     66    16    82   40.0    9.7   49.7
      P      6    21    27    3.6   12.7   16.4
      B     33    15    48   20.0    9.1   29.1
      L      1     5     6    0.6    3.0    3.6
      E      1     1     2    0.6    0.6    1.2
   --------------------------------------------
   SUMS    107    58   165   64.8   35.2  100.0
   --------------------------------------------
      U      0     1     1    0.0    0.6    0.6



>> Dihedral class substitution: Alph
   prot 1 --> prot 2; class on vert --> class on horiz

              1      2      3      4
      1       1      3      5      0
      2       2     65     11      0
      3       4     12     60      1
      4       1      0      1      0


   Summary (% does not count undefined):

   CODE   # ID # NID # TOT   % ID  % NID  % TOT
      1      1     8     9    0.6    4.9    5.5
      2     65    13    78   39.6    7.9   47.6
      3     60    17    77   36.6   10.4   47.0
   --------------------------------------------
   SUMS    126    38   164   76.8   23.2  100.0
   --------------------------------------------
      4      0     2     2    0.0    1.2    1.2



>> Dihedral class substitution: Phi 
   prot 1 --> prot 2; class on vert --> class on horiz

              1      2      3      4
      1      61      5     27      0
      2       2      1      4      0
      3      16      5     43      1
      4       0      0      1      0


   Summary (% does not count undefined):

   CODE   # ID # NID # TOT   % ID  % NID  % TOT
      1     61    32    93   37.0   19.4   56.4
      2      1     6     7    0.6    3.6    4.2
      3     43    22    65   26.1   13.3   39.4
   --------------------------------------------
   SUMS    105    60   165   63.6   36.4  100.0
   --------------------------------------------
      4      0     1     1    0.0    0.6    0.6



>> Dihedral class substitution: Psi 
   prot 1 --> prot 2; class on vert --> class on horiz

              1      2      3      4
      1      58     10      6      0
      2       8      2      6      0
      3       7     10     59      0
      4       0      0      0      0


   Summary (% does not count undefined):

   CODE   # ID # NID # TOT   % ID  % NID  % TOT
      1     58    16    74   34.9    9.6   44.6
      2      2    14    16    1.2    8.4    9.6
      3     59    17    76   35.5   10.2   45.8
   --------------------------------------------
   SUMS    119    47   166   71.7   28.3  100.0
   --------------------------------------------
      4      0     0     0    0.0    0.0    0.0



>> Dihedral class substitution: Omeg
   prot 1 --> prot 2; class on vert --> class on horiz

              1      2      3      4
      1     166      0      0      0
      2       0      0      0      0
      3       0      0      0      0
      4       0      0      0      0


   Summary (% does not count undefined):

   CODE   # ID # NID # TOT   % ID  % NID  % TOT
      1    166     0   166  100.0    0.0  100.0
      2      0     0     0    0.0    0.0    0.0
      3      0     0     0    0.0    0.0    0.0
   --------------------------------------------
   SUMS    166     0   166  100.0    0.0  100.0
   --------------------------------------------
      4      0     0     0    0.0    0.0    0.0



>> Dihedral class substitution: chi1
   prot 1 --> prot 2; class on vert --> class on horiz

              1      2      3      4
      1      30     24      7     13
      2      22     14      9      5
      3       8     10      4      1
      4       3      2      7      7


   Summary (% does not count undefined):

   CODE   # ID # NID # TOT   % ID  % NID  % TOT
      1     30    44    74   20.4   29.9   50.3
      2     14    36    50    9.5   24.5   34.0
      3      4    19    23    2.7   12.9   15.6
   --------------------------------------------
   SUMS     48    99   147   32.7   67.3  100.0
   --------------------------------------------
      4      7    12    19    4.2    7.2   11.4



>> Dihedral class substitution: chi2
   prot 1 --> prot 2; class on vert --> class on horiz

              1      2      3      4
      1      26     18      9     20
      2      17      8      3     11
      3       3      1      0      1
      4      16      9      3     21


   Summary (% does not count undefined):

   CODE   # ID # NID # TOT   % ID  % NID  % TOT
      1     26    47    73   22.2   40.2   62.4
      2      8    31    39    6.8   26.5   33.3
      3      0     5     5    0.0    4.3    4.3
   --------------------------------------------
   SUMS     34    83   117   29.1   70.9  100.0
   --------------------------------------------
      4     21    28    49   12.7   16.9   29.5



>> Dihedral class substitution: chi3
   prot 1 --> prot 2; class on vert --> class on horiz

              1      2      3      4
      1       8      1      1     19
      2       2      1      0     10
      3       3      0      0      1
      4      12     16      3     89


   Summary (% does not count undefined):

   CODE   # ID # NID # TOT   % ID  % NID  % TOT
      1      8    21    29   17.4   45.7   63.0
      2      1    12    13    2.2   26.1   28.3
      3      0     4     4    0.0    8.7    8.7
   --------------------------------------------
   SUMS      9    37    46   19.6   80.4  100.0
   --------------------------------------------
      4     89    31   120   53.6   18.7   72.3



>> Dihedral class substitution: chi4
   prot 1 --> prot 2; class on vert --> class on horiz

              1      2      3      4
      1       2      1      0     11
      2       1      0      0      2
      3       0      0      0      1
      4       7      5      6    130


   Summary (% does not count undefined):

   CODE   # ID # NID # TOT   % ID  % NID  % TOT
      1      2    12    14   11.1   66.7   77.8
      2      0     3     3    0.0   16.7   16.7
      3      0     1     1    0.0    5.6    5.6
   --------------------------------------------
   SUMS      2    16    18   11.1   88.9  100.0
   --------------------------------------------
      4    130    18   148   78.3   10.8   89.2



>> Dihedral class substitution: chi5
   prot 1 --> prot 2; class on vert --> class on horiz

              1      2      3      4
      1       0      0      0      0
      2       0      0      0      0
      3       0      0      0      0
      4       0      0      0    166


   Summary (% does not count undefined):

   CODE   # ID # NID # TOT   % ID  % NID  % TOT
      1      0     0     0    0.0    0.0    0.0
      2      0     0     0    0.0    0.0    0.0
      3      0     0     0    0.0    0.0    0.0
   --------------------------------------------
   SUMS      0     0     0    0.0    0.0    0.0
   --------------------------------------------
      4    166     0   166  100.0    0.0  100.0



>> Detailed comparison:


       Structure :  1
       Structure :  2
       Structure :  3
       ALN      ... alignment position
       RESID... ... residue numbers 1/2/3
       AAA      ... amino acid types 1/2/3
       MNC      ... mainchain classes 1/2/3
       ALP...   ... dihedral angle classes (alpha,phi,psi,...)

ALN RESIDUE_NUMBERS AAA MNC ALP PHI PSI OMG CH1 CH2 CH3 CH4 CH5 
---------------------------------------------------------------
  1  ---- ----   1  --A --U --4 --4 --2 --1 --4 --4 --4 --4 --4
  2  ---- ----   2  --D --A --3 --3 --2 --1 --3 --1 --4 --4 --4
  3  ---- ----   3  --M --A --2 --1 --2 --1 --1 --3 --2 --4 --4
  4  ---- ----   4  --G --A --2 --1 --1 --1 --4 --4 --4 --4 --4
  5  ---- ----   5  --E --A --2 --1 --1 --1 --2 --1 --1 --4 --4
  6  ---- ----   6  --K --A --2 --1 --1 --1 --1 --2 --1 --1 --4
  7  ---- ----   7  --F --A --2 --1 --1 --1 --3 --2 --4 --4 --4
  8  ---- ----   8  --D --A --2 --1 --1 --1 --2 --2 --4 --4 --4
  9   -9  ---- ---- G-- U-- 4-- 4-- 2-- 1-- 4-- 4-- 4-- 4-- 4--
 10   -8  ---- ---- H-- L-- 2-- 2-- 1-- 1-- 3-- 1-- 4-- 4-- 4--
 11   -7  ---- ---- H-- A-- 2-- 3-- 2-- 1-- 1-- 1-- 4-- 4-- 4--
 12   -6  ---- ---- H-- B-- 3-- 3-- 3-- 1-- 1-- 2-- 4-- 4-- 4--
 13   -5  ---- ---- H-- P-- 3-- 1-- 3-- 1-- 2-- 2-- 4-- 4-- 4--
 14   -4  ---- ---- H-- B-- 3-- 3-- 3-- 1-- 2-- 2-- 4-- 4-- 4--
 15   -3  ---- ---- H-- P-- 3-- 1-- 3-- 1-- 2-- 1-- 4-- 4-- 4--
 16   -2  ---- ---- S-- P-- 3-- 1-- 3-- 1-- 3-- 4-- 4-- 4-- 4--
 17   -1  ---- ---- H-- A-- 2-- 1-- 1-- 1-- 3-- 1-- 4-- 4-- 4--
 18    0  ---- ---- M-- B-- 3-- 3-- 3-- 1-- 1-- 1-- 2-- 4-- 4--
 19    1  ---- ---- V-- A-- 2-- 1-- 1-- 1-- 3-- 4-- 4-- 4-- 4--
 20    2  ---- ---- K-- B-- 3-- 3-- 3-- 1-- 1-- 1-- 1-- 2-- 4--
 21    3  ---- ---- D-- A-- 2-- 3-- 2-- 1-- 3-- 1-- 4-- 4-- 4--
 22    4  ---- ---- I-- P-- 3-- 3-- 3-- 1-- 1-- 2-- 4-- 4-- 4--
 23    5  ---- ---- I-- P-- 3-- 3-- 3-- 1-- 1-- 1-- 4-- 4-- 4--
 24    6  ---- ---- I-- B-- 3-- 3-- 3-- 1-- 1-- 1-- 4-- 4-- 4--
 25    7  ---- ---- A-- B-- 3-- 3-- 3-- 1-- 4-- 4-- 4-- 4-- 4--
 26    8  ---- ---- S-- B-- 3-- 3-- 3-- 1-- 3-- 4-- 4-- 4-- 4--
 27    9  ---- ---- F-- B-- 3-- 3-- 3-- 1-- 3-- 1-- 4-- 4-- 4--
 28   10  ---- ---- Y-- B-- 3-- 3-- 3-- 1-- 3-- 1-- 4-- 4-- 4--
 29   11  ---- ---- K-- B-- 3-- 3-- 3-- 1-- 2-- 1-- 1-- 1-- 4--
 30   12  ---- ---- F-- B-- 3-- 3-- 3-- 1-- 1-- 2-- 4-- 4-- 4--
 31   13  ---- ---- I-- B-- 3-- 3-- 3-- 1-- 3-- 1-- 4-- 4-- 4--
 32   14  ---- ---- P-- P-- 3-- 1-- 2-- 1-- 1-- 2-- 1-- 4-- 4--
 33   15  ----   9  L-A B-A 3-2 3-1 3-1 1-1 1-4 1-4 4-4 4-4 4-4
 34   16  ----  10  N-T A-A 2-2 1-1 1-1 1-1 3-2 1-4 4-4 4-4 4-4
 35   17  ---- ---- D-- A-- 3-- 3-- 2-- 1-- 3-- 1-- 4-- 4-- 4--
 36   18  ---- ---- F-- A-- 2-- 1-- 1-- 1-- 3-- 1-- 4-- 4-- 4--
 37   19  ---- ---- R-- A-- 2-- 1-- 1-- 1-- 1-- 1-- 1-- 3-- 4--
 38   20  ---- ---- S-- A-- 2-- 1-- 1-- 1-- 1-- 4-- 4-- 4-- 4--
 39   21  ---- ---- L-- A-- 2-- 1-- 1-- 1-- 1-- 1-- 4-- 4-- 4--
 40   22  ---- ---- R-- A-- 2-- 1-- 1-- 1-- 2-- 1-- 1-- 2-- 4--
 41   23  ---- ---- E-- A-- 2-- 1-- 1-- 1-- 2-- 3-- 1-- 4-- 4--
 42   24  ---- ---- P-- A-- 2-- 1-- 1-- 1-- 1-- 2-- 1-- 4-- 4--
 43   25  ---- ---- I-- A-- 2-- 1-- 1-- 1-- 1-- 1-- 4-- 4-- 4--
 44   26  ---- ---- L-- A-- 2-- 1-- 1-- 1-- 2-- 1-- 4-- 4-- 4--
 45   27  ---- ---- T-- A-- 2-- 1-- 1-- 1-- 1-- 4-- 4-- 4-- 4--
 46   28  ---- ---- K-- A-- 2-- 1-- 1-- 1-- 1-- 2-- 1-- 2-- 4--
 47   29  ---- ---- M-- A-- 2-- 1-- 1-- 1-- 1-- 1-- 2-- 4-- 4--
 48   30  ---- ---- H-- A-- 2-- 1-- 1-- 1-- 1-- 1-- 4-- 4-- 4--
 49   31  ---- ---- E-- A-- 2-- 1-- 1-- 1-- 1-- 1-- 1-- 4-- 4--
 50   32  ---- ---- I-- A-- 3-- 1-- 1-- 1-- 1-- 1-- 4-- 4-- 4--
 51   33  ---- ---- G-- L-- 3-- 2-- 2-- 1-- 4-- 4-- 4-- 4-- 4--
 52   34  ---- ---- I-- P-- 3-- 1-- 3-- 1-- 1-- 2-- 4-- 4-- 4--
 53   35  ---- ---- K-- B-- 2-- 3-- 3-- 1-- 1-- 1-- 2-- 1-- 4--
 54   36  ---- ---- G-- B-- 1-- 3-- 3-- 1-- 4-- 4-- 4-- 4-- 4--
 55   37  ---- ---- T-- B-- 3-- 3-- 3-- 1-- 1-- 4-- 4-- 4-- 4--
 56   38  ---- ---- I-- B-- 3-- 3-- 3-- 1-- 1-- 1-- 4-- 4-- 4--
 57   39  ---- ---- I-- B-- 3-- 3-- 3-- 1-- 1-- 1-- 4-- 4-- 4--
 58   40  ---- ---- L-- B-- 3-- 3-- 3-- 1-- 1-- 1-- 4-- 4-- 4--
 59   41  ---- ---- A-- B-- 3-- 3-- 3-- 1-- 4-- 4-- 4-- 4-- 4--
 60   42  ----  11  H-F A-A 2-2 1-1 1-1 1-1 2-2 1-1 4-4 4-4 4-4
 61  ---- ----  12  --K --A --2 --1 --1 --1 --2 --3 --1 --2 --4
 62  ---- ----  13  --A --A --2 --1 --1 --1 --4 --4 --4 --4 --4
 63  ---- ----  14  --Q --A --2 --1 --1 --1 --1 --1 --1 --4 --4
 64   43  ----  15  E-V A-A 1-2 1-1 1-1 1-1 3-1 1-4 1-4 4-4 4-4
 65  ---- ----  16  --K --A --2 --1 --1 --1 --1 --1 --3 --1 --4
 66  ---- ----  17  --A --A --2 --1 --1 --1 --4 --4 --4 --4 --4
 67  ---- ----  18  --A --A --2 --1 --1 --1 --4 --4 --4 --4 --4
 68  ---- ----  19  --K --A --2 --1 --1 --1 --3 --1 --1 --3 --4
 69  ---- ----  20  --A --A --2 --1 --1 --1 --4 --4 --4 --4 --4
 70   44  ---- ---- G-- B-- 1-- 3-- 3-- 1-- 4-- 4-- 4-- 4-- 4--
 71   45  ---- ---- V-- B-- 3-- 3-- 3-- 1-- 3-- 4-- 4-- 4-- 4--
 72   46  ---- ---- N-- B-- 3-- 3-- 3-- 1-- 2-- 1-- 4-- 4-- 4--
 73   47  ---- ---- G-- B-- 3-- 3-- 3-- 1-- 4-- 4-- 4-- 4-- 4--
 74   48  ---- ---- G-- B-- 3-- 3-- 3-- 1-- 4-- 4-- 4-- 4-- 4--
 75   49  ---- ---- F-- B-- 3-- 3-- 3-- 1-- 3-- 2-- 4-- 4-- 4--
 76   50  ---- ---- A-- B-- 3-- 3-- 3-- 1-- 4-- 4-- 4-- 4-- 4--
 77   51  ---- ---- G-- B-- 1-- 3-- 3-- 1-- 4-- 4-- 4-- 4-- 4--
 78   52  ---- ---- N-- P-- 3-- 1-- 3-- 1-- 3-- 1-- 4-- 4-- 4--
 79   53  ---- ---- R-- A-- 2-- 1-- 1-- 1-- 2-- 3-- 3-- 1-- 4--
 80   54  ---- ---- E-- A-- 2-- 1-- 1-- 1-- 1-- 1-- 1-- 4-- 4--
 81   55  ---- ---- Q-- A-- 2-- 1-- 1-- 1-- 1-- 1-- 1-- 4-- 4--
 82   56  ---- ---- M-- A-- 2-- 1-- 1-- 1-- 1-- 2-- 1-- 4-- 4--
 83   57  ---- ---- N-- A-- 2-- 1-- 1-- 1-- 1-- 1-- 4-- 4-- 4--
 84   58  ---- ---- V-- A-- 2-- 1-- 1-- 1-- 1-- 4-- 4-- 4-- 4--
 85   59  ---- ---- F-- A-- 2-- 1-- 1-- 1-- 2-- 2-- 4-- 4-- 4--
 86   60  ---- ---- Y-- A-- 2-- 1-- 1-- 1-- 1-- 2-- 4-- 4-- 4--
 87   61  ---- ---- D-- A-- 2-- 1-- 1-- 1-- 2-- 2-- 4-- 4-- 4--
 88   62  ---- ---- Y-- A-- 2-- 1-- 1-- 1-- 2-- 2-- 4-- 4-- 4--
 89   63  ---- ---- L-- A-- 2-- 1-- 1-- 1-- 1-- 1-- 4-- 4-- 4--
 90   64  ---- ---- R-- A-- 2-- 1-- 1-- 1-- 1-- 1-- 1-- 1-- 4--
 91   65  ---- ---- S-- A-- 2-- 1-- 1-- 1-- 1-- 4-- 4-- 4-- 4--
 92   66  ---- ---- D-- P-- 3-- 1-- 3-- 1-- 2-- 1-- 4-- 4-- 4--
 93   67  ---- ---- S-- A-- 2-- 1-- 1-- 1-- 1-- 4-- 4-- 4-- 4--
 94   68  ---- ---- R-- A-- 2-- 1-- 1-- 1-- 1-- 1-- 2-- 1-- 4--
 95   69  ---- ---- F-- A-- 2-- 3-- 2-- 1-- 1-- 1-- 4-- 4-- 4--
 96   70  ---- ---- A-- A-- 2-- 1-- 1-- 1-- 4-- 4-- 4-- 4-- 4--
 97   71  ---- ---- D-- A-- 3-- 3-- 2-- 1-- 3-- 1-- 4-- 4-- 4--
 98   72  ---- ---- L-- P-- 3-- 1-- 3-- 1-- 1-- 1-- 4-- 4-- 4--
 99   73  ---- ---- H-- B-- 3-- 3-- 3-- 1-- 2-- 3-- 4-- 4-- 4--
100   74  ---- ---- F-- B-- 3-- 3-- 3-- 1-- 1-- 1-- 4-- 4-- 4--
101   75  ---- ---- K-- B-- 3-- 1-- 3-- 1-- 1-- 1-- 2-- 1-- 4--
102   76  ---- ---- E-- B-- 3-- 3-- 3-- 1-- 1-- 1-- 1-- 4-- 4--
103   77  ---- ---- T-- B-- 3-- 3-- 3-- 1-- 2-- 4-- 4-- 4-- 4--
104   78  ---- ---- Y-- B-- 3-- 3-- 3-- 1-- 1-- 1-- 4-- 4-- 4--
105   79  ---- ---- D-- B-- 3-- 3-- 3-- 1-- 2-- 1-- 4-- 4-- 4--
106   80  ---- ---- N-- A-- 2-- 3-- 2-- 1-- 3-- 2-- 4-- 4-- 4--
107   81  ---- ---- K-- B-- 3-- 3-- 3-- 1-- 1-- 1-- 1-- 1-- 4--
108   82  ---- ---- N-- B-- 3-- 1-- 3-- 1-- 2-- 1-- 4-- 4-- 4--
109   83  ---- ---- P-- A-- 2-- 1-- 1-- 1-- 2-- 1-- 2-- 4-- 4--
110   84  ---- ---- F-- B-- 3-- 3-- 3-- 1-- 1-- 1-- 4-- 4-- 4--
111   85  ---- ---- D-- A-- 1-- 3-- 1-- 1-- 1-- 1-- 4-- 4-- 4--
112   86  ---- ---- K-- B-- 1-- 3-- 3-- 1-- 3-- 1-- 2-- 1-- 4--
113   87  ---- ---- A-- B-- 3-- 3-- 3-- 1-- 4-- 4-- 4-- 4-- 4--
114   88  ---- ---- K-- B-- 3-- 3-- 3-- 1-- 1-- 1-- 1-- 1-- 4--
115   89  ---- ---- V-- B-- 3-- 3-- 3-- 1-- 1-- 4-- 4-- 4-- 4--
116   90  ---- ---- K-- B-- 3-- 3-- 3-- 1-- 1-- 1-- 1-- 2-- 4--
117   91  ---- ---- L-- B-- 3-- 3-- 3-- 1-- 1-- 1-- 4-- 4-- 4--
118   92  ---- ---- R-- B-- 3-- 3-- 3-- 1-- 1-- 2-- 1-- 2-- 4--
119   93  ---- ---- K-- A-- 2-- 1-- 1-- 1-- 1-- 1-- 2-- 2-- 4--
120   94  ---- ---- E-- B-- 3-- 3-- 3-- 1-- 1-- 1-- 1-- 4-- 4--
121   95  ---- ---- I-- A-- 2-- 1-- 1-- 1-- 2-- 1-- 4-- 4-- 4--
122   96  ---- ---- V-- B-- 3-- 3-- 3-- 1-- 3-- 4-- 4-- 4-- 4--
123   97  ---- ---- T-- B-- 3-- 3-- 3-- 1-- 1-- 4-- 4-- 4-- 4--
124   98  ---- ---- M-- A-- 3-- 3-- 1-- 1-- 2-- 1-- 2-- 4-- 4--
125   99  ---- ---- G-- L-- 3-- 2-- 2-- 1-- 4-- 4-- 4-- 4-- 4--
126  100  ---- ---- V-- B-- 3-- 3-- 3-- 1-- 1-- 4-- 4-- 4-- 4--
127  101  ---- ---- Q-- A-- 2-- 1-- 1-- 1-- 1-- 2-- 1-- 4-- 4--
128  102  ---- ---- K-- A-- 3-- 3-- 2-- 1-- 3-- 1-- 1-- 1-- 4--
129  103  ---- ---- V-- B-- 3-- 3-- 3-- 1-- 1-- 4-- 4-- 4-- 4--
130  104  ---- ---- D-- B-- 3-- 3-- 3-- 1-- 2-- 1-- 4-- 4-- 4--
131  105  ----  21  P-D A-A 2-2 1-1 1-1 1-1 1-2 2-1 1-4 4-4 4-4
132  106  ---- ---- S-- P-- 2-- 1-- 3-- 1-- 2-- 4-- 4-- 4-- 4--
133  107  ---- ---- Y-- L-- 2-- 2-- 2-- 1-- 1-- 1-- 4-- 4-- 4--
134  108  101   22  NYM AUP 341 343 233 111 123 121 441 444 444
135  ---- 102   23  -RV -BB -33 -31 -33 -11 -11 -34 -34 -34 -44
136  ---- 103   24  -SM -BB -33 -33 -33 -11 -31 -42 -42 -44 -44
137  ---- 104   25  -IL -BP -33 -33 -33 -11 -31 -11 -44 -44 -44
138  ---- 105   26  -NS -PB -33 -13 -33 -11 -22 -24 -44 -44 -44
139  ---- 106  ---- -A- -A- -2- -1- -1- -1- -4- -4- -4- -4- -4-
140  ---- 107  ---- -A- -A- -2- -1- -1- -1- -4- -4- -4- -4- -4-
141  ---- 108  ---- -D- -A- -2- -1- -1- -1- -1- -2- -4- -4- -4-
142  ---- 109   27  -LP -AA -22 -11 -11 -11 -23 -21 -42 -44 -44
143  ---- 110   28  -YK -AA -22 -11 -11 -11 -21 -11 -42 -42 -44
144  ---- 111  ---- -E- -A- -2- -1- -1- -1- -1- -1- -1- -4- -4-
145  109  ---- ---- A-- P-- 2-- 1-- 3-- 1-- 4-- 4-- 4-- 4-- 4--
146  110  ---- ---- G-- L-- 2-- 2-- 2-- 1-- 4-- 4-- 4-- 4-- 4--
147  111  ---- ---- T-- A-- 2-- 3-- 1-- 1-- 2-- 4-- 4-- 4-- 4--
148  112  ---- ---- Y-- P-- 3-- 1-- 3-- 1-- 1-- 2-- 4-- 4-- 4--
149  113  ---- ---- L-- B-- 3-- 3-- 3-- 1-- 1-- 1-- 4-- 4-- 4--
150  114  ---- ---- S-- P-- 3-- 1-- 3-- 1-- 1-- 4-- 4-- 4-- 4--
151  115  112   29  PND AAA 232 131 121 111 111 212 144 444 444
152  ---- ----  30  --A --A --2 --1 --1 --1 --4 --4 --4 --4 --4
153  ---- 113   31  -IY -AA -22 -11 -11 -11 -32 -22 -44 -44 -44
154  ---- 114   32  -KK -AA -22 -11 -11 -11 -12 -13 -11 -11 -44
155  116  ---- ---- E-- A-- 2-- 1-- 1-- 1-- 1-- 3-- 1-- 4-- 4--
156  117  ---- ---- E-- A-- 2-- 1-- 1-- 1-- 1-- 1-- 1-- 4-- 4--
157  118  ---- ---- W-- A-- 2-- 1-- 1-- 1-- 2-- 2-- 4-- 4-- 4--
158  119  115   33  HAL AAA 222 111 111 111 243 242 444 444 444
159  ---- 116  ---- -Y- -B- -3- -3- -3- -1- -1- -2- -4- -4- -4-
160  ---- 117   34  -TL -BA -32 -31 -31 -11 -11 -41 -44 -44 -44
161  ---- ----  35  --Q --A --2 --1 --1 --1 --3 --1 --1 --4 --4
162  ---- ----  36  --E --A --2 --1 --1 --1 --2 --1 --1 --4 --4
163  ---- 118  ---- -V- -P- -3- -1- -3- -1- -1- -4- -4- -4- -4-
164  120  ---- ---- Q-- A-- 2-- 1-- 1-- 1-- 1-- 2-- 1-- 4-- 4--
165  121  ---- ---- F-- A-- 2-- 1-- 1-- 1-- 2-- 2-- 4-- 4-- 4--
166  122  ---- ---- I-- A-- 2-- 1-- 2-- 1-- 2-- 1-- 4-- 4-- 4--
167  123  ----  37  Q-N A-B 2-3 1-3 1-3 1-1 1-1 1-1 1-4 4-4 4-4
168  ---- ----  38  --P --A --2 --1 --1 --1 --2 --1 --2 --4 --4
169  ---- ----  39  --D --A --2 --3 --1 --1 --2 --1 --4 --4 --4
170  ---- ----  40  --I --B --3 --1 --3 --1 --1 --1 --4 --4 --4
171  124  ---- ---- D-- B-- 3-- 1-- 3-- 1-- 2-- 1-- 4-- 4-- 4--
172  125  ---- ---- P-- A-- 2-- 1-- 1-- 1-- 2-- 1-- 2-- 4-- 4--
173  126  ---- ---- N-- A-- 2-- 1-- 1-- 1-- 1-- 1-- 4-- 4-- 4--
174  127  ---- ---- V-- P-- 3-- 1-- 3-- 1-- 1-- 4-- 4-- 4-- 4--
175  128  ---- ---- I-- B-- 3-- 3-- 3-- 1-- 1-- 1-- 4-- 4-- 4--
176  129  ----  41  L-T B-P 3-3 3-3 3-3 1-1 2-1 2-4 4-4 4-4 4-4
177  130  ---- ---- L-- B-- 3-- 3-- 3-- 1-- 2-- 2-- 4-- 4-- 4--
178  131  119   42  DLL PBB 333 133 333 111 222 112 444 444 444
179  132  ----  43  T-I A-B 2-3 3-3 2-3 1-1 2-1 4-1 4-4 4-4 4-4
180  133  120   44  RDD PBB 333 133 333 111 122 121 244 144 444
181  ---- 121   45  -VV -AB -22 -33 -23 -11 -21 -44 -44 -44 -44
182  134  122   46  NRR PPB 313 113 333 111 112 112 422 411 444
183  ---- ----  47  --D --P --3 --1 --3 --1 --1 --1 --4 --4 --4
184  ---- 123  ---- -E- -P- -3- -1- -3- -1- -1- -2- -2- -4- -4-
185  135  124  ---- DP- AA- 22- 11- 11- 11- 32- 11- 42- 44- 44-
186  ---- 125   48  -FP -AA -22 -11 -11 -11 -32 -21 -42 -44 -44
187  ---- ----  49  --D --A --2 --1 --1 --1 --2 --1 --4 --4 --4
188  ---- ----  50  --E --A --2 --1 --1 --1 --2 --1 --1 --4 --4
189  ---- 126   51  -EL -AA -22 -11 -11 -11 -11 -12 -14 -44 -44
190  136  127  ---- YL- AA- 22- 11- 11- 11- 31- 12- 44- 44- 44-
191  ---- 128  ---- -I- -A- -2- -1- -1- -1- -2- -3- -4- -4- -4-
192  ---- 129   52  -FK -AA -12 -31 -21 -11 -12 -11 -43 -41 -44
193  ---- ----  53  --A --A --2 --1 --1 --1 --4 --4 --4 --4 --4
194  ---- ----  54  --M --A --3 --3 --1 --1 --1 --2 --1 --4 --4
195  ---- 130   55  -GG -EE -33 -32 -33 -11 -44 -44 -44 -44 -44
196  137  131   56  ESK ABB 231 133 133 111 113 143 141 442 444
197  ---- 132   57  -IP -PP -33 -11 -32 -11 -12 -11 -42 -44 -44
198  138  ---- ---- Y-- A-- 2-- 1-- 1-- 1-- 2-- 1-- 4-- 4-- 4--
199  139  ---- ---- E-- A-- 2-- 1-- 1-- 1-- 1-- 2-- 1-- 4-- 4--
200  140  ---- ---- L-- A-- 1-- 1-- 1-- 1-- 1-- 1-- 4-- 4-- 4--
201  141  133   58  GAD BPB 323 313 333 111 442 441 444 444 444
202  142  134   59  TNV BLB 133 323 323 111 312 414 444 444 444
203  ---- 135  ---- -S- -P- -3- -1- -3- -1- -1- -4- -4- -4- -4-
204  143  ---- ---- F-- P-- 3-- 1-- 3-- 1-- 1-- 1-- 4-- 4-- 4--
205  144  ----  60  K-K P-A 2-2 1-1 3-1 1-1 2-3 1-1 1-3 1-2 4-4
206  145  ---- ---- N-- L-- 3-- 2-- 2-- 1-- 1-- 1-- 4-- 4-- 4--
207  146  ----  61  A-N P-B 3-3 1-3 3-3 1-1 4-3 4-1 4-4 4-4 4-4
208  147  136   62  IIY PPB 333 113 333 111 132 132 444 444 444
209  148  137   63  NNK BBB 333 333 333 111 221 121 442 441 444
210  ---- ----  64  --H --B --3 --3 --3 --1 --2 --1 --4 --4 --4
211  149  138   65  PIM ABB 333 133 133 111 211 113 241 444 444
212  150  ---- ---- D-- L-- 3-- 2-- 2-- 1-- 2-- 1-- 4-- 4-- 4--
213  151  139   66  IPS PPA 332 313 321 111 211 124 414 444 444
214  ---- ----  67  --R --E --1 --2 --3 --1 --2 --3 --2 --1 --4
215  152  ---- ---- E-- A-- 2-- 3-- 1-- 1-- 1-- 1-- 2-- 4-- 4--
216  153  ---- ---- N-- B-- 3-- 3-- 3-- 1-- 1-- 1-- 4-- 4-- 4--
217  154  ---- ---- F-- A-- 2-- 1-- 1-- 1-- 2-- 2-- 4-- 4-- 4--
218  155  ---- ---- R-- A-- 2-- 1-- 1-- 1-- 3-- 1-- 3-- 3-- 4--
219  156  ----  68  E-G A-A 2-1 1-1 1-1 1-1 1-4 1-4 1-4 4-4 4-4
220  ---- ----  69  --K --A --3 --3 --2 --1 --1 --2 --3 --3 --4
221  157  140   70  FIL AAL 223 112 112 111 223 212 444 444 444
222  158  ----  71  P-E A-A 2-2 1-1 1-1 1-1 1-1 2-3 1-1 4-4 4-4
223  ---- ----  72  --P --A --2 --1 --1 --1 --3 --2 --1 --4 --4
224  159  141  ---- DS- AA- 22- 11- 12- 11- 12- 14- 44- 44- 44-
225  160  142   73  YEL AAA 222 133 111 111 211 213 424 444 444
226  161  143   74  VLL AAA 222 111 111 111 122 422 444 444 444
227  162  144  ---- QR- AA- 22- 11- 11- 11- 12- 21- 12- 42- 44-
228  163  145  ---- RE- AA- 22- 33- 11- 11- 31- 13- 31- 14- 44-
229  164  146   75  NKA AAA 222 331 121 111 114 214 424 414 444
230  ---- ----  76  --K --A --2 --1 --1 --1 --1 --1 --1 --2 --4
231  ---- ----  77  --S --A --3 --1 --1 --1 --1 --4 --4 --4 --4
232  ---- 147  ---- -W- -A- -2- -1- -1- -1- -3- -2- -4- -4- -4-
233  165  148  ---- LK- AA- 22- 31- 21- 11- 11- 11- 42- 43- 44-
234  ---- 149   78  -IG -AL -23 -12 -12 -11 -14 -14 -44 -44 -44
235  ---- 150   79  -LL -PB -33 -13 -33 -11 -11 -21 -44 -44 -44
236  ---- 151  ---- -E- -P- -3- -1- -3- -1- -1- -3- -1- -4- -4-
237  166  ---- ---- I-- A-- 2-- 1-- 1-- 1-- 1-- 2-- 4-- 4-- 4--
238  167  ---- ---- D-- A-- 2-- 1-- 2-- 1-- 3-- 2-- 4-- 4-- 4--
239  168  ---- ---- K-- A-- 3-- 3-- 2-- 1-- 1-- 1-- 1-- 3-- 4--
240  169  ---- ---- K-- A-- 2-- 1-- 1-- 1-- 1-- 1-- 1-- 1-- 4--
241  170  ---- ---- D-- A-- 2-- 3-- 2-- 1-- 3-- 1-- 4-- 4-- 4--
242  171  ----  80  K-D B-B 3-3 3-3 3-3 1-1 1-2 2-1 1-4 2-4 4-4
243  ---- ----  81  --P --A --2 --1 --1 --1 --2 --1 --2 --4 --4
244  172  152   82  KRE PAA 322 113 312 111 123 111 111 214 444
245  ---- 153  ---- -D- -A- -2- -1- -2- -1- -3- -1- -4- -4- -4-
246  ---- 154  ---- -K- -B- -3- -3- -3- -1- -1- -1- -1- -1- -4-
247  ---- 155  ---- -K- -B- -3- -3- -3- -1- -2- -3- -1- -3- -4-
248  173  ----  83  I-K B-B 3-3 3-3 3-3 1-1 1-1 1-2 4-3 4-2 4-4
249  174  ----  84  A-P B-P 3-3 3-1 3-2 1-1 4-3 4-2 4-1 4-4 4-4
250  175  156   85  MYV BPB 333 333 333 111 112 124 144 444 444
251  176  157   86  FAV BBB 333 333 333 111 343 144 444 444 444
252  ---- 158   87  -VV -BB -33 -13 -33 -11 -12 -44 -44 -44 -44
253  177  159   88  CIF BPB 132 333 333 111 332 412 444 444 444
254  ---- 160   89  -CC -BL -33 -32 -32 -11 -21 -44 -44 -44 -44
255  ---- 161  ---- -A- -A- -1- -1- -1- -1- -4- -4- -4- -4- -4-
256  ---- 162  ---- -H- -A- -3- -3- -1- -1- -1- -2- -4- -4- -4-
257  ---- 163   90  -GK -LA -22 -21 -21 -11 -43 -43 -41 -43 -44
258  ---- ----  91  --T --A --2 --1 --1 --1 --1 --4 --4 --4 --4
259  ---- ----  92  --A --A --2 --1 --1 --1 --4 --4 --4 --4 --4
260  ---- ----  93  --A --A --3 --1 --1 --1 --4 --4 --4 --4 --4
261  ---- 164   94  -NR -AL -23 -12 -12 -11 -31 -22 -43 -41 -44
262  ---- 165  ---- -R- -A- -2- -1- -1- -1- -1- -1- -2- -1- -4-
263  178  ---- ---- T-- A-- 1-- 1-- 1-- 1-- 1-- 4-- 4-- 4-- 4--
264  179  ---- ---- G-- A-- 3-- 3-- 2-- 1-- 4-- 4-- 4-- 4-- 4--
265  180  ---- ---- G-- L-- 2-- 2-- 2-- 1-- 4-- 4-- 4-- 4-- 4--
266  181  ---- ---- I-- A-- 2-- 1-- 1-- 1-- 3-- 1-- 4-- 4-- 4--
267  182  166   95  RSA AAA 222 111 111 111 114 144 244 144 444
268  183  ---- ---- C-- A-- 2-- 1-- 1-- 1-- 1-- 4-- 4-- 4-- 4--
269  184  ---- ---- E-- A-- 2-- 1-- 1-- 1-- 1-- 2-- 1-- 4-- 4--
270  185  167   96  KAA AAA 222 111 111 111 144 144 144 144 444
271  ---- 168   97  -AL -AA -22 -11 -11 -11 -41 -43 -44 -44 -44
272  186  169   98  TAA AAA 222 111 111 111 244 444 444 444 444
273  187  170   99  TVG AAA 222 111 111 111 114 444 444 444 444
274  188  171  100  AEK AAA 222 111 111 111 413 421 411 443 444
275  189  172  101  YFT AAA 222 111 111 111 222 224 444 444 444
276  190  173  102  MLL AAA 222 111 111 111 111 111 244 444 444
277  ---- 174  103  -SR -AA -22 -11 -11 -11 -13 -41 -42 -43 -44
278  191  175  104  KQE AAA 222 111 111 111 211 311 311 144 444
279  192  ---- ---- E-- A-- 2-- 1-- 1-- 1-- 2-- 3-- 1-- 4-- 4--
280  193  ---- ---- L-- A-- 3-- 1-- 1-- 1-- 1-- 1-- 4-- 4-- 4--
281  194  ---- 105  G-Y L-A 3-1 2-3 2-1 1-1 4-1 4-1 4-4 4-4 4-4
282  195  176  ---- FL- PA- 33- 13- 32- 11- 11- 21- 44- 44- 44-
283  196  177  106  EGG ALL 233 323 122 111 144 244 144 444 444
284  197  ---- ---- H-- A-- 3-- 3-- 2-- 1-- 1-- 2-- 4-- 4-- 4--
285  198  178  107  VLF BBB 333 333 333 111 211 412 444 444 444
286  ---- ---- 108  --K --A --2 --1 --1 --1 --1 --1 --3 --1 --4
287  199  179  109  YNT BBB 333 313 333 111 121 214 444 444 444
288  200  180  110  QII BBB 333 333 333 111 323 121 144 444 444
289  ---- 181  111  -VY -BB -33 -33 -33 -11 -21 -42 -44 -44 -44
290  ---- 182  112  -DN -BB -33 -33 -33 -11 -22 -11 -44 -44 -44
291  ---- 183  113  -VS -BB -33 -33 -33 -11 -12 -44 -44 -44 -44
292  ---- 184  114  -EE -PP -22 -11 -33 -11 -12 -13 -21 -44 -44
293  ---- 185  115  -GG -LE -33 -22 -23 -11 -44 -44 -44 -44 -44
294  ---- 186  116  -GG -EB -11 -23 -33 -11 -44 -44 -44 -44 -44
295  ---- 187  117  -IM -AA -22 -11 -11 -11 -32 -13 -42 -44 -44
296  ---- 188  118  -QD -AA -22 -11 -11 -11 -23 -11 -14 -44 -44
297  ---- 189  ---- -S- -A- -2- -1- -1- -1- -3- -4- -4- -4- -4-
298  ---- 190  119  -WK -AA -22 -11 -11 -11 -21 -23 -41 -43 -44
299  ---- ---- 120  --W --A --2 --1 --1 --1 --2 --2 --4 --4 --4
300  201  ---- ---- L-- B-- 3-- 1-- 3-- 1-- 2-- 2-- 4-- 4-- 4--
301  202  ---- ---- H-- P-- 1-- 1-- 3-- 1-- 2-- 1-- 4-- 4-- 4--
302  203  ---- ---- D-- L-- 3-- 2-- 2-- 1-- 1-- 1-- 4-- 4-- 4--
303  204  ---- ---- G-- E-- 1-- 2-- 3-- 1-- 4-- 4-- 4-- 4-- 4--
304  205  ---- ---- I-- A-- 2-- 1-- 1-- 1-- 1-- 1-- 4-- 4-- 4--
305  206  ---- ---- L-- A-- 2-- 1-- 1-- 1-- 1-- 1-- 4-- 4-- 4--
306  207  ---- ---- N-- A-- 2-- 1-- 1-- 1-- 2-- 1-- 4-- 4-- 4--
307  208  ---- ---- Y-- A-- 2-- 1-- 1-- 1-- 2-- 1-- 4-- 4-- 4--
308  209  ---- ---- L-- A-- 2-- 1-- 1-- 1-- 1-- 1-- 4-- 4-- 4--
309  210  ---- ---- E-- A-- 2-- 1-- 1-- 1-- 2-- 3-- 1-- 4-- 4--
310  211  ---- ---- S-- A-- 2-- 3-- 1-- 1-- 2-- 4-- 4-- 4-- 4--
311  212  ---- ---- I-- B-- 3-- 3-- 3-- 1-- 1-- 2-- 4-- 4-- 4--
312  213  ---- ---- P-- P-- 3-- 1-- 2-- 1-- 2-- 1-- 2-- 4-- 4--
313  214  ---- ---- E-- A-- 2-- 1-- 1-- 1-- 2-- 1-- 1-- 4-- 4--
314  215  ---- ---- S-- A-- 2-- 1-- 1-- 1-- 1-- 4-- 4-- 4-- 4--
315  216  ---- ---- E-- A-- 3-- 3-- 1-- 1-- 1-- 1-- 1-- 4-- 4--
316  217  ---- ---- S-- P-- 3-- 1-- 3-- 1-- 3-- 4-- 4-- 4-- 4--
317  218  ---- ---- L-- A-- 2-- 3-- 2-- 1-- 1-- 1-- 4-- 4-- 4--
318  219  ---- ---- W-- P-- 3-- 1-- 3-- 1-- 2-- 2-- 4-- 4-- 4--
319  220  ---- ---- E-- B-- 1-- 3-- 3-- 1-- 1-- 1-- 1-- 4-- 4--
320  221  ---- ---- G-- E-- 1-- 2-- 3-- 1-- 4-- 4-- 4-- 4-- 4--
321  222  ---- ---- K-- B-- 3-- 3-- 3-- 1-- 1-- 1-- 1-- 1-- 4--
322  223  ---- ---- C-- B-- 3-- 3-- 3-- 1-- 2-- 4-- 4-- 4-- 4--
323  224  ---- ---- F-- P-- 3-- 1-- 3-- 1-- 2-- 1-- 4-- 4-- 4--
324  225  191  121  VIL BAA 322 311 311 111 211 411 444 444 444
325  ---- 192  ---- -E- -A- -2- -1- -1- -1- -1- -2- -1- -4- -4-
326  ---- 193  ---- -E- -A- -3- -1- -2- -1- -1- -3- -2- -4- -4-
327  ---- 194  122  -GE -LA -32 -21 -21 -11 -43 -41 -41 -44 -44
328  ---- 195  123  -YE -BA -33 -31 -32 -11 -11 -22 -41 -44 -44
329  226  ---- ---- F-- A-- 2-- 1-- 2-- 1-- 1-- 2-- 4-- 4-- 4--
330  227  ---- ---- D-- B-- 1-- 3-- 3-- 1-- 3-- 1-- 4-- 4-- 4--
331  228  ---- ---- D-- A-- 2-- 1-- 1-- 1-- 1-- 1-- 4-- 4-- 4--
332  229  ---- ---- R-- A-- 3-- 1-- 1-- 1-- 1-- 1-- 2-- 1-- 4--
333  230  ---- ---- V-- L-- 2-- 2-- 1-- 1-- 1-- 4-- 4-- 4-- 4--
334  231  ---- ---- A-- B-- 3-- 3-- 3-- 1-- 4-- 4-- 4-- 4-- 4--
335  232  196  124  VPG BPL 333 312 322 111 224 414 424 444 444
336  ---- ---- 125  --L --P --1 --1 --3 --1 --1 --1 --4 --4 --4
337  ---- ---- 126  --P --P --3 --1 --2 --1 --2 --1 --2 --4 --4
338  ---- 197  127  -VS -BB -33 -33 -33 -11 -31 -44 -44 -44 -44
339  ---- 198  128  -VL -BB -33 -33 -33 -11 -11 -41 -44 -44 -44
340  ---- 199  129  -LD -AB -43 -13 -13 -11 -33 -31 -44 -44 -44
341  ---- ---- 130  --R --B --3 --1 --2 --1 --2 --1 --3 --1 --4
342  ---- 200  ---- -E- -U- -4- -1- -4- -4- -2- -2- -1- -4- -4-
343  233  ---- ---- D-- P-- 1-- 3-- 3-- 1-- 3-- 1-- 4-- 4-- 4--
344  234  ---- ---- Q-- A-- 2-- 1-- 1-- 1-- 1-- 1-- 1-- 4-- 4--
345  235  ---- ---- K-- A-- 3-- 3-- 2-- 1-- 1-- 1-- 1-- 3-- 4--
346  236  ---- ---- L-- L-- 3-- 2-- 2-- 1-- 1-- 1-- 4-- 4-- 4--
347  237  ---- ---- D-- B-- 3-- 3-- 3-- 1-- 1-- 1-- 4-- 4-- 4--
348  238  ---- ---- R-- P-- 3-- 1-- 3-- 1-- 2-- 1-- 2-- 2-- 4--
349  239  ---- ---- V-- P-- 3-- 1-- 3-- 1-- 1-- 4-- 4-- 4-- 4--
350  240  ---- ---- Y-- B-- 2-- 3-- 3-- 2-- 2-- 2-- 4-- 4-- 4--
351  241  ---- ---- P-- P-- 3-- 1-- 2-- 1-- 2-- 1-- 2-- 4-- 4--
352  242  ---- ---- Q-- P-- 3-- 1-- 3-- 1-- 2-- 3-- 1-- 4-- 4--
353  243  ---- 131  L-S P-P 1-3 1-1 3-3 1-1 1-2 1-4 4-4 4-4 4-4
354  ---- ---- 132  --H --B --3 --3 --3 --1 --3 --1 --4 --4 --4
355  ---- ---- 133  --H --A --2 --3 --1 --1 --2 --1 --4 --4 --4
356  ---- ---- 134  --H --B --2 --1 --2 --1 --2 --2 --4 --4 --4
357  ---- ---- 135  --H --B --3 --3 --3 --1 --2 --2 --4 --4 --4
358  ---- ---- 136  --H --A --4 --3 --1 --1 --1 --2 --4 --4 --4
359  ---- ---- 137  --H --U --4 --3 --4 --4 --1 --1 --4 --4 --4
360  244  ---- ---- P-- P-- 3-- 1-- 2-- 1-- 1-- 2-- 1-- 4-- 4--
361  245  ---- ---- Q-- A-- 2-- 3-- 2-- 1-- 1-- 1-- 1-- 4-- 4--
362  246  ---- ---- D-- A-- 3-- 3-- 2-- 1-- 3-- 2-- 4-- 4-- 4--
363  247  ---- ---- Y-- A-- 3-- 1-- 1-- 2-- 3-- 1-- 4-- 4-- 4--
364  248  ---- ---- K-- P-- 3-- 1-- 3-- 1-- 1-- 1-- 3-- 1-- 4--
365  249  ---- ---- Y-- A-- 2-- 3-- 1-- 1-- 3-- 1-- 4-- 4-- 4--
366  250  ---- ---- E-- P-- 3-- 1-- 3-- 1-- 1-- 2-- 1-- 4-- 4--
367  251  ---- ---- R-- A-- 2-- 1-- 1-- 1-- 1-- 1-- 1-- 3-- 4--
368  252  ---- ---- E-- A-- 2-- 1-- 1-- 1-- 2-- 3-- 1-- 4-- 4--
369  253  ---- ---- Q-- A-- 4-- 1-- 1-- 1-- 1-- 1-- 2-- 4-- 4--
370  254  ---- ---- K-- U-- 4-- 1-- 4-- 4-- 2-- 1-- 2-- 1-- 4--

Sequence identity comparison (ID_TABLE):

   Diagonal       ... number of residues;
   Upper triangle ... number of identical residues;
   Lower triangle ... % sequence identity, id/min(length).

         4f67A @13gk5A @21qxnA @1
4f67A @1      264       2       1
3gk5A @2        2     100      18
1qxnA @1        1      18     137


Weighted pair-group average clustering based on a distance matrix:


        .---------------------------------------------------------- 4f67A @1.8    98.5000
        |
        |                                                      .--- 3gk5A @2.4    82.0000
        |                                                      |
      .------------------------------------------------------------ 1qxnA @1.0

      +----+----+----+----+----+----+----+----+----+----+----+----+
    99.1600   96.1900   93.2200   90.2500   87.2800   84.3100   81.3400
         97.6750   94.7050   91.7350   88.7650   85.7950   82.8250



Total CPU time [seconds]                                 :       1.29
