
                         MODELLER 9.17, 2016/07/02, r10881

     PROTEIN STRUCTURE MODELLING BY SATISFACTION OF SPATIAL RESTRAINTS


                     Copyright(c) 1989-2016 Andrej Sali
                            All Rights Reserved

                             Written by A. Sali
                               with help from
              B. Webb, M.S. Madhusudhan, M-Y. Shen, G.Q. Dong,
          M.A. Marti-Renom, N. Eswar, F. Alber, M. Topf, B. Oliva,
             A. Fiser, R. Sanchez, B. Yerkovich, A. Badretdinov,
                     F. Melo, J.P. Overington, E. Feyfant
                 University of California, San Francisco, USA
                    Rockefeller University, New York, USA
                      Harvard University, Cambridge, USA
                   Imperial Cancer Research Fund, London, UK
              Birkbeck College, University of London, London, UK


Kind, OS, HostName, Kernel, Processor: 4, Windows Vista build 7601 Service Pack 1, SAI-PC, SMP, unknown
Date and time of compilation         : 2016/07/01 22:06:57
MODELLER executable type             : x86_64-w64
Job starting time (YY/MM/DD HH:MM:SS): 2016/11/30 18:29:49

openf___224_> Open           $(LIB)/restyp.lib
openf___224_> Open           ${MODINSTALL9v17}/modlib/resgrp.lib
rdresgr_266_> Number of residue groups:        2
openf___224_> Open           ${MODINSTALL9v17}/modlib/sstruc.lib

Dynamically allocated memory at   amaxlibraries [B,KiB,MiB]:       191566     187.076     0.183

Dynamically allocated memory at   amaxlibraries [B,KiB,MiB]:       192094     187.592     0.183
openf___224_> Open           ${MODINSTALL9v17}/modlib/resdih.lib

Dynamically allocated memory at   amaxlibraries [B,KiB,MiB]:       240694     235.053     0.230
rdrdih__263_> Number of dihedral angle types         :        9
              Maximal number of dihedral angle optima:        3
              Dihedral angle names                   :  Alph Phi Psi Omeg chi1 chi2 chi3 chi4 chi5
openf___224_> Open           ${MODINSTALL9v17}/modlib/radii.lib

Dynamically allocated memory at   amaxlibraries [B,KiB,MiB]:       253994     248.041     0.242
openf___224_> Open           ${MODINSTALL9v17}/modlib/radii14.lib
openf___224_> Open           ${MODINSTALL9v17}/modlib/af_mnchdef.lib
rdwilmo_274_> Mainchain residue conformation classes:  APBLE
openf___224_> Open           ${MODINSTALL9v17}/modlib/mnch.lib
rdclass_257_> Number of classes:        5
openf___224_> Open           ${MODINSTALL9v17}/modlib/mnch1.lib
openf___224_> Open           ${MODINSTALL9v17}/modlib/mnch2.lib
openf___224_> Open           ${MODINSTALL9v17}/modlib/mnch3.lib
openf___224_> Open           ${MODINSTALL9v17}/modlib/xs4.mat
rdrrwgh_268_> Number of residue types:       21
openf___224_> Open           pdb_95.pir
readlinef__W> File: pdb_95.pir, Line: 414
              Modeller will only read the first 4096 characters of this line.

readlinef__W> File: pdb_95.pir, Line: 24773
              Modeller will only read the first 4096 characters of this line.

readlinef__W> File: pdb_95.pir, Line: 24783
              Modeller will only read the first 4096 characters of this line.

readlinef__W> File: pdb_95.pir, Line: 24793
              Modeller will only read the first 4096 characters of this line.

readlinef__W> File: pdb_95.pir, Line: 24800
              Modeller will only read the first 4096 characters of this line.

readlinef__W> File: pdb_95.pir, Line: 24806
              No more warnings will be printed for truncated lines in this file.


Dynamically allocated memory at amaxsequence_db [B,KiB,MiB]:       468592     457.609     0.447

Dynamically allocated memory at amaxsequence_db [B,KiB,MiB]:      3305576    3228.102     3.152

Dynamically allocated memory at   amaxalignment [B,KiB,MiB]:      3307418    3229.900     3.154

Dynamically allocated memory at   amaxalignment [B,KiB,MiB]:      3308868    3231.316     3.156

Dynamically allocated memory at   amaxalignment [B,KiB,MiB]:      3311768    3234.148     3.158

Dynamically allocated memory at amaxsequence_db [B,KiB,MiB]:     14017567   13689.030    13.368

Dynamically allocated memory at   amaxalignment [B,KiB,MiB]:     14023367   13694.694    13.374

Dynamically allocated memory at   amaxalignment [B,KiB,MiB]:     14034967   13706.022    13.385

Dynamically allocated memory at   amaxalignment [B,KiB,MiB]:     14058167   13728.679    13.407

Dynamically allocated memory at   amaxalignment [B,KiB,MiB]:     14104567   13773.991    13.451

Dynamically allocated memory at amaxsequence_db [B,KiB,MiB]:     19457467   19001.434    18.556

SEQ_DATABASE_FILE         : pdb_95.pir
SEQ_DATABASE_FORMAT       : PIR
CHAINS_LIST               : ALL
CLEAN_SEQUENCES           :            T
MINMAX_DB_SEQ_LEN         :           30        4000
Number of sequences       :        53529
Number of residues        :     13332237
Length of longest sequence:         3042


SEQ_DATABASE_FILE         : pdb_95.bin
SEQ_DATABASE_FORMAT       : BINARY
SEARCH_CHAINS_LIST        : ALL
Number of sequences       :        53529
Number of residues        :     13332237
Length of longest sequence:         3042


SEQ_DATABASE_FILE         : pdb_95.bin
SEQ_DATABASE_FORMAT       : BINARY
CHAINS_LIST               : ALL
CLEAN_SEQUENCES           :            T
MINMAX_DB_SEQ_LEN         :            0      999999
Number of sequences       :        53529
Number of residues        :     13332237
Length of longest sequence:         3042

openf___224_> Open           qseq1.ali

Dynamically allocated memory at   amaxalignment [B,KiB,MiB]:       470512     459.484     0.449

Dynamically allocated memory at   amaxalignment [B,KiB,MiB]:       471962     460.900     0.450

Dynamically allocated memory at   amaxalignment [B,KiB,MiB]:       474862     463.732     0.453

Dynamically allocated memory at   amaxalignment [B,KiB,MiB]:       480662     469.396     0.458

Dynamically allocated memory at    amaxsequence [B,KiB,MiB]:       481674     470.385     0.459

Read the alignment from file       : qseq1.ali
Total number of alignment positions:   254

  #  Code        #_Res #_Segm PDB_code    Name
-------------------------------------------------------------------------------
  1      T0651     254      1       T0651

Dynamically allocated memory at     amaxprofile [B,KiB,MiB]:       483015     471.694     0.461
openf___224_> Open           ${LIB}/blosum62.sim.mat
rdrrwgh_268_> Number of residue types:       21

Dynamically allocated memory at amaxsequence_db [B,KiB,MiB]:       811995     792.964     0.774
profile_iteration_> processing sequence:       1    254      1     0.0156001     0.0156001     0.0156001     1

Dynamically allocated memory at amaxsequence_db [B,KiB,MiB]:       821897     802.634     0.784
profile_iteration_> processing sequence:    5354    254      1     7.0668454     0.0013199     0.0000050   758
profile_iteration_> processing sequence:   10707    254      1    13.7592878     0.0012851     0.0000050   778
profile_iteration_> processing sequence:   16060    254      1    20.3893299     0.0012696     0.0000050   788
profile_iteration_> processing sequence:   21413    254      1    27.7369785     0.0012953     0.0000051   772
profile_iteration_> processing sequence:   26766    254      1    34.2890205     0.0012811     0.0000052   781
profile_iteration_> processing sequence:   32119    254      1    40.3262596     0.0012555     0.0000052   796
profile_iteration_> processing sequence:   37472    254      1    47.3151016     0.0012627     0.0000051   792
profile_iteration_> processing sequence:   42825    254      1    54.5535507     0.0012739     0.0000052   785

Dynamically allocated memory at amaxsequence_db [B,KiB,MiB]:       825189     805.849     0.787
profile_iteration_> processing sequence:   48178    254      1    61.8075943     0.0012829     0.0000052   779
 AVERAGE RESIDUAL STANDARD ERROR:    34.12971
 AVERAGE RESIDUAL STANDARD DEVIATION:    257.7815
profile_660_> Quality of the fit between observed/expected score distributions.
              [Iteration, Chi2, nbins, KS-Stat, nscores ] =        1,        0.0304,      121,        0.0060,    53529

HISTOGRAM OF Z-SCORES:

Z:         1  -3.95000   0.00000   0.00000
Z:         1  -3.85000   0.00000   0.00000
Z:         1  -3.75000   0.00019   0.00000
Z:         1  -3.65000   0.00000   0.00000
Z:         1  -3.55000   0.00000   0.00000
Z:         1  -3.45000   0.00000   0.00000
Z:         1  -3.35000   0.00000   0.00000
Z:         1  -3.25000   0.00000   0.00000
Z:         1  -3.15000   0.00000   0.00000
Z:         1  -3.05000   0.00000   0.00000
Z:         1  -2.95000   0.00000   0.00000
Z:         1  -2.85000   0.00000   0.00000
Z:         1  -2.75000   0.00000   0.00000
Z:         1  -2.65000   0.00019   0.00000
Z:         1  -2.55000   0.00037   0.00001
Z:         1  -2.45000   0.00075   0.00004
Z:         1  -2.35000   0.00000   0.00016
Z:         1  -2.25000   0.00224   0.00055
Z:         1  -2.15000   0.00243   0.00163
Z:         1  -2.05000   0.00729   0.00416
Z:         1  -1.95000   0.01177   0.00933
Z:         1  -1.85000   0.01719   0.01872
Z:         1  -1.75000   0.03736   0.03400
Z:         1  -1.65000   0.08407   0.05658
Z:         1  -1.55000   0.07529   0.08721
Z:         1  -1.45000   0.13226   0.12565
Z:         1  -1.35000   0.16514   0.17059
Z:         1  -1.25000   0.21558   0.21981
Z:         1  -1.15000   0.24678   0.27052
Z:         1  -1.05000   0.34374   0.31973
Z:         1  -0.95000   0.33477   0.36469
Z:         1  -0.85000   0.40501   0.40316
Z:         1  -0.75000   0.40819   0.43360
Z:         1  -0.65000   0.44387   0.45519
Z:         1  -0.55000   0.46125   0.46779
Z:         1  -0.45000   0.47862   0.47182
Z:         1  -0.35000   0.46479   0.46811
Z:         1  -0.25000   0.47245   0.45775
Z:         1  -0.15000   0.44854   0.44196
Z:         1  -0.05000   0.44350   0.42194
Z:         1   0.05000   0.39399   0.39889
Z:         1   0.15000   0.38970   0.37383
Z:         1   0.25000   0.34934   0.34769
Z:         1   0.35000   0.31684   0.32121
Z:         1   0.45000   0.29274   0.29500
Z:         1   0.55000   0.25706   0.26953
Z:         1   0.65000   0.23072   0.24513
Z:         1   0.75000   0.21839   0.22205
Z:         1   0.85000   0.19186   0.20043
Z:         1   0.95000   0.18924   0.18036
Z:         1   1.05000   0.15506   0.16185
Z:         1   1.15000   0.14403   0.14489
Z:         1   1.25000   0.12255   0.12944
Z:         1   1.35000   0.11508   0.11542
Z:         1   1.45000   0.10237   0.10275
Z:         1   1.55000   0.09677   0.09133
Z:         1   1.65000   0.07809   0.08109
Z:         1   1.75000   0.07435   0.07191
Z:         1   1.85000   0.06707   0.06371
Z:         1   1.95000   0.05791   0.05639
Z:         1   2.05000   0.04782   0.04988
Z:         1   2.15000   0.04035   0.04409
Z:         1   2.25000   0.03624   0.03895
Z:         1   2.35000   0.03774   0.03439
Z:         1   2.45000   0.02952   0.03035
Z:         1   2.55000   0.02877   0.02678
Z:         1   2.65000   0.02914   0.02361
Z:         1   2.75000   0.02223   0.02082
Z:         1   2.85000   0.03363   0.01835
Z:         1   2.95000   0.01700   0.01617
Z:         1   3.05000   0.01607   0.01424
Z:         1   3.15000   0.01140   0.01255
Z:         1   3.25000   0.01027   0.01105
Z:         1   3.35000   0.00953   0.00973
Z:         1   3.45000   0.00897   0.00857
Z:         1   3.55000   0.00747   0.00754
Z:         1   3.65000   0.00729   0.00664
Z:         1   3.75000   0.00504   0.00584
Z:         1   3.85000   0.00691   0.00514
Z:         1   3.95000   0.00467   0.00453
Z:         1   4.05000   0.00803   0.00398
Z:         1   4.15000   0.00299   0.00350
Z:         1   4.25000   0.00467   0.00308
Z:         1   4.35000   0.00243   0.00271
Z:         1   4.45000   0.00262   0.00239
Z:         1   4.55000   0.00168   0.00210
Z:         1   4.65000   0.00112   0.00185
Z:         1   4.75000   0.00093   0.00163
Z:         1   4.85000   0.00149   0.00143
Z:         1   4.95000   0.00056   0.00126
Z:         1   5.05000   0.00131   0.00111
Z:         1   5.15000   0.00056   0.00097
Z:         1   5.25000   0.00131   0.00086
Z:         1   5.35000   0.00037   0.00075
Z:         1   5.45000   0.00205   0.00066
Z:         1   5.55000   0.00056   0.00058
Z:         1   5.65000   0.00112   0.00051
Z:         1   5.75000   0.00075   0.00045
Z:         1   5.85000   0.00075   0.00040
Z:         1   5.95000   0.00019   0.00035
Z:         1   6.05000   0.00056   0.00031
Z:         1   6.15000   0.00037   0.00027
Z:         1   6.25000   0.00019   0.00024
Z:         1   6.35000   0.00037   0.00021
Z:         1   6.45000   0.00037   0.00018
Z:         1   6.55000   0.00075   0.00016
Z:         1   6.65000   0.00019   0.00014
Z:         1   6.75000   0.00056   0.00013
Z:         1   6.85000   0.00056   0.00011
Z:         1   6.95000   0.00075   0.00010
Z:         1   7.05000   0.00019   0.00009
Z:         1   7.15000   0.00019   0.00007
Z:         1   7.25000   0.00019   0.00007
Z:         1   7.35000   0.00000   0.00006
Z:         1   7.45000   0.00000   0.00005
Z:         1   7.55000   0.00019   0.00004
Z:         1   7.65000   0.00019   0.00004
Z:         1   7.75000   0.00019   0.00003
Z:         1   7.85000   0.00000   0.00003
Z:         1   7.95000   0.00000   0.00003
Z:         1   8.05000   0.00000   0.00002

HITS FOUND IN ITERATION:     1


Dynamically allocated memory at     amaxprofile [B,KiB,MiB]:      1045389    1020.888     0.997
> 4f67A                      1   13068   67500     264     254   99.21     0.0           2   254     1   254    11   264
> 3gk5A                      1   16223    4650     100     254   32.00    0.28E-02       3    75   129   210    18    92
> 1qxnA                      1   38705    4850     137     254   26.53    0.15E-02       4    93   113   210    25   122
> 4f67A                      1   53527   67500     265     254   99.21     0.0           5   254     1   254    12   265
> 3gk5A                      1   53528    4650     108     254   32.00    0.31E-02       6    75   129   210    20    94
> 1qxnA                      1   53529    4850     137     254   26.53    0.15E-02       7    93   113   210    25   122

profile_iteration__> Weight Matrix           [sec]:     0.015600
profile_iteration__> Score Collection        [sec]:    68.812042
profile_iteration__> Score Collection/Seq    [sec]:     0.001286
profile_iteration__> DP Steps per sec    [ali/sec]:   779.669250
profile_iteration__> Statistics              [sec]:     0.187201
profile_iteration__> Add to profile          [sec]:     0.015600
profile_iteration__> Overall performance    [/seq]:     0.001291
profile_iteration__> Overall performance [seq/sec]:   774.390442
openf___224_> Open           build_profile.prf

Dynamically allocated memory at   amaxalignment [B,KiB,MiB]:       725905     708.892     0.692

Dynamically allocated memory at    amaxsequence [B,KiB,MiB]:       726917     709.880     0.693

Dynamically allocated memory at    amaxsequence [B,KiB,MiB]:       727929     710.868     0.694

Dynamically allocated memory at    amaxsequence [B,KiB,MiB]:       728225     711.157     0.694

Dynamically allocated memory at    amaxsequence [B,KiB,MiB]:       728593     711.517     0.695

Dynamically allocated memory at    amaxsequence [B,KiB,MiB]:       729605     712.505     0.696

Dynamically allocated memory at    amaxsequence [B,KiB,MiB]:       729901     712.794     0.696

Dynamically allocated memory at    amaxsequence [B,KiB,MiB]:       730269     713.153     0.696
openf___224_> Open           build_profile.ali

Dynamically allocated memory at          finish [B,KiB,MiB]:       717105     700.298     0.684
Starting time                                            : 2016/11/30 18:29:49
Closing time                                             : 2016/11/30 18:32:03
Total CPU time [seconds]                                 :     110.71
