
                         MODELLER 9.17, 2016/07/02, r10881

     PROTEIN STRUCTURE MODELLING BY SATISFACTION OF SPATIAL RESTRAINTS


                     Copyright(c) 1989-2016 Andrej Sali
                            All Rights Reserved

                             Written by A. Sali
                               with help from
              B. Webb, M.S. Madhusudhan, M-Y. Shen, G.Q. Dong,
          M.A. Marti-Renom, N. Eswar, F. Alber, M. Topf, B. Oliva,
             A. Fiser, R. Sanchez, B. Yerkovich, A. Badretdinov,
                     F. Melo, J.P. Overington, E. Feyfant
                 University of California, San Francisco, USA
                    Rockefeller University, New York, USA
                      Harvard University, Cambridge, USA
                   Imperial Cancer Research Fund, London, UK
              Birkbeck College, University of London, London, UK


Kind, OS, HostName, Kernel, Processor: 4, Windows Vista build 7601 Service Pack 1, SAI-PC, SMP, unknown
Date and time of compilation         : 2016/07/01 22:06:57
MODELLER executable type             : x86_64-w64
Job starting time (YY/MM/DD HH:MM:SS): 2016/11/29 18:25:55


check_ali___> Checking the sequence-structure alignment. 

Implied intrachain target CA(i)-CA(i+1) distances longer than  8.0 angstroms:

ALN_POS  TMPL  RID1  RID2  NAM1  NAM2     DIST
----------------------------------------------
END OF TABLE
read_to_681_> topology.submodel read from topology file:        3
The following 1 residues contain 6-membered rings with poor geometries
after transfer from templates. Rebuilding rings from internal coordinates:
   <Residue 39 (type TYR)>
mdtrsr__446W> A potential that relies on one protein is used, yet you have at
              least one known structure available. MDT, not library, potential is used.
0 atoms in HETATM/BLK residues constrained
to protein atoms within 2.30 angstroms
and protein CA atoms within 10.00 angstroms
0 atoms in residues without defined topology
constrained to be rigid bodies
condens_443_> Restraints marked for deletion were removed.
              Total number of restraints before, now:     5231     4662
iupac_m_397W> Atoms were not swapped because of the uncertainty of how to handle the H atom.
>> Model assessment by DOPE potential
iatmcls_286W> MODEL atom not classified:  SER:OXT  SER


>> ENERGY; Differences between the model's features and restraints:
Number of all residues in MODEL                   :       80
Number of all, selected real atoms                :      631     631
Number of all, selected pseudo atoms              :        0       0
Number of all static, selected restraints         :     4662    4662
COVALENT_CYS                                      :        F
NONBONDED_SEL_ATOMS                               :        1
Number of non-bonded pairs (excluding 1-2,1-3,1-4):    48992
Dynamic pairs routine                             : 1, NATM x NATM double loop
Atomic shift for contacts update (UPDATE_DYNAMIC) :    0.390
LENNARD_JONES_SWITCH                              :    6.500   7.500
COULOMB_JONES_SWITCH                              :    6.500   7.500
RESIDUE_SPAN_RANGE                                :        1    9999
NLOGN_USE                                         :       15
CONTACT_SHELL                                     :   15.000
DYNAMIC_PAIRS,_SPHERE,_COULOMB,_LENNARD,_MODELLER :        T       F       F       F       T
SPHERE_STDV                                       :    0.050
RADII_FACTOR                                      :    0.820
Current energy                                    :       -4184.1411




<< end of ENERGY.
DOPE score               : -4184.141113
>> Model assessment by GA341 potential

Surface library          : C:\Program Files\Modeller9.17/modlib/surf5.de
Pair library             : C:\Program Files\Modeller9.17/modlib/pair9.de
Chain identifier         : _
% sequence identity      :    26.250000
Sequence length          :           80
Compactness              :     0.094548
Native energy (pair)     :   -23.940741
Native energy (surface)  :     5.162585
Native energy (combined) :     3.086727
Z score (pair)           :    -1.720436
Z score (surface)        :    -3.658728
Z score (combined)       :    -3.681449
GA341 score              :     0.389897



>> ENERGY; Differences between the model's features and restraints:
Number of all residues in MODEL                   :       80
Number of all, selected real atoms                :      631     631
Number of all, selected pseudo atoms              :        0       0
Number of all static, selected restraints         :     4662    4662
COVALENT_CYS                                      :        F
NONBONDED_SEL_ATOMS                               :        1
Number of non-bonded pairs (excluding 1-2,1-3,1-4):     1084
Dynamic pairs routine                             : 2, NATM x NATM cell sorting
Atomic shift for contacts update (UPDATE_DYNAMIC) :    0.390
LENNARD_JONES_SWITCH                              :    6.500   7.500
COULOMB_JONES_SWITCH                              :    6.500   7.500
RESIDUE_SPAN_RANGE                                :        0   99999
NLOGN_USE                                         :       15
CONTACT_SHELL                                     :    4.000
DYNAMIC_PAIRS,_SPHERE,_COULOMB,_LENNARD,_MODELLER :        T       T       F       F       F
SPHERE_STDV                                       :    0.050
RADII_FACTOR                                      :    0.820
Current energy                                    :         423.9899





Summary of the restraint violations: 

   NUM     ... number of restraints.
   NUMVI   ... number of restraints with RVIOL > VIOL_REPORT_CUT[i].
   RVIOL   ... relative difference from the best value.
   NUMVP   ... number of restraints with -Ln(pdf) > VIOL_REPORT_CUT2[i].
   RMS_1   ... RMS(feature, minimally_violated_basis_restraint, NUMB).
   RMS_2   ... RMS(feature, best_value, NUMB).
   MOL.PDF ... scaled contribution to -Ln(Molecular pdf).

 #                     RESTRAINT_GROUP      NUM   NUMVI  NUMVP   RMS_1   RMS_2         MOL.PDF     S_i
------------------------------------------------------------------------------------------------------
 1 Bond length potential              :     642       0      0   0.004   0.004      3.3792       1.000
 2 Bond angle potential               :     871       0      0   1.770   1.770      51.431       1.000
 3 Stereochemical cosine torsion poten:     410       0     11  48.826  48.826      150.04       1.000
 4 Stereochemical improper torsion pot:     264       0      0   1.139   1.139      6.5230       1.000
 5 Soft-sphere overlap restraints     :    1084       0      0   0.003   0.003      1.1031       1.000
 6 Lennard-Jones 6-12 potential       :       0       0      0   0.000   0.000      0.0000       1.000
 7 Coulomb point-point electrostatic p:       0       0      0   0.000   0.000      0.0000       1.000
 8 H-bonding potential                :       0       0      0   0.000   0.000      0.0000       1.000
 9 Distance restraints 1 (CA-CA)      :     631       0      0   0.599   0.599      43.159       1.000
10 Distance restraints 2 (N-O)        :     775       0      0   0.685   0.685      47.899       1.000
11 Mainchain Phi dihedral restraints  :       0       0      0   0.000   0.000      0.0000       1.000
12 Mainchain Psi dihedral restraints  :       0       0      0   0.000   0.000      0.0000       1.000
13 Mainchain Omega dihedral restraints:      79       0      0   3.395   3.395      10.739       1.000
14 Sidechain Chi_1 dihedral restraints:      73       0      0  79.297  79.297      24.013       1.000
15 Sidechain Chi_2 dihedral restraints:      53       0      0  68.743  68.743      16.194       1.000
16 Sidechain Chi_3 dihedral restraints:      20       0      1  70.120  70.120      13.976       1.000
17 Sidechain Chi_4 dihedral restraints:       8       0      0  58.320  58.320      6.0837       1.000
18 Disulfide distance restraints      :       0       0      0   0.000   0.000      0.0000       1.000
19 Disulfide angle restraints         :       0       0      0   0.000   0.000      0.0000       1.000
20 Disulfide dihedral angle restraints:       0       0      0   0.000   0.000      0.0000       1.000
21 Lower bound distance restraints    :       0       0      0   0.000   0.000      0.0000       1.000
22 Upper bound distance restraints    :       0       0      0   0.000   0.000      0.0000       1.000
23 Distance restraints 3 (SDCH-MNCH)  :     708       0      0   0.515   0.515      12.021       1.000
24 Sidechain Chi_5 dihedral restraints:       0       0      0   0.000   0.000      0.0000       1.000
25 Phi/Psi pair of dihedral restraints:      78      15      9  30.342  73.219      28.165       1.000
26 Distance restraints 4 (SDCH-SDCH)  :      50       0      0   2.572   2.572      9.2622       1.000
27 Distance restraints 5 (X-Y)        :       0       0      0   0.000   0.000      0.0000       1.000
28 NMR distance restraints 6 (X-Y)    :       0       0      0   0.000   0.000      0.0000       1.000
29 NMR distance restraints 7 (X-Y)    :       0       0      0   0.000   0.000      0.0000       1.000
30 Minimal distance restraints        :       0       0      0   0.000   0.000      0.0000       1.000
31 Non-bonded restraints              :       0       0      0   0.000   0.000      0.0000       1.000
32 Atomic accessibility restraints    :       0       0      0   0.000   0.000      0.0000       1.000
33 Atomic density restraints          :       0       0      0   0.000   0.000      0.0000       1.000
34 Absolute position restraints       :       0       0      0   0.000   0.000      0.0000       1.000
35 Dihedral angle difference restraint:       0       0      0   0.000   0.000      0.0000       1.000
36 GBSA implicit solvent potential    :       0       0      0   0.000   0.000      0.0000       1.000
37 EM density fitting potential       :       0       0      0   0.000   0.000      0.0000       1.000
38 SAXS restraints                    :       0       0      0   0.000   0.000      0.0000       1.000
39 Symmetry restraints                :       0       0      0   0.000   0.000      0.0000       1.000



# Heavy relative violation of each residue is written to: T0792.V99990001
# The profile is NOT normalized by the number of restraints.
# The profiles are smoothed over a window of residues:    1
# The sum of all numbers in the file:    7959.0386



List of the violated restraints:
   A restraint is violated when the relative difference
   from the best value (RVIOL) is larger than CUTOFF.

   ICSR   ... index of a restraint in the current set.
   RESNO  ... residue numbers of the first two atoms.
   ATM    ... IUPAC atom names of the first two atoms.
   FEAT   ... the value of the feature in the model.
   restr  ... the mean of the basis restraint with the smallest
              difference from the model (local minimum).
   viol   ... difference from the local minimum.
   rviol  ... relative difference from the local minimum.
   RESTR  ... the best value (global minimum).
   VIOL   ... difference from the best value.
   RVIOL  ... relative difference from the best value.


-------------------------------------------------------------------------------------------------

Feature 25                           : Phi/Psi pair of dihedral restraints     
List of the RVIOL violations larger than   :       6.5000

    #   ICSR  RESNO1/2 ATM1/2   INDATM1/2    FEAT   restr    viol   rviol   RESTR    VIOL   RVIOL
    1   2188   1E   2S C   N       8   10  -84.08  -72.40   55.17    2.86  -64.10  120.35   10.04
    1          2S   2S N   CA     10   11 -153.68  152.40                  -35.00
    2   2189   2S   3N C   N      14   16 -109.43 -119.90   47.71    1.91  -63.20  139.44   15.38
    2          3N   3N N   CA     16   17   90.46  137.00                  -41.10
    3   2197  10E  11Y C   N      84   86   89.40   55.90  125.93   11.34 -124.30  148.51   10.29
    3         11Y  11Y N   CA     86   87  160.89   39.50                  135.40
    4   2208  21I  22L C   N     173  175  161.93 -108.50  102.16    4.51  -70.70  133.51   10.66
    4         22L  22L N   CA    175  176 -178.36  132.50                  141.60
    5   2209  22L  23L C   N     181  183  -65.89  -63.50    2.77    0.51  -70.70  175.86   13.51
    5         23L  23L N   CA    183  184  -42.61  -41.20                  141.60
    6   2235  48P  49L C   N     382  384 -114.87 -108.50   44.73    2.48  -63.50  139.25   17.20
    6         49L  49L N   CA    384  385   88.23  132.50                  -41.20
    7   2237  50H  51D C   N     400  402 -138.77  -96.50   42.29    1.73  -63.30  172.68   18.34
    7         51D  51D N   CA    402  403  115.32  114.20                  -40.00
    8   2238  51D  52N C   N     408  410  -70.38  -63.20   10.13    1.64 -119.90 -178.36    9.24
    8         52N  52N N   CA    410  411  -48.24  -41.10                  137.00
    9   2239  52N  53V C   N     416  418   63.06   55.90   87.70    6.67 -125.40  172.32    7.24
    9         53V  53V N   CA    418  419  126.91   39.50                  143.30
   10   2241  54T  55D C   N     430  432  -68.05  -70.90   17.08    0.71  -63.30  173.52   21.14
   10         55D  55D N   CA    432  433  133.46  150.30                  -40.00
   11   2253  66E  67C C   N     523  525  -61.34  -63.00    2.17    0.26 -117.90 -174.75    7.99
   11         67C  67C N   CA    525  526  -42.49  -41.10                  141.10
   12   2257  70S  71G C   N     550  552  -61.57  -62.40    2.00    0.34   82.20  151.54   11.50
   12         71G  71G N   CA    552  553  -39.38  -41.20                    8.50
   13   2259  72K  73R C   N     563  565  -54.98  -72.10   32.60    2.16  -63.00  155.46   21.54
   13         73R  73R N   CA    565  566  114.16  141.90                  -41.10
   14   2261  74I  75F C   N     582  584  -38.02 -124.20   86.41    3.56  -63.20  167.90   21.68
   14         75F  75F N   CA    584  585  149.69  143.30                  -44.30
   15   2263  76N  77L C   N     601  603  -72.42  -70.70    7.85    0.66  -63.50  175.37   23.85
   15         77L  77L N   CA    603  604  133.94  141.60                  -41.20


report______> Distribution of short non-bonded contacts:


DISTANCE1:  0.00 2.10 2.20 2.30 2.40 2.50 2.60 2.70 2.80 2.90 3.00 3.10 3.20 3.30 3.40
DISTANCE2:  2.10 2.20 2.30 2.40 2.50 2.60 2.70 2.80 2.90 3.00 3.10 3.20 3.30 3.40 3.50
FREQUENCY:     0    0    0    0    0    8    8   42   45   60   49   66   92   61   67


<< end of ENERGY.
iupac_m_397W> Atoms were not swapped because of the uncertainty of how to handle the H atom.
>> Model assessment by DOPE potential
iatmcls_286W> MODEL atom not classified:  SER:OXT  SER


>> ENERGY; Differences between the model's features and restraints:
Number of all residues in MODEL                   :       80
Number of all, selected real atoms                :      631     631
Number of all, selected pseudo atoms              :        0       0
Number of all static, selected restraints         :     4662    4662
COVALENT_CYS                                      :        F
NONBONDED_SEL_ATOMS                               :        1
Number of non-bonded pairs (excluding 1-2,1-3,1-4):    47829
Dynamic pairs routine                             : 1, NATM x NATM double loop
Atomic shift for contacts update (UPDATE_DYNAMIC) :    0.390
LENNARD_JONES_SWITCH                              :    6.500   7.500
COULOMB_JONES_SWITCH                              :    6.500   7.500
RESIDUE_SPAN_RANGE                                :        1    9999
NLOGN_USE                                         :       15
CONTACT_SHELL                                     :   15.000
DYNAMIC_PAIRS,_SPHERE,_COULOMB,_LENNARD,_MODELLER :        T       F       F       F       T
SPHERE_STDV                                       :    0.050
RADII_FACTOR                                      :    0.820
Current energy                                    :       -4317.9771




<< end of ENERGY.
DOPE score               : -4317.977051
>> Model assessment by GA341 potential

Surface library          : C:\Program Files\Modeller9.17/modlib/surf5.de
Pair library             : C:\Program Files\Modeller9.17/modlib/pair9.de
Chain identifier         : _
% sequence identity      :    26.250000
Sequence length          :           80
Compactness              :     0.123090
Native energy (pair)     :   -33.670948
Native energy (surface)  :     5.017071
Native energy (combined) :     2.183303
Z score (pair)           :    -2.115514
Z score (surface)        :    -3.456265
Z score (combined)       :    -3.692123
GA341 score              :     0.416876



>> ENERGY; Differences between the model's features and restraints:
Number of all residues in MODEL                   :       80
Number of all, selected real atoms                :      631     631
Number of all, selected pseudo atoms              :        0       0
Number of all static, selected restraints         :     4662    4662
COVALENT_CYS                                      :        F
NONBONDED_SEL_ATOMS                               :        1
Number of non-bonded pairs (excluding 1-2,1-3,1-4):     1087
Dynamic pairs routine                             : 2, NATM x NATM cell sorting
Atomic shift for contacts update (UPDATE_DYNAMIC) :    0.390
LENNARD_JONES_SWITCH                              :    6.500   7.500
COULOMB_JONES_SWITCH                              :    6.500   7.500
RESIDUE_SPAN_RANGE                                :        0   99999
NLOGN_USE                                         :       15
CONTACT_SHELL                                     :    4.000
DYNAMIC_PAIRS,_SPHERE,_COULOMB,_LENNARD,_MODELLER :        T       T       F       F       F
SPHERE_STDV                                       :    0.050
RADII_FACTOR                                      :    0.820
Current energy                                    :         417.1510





Summary of the restraint violations: 

   NUM     ... number of restraints.
   NUMVI   ... number of restraints with RVIOL > VIOL_REPORT_CUT[i].
   RVIOL   ... relative difference from the best value.
   NUMVP   ... number of restraints with -Ln(pdf) > VIOL_REPORT_CUT2[i].
   RMS_1   ... RMS(feature, minimally_violated_basis_restraint, NUMB).
   RMS_2   ... RMS(feature, best_value, NUMB).
   MOL.PDF ... scaled contribution to -Ln(Molecular pdf).

 #                     RESTRAINT_GROUP      NUM   NUMVI  NUMVP   RMS_1   RMS_2         MOL.PDF     S_i
------------------------------------------------------------------------------------------------------
 1 Bond length potential              :     642       0      0   0.004   0.004      2.6734       1.000
 2 Bond angle potential               :     871       0      0   1.593   1.593      42.968       1.000
 3 Stereochemical cosine torsion poten:     410       0     12  46.227  46.227      138.34       1.000
 4 Stereochemical improper torsion pot:     264       0      0   1.094   1.094      6.0575       1.000
 5 Soft-sphere overlap restraints     :    1087       0      0   0.002   0.002     0.76809       1.000
 6 Lennard-Jones 6-12 potential       :       0       0      0   0.000   0.000      0.0000       1.000
 7 Coulomb point-point electrostatic p:       0       0      0   0.000   0.000      0.0000       1.000
 8 H-bonding potential                :       0       0      0   0.000   0.000      0.0000       1.000
 9 Distance restraints 1 (CA-CA)      :     631       0      0   0.647   0.647      44.917       1.000
10 Distance restraints 2 (N-O)        :     775       0      2   0.745   0.745      52.616       1.000
11 Mainchain Phi dihedral restraints  :       0       0      0   0.000   0.000      0.0000       1.000
12 Mainchain Psi dihedral restraints  :       0       0      0   0.000   0.000      0.0000       1.000
13 Mainchain Omega dihedral restraints:      79       0      0   3.483   3.483      11.302       1.000
14 Sidechain Chi_1 dihedral restraints:      73       0      1  84.563  84.563      19.899       1.000
15 Sidechain Chi_2 dihedral restraints:      53       0      2  68.879  68.879      26.455       1.000
16 Sidechain Chi_3 dihedral restraints:      20       0      0  56.499  56.499      15.364       1.000
17 Sidechain Chi_4 dihedral restraints:       8       0      0  82.225  82.225      6.9510       1.000
18 Disulfide distance restraints      :       0       0      0   0.000   0.000      0.0000       1.000
19 Disulfide angle restraints         :       0       0      0   0.000   0.000      0.0000       1.000
20 Disulfide dihedral angle restraints:       0       0      0   0.000   0.000      0.0000       1.000
21 Lower bound distance restraints    :       0       0      0   0.000   0.000      0.0000       1.000
22 Upper bound distance restraints    :       0       0      0   0.000   0.000      0.0000       1.000
23 Distance restraints 3 (SDCH-MNCH)  :     708       0      0   0.624   0.624      25.357       1.000
24 Sidechain Chi_5 dihedral restraints:       0       0      0   0.000   0.000      0.0000       1.000
25 Phi/Psi pair of dihedral restraints:      78      13      6  27.326  71.661      10.239       1.000
26 Distance restraints 4 (SDCH-SDCH)  :      50       0      0   2.709   2.709      13.246       1.000
27 Distance restraints 5 (X-Y)        :       0       0      0   0.000   0.000      0.0000       1.000
28 NMR distance restraints 6 (X-Y)    :       0       0      0   0.000   0.000      0.0000       1.000
29 NMR distance restraints 7 (X-Y)    :       0       0      0   0.000   0.000      0.0000       1.000
30 Minimal distance restraints        :       0       0      0   0.000   0.000      0.0000       1.000
31 Non-bonded restraints              :       0       0      0   0.000   0.000      0.0000       1.000
32 Atomic accessibility restraints    :       0       0      0   0.000   0.000      0.0000       1.000
33 Atomic density restraints          :       0       0      0   0.000   0.000      0.0000       1.000
34 Absolute position restraints       :       0       0      0   0.000   0.000      0.0000       1.000
35 Dihedral angle difference restraint:       0       0      0   0.000   0.000      0.0000       1.000
36 GBSA implicit solvent potential    :       0       0      0   0.000   0.000      0.0000       1.000
37 EM density fitting potential       :       0       0      0   0.000   0.000      0.0000       1.000
38 SAXS restraints                    :       0       0      0   0.000   0.000      0.0000       1.000
39 Symmetry restraints                :       0       0      0   0.000   0.000      0.0000       1.000



# Heavy relative violation of each residue is written to: T0792.V99990002
# The profile is NOT normalized by the number of restraints.
# The profiles are smoothed over a window of residues:    1
# The sum of all numbers in the file:    8421.4326



List of the violated restraints:
   A restraint is violated when the relative difference
   from the best value (RVIOL) is larger than CUTOFF.

   ICSR   ... index of a restraint in the current set.
   RESNO  ... residue numbers of the first two atoms.
   ATM    ... IUPAC atom names of the first two atoms.
   FEAT   ... the value of the feature in the model.
   restr  ... the mean of the basis restraint with the smallest
              difference from the model (local minimum).
   viol   ... difference from the local minimum.
   rviol  ... relative difference from the local minimum.
   RESTR  ... the best value (global minimum).
   VIOL   ... difference from the best value.
   RVIOL  ... relative difference from the best value.


-------------------------------------------------------------------------------------------------

Feature 25                           : Phi/Psi pair of dihedral restraints     
List of the RVIOL violations larger than   :       6.5000

    #   ICSR  RESNO1/2 ATM1/2   INDATM1/2    FEAT   restr    viol   rviol   RESTR    VIOL   RVIOL
    1   2188   1E   2S C   N       8   10  -91.20  -72.40   38.71    1.78  -64.10  141.39   12.06
    1          2S   2S N   CA     10   11 -173.77  152.40                  -35.00
    2   2197  10E  11Y C   N      84   86   80.13   55.90  123.74   10.49 -124.30  157.64   10.99
    2         11Y  11Y N   CA     86   87  160.85   39.50                  135.40
    3   2208  21I  22L C   N     173  175 -167.27 -108.50   61.42    2.75  -70.70   96.97    8.52
    3         22L  22L N   CA    175  176  150.36  132.50                  141.60
    4   2209  22L  23L C   N     181  183  -71.97  -63.50    8.47    1.47  -70.70  176.91   13.35
    4         23L  23L N   CA    183  184  -41.50  -41.20                  141.60
    5   2235  48P  49L C   N     382  384 -107.49 -108.50   13.10    0.70  -63.50  166.56   21.05
    5         49L  49L N   CA    384  385  119.44  132.50                  -41.20
    6   2237  50H  51D C   N     400  402 -150.25  -96.50   79.05    3.31  -63.30  171.51   26.73
    6         51D  51D N   CA    402  403  172.17  114.20                  -40.00
    7   2241  54T  55D C   N     430  432  -62.01  -70.90   15.91    0.55  -63.30  177.10   21.94
    7         55D  55D N   CA    432  433  137.10  150.30                  -40.00
    8   2253  66E  67C C   N     523  525  -60.25  -63.00    5.15    0.54 -117.90 -177.22    7.90
    8         67C  67C N   CA    525  526  -45.44  -41.10                  141.10
    9   2257  70S  71G C   N     550  552  -61.48  -62.40    1.59    0.22   82.20  152.47   11.62
    9         71G  71G N   CA    552  553  -42.50  -41.20                    8.50
   10   2259  72K  73R C   N     563  565  -60.37  -72.10   15.85    1.38  -63.00  166.37   22.30
   10         73R  73R N   CA    565  566  152.55  141.90                  -41.10
   11   2260  73R  74I C   N     574  576  -98.45  -97.30    1.27    0.08  -63.40  174.89   27.54
   11         74I  74I N   CA    576  577  127.74  127.20                  -43.60
   12   2264  77L  78K C   N     609  611  -65.50  -70.20    9.82    0.61  -62.90  172.60   22.27
   12         78K  78K N   CA    611  612  131.78  140.40                  -40.80
   13   2265  78K  79A C   N     618  620  -59.46  -68.20    9.09    0.68  -62.50  176.34   28.75
   13         79A  79A N   CA    620  621  142.79  145.30                  -40.90


report______> Distribution of short non-bonded contacts:


DISTANCE1:  0.00 2.10 2.20 2.30 2.40 2.50 2.60 2.70 2.80 2.90 3.00 3.10 3.20 3.30 3.40
DISTANCE2:  2.10 2.20 2.30 2.40 2.50 2.60 2.70 2.80 2.90 3.00 3.10 3.20 3.30 3.40 3.50
FREQUENCY:     0    0    0    0    0    1    7   37   46   50   56   76   76   80   92


<< end of ENERGY.
>> Model assessment by DOPE potential
iatmcls_286W> MODEL atom not classified:  SER:OXT  SER


>> ENERGY; Differences between the model's features and restraints:
Number of all residues in MODEL                   :       80
Number of all, selected real atoms                :      631     631
Number of all, selected pseudo atoms              :        0       0
Number of all static, selected restraints         :     4662    4662
COVALENT_CYS                                      :        F
NONBONDED_SEL_ATOMS                               :        1
Number of non-bonded pairs (excluding 1-2,1-3,1-4):    54603
Dynamic pairs routine                             : 1, NATM x NATM double loop
Atomic shift for contacts update (UPDATE_DYNAMIC) :    0.390
LENNARD_JONES_SWITCH                              :    6.500   7.500
COULOMB_JONES_SWITCH                              :    6.500   7.500
RESIDUE_SPAN_RANGE                                :        1    9999
NLOGN_USE                                         :       15
CONTACT_SHELL                                     :   15.000
DYNAMIC_PAIRS,_SPHERE,_COULOMB,_LENNARD,_MODELLER :        T       F       F       F       T
SPHERE_STDV                                       :    0.050
RADII_FACTOR                                      :    0.820
Current energy                                    :       -4311.2861




<< end of ENERGY.
DOPE score               : -4311.286133
>> Model assessment by GA341 potential

Surface library          : C:\Program Files\Modeller9.17/modlib/surf5.de
Pair library             : C:\Program Files\Modeller9.17/modlib/pair9.de
Chain identifier         : _
% sequence identity      :    26.250000
Sequence length          :           80
Compactness              :     0.162080
Native energy (pair)     :   -17.386450
Native energy (surface)  :     5.064856
Native energy (combined) :     2.650368
Z score (pair)           :    -1.798418
Z score (surface)        :    -2.607430
Z score (combined)       :    -2.928114
GA341 score              :     0.241667



>> ENERGY; Differences between the model's features and restraints:
Number of all residues in MODEL                   :       80
Number of all, selected real atoms                :      631     631
Number of all, selected pseudo atoms              :        0       0
Number of all static, selected restraints         :     4662    4662
COVALENT_CYS                                      :        F
NONBONDED_SEL_ATOMS                               :        1
Number of non-bonded pairs (excluding 1-2,1-3,1-4):     1147
Dynamic pairs routine                             : 2, NATM x NATM cell sorting
Atomic shift for contacts update (UPDATE_DYNAMIC) :    0.390
LENNARD_JONES_SWITCH                              :    6.500   7.500
COULOMB_JONES_SWITCH                              :    6.500   7.500
RESIDUE_SPAN_RANGE                                :        0   99999
NLOGN_USE                                         :       15
CONTACT_SHELL                                     :    4.000
DYNAMIC_PAIRS,_SPHERE,_COULOMB,_LENNARD,_MODELLER :        T       T       F       F       F
SPHERE_STDV                                       :    0.050
RADII_FACTOR                                      :    0.820
Current energy                                    :         411.6378





Summary of the restraint violations: 

   NUM     ... number of restraints.
   NUMVI   ... number of restraints with RVIOL > VIOL_REPORT_CUT[i].
   RVIOL   ... relative difference from the best value.
   NUMVP   ... number of restraints with -Ln(pdf) > VIOL_REPORT_CUT2[i].
   RMS_1   ... RMS(feature, minimally_violated_basis_restraint, NUMB).
   RMS_2   ... RMS(feature, best_value, NUMB).
   MOL.PDF ... scaled contribution to -Ln(Molecular pdf).

 #                     RESTRAINT_GROUP      NUM   NUMVI  NUMVP   RMS_1   RMS_2         MOL.PDF     S_i
------------------------------------------------------------------------------------------------------
 1 Bond length potential              :     642       0      0   0.003   0.003      2.0940       1.000
 2 Bond angle potential               :     871       0      0   1.619   1.619      44.139       1.000
 3 Stereochemical cosine torsion poten:     410       0     12  47.765  47.765      146.94       1.000
 4 Stereochemical improper torsion pot:     264       0      0   1.052   1.052      5.5398       1.000
 5 Soft-sphere overlap restraints     :    1147       0      0   0.002   0.002     0.70948       1.000
 6 Lennard-Jones 6-12 potential       :       0       0      0   0.000   0.000      0.0000       1.000
 7 Coulomb point-point electrostatic p:       0       0      0   0.000   0.000      0.0000       1.000
 8 H-bonding potential                :       0       0      0   0.000   0.000      0.0000       1.000
 9 Distance restraints 1 (CA-CA)      :     631       0      1   0.552   0.552      41.763       1.000
10 Distance restraints 2 (N-O)        :     775       0      0   0.661   0.661      47.964       1.000
11 Mainchain Phi dihedral restraints  :       0       0      0   0.000   0.000      0.0000       1.000
12 Mainchain Psi dihedral restraints  :       0       0      0   0.000   0.000      0.0000       1.000
13 Mainchain Omega dihedral restraints:      79       0      0   2.849   2.849      7.5601       1.000
14 Sidechain Chi_1 dihedral restraints:      73       0      0  66.924  66.924      12.178       1.000
15 Sidechain Chi_2 dihedral restraints:      53       0      0  81.389  81.389      24.983       1.000
16 Sidechain Chi_3 dihedral restraints:      20       0      0  56.401  56.401      10.943       1.000
17 Sidechain Chi_4 dihedral restraints:       8       0      0 118.995 118.995      5.6085       1.000
18 Disulfide distance restraints      :       0       0      0   0.000   0.000      0.0000       1.000
19 Disulfide angle restraints         :       0       0      0   0.000   0.000      0.0000       1.000
20 Disulfide dihedral angle restraints:       0       0      0   0.000   0.000      0.0000       1.000
21 Lower bound distance restraints    :       0       0      0   0.000   0.000      0.0000       1.000
22 Upper bound distance restraints    :       0       0      0   0.000   0.000      0.0000       1.000
23 Distance restraints 3 (SDCH-MNCH)  :     708       0      0   0.608   0.608      19.904       1.000
24 Sidechain Chi_5 dihedral restraints:       0       0      0   0.000   0.000      0.0000       1.000
25 Phi/Psi pair of dihedral restraints:      78      13      8  38.916  72.459      36.964       1.000
26 Distance restraints 4 (SDCH-SDCH)  :      50       0      0   2.111   2.111      4.3487       1.000
27 Distance restraints 5 (X-Y)        :       0       0      0   0.000   0.000      0.0000       1.000
28 NMR distance restraints 6 (X-Y)    :       0       0      0   0.000   0.000      0.0000       1.000
29 NMR distance restraints 7 (X-Y)    :       0       0      0   0.000   0.000      0.0000       1.000
30 Minimal distance restraints        :       0       0      0   0.000   0.000      0.0000       1.000
31 Non-bonded restraints              :       0       0      0   0.000   0.000      0.0000       1.000
32 Atomic accessibility restraints    :       0       0      0   0.000   0.000      0.0000       1.000
33 Atomic density restraints          :       0       0      0   0.000   0.000      0.0000       1.000
34 Absolute position restraints       :       0       0      0   0.000   0.000      0.0000       1.000
35 Dihedral angle difference restraint:       0       0      0   0.000   0.000      0.0000       1.000
36 GBSA implicit solvent potential    :       0       0      0   0.000   0.000      0.0000       1.000
37 EM density fitting potential       :       0       0      0   0.000   0.000      0.0000       1.000
38 SAXS restraints                    :       0       0      0   0.000   0.000      0.0000       1.000
39 Symmetry restraints                :       0       0      0   0.000   0.000      0.0000       1.000



# Heavy relative violation of each residue is written to: T0792.V99990003
# The profile is NOT normalized by the number of restraints.
# The profiles are smoothed over a window of residues:    1
# The sum of all numbers in the file:    7958.9072



List of the violated restraints:
   A restraint is violated when the relative difference
   from the best value (RVIOL) is larger than CUTOFF.

   ICSR   ... index of a restraint in the current set.
   RESNO  ... residue numbers of the first two atoms.
   ATM    ... IUPAC atom names of the first two atoms.
   FEAT   ... the value of the feature in the model.
   restr  ... the mean of the basis restraint with the smallest
              difference from the model (local minimum).
   viol   ... difference from the local minimum.
   rviol  ... relative difference from the local minimum.
   RESTR  ... the best value (global minimum).
   VIOL   ... difference from the best value.
   RVIOL  ... relative difference from the best value.


-------------------------------------------------------------------------------------------------

Feature 25                           : Phi/Psi pair of dihedral restraints     
List of the RVIOL violations larger than   :       6.5000

    #   ICSR  RESNO1/2 ATM1/2   INDATM1/2    FEAT   restr    viol   rviol   RESTR    VIOL   RVIOL
    1   2189   2S   3N C   N      14   16 -144.53 -119.90   49.52    1.63  -63.20  161.00   24.65
    1          3N   3N N   CA     16   17  179.96  137.00                  -41.10
    2   2190   3N   4Y C   N      22   24   76.02   55.90   96.12    8.24  -98.40  174.50    6.69
    2          4Y   4Y N   CA     24   25  133.49   39.50                  128.40
    3   2197  10E  11Y C   N      84   86   82.74   55.90  123.47   10.67 -124.30  154.93   10.81
    3         11Y  11Y N   CA     86   87  160.02   39.50                  135.40
    4   2208  21I  22L C   N     173  175  160.16 -108.50  100.90    4.46  -70.70  133.48   10.91
    4         22L  22L N   CA    175  176  175.36  132.50                  141.60
    5   2209  22L  23L C   N     181  183  -66.77  -63.50    3.35    0.61  -70.70  176.49   13.52
    5         23L  23L N   CA    183  184  -41.95  -41.20                  141.60
    6   2234  47F  48P C   N     375  377  -54.99  -58.70   31.70    2.33  -64.50  151.12   11.78
    6         48P  48P N   CA    377  378  -61.98  -30.50                  147.20
    7   2235  48P  49L C   N     382  384  121.18 -108.50  170.53    7.60  -63.50 -168.80   35.20
    7         49L  49L N   CA    384  385 -117.50  132.50                  -41.20
    8   2237  50H  51D C   N     400  402 -143.93  -96.50   64.15    2.68  -63.30 -178.50   27.60
    8         51D  51D N   CA    402  403  157.39  114.20                  -40.00
    9   2241  54T  55D C   N     430  432  -65.33  -70.90    9.26    0.33  -63.30  177.11   21.98
    9         55D  55D N   CA    432  433  142.90  150.30                  -40.00
   10   2257  70S  71G C   N     550  552  -60.13  -62.40    3.14    0.58   82.20  150.06   11.39
   10         71G  71G N   CA    552  553  -39.03  -41.20                    8.50
   11   2258  71G  72K C   N     554  556   65.34   56.60   23.63    1.20  -62.90  140.52   24.53
   11         72K  72K N   CA    556  557   16.65   38.60                  -40.80
   12   2259  72K  73R C   N     563  565   64.53  -72.10  158.28   13.54  -63.00  160.29   20.00
   12         73R  73R N   CA    565  566 -138.20  141.90                  -41.10
   13   2260  73R  74I C   N     574  576  -50.33  -97.30   46.98    1.96  -63.40  170.86   28.47
   13         74I  74I N   CA    576  577  126.76  127.20                  -43.60


report______> Distribution of short non-bonded contacts:


DISTANCE1:  0.00 2.10 2.20 2.30 2.40 2.50 2.60 2.70 2.80 2.90 3.00 3.10 3.20 3.30 3.40
DISTANCE2:  2.10 2.20 2.30 2.40 2.50 2.60 2.70 2.80 2.90 3.00 3.10 3.20 3.30 3.40 3.50
FREQUENCY:     0    0    0    0    0    4    8   42   58   58   56   65   79   91   75


<< end of ENERGY.
>> Model assessment by DOPE potential
iatmcls_286W> MODEL atom not classified:  SER:OXT  SER


>> ENERGY; Differences between the model's features and restraints:
Number of all residues in MODEL                   :       80
Number of all, selected real atoms                :      631     631
Number of all, selected pseudo atoms              :        0       0
Number of all static, selected restraints         :     4662    4662
COVALENT_CYS                                      :        F
NONBONDED_SEL_ATOMS                               :        1
Number of non-bonded pairs (excluding 1-2,1-3,1-4):    49363
Dynamic pairs routine                             : 1, NATM x NATM double loop
Atomic shift for contacts update (UPDATE_DYNAMIC) :    0.390
LENNARD_JONES_SWITCH                              :    6.500   7.500
COULOMB_JONES_SWITCH                              :    6.500   7.500
RESIDUE_SPAN_RANGE                                :        1    9999
NLOGN_USE                                         :       15
CONTACT_SHELL                                     :   15.000
DYNAMIC_PAIRS,_SPHERE,_COULOMB,_LENNARD,_MODELLER :        T       F       F       F       T
SPHERE_STDV                                       :    0.050
RADII_FACTOR                                      :    0.820
Current energy                                    :       -4102.2661




<< end of ENERGY.
DOPE score               : -4102.266113
>> Model assessment by GA341 potential

Surface library          : C:\Program Files\Modeller9.17/modlib/surf5.de
Pair library             : C:\Program Files\Modeller9.17/modlib/pair9.de
Chain identifier         : _
% sequence identity      :    26.250000
Sequence length          :           80
Compactness              :     0.116670
Native energy (pair)     :   -25.276826
Native energy (surface)  :     5.039699
Native energy (combined) :     2.253247
Z score (pair)           :    -2.602042
Z score (surface)        :    -3.211962
Z score (combined)       :    -3.864538
GA341 score              :     0.467501



>> ENERGY; Differences between the model's features and restraints:
Number of all residues in MODEL                   :       80
Number of all, selected real atoms                :      631     631
Number of all, selected pseudo atoms              :        0       0
Number of all static, selected restraints         :     4662    4662
COVALENT_CYS                                      :        F
NONBONDED_SEL_ATOMS                               :        1
Number of non-bonded pairs (excluding 1-2,1-3,1-4):     1064
Dynamic pairs routine                             : 2, NATM x NATM cell sorting
Atomic shift for contacts update (UPDATE_DYNAMIC) :    0.390
LENNARD_JONES_SWITCH                              :    6.500   7.500
COULOMB_JONES_SWITCH                              :    6.500   7.500
RESIDUE_SPAN_RANGE                                :        0   99999
NLOGN_USE                                         :       15
CONTACT_SHELL                                     :    4.000
DYNAMIC_PAIRS,_SPHERE,_COULOMB,_LENNARD,_MODELLER :        T       T       F       F       F
SPHERE_STDV                                       :    0.050
RADII_FACTOR                                      :    0.820
Current energy                                    :         436.5677





Summary of the restraint violations: 

   NUM     ... number of restraints.
   NUMVI   ... number of restraints with RVIOL > VIOL_REPORT_CUT[i].
   RVIOL   ... relative difference from the best value.
   NUMVP   ... number of restraints with -Ln(pdf) > VIOL_REPORT_CUT2[i].
   RMS_1   ... RMS(feature, minimally_violated_basis_restraint, NUMB).
   RMS_2   ... RMS(feature, best_value, NUMB).
   MOL.PDF ... scaled contribution to -Ln(Molecular pdf).

 #                     RESTRAINT_GROUP      NUM   NUMVI  NUMVP   RMS_1   RMS_2         MOL.PDF     S_i
------------------------------------------------------------------------------------------------------
 1 Bond length potential              :     642       0      0   0.004   0.004      2.5168       1.000
 2 Bond angle potential               :     871       0      0   1.585   1.585      42.147       1.000
 3 Stereochemical cosine torsion poten:     410       0     11  47.832  47.832      148.19       1.000
 4 Stereochemical improper torsion pot:     264       0      0   1.015   1.015      5.3649       1.000
 5 Soft-sphere overlap restraints     :    1064       0      0   0.003   0.003      1.0232       1.000
 6 Lennard-Jones 6-12 potential       :       0       0      0   0.000   0.000      0.0000       1.000
 7 Coulomb point-point electrostatic p:       0       0      0   0.000   0.000      0.0000       1.000
 8 H-bonding potential                :       0       0      0   0.000   0.000      0.0000       1.000
 9 Distance restraints 1 (CA-CA)      :     631       0      1   0.588   0.588      42.053       1.000
10 Distance restraints 2 (N-O)        :     775       0      4   0.875   0.875      84.709       1.000
11 Mainchain Phi dihedral restraints  :       0       0      0   0.000   0.000      0.0000       1.000
12 Mainchain Psi dihedral restraints  :       0       0      0   0.000   0.000      0.0000       1.000
13 Mainchain Omega dihedral restraints:      79       0      0   3.012   3.012      8.4515       1.000
14 Sidechain Chi_1 dihedral restraints:      73       0      1  77.599  77.599      21.209       1.000
15 Sidechain Chi_2 dihedral restraints:      53       0      0  80.499  80.499      16.741       1.000
16 Sidechain Chi_3 dihedral restraints:      20       0      0  47.620  47.620      9.9758       1.000
17 Sidechain Chi_4 dihedral restraints:       8       0      0  92.480  92.480      5.9650       1.000
18 Disulfide distance restraints      :       0       0      0   0.000   0.000      0.0000       1.000
19 Disulfide angle restraints         :       0       0      0   0.000   0.000      0.0000       1.000
20 Disulfide dihedral angle restraints:       0       0      0   0.000   0.000      0.0000       1.000
21 Lower bound distance restraints    :       0       0      0   0.000   0.000      0.0000       1.000
22 Upper bound distance restraints    :       0       0      0   0.000   0.000      0.0000       1.000
23 Distance restraints 3 (SDCH-MNCH)  :     708       0      0   0.518   0.518      14.438       1.000
24 Sidechain Chi_5 dihedral restraints:       0       0      0   0.000   0.000      0.0000       1.000
25 Phi/Psi pair of dihedral restraints:      78      14      7  27.266  74.615      30.159       1.000
26 Distance restraints 4 (SDCH-SDCH)  :      50       0      0   1.389   1.389      3.6236       1.000
27 Distance restraints 5 (X-Y)        :       0       0      0   0.000   0.000      0.0000       1.000
28 NMR distance restraints 6 (X-Y)    :       0       0      0   0.000   0.000      0.0000       1.000
29 NMR distance restraints 7 (X-Y)    :       0       0      0   0.000   0.000      0.0000       1.000
30 Minimal distance restraints        :       0       0      0   0.000   0.000      0.0000       1.000
31 Non-bonded restraints              :       0       0      0   0.000   0.000      0.0000       1.000
32 Atomic accessibility restraints    :       0       0      0   0.000   0.000      0.0000       1.000
33 Atomic density restraints          :       0       0      0   0.000   0.000      0.0000       1.000
34 Absolute position restraints       :       0       0      0   0.000   0.000      0.0000       1.000
35 Dihedral angle difference restraint:       0       0      0   0.000   0.000      0.0000       1.000
36 GBSA implicit solvent potential    :       0       0      0   0.000   0.000      0.0000       1.000
37 EM density fitting potential       :       0       0      0   0.000   0.000      0.0000       1.000
38 SAXS restraints                    :       0       0      0   0.000   0.000      0.0000       1.000
39 Symmetry restraints                :       0       0      0   0.000   0.000      0.0000       1.000



# Heavy relative violation of each residue is written to: T0792.V99990004
# The profile is NOT normalized by the number of restraints.
# The profiles are smoothed over a window of residues:    1
# The sum of all numbers in the file:    8323.7715



List of the violated restraints:
   A restraint is violated when the relative difference
   from the best value (RVIOL) is larger than CUTOFF.

   ICSR   ... index of a restraint in the current set.
   RESNO  ... residue numbers of the first two atoms.
   ATM    ... IUPAC atom names of the first two atoms.
   FEAT   ... the value of the feature in the model.
   restr  ... the mean of the basis restraint with the smallest
              difference from the model (local minimum).
   viol   ... difference from the local minimum.
   rviol  ... relative difference from the local minimum.
   RESTR  ... the best value (global minimum).
   VIOL   ... difference from the best value.
   RVIOL  ... relative difference from the best value.


-------------------------------------------------------------------------------------------------

Feature 25                           : Phi/Psi pair of dihedral restraints     
List of the RVIOL violations larger than   :       6.5000

    #   ICSR  RESNO1/2 ATM1/2   INDATM1/2    FEAT   restr    viol   rviol   RESTR    VIOL   RVIOL
    1   2197  10E  11Y C   N      84   86   87.03   55.90  125.36   11.12 -124.30  150.85   10.47
    1         11Y  11Y N   CA     86   87  160.93   39.50                  135.40
    2   2207  20A  21I C   N     165  167 -115.75 -120.60   30.25    1.54  -63.40  153.26   23.62
    2         21I  21I N   CA    167  168  100.44  130.30                  -43.60
    3   2209  22L  23L C   N     181  183   80.12   60.20   47.01    1.62  -70.70 -144.04   13.76
    3         23L  23L N   CA    183  184  -12.98   29.60                  141.60
    4   2237  50H  51D C   N     400  402 -124.03  -96.50   33.57    1.40  -63.30 -176.27   19.85
    4         51D  51D N   CA    402  403  133.41  114.20                  -40.00
    5   2241  54T  55D C   N     430  432  -65.07  -70.90    5.92    0.41  -63.30  170.72   21.18
    5         55D  55D N   CA    432  433  149.29  150.30                  -40.00
    6   2253  66E  67C C   N     523  525  -62.76  -63.00    0.82    0.12 -117.90 -173.10    8.04
    6         67C  67C N   CA    525  526  -40.32  -41.10                  141.10
    7   2255  68S  69E C   N     535  537  -68.92  -69.30   21.62    1.66  -63.60  155.67   21.05
    7         69E  69E N   CA    537  538  164.12  142.50                  -40.30
    8   2256  69E  70S C   N     544  546   65.54   56.90   25.43    1.06  -64.10  138.07   18.47
    8         70S  70S N   CA    546  547   12.49   36.40                  -35.00
    9   2257  70S  71G C   N     550  552 -137.83  -62.40   75.81   13.83   82.20  151.27    7.52
    9         71G  71G N   CA    552  553  -48.85  -41.20                    8.50
   10   2259  72K  73R C   N     563  565  -60.04  -72.10   22.47    1.49  -63.00  164.07   22.36
   10         73R  73R N   CA    565  566  122.95  141.90                  -41.10
   11   2260  73R  74I C   N     574  576 -125.06 -120.60    7.22    0.30  -63.40 -170.12   29.33
   11         74I  74I N   CA    576  577  135.98  130.30                  -43.60
   12   2261  74I  75F C   N     582  584 -116.28 -124.20   31.25    1.64  -63.20  151.75   24.57
   12         75F  75F N   CA    584  585  173.53  143.30                  -44.30
   13   2263  76N  77L C   N     601  603 -111.48 -108.50   65.87    3.53  -63.50  129.70   20.98
   13         77L  77L N   CA    603  604 -161.70  132.50                  -41.20
   14   2265  78K  79A C   N     618  620  -77.86  -68.20    9.78    0.78  -62.50  172.98   29.13
   14         79A  79A N   CA    620  621  146.81  145.30                  -40.90


report______> Distribution of short non-bonded contacts:


DISTANCE1:  0.00 2.10 2.20 2.30 2.40 2.50 2.60 2.70 2.80 2.90 3.00 3.10 3.20 3.30 3.40
DISTANCE2:  2.10 2.20 2.30 2.40 2.50 2.60 2.70 2.80 2.90 3.00 3.10 3.20 3.30 3.40 3.50
FREQUENCY:     0    0    0    0    0    5    7   44   51   54   52   55   67   70   79


<< end of ENERGY.
iupac_m_397W> Atoms were not swapped because of the uncertainty of how to handle the H atom.
iupac_m_397W> Atoms were not swapped because of the uncertainty of how to handle the H atom.
>> Model assessment by DOPE potential
iatmcls_286W> MODEL atom not classified:  SER:OXT  SER


>> ENERGY; Differences between the model's features and restraints:
Number of all residues in MODEL                   :       80
Number of all, selected real atoms                :      631     631
Number of all, selected pseudo atoms              :        0       0
Number of all static, selected restraints         :     4662    4662
COVALENT_CYS                                      :        F
NONBONDED_SEL_ATOMS                               :        1
Number of non-bonded pairs (excluding 1-2,1-3,1-4):    48452
Dynamic pairs routine                             : 1, NATM x NATM double loop
Atomic shift for contacts update (UPDATE_DYNAMIC) :    0.390
LENNARD_JONES_SWITCH                              :    6.500   7.500
COULOMB_JONES_SWITCH                              :    6.500   7.500
RESIDUE_SPAN_RANGE                                :        1    9999
NLOGN_USE                                         :       15
CONTACT_SHELL                                     :   15.000
DYNAMIC_PAIRS,_SPHERE,_COULOMB,_LENNARD,_MODELLER :        T       F       F       F       T
SPHERE_STDV                                       :    0.050
RADII_FACTOR                                      :    0.820
Current energy                                    :       -4343.3525




<< end of ENERGY.
DOPE score               : -4343.352539
>> Model assessment by GA341 potential

Surface library          : C:\Program Files\Modeller9.17/modlib/surf5.de
Pair library             : C:\Program Files\Modeller9.17/modlib/pair9.de
Chain identifier         : _
% sequence identity      :    26.250000
Sequence length          :           80
Compactness              :     0.137506
Native energy (pair)     :   -30.838846
Native energy (surface)  :     4.551547
Native energy (combined) :     1.626717
Z score (pair)           :    -1.986195
Z score (surface)        :    -3.557872
Z score (combined)       :    -3.740224
GA341 score              :     0.444058



>> ENERGY; Differences between the model's features and restraints:
Number of all residues in MODEL                   :       80
Number of all, selected real atoms                :      631     631
Number of all, selected pseudo atoms              :        0       0
Number of all static, selected restraints         :     4662    4662
COVALENT_CYS                                      :        F
NONBONDED_SEL_ATOMS                               :        1
Number of non-bonded pairs (excluding 1-2,1-3,1-4):     1056
Dynamic pairs routine                             : 2, NATM x NATM cell sorting
Atomic shift for contacts update (UPDATE_DYNAMIC) :    0.390
LENNARD_JONES_SWITCH                              :    6.500   7.500
COULOMB_JONES_SWITCH                              :    6.500   7.500
RESIDUE_SPAN_RANGE                                :        0   99999
NLOGN_USE                                         :       15
CONTACT_SHELL                                     :    4.000
DYNAMIC_PAIRS,_SPHERE,_COULOMB,_LENNARD,_MODELLER :        T       T       F       F       F
SPHERE_STDV                                       :    0.050
RADII_FACTOR                                      :    0.820
Current energy                                    :         434.7906





Summary of the restraint violations: 

   NUM     ... number of restraints.
   NUMVI   ... number of restraints with RVIOL > VIOL_REPORT_CUT[i].
   RVIOL   ... relative difference from the best value.
   NUMVP   ... number of restraints with -Ln(pdf) > VIOL_REPORT_CUT2[i].
   RMS_1   ... RMS(feature, minimally_violated_basis_restraint, NUMB).
   RMS_2   ... RMS(feature, best_value, NUMB).
   MOL.PDF ... scaled contribution to -Ln(Molecular pdf).

 #                     RESTRAINT_GROUP      NUM   NUMVI  NUMVP   RMS_1   RMS_2         MOL.PDF     S_i
------------------------------------------------------------------------------------------------------
 1 Bond length potential              :     642       0      0   0.004   0.004      2.6048       1.000
 2 Bond angle potential               :     871       0      3   1.788   1.788      50.922       1.000
 3 Stereochemical cosine torsion poten:     410       0      8  44.674  44.674      131.99       1.000
 4 Stereochemical improper torsion pot:     264       0      0   0.905   0.905      4.3532       1.000
 5 Soft-sphere overlap restraints     :    1056       0      0   0.002   0.002     0.76832       1.000
 6 Lennard-Jones 6-12 potential       :       0       0      0   0.000   0.000      0.0000       1.000
 7 Coulomb point-point electrostatic p:       0       0      0   0.000   0.000      0.0000       1.000
 8 H-bonding potential                :       0       0      0   0.000   0.000      0.0000       1.000
 9 Distance restraints 1 (CA-CA)      :     631       0      1   0.679   0.679      58.072       1.000
10 Distance restraints 2 (N-O)        :     775       0      0   0.799   0.799      65.756       1.000
11 Mainchain Phi dihedral restraints  :       0       0      0   0.000   0.000      0.0000       1.000
12 Mainchain Psi dihedral restraints  :       0       0      0   0.000   0.000      0.0000       1.000
13 Mainchain Omega dihedral restraints:      79       0      1   3.658   3.658      12.464       1.000
14 Sidechain Chi_1 dihedral restraints:      73       0      0  73.735  73.735      15.250       1.000
15 Sidechain Chi_2 dihedral restraints:      53       0      0  77.854  77.854      20.111       1.000
16 Sidechain Chi_3 dihedral restraints:      20       0      0  65.819  65.819      13.688       1.000
17 Sidechain Chi_4 dihedral restraints:       8       0      0  93.623  93.623      4.5359       1.000
18 Disulfide distance restraints      :       0       0      0   0.000   0.000      0.0000       1.000
19 Disulfide angle restraints         :       0       0      0   0.000   0.000      0.0000       1.000
20 Disulfide dihedral angle restraints:       0       0      0   0.000   0.000      0.0000       1.000
21 Lower bound distance restraints    :       0       0      0   0.000   0.000      0.0000       1.000
22 Upper bound distance restraints    :       0       0      0   0.000   0.000      0.0000       1.000
23 Distance restraints 3 (SDCH-MNCH)  :     708       0      0   0.605   0.605      31.761       1.000
24 Sidechain Chi_5 dihedral restraints:       0       0      0   0.000   0.000      0.0000       1.000
25 Phi/Psi pair of dihedral restraints:      78      13      8  27.047  68.045      13.145       1.000
26 Distance restraints 4 (SDCH-SDCH)  :      50       0      0   1.819   1.819      9.3660       1.000
27 Distance restraints 5 (X-Y)        :       0       0      0   0.000   0.000      0.0000       1.000
28 NMR distance restraints 6 (X-Y)    :       0       0      0   0.000   0.000      0.0000       1.000
29 NMR distance restraints 7 (X-Y)    :       0       0      0   0.000   0.000      0.0000       1.000
30 Minimal distance restraints        :       0       0      0   0.000   0.000      0.0000       1.000
31 Non-bonded restraints              :       0       0      0   0.000   0.000      0.0000       1.000
32 Atomic accessibility restraints    :       0       0      0   0.000   0.000      0.0000       1.000
33 Atomic density restraints          :       0       0      0   0.000   0.000      0.0000       1.000
34 Absolute position restraints       :       0       0      0   0.000   0.000      0.0000       1.000
35 Dihedral angle difference restraint:       0       0      0   0.000   0.000      0.0000       1.000
36 GBSA implicit solvent potential    :       0       0      0   0.000   0.000      0.0000       1.000
37 EM density fitting potential       :       0       0      0   0.000   0.000      0.0000       1.000
38 SAXS restraints                    :       0       0      0   0.000   0.000      0.0000       1.000
39 Symmetry restraints                :       0       0      0   0.000   0.000      0.0000       1.000



# Heavy relative violation of each residue is written to: T0792.V99990005
# The profile is NOT normalized by the number of restraints.
# The profiles are smoothed over a window of residues:    1
# The sum of all numbers in the file:    7985.7627



List of the violated restraints:
   A restraint is violated when the relative difference
   from the best value (RVIOL) is larger than CUTOFF.

   ICSR   ... index of a restraint in the current set.
   RESNO  ... residue numbers of the first two atoms.
   ATM    ... IUPAC atom names of the first two atoms.
   FEAT   ... the value of the feature in the model.
   restr  ... the mean of the basis restraint with the smallest
              difference from the model (local minimum).
   viol   ... difference from the local minimum.
   rviol  ... relative difference from the local minimum.
   RESTR  ... the best value (global minimum).
   VIOL   ... difference from the best value.
   RVIOL  ... relative difference from the best value.


-------------------------------------------------------------------------------------------------

Feature 25                           : Phi/Psi pair of dihedral restraints     
List of the RVIOL violations larger than   :       6.5000

    #   ICSR  RESNO1/2 ATM1/2   INDATM1/2    FEAT   restr    viol   rviol   RESTR    VIOL   RVIOL
    1   2188   1E   2S C   N       8   10 -158.69 -136.60   33.10    1.10  -64.10  176.61   19.62
    1          2S   2S N   CA     10   11  175.85  151.20                  -35.00
    2   2197  10E  11Y C   N      84   86   81.80   55.90  123.74   10.61 -124.30  155.94   10.87
    2         11Y  11Y N   CA     86   87  160.50   39.50                  135.40
    3   2208  21I  22L C   N     173  175 -176.03 -108.50   74.72    3.30  -70.70  107.79    8.98
    3         22L  22L N   CA    175  176  164.49  132.50                  141.60
    4   2209  22L  23L C   N     181  183  -68.03  -63.50    5.03    0.93  -70.70  175.03   13.36
    4         23L  23L N   CA    183  184  -43.38  -41.20                  141.60
    5   2214  27Q  28N C   N     219  221  -57.68 -119.90   71.57    2.16   55.90  129.45   10.41
    5         28N  28N N   CA    221  222  101.62  137.00                   39.50
    6   2237  50H  51D C   N     400  402  -97.78  -70.90   47.63    1.64  -63.30  134.87   18.87
    6         51D  51D N   CA    402  403 -170.39  150.30                  -40.00
    7   2241  54T  55D C   N     430  432  -66.34  -70.90    5.14    0.28  -63.30  172.11   21.43
    7         55D  55D N   CA    432  433  147.91  150.30                  -40.00
    8   2246  59T  60I C   N     472  474  -69.64  -63.40   13.19    2.01 -120.60  170.10    7.86
    8         60I  60I N   CA    474  475  -31.99  -43.60                  130.30
    9   2253  66E  67C C   N     523  525  -59.89  -63.00    3.52    0.47 -117.90 -174.53    8.01
    9         67C  67C N   CA    525  526  -42.74  -41.10                  141.10
   10   2257  70S  71G C   N     550  552  -62.59  -62.40    4.55    0.67   82.20  151.67   11.46
   10         71G  71G N   CA    552  553  -36.65  -41.20                    8.50
   11   2259  72K  73R C   N     563  565  -54.47  -72.10   17.63    1.34  -63.00  177.38   23.40
   11         73R  73R N   CA    565  566  141.73  141.90                  -41.10
   12   2260  73R  74I C   N     574  576  -95.83  -97.30   20.46    2.13  -63.40  153.85   24.19
   12         74I  74I N   CA    576  577  106.79  127.20                  -43.60
   13   2261  74I  75F C   N     582  584  -95.77 -124.20   30.91    1.54  -63.20  163.53   24.90
   13         75F  75F N   CA    584  585  155.44  143.30                  -44.30


report______> Distribution of short non-bonded contacts:


DISTANCE1:  0.00 2.10 2.20 2.30 2.40 2.50 2.60 2.70 2.80 2.90 3.00 3.10 3.20 3.30 3.40
DISTANCE2:  2.10 2.20 2.30 2.40 2.50 2.60 2.70 2.80 2.90 3.00 3.10 3.20 3.30 3.40 3.50
FREQUENCY:     0    0    0    0    0    6    6   41   52   46   52   60   69   73   89


<< end of ENERGY.

>> Summary of successfully produced models:
Filename                          molpdf     DOPE score    GA341 score
----------------------------------------------------------------------
T0792.B99990001.pdb            423.98993    -4184.14111        0.38990
T0792.B99990002.pdb            417.15103    -4317.97705        0.41688
T0792.B99990003.pdb            411.63782    -4311.28613        0.24167
T0792.B99990004.pdb            436.56766    -4102.26611        0.46750
T0792.B99990005.pdb            434.79056    -4343.35254        0.44406

Total CPU time [seconds]                                 :      59.19
