
                         MODELLER 9.17, 2016/07/02, r10881

     PROTEIN STRUCTURE MODELLING BY SATISFACTION OF SPATIAL RESTRAINTS


                     Copyright(c) 1989-2016 Andrej Sali
                            All Rights Reserved

                             Written by A. Sali
                               with help from
              B. Webb, M.S. Madhusudhan, M-Y. Shen, G.Q. Dong,
          M.A. Marti-Renom, N. Eswar, F. Alber, M. Topf, B. Oliva,
             A. Fiser, R. Sanchez, B. Yerkovich, A. Badretdinov,
                     F. Melo, J.P. Overington, E. Feyfant
                 University of California, San Francisco, USA
                    Rockefeller University, New York, USA
                      Harvard University, Cambridge, USA
                   Imperial Cancer Research Fund, London, UK
              Birkbeck College, University of London, London, UK


Kind, OS, HostName, Kernel, Processor: 4, Windows Vista build 7601 Service Pack 1, SAI-PC, SMP, unknown
Date and time of compilation         : 2016/07/01 22:06:57
MODELLER executable type             : x86_64-w64
Job starting time (YY/MM/DD HH:MM:SS): 2016/11/29 18:30:40


check_ali___> Checking the sequence-structure alignment. 

Implied intrachain target CA(i)-CA(i+1) distances longer than  8.0 angstroms:

ALN_POS  TMPL  RID1  RID2  NAM1  NAM2     DIST
----------------------------------------------
END OF TABLE
read_to_681_> topology.submodel read from topology file:        3
mdtrsr__446W> A potential that relies on one protein is used, yet you have at
              least one known structure available. MDT, not library, potential is used.
0 atoms in HETATM/BLK residues constrained
to protein atoms within 2.30 angstroms
and protein CA atoms within 10.00 angstroms
0 atoms in residues without defined topology
constrained to be rigid bodies
condens_443_> Restraints marked for deletion were removed.
              Total number of restraints before, now:     5098     4529
>> Model assessment by DOPE potential
iatmcls_286W> MODEL atom not classified:  SER:OXT  SER


>> ENERGY; Differences between the model's features and restraints:
Number of all residues in MODEL                   :       80
Number of all, selected real atoms                :      631     631
Number of all, selected pseudo atoms              :        0       0
Number of all static, selected restraints         :     4529    4529
COVALENT_CYS                                      :        F
NONBONDED_SEL_ATOMS                               :        1
Number of non-bonded pairs (excluding 1-2,1-3,1-4):    47539
Dynamic pairs routine                             : 1, NATM x NATM double loop
Atomic shift for contacts update (UPDATE_DYNAMIC) :    0.390
LENNARD_JONES_SWITCH                              :    6.500   7.500
COULOMB_JONES_SWITCH                              :    6.500   7.500
RESIDUE_SPAN_RANGE                                :        1    9999
NLOGN_USE                                         :       15
CONTACT_SHELL                                     :   15.000
DYNAMIC_PAIRS,_SPHERE,_COULOMB,_LENNARD,_MODELLER :        T       F       F       F       T
SPHERE_STDV                                       :    0.050
RADII_FACTOR                                      :    0.820
Current energy                                    :       -3396.6313




<< end of ENERGY.
DOPE score               : -3396.631348
>> Model assessment by GA341 potential

Surface library          : C:\Program Files\Modeller9.17/modlib/surf5.de
Pair library             : C:\Program Files\Modeller9.17/modlib/pair9.de
Chain identifier         : _
% sequence identity      :    30.000000
Sequence length          :           80
Compactness              :     0.068911
Native energy (pair)     :    56.605419
Native energy (surface)  :     8.859637
Native energy (combined) :    10.975509
Z score (pair)           :     2.464889
Z score (surface)        :    -0.428538
Z score (combined)       :     1.433708
GA341 score              :     0.004011



>> ENERGY; Differences between the model's features and restraints:
Number of all residues in MODEL                   :       80
Number of all, selected real atoms                :      631     631
Number of all, selected pseudo atoms              :        0       0
Number of all static, selected restraints         :     4529    4529
COVALENT_CYS                                      :        F
NONBONDED_SEL_ATOMS                               :        1
Number of non-bonded pairs (excluding 1-2,1-3,1-4):      960
Dynamic pairs routine                             : 2, NATM x NATM cell sorting
Atomic shift for contacts update (UPDATE_DYNAMIC) :    0.390
LENNARD_JONES_SWITCH                              :    6.500   7.500
COULOMB_JONES_SWITCH                              :    6.500   7.500
RESIDUE_SPAN_RANGE                                :        0   99999
NLOGN_USE                                         :       15
CONTACT_SHELL                                     :    4.000
DYNAMIC_PAIRS,_SPHERE,_COULOMB,_LENNARD,_MODELLER :        T       T       F       F       F
SPHERE_STDV                                       :    0.050
RADII_FACTOR                                      :    0.820
Current energy                                    :         466.1791





Summary of the restraint violations: 

   NUM     ... number of restraints.
   NUMVI   ... number of restraints with RVIOL > VIOL_REPORT_CUT[i].
   RVIOL   ... relative difference from the best value.
   NUMVP   ... number of restraints with -Ln(pdf) > VIOL_REPORT_CUT2[i].
   RMS_1   ... RMS(feature, minimally_violated_basis_restraint, NUMB).
   RMS_2   ... RMS(feature, best_value, NUMB).
   MOL.PDF ... scaled contribution to -Ln(Molecular pdf).

 #                     RESTRAINT_GROUP      NUM   NUMVI  NUMVP   RMS_1   RMS_2         MOL.PDF     S_i
------------------------------------------------------------------------------------------------------
 1 Bond length potential              :     642       0      0   0.003   0.003      1.3736       1.000
 2 Bond angle potential               :     871       0      0   1.579   1.579      40.266       1.000
 3 Stereochemical cosine torsion poten:     410       0     21  51.102  51.102      166.68       1.000
 4 Stereochemical improper torsion pot:     264       0      0   0.977   0.977      4.7351       1.000
 5 Soft-sphere overlap restraints     :     960       0      0   0.003   0.003     0.96137       1.000
 6 Lennard-Jones 6-12 potential       :       0       0      0   0.000   0.000      0.0000       1.000
 7 Coulomb point-point electrostatic p:       0       0      0   0.000   0.000      0.0000       1.000
 8 H-bonding potential                :       0       0      0   0.000   0.000      0.0000       1.000
 9 Distance restraints 1 (CA-CA)      :     564       0      0   1.184   1.184      52.058       1.000
10 Distance restraints 2 (N-O)        :     653       0      1   1.226   1.226      62.759       1.000
11 Mainchain Phi dihedral restraints  :       0       0      0   0.000   0.000      0.0000       1.000
12 Mainchain Psi dihedral restraints  :       0       0      0   0.000   0.000      0.0000       1.000
13 Mainchain Omega dihedral restraints:      79       0      0   3.251   3.251      9.8444       1.000
14 Sidechain Chi_1 dihedral restraints:      73       0      0  75.637  75.637      9.4600       1.000
15 Sidechain Chi_2 dihedral restraints:      53       0      0  69.983  69.983      16.286       1.000
16 Sidechain Chi_3 dihedral restraints:      20       0      0  63.264  63.264      13.384       1.000
17 Sidechain Chi_4 dihedral restraints:       8       0      0  89.195  89.195      6.3319       1.000
18 Disulfide distance restraints      :       0       0      0   0.000   0.000      0.0000       1.000
19 Disulfide angle restraints         :       0       0      0   0.000   0.000      0.0000       1.000
20 Disulfide dihedral angle restraints:       0       0      0   0.000   0.000      0.0000       1.000
21 Lower bound distance restraints    :       0       0      0   0.000   0.000      0.0000       1.000
22 Upper bound distance restraints    :       0       0      0   0.000   0.000      0.0000       1.000
23 Distance restraints 3 (SDCH-MNCH)  :     740       0      0   0.968   0.968      13.832       1.000
24 Sidechain Chi_5 dihedral restraints:       0       0      0   0.000   0.000      0.0000       1.000
25 Phi/Psi pair of dihedral restraints:      78      19     10  36.518  92.783      62.315       1.000
26 Distance restraints 4 (SDCH-SDCH)  :      74       0      0   2.141   2.141      5.8915       1.000
27 Distance restraints 5 (X-Y)        :       0       0      0   0.000   0.000      0.0000       1.000
28 NMR distance restraints 6 (X-Y)    :       0       0      0   0.000   0.000      0.0000       1.000
29 NMR distance restraints 7 (X-Y)    :       0       0      0   0.000   0.000      0.0000       1.000
30 Minimal distance restraints        :       0       0      0   0.000   0.000      0.0000       1.000
31 Non-bonded restraints              :       0       0      0   0.000   0.000      0.0000       1.000
32 Atomic accessibility restraints    :       0       0      0   0.000   0.000      0.0000       1.000
33 Atomic density restraints          :       0       0      0   0.000   0.000      0.0000       1.000
34 Absolute position restraints       :       0       0      0   0.000   0.000      0.0000       1.000
35 Dihedral angle difference restraint:       0       0      0   0.000   0.000      0.0000       1.000
36 GBSA implicit solvent potential    :       0       0      0   0.000   0.000      0.0000       1.000
37 EM density fitting potential       :       0       0      0   0.000   0.000      0.0000       1.000
38 SAXS restraints                    :       0       0      0   0.000   0.000      0.0000       1.000
39 Symmetry restraints                :       0       0      0   0.000   0.000      0.0000       1.000



# Heavy relative violation of each residue is written to: T0792.V99990001
# The profile is NOT normalized by the number of restraints.
# The profiles are smoothed over a window of residues:    1
# The sum of all numbers in the file:    9154.3418



List of the violated restraints:
   A restraint is violated when the relative difference
   from the best value (RVIOL) is larger than CUTOFF.

   ICSR   ... index of a restraint in the current set.
   RESNO  ... residue numbers of the first two atoms.
   ATM    ... IUPAC atom names of the first two atoms.
   FEAT   ... the value of the feature in the model.
   restr  ... the mean of the basis restraint with the smallest
              difference from the model (local minimum).
   viol   ... difference from the local minimum.
   rviol  ... relative difference from the local minimum.
   RESTR  ... the best value (global minimum).
   VIOL   ... difference from the best value.
   RVIOL  ... relative difference from the best value.


-------------------------------------------------------------------------------------------------

Feature 25                           : Phi/Psi pair of dihedral restraints     
List of the RVIOL violations larger than   :       6.5000

    #   ICSR  RESNO1/2 ATM1/2   INDATM1/2    FEAT   restr    viol   rviol   RESTR    VIOL   RVIOL
    1   2195   8R   9E C   N      66   68   75.05  -69.30  144.37   10.85  -63.60 -133.18   26.38
    1          9E   9E N   CA     68   69  140.19  142.50                  -40.30
    2   2197  10E  11Y C   N      84   86  -67.37  -63.50    4.88    0.92 -124.30 -172.90   12.38
    2         11Y  11Y N   CA     86   87  -46.37  -43.40                  135.40
    3   2199  12P  13D C   N     103  105  -90.05  -70.90   26.50    1.09  -63.30  153.75   20.68
    3         13D  13D N   CA    105  106  168.60  150.30                  -40.00
    4   2200  13D  14I C   N     111  113 -117.73 -120.60    6.85    0.29  -63.40  176.27   27.29
    4         14I  14I N   CA    113  114  124.08  130.30                  -43.60
    5   2201  14I  15D C   N     119  121  -84.87  -70.90   31.65    1.06  -63.30  142.93   19.01
    5         15D  15D N   CA    121  122  178.70  150.30                  -40.00
    6   2203  16S  17E C   N     133  135  -70.45  -63.60    7.51    1.29 -117.80 -174.06   10.00
    6         17E  17E N   CA    135  136  -43.39  -40.30                  136.80
    7   2206  19R  20A C   N     160  162   56.55   55.40    4.20    0.17 -134.00 -156.42   10.98
    7         20A  20A N   CA    162  163   34.16   38.20                  147.00
    8   2215  28N  29G C   N     227  229   47.76   78.70   34.99    1.21   82.20  161.98    9.55
    8         29G  29G N   CA    229  230 -149.77 -166.10                    8.50
    9   2217  30I  31T C   N     239  241   52.26   55.90   14.13    0.75 -124.80 -161.22    7.87
    9         31T  31T N   CA    241  242   53.15   39.50                  143.50
   10   2218  31T  32I C   N     246  248 -107.44 -120.60   18.95    1.50  -63.40  177.99   30.79
   10         32I  32I N   CA    248  249  143.95  130.30                  -43.60
   11   2219  32I  33S C   N     254  256   71.02   56.90   42.19    1.76  -64.10  138.78   18.50
   11         33S  33S N   CA    256  257   -3.35   36.40                  -35.00
   12   2222  35I  36K C   N     274  276   57.36   56.60    3.47    0.20  -62.90  142.27   24.81
   12         36K  36K N   CA    276  277   35.21   38.60                  -40.80
   13   2223  36K  37S C   N     283  285  -66.89  -72.40    6.55    0.34  -64.10  176.16   12.93
   13         37S  37S N   CA    285  286  148.86  152.40                  -35.00
   14   2224  37S  38E C   N     289  291 -139.20 -117.80   27.86    0.85  -63.60 -178.46   28.44
   14         38E  38E N   CA    291  292  154.65  136.80                  -40.30
   15   2230  43T  44G C   N     345  347  -58.88  -62.40    3.54    0.62   82.20  149.70   11.41
   15         44G  44G N   CA    347  348  -41.55  -41.20                    8.50
   16   2241  54T  55D C   N     430  432  -87.50  -70.90   24.81    0.95  -63.30  153.20   20.44
   16         55D  55D N   CA    432  433  168.73  150.30                  -40.00
   17   2262  75F  76N C   N     593  595  -99.45 -119.90   23.97    0.71  -63.20  169.52   19.41
   17         76N  76N N   CA    595  596  124.50  137.00                  -41.10
   18   2264  77L  78K C   N     609  611  -57.52  -70.20   23.15    1.92  -62.90  159.51   20.43
   18         78K  78K N   CA    611  612  159.78  140.40                  -40.80
   19   2265  78K  79A C   N     618  620  -44.28  -68.20   30.31    1.95  -62.50  168.56   28.55
   19         79A  79A N   CA    620  621  126.68  145.30                  -40.90


report______> Distribution of short non-bonded contacts:


DISTANCE1:  0.00 2.10 2.20 2.30 2.40 2.50 2.60 2.70 2.80 2.90 3.00 3.10 3.20 3.30 3.40
DISTANCE2:  2.10 2.20 2.30 2.40 2.50 2.60 2.70 2.80 2.90 3.00 3.10 3.20 3.30 3.40 3.50
FREQUENCY:     0    0    0    0    0    4    6   40   49   50   41   59   45   72   72


<< end of ENERGY.
>> Model assessment by DOPE potential
iatmcls_286W> MODEL atom not classified:  SER:OXT  SER


>> ENERGY; Differences between the model's features and restraints:
Number of all residues in MODEL                   :       80
Number of all, selected real atoms                :      631     631
Number of all, selected pseudo atoms              :        0       0
Number of all static, selected restraints         :     4529    4529
COVALENT_CYS                                      :        F
NONBONDED_SEL_ATOMS                               :        1
Number of non-bonded pairs (excluding 1-2,1-3,1-4):    49070
Dynamic pairs routine                             : 1, NATM x NATM double loop
Atomic shift for contacts update (UPDATE_DYNAMIC) :    0.390
LENNARD_JONES_SWITCH                              :    6.500   7.500
COULOMB_JONES_SWITCH                              :    6.500   7.500
RESIDUE_SPAN_RANGE                                :        1    9999
NLOGN_USE                                         :       15
CONTACT_SHELL                                     :   15.000
DYNAMIC_PAIRS,_SPHERE,_COULOMB,_LENNARD,_MODELLER :        T       F       F       F       T
SPHERE_STDV                                       :    0.050
RADII_FACTOR                                      :    0.820
Current energy                                    :       -3546.4600




<< end of ENERGY.
DOPE score               : -3546.459961
>> Model assessment by GA341 potential

Surface library          : C:\Program Files\Modeller9.17/modlib/surf5.de
Pair library             : C:\Program Files\Modeller9.17/modlib/pair9.de
Chain identifier         : _
% sequence identity      :    30.000000
Sequence length          :           80
Compactness              :     0.090743
Native energy (pair)     :    41.572980
Native energy (surface)  :     8.696488
Native energy (combined) :    10.267772
Z score (pair)           :     1.168743
Z score (surface)        :    -0.013561
Z score (combined)       :     0.769090
GA341 score              :     0.008240



>> ENERGY; Differences between the model's features and restraints:
Number of all residues in MODEL                   :       80
Number of all, selected real atoms                :      631     631
Number of all, selected pseudo atoms              :        0       0
Number of all static, selected restraints         :     4529    4529
COVALENT_CYS                                      :        F
NONBONDED_SEL_ATOMS                               :        1
Number of non-bonded pairs (excluding 1-2,1-3,1-4):      971
Dynamic pairs routine                             : 2, NATM x NATM cell sorting
Atomic shift for contacts update (UPDATE_DYNAMIC) :    0.390
LENNARD_JONES_SWITCH                              :    6.500   7.500
COULOMB_JONES_SWITCH                              :    6.500   7.500
RESIDUE_SPAN_RANGE                                :        0   99999
NLOGN_USE                                         :       15
CONTACT_SHELL                                     :    4.000
DYNAMIC_PAIRS,_SPHERE,_COULOMB,_LENNARD,_MODELLER :        T       T       F       F       F
SPHERE_STDV                                       :    0.050
RADII_FACTOR                                      :    0.820
Current energy                                    :         580.4749





Summary of the restraint violations: 

   NUM     ... number of restraints.
   NUMVI   ... number of restraints with RVIOL > VIOL_REPORT_CUT[i].
   RVIOL   ... relative difference from the best value.
   NUMVP   ... number of restraints with -Ln(pdf) > VIOL_REPORT_CUT2[i].
   RMS_1   ... RMS(feature, minimally_violated_basis_restraint, NUMB).
   RMS_2   ... RMS(feature, best_value, NUMB).
   MOL.PDF ... scaled contribution to -Ln(Molecular pdf).

 #                     RESTRAINT_GROUP      NUM   NUMVI  NUMVP   RMS_1   RMS_2         MOL.PDF     S_i
------------------------------------------------------------------------------------------------------
 1 Bond length potential              :     642       0      0   0.003   0.003      1.6517       1.000
 2 Bond angle potential               :     871       0      0   1.806   1.806      52.978       1.000
 3 Stereochemical cosine torsion poten:     410       0     16  48.747  48.747      150.29       1.000
 4 Stereochemical improper torsion pot:     264       0      0   1.079   1.079      6.2387       1.000
 5 Soft-sphere overlap restraints     :     971       0      0   0.003   0.003     0.80674       1.000
 6 Lennard-Jones 6-12 potential       :       0       0      0   0.000   0.000      0.0000       1.000
 7 Coulomb point-point electrostatic p:       0       0      0   0.000   0.000      0.0000       1.000
 8 H-bonding potential                :       0       0      0   0.000   0.000      0.0000       1.000
 9 Distance restraints 1 (CA-CA)      :     564       0      2   1.402   1.402      83.725       1.000
10 Distance restraints 2 (N-O)        :     653       0      4   1.410   1.410      100.30       1.000
11 Mainchain Phi dihedral restraints  :       0       0      0   0.000   0.000      0.0000       1.000
12 Mainchain Psi dihedral restraints  :       0       0      0   0.000   0.000      0.0000       1.000
13 Mainchain Omega dihedral restraints:      79       0      0   3.900   3.900      14.174       1.000
14 Sidechain Chi_1 dihedral restraints:      73       0      0  81.108  81.108      20.645       1.000
15 Sidechain Chi_2 dihedral restraints:      53       0      1  63.535  63.535      23.774       1.000
16 Sidechain Chi_3 dihedral restraints:      20       0      0  63.205  63.205      12.959       1.000
17 Sidechain Chi_4 dihedral restraints:       8       0      0 117.754 117.754      6.7214       1.000
18 Disulfide distance restraints      :       0       0      0   0.000   0.000      0.0000       1.000
19 Disulfide angle restraints         :       0       0      0   0.000   0.000      0.0000       1.000
20 Disulfide dihedral angle restraints:       0       0      0   0.000   0.000      0.0000       1.000
21 Lower bound distance restraints    :       0       0      0   0.000   0.000      0.0000       1.000
22 Upper bound distance restraints    :       0       0      0   0.000   0.000      0.0000       1.000
23 Distance restraints 3 (SDCH-MNCH)  :     740       0      0   0.878   0.878      14.350       1.000
24 Sidechain Chi_5 dihedral restraints:       0       0      0   0.000   0.000      0.0000       1.000
25 Phi/Psi pair of dihedral restraints:      78      21     14  37.025  93.796      85.052       1.000
26 Distance restraints 4 (SDCH-SDCH)  :      74       0      0   2.434   2.434      6.8062       1.000
27 Distance restraints 5 (X-Y)        :       0       0      0   0.000   0.000      0.0000       1.000
28 NMR distance restraints 6 (X-Y)    :       0       0      0   0.000   0.000      0.0000       1.000
29 NMR distance restraints 7 (X-Y)    :       0       0      0   0.000   0.000      0.0000       1.000
30 Minimal distance restraints        :       0       0      0   0.000   0.000      0.0000       1.000
31 Non-bonded restraints              :       0       0      0   0.000   0.000      0.0000       1.000
32 Atomic accessibility restraints    :       0       0      0   0.000   0.000      0.0000       1.000
33 Atomic density restraints          :       0       0      0   0.000   0.000      0.0000       1.000
34 Absolute position restraints       :       0       0      0   0.000   0.000      0.0000       1.000
35 Dihedral angle difference restraint:       0       0      0   0.000   0.000      0.0000       1.000
36 GBSA implicit solvent potential    :       0       0      0   0.000   0.000      0.0000       1.000
37 EM density fitting potential       :       0       0      0   0.000   0.000      0.0000       1.000
38 SAXS restraints                    :       0       0      0   0.000   0.000      0.0000       1.000
39 Symmetry restraints                :       0       0      0   0.000   0.000      0.0000       1.000



# Heavy relative violation of each residue is written to: T0792.V99990002
# The profile is NOT normalized by the number of restraints.
# The profiles are smoothed over a window of residues:    1
# The sum of all numbers in the file:    9518.6602



List of the violated restraints:
   A restraint is violated when the relative difference
   from the best value (RVIOL) is larger than CUTOFF.

   ICSR   ... index of a restraint in the current set.
   RESNO  ... residue numbers of the first two atoms.
   ATM    ... IUPAC atom names of the first two atoms.
   FEAT   ... the value of the feature in the model.
   restr  ... the mean of the basis restraint with the smallest
              difference from the model (local minimum).
   viol   ... difference from the local minimum.
   rviol  ... relative difference from the local minimum.
   RESTR  ... the best value (global minimum).
   VIOL   ... difference from the best value.
   RVIOL  ... relative difference from the best value.


-------------------------------------------------------------------------------------------------

Feature 25                           : Phi/Psi pair of dihedral restraints     
List of the RVIOL violations larger than   :       6.5000

    #   ICSR  RESNO1/2 ATM1/2   INDATM1/2    FEAT   restr    viol   rviol   RESTR    VIOL   RVIOL
    1   2195   8R   9E C   N      66   68  -62.52  -69.30   18.79    1.19  -63.60  165.28   22.10
    1          9E   9E N   CA     68   69  124.98  142.50                  -40.30
    2   2199  12P  13D C   N     103  105 -160.05  -63.30   97.33   14.90  -63.30   97.33   14.90
    2         13D  13D N   CA    105  106  -29.39  -40.00                  -40.00
    3   2201  14I  15D C   N     119  121  -51.72  -70.90   22.41    1.16  -63.30  179.08   22.82
    3         15D  15D N   CA    121  122  138.71  150.30                  -40.00
    4   2204  17E  18V C   N     142  144  -66.74  -62.40   10.36    1.58 -125.40  175.01    9.80
    4         18V  18V N   CA    144  145  -51.81  -42.40                  143.30
    5   2208  21I  22L C   N     173  175  -70.24  -63.50    9.88    1.77 -108.50 -176.88   10.23
    5         22L  22L N   CA    175  176  -48.42  -41.20                  132.50
    6   2212  25H  26A C   N     205  207  -64.90  -62.50    4.26    0.82 -134.00 -177.80   11.23
    6         26A  26A N   CA    207  208  -44.41  -40.90                  147.00
    7   2213  26A  27Q C   N     210  212   71.15   55.10   54.10    2.72  -63.80  138.02   24.17
    7         27Q  27Q N   CA    212  213  -11.37   40.30                  -40.30
    8   2215  28N  29G C   N     227  229  -65.04  -80.20   18.42    0.75   82.20 -146.11    6.51
    8         29G  29G N   CA    229  230  163.64  174.10                    8.50
    9   2219  32I  33S C   N     254  256  -44.40  -72.40   30.96    1.76  -64.10  175.31   13.97
    9         33S  33S N   CA    256  257  139.19  152.40                  -35.00
   10   2220  33S  34S C   N     260  262   52.37   56.90    7.20    0.37  -64.10  139.62   18.20
   10         34S  34S N   CA    262  263   42.00   36.40                  -35.00
   11   2221  34S  35I C   N     266  268 -106.85  -97.30   17.33    1.51  -63.40  162.26   25.27
   11         35I  35I N   CA    268  269  112.74  127.20                  -43.60
   12   2223  36K  37S C   N     283  285  -59.11  -72.40   14.12    0.85  -64.10  177.45   12.57
   12         37S  37S N   CA    285  286  147.62  152.40                  -35.00
   13   2224  37S  38E C   N     289  291  -87.63  -69.30   31.46    1.80  -63.60  153.53   21.82
   13         38E  38E N   CA    291  292  168.06  142.50                  -40.30
   14   2230  43T  44G C   N     345  347  -62.17  -62.40    4.59    0.67   82.20  154.24   11.80
   14         44G  44G N   CA    347  348  -45.79  -41.20                    8.50
   15   2234  47F  48P C   N     375  377  -68.23  -64.50   22.74    1.90  -58.70  155.55   12.10
   15         48P  48P N   CA    377  378  124.76  147.20                  -30.50
   16   2241  54T  55D C   N     430  432  -90.13  -70.90   24.79    1.11  -63.30  156.37   21.01
   16         55D  55D N   CA    432  433  165.95  150.30                  -40.00
   17   2249  62N  63V C   N     495  497  -72.15  -62.40   26.57    2.94 -125.40  169.56    6.90
   17         63V  63V N   CA    497  498  -17.68  -42.40                  143.30
   18   2253  66E  67C C   N     523  525  -64.39  -63.00    1.64    0.21 -117.90 -173.48    8.01
   18         67C  67C N   CA    525  526  -40.22  -41.10                  141.10
   19   2256  69E  70S C   N     544  546  101.75 -136.60  143.18    4.36  -72.40 -170.66   15.05
   19         70S  70S N   CA    546  547 -133.30  151.20                  152.40
   20   2257  70S  71G C   N     550  552 -144.17 -167.20   62.69    2.58   78.70  142.57    7.86
   20         71G  71G N   CA    552  553 -127.10  174.60                 -166.10
   21   2262  75F  76N C   N     593  595  -97.61 -119.90   35.17    1.06  -63.20  154.77   17.67
   21         76N  76N N   CA    595  596  109.80  137.00                  -41.10


report______> Distribution of short non-bonded contacts:


DISTANCE1:  0.00 2.10 2.20 2.30 2.40 2.50 2.60 2.70 2.80 2.90 3.00 3.10 3.20 3.30 3.40
DISTANCE2:  2.10 2.20 2.30 2.40 2.50 2.60 2.70 2.80 2.90 3.00 3.10 3.20 3.30 3.40 3.50
FREQUENCY:     0    0    0    0    0    2   10   35   47   41   47   54   56   69   65


<< end of ENERGY.
iupac_m_397W> Atoms were not swapped because of the uncertainty of how to handle the H atom.
>> Model assessment by DOPE potential
iatmcls_286W> MODEL atom not classified:  SER:OXT  SER


>> ENERGY; Differences between the model's features and restraints:
Number of all residues in MODEL                   :       80
Number of all, selected real atoms                :      631     631
Number of all, selected pseudo atoms              :        0       0
Number of all static, selected restraints         :     4529    4529
COVALENT_CYS                                      :        F
NONBONDED_SEL_ATOMS                               :        1
Number of non-bonded pairs (excluding 1-2,1-3,1-4):    62299
Dynamic pairs routine                             : 1, NATM x NATM double loop
Atomic shift for contacts update (UPDATE_DYNAMIC) :    0.390
LENNARD_JONES_SWITCH                              :    6.500   7.500
COULOMB_JONES_SWITCH                              :    6.500   7.500
RESIDUE_SPAN_RANGE                                :        1    9999
NLOGN_USE                                         :       15
CONTACT_SHELL                                     :   15.000
DYNAMIC_PAIRS,_SPHERE,_COULOMB,_LENNARD,_MODELLER :        T       F       F       F       T
SPHERE_STDV                                       :    0.050
RADII_FACTOR                                      :    0.820
Current energy                                    :       -4131.3818




<< end of ENERGY.
DOPE score               : -4131.381836
>> Model assessment by GA341 potential

Surface library          : C:\Program Files\Modeller9.17/modlib/surf5.de
Pair library             : C:\Program Files\Modeller9.17/modlib/pair9.de
Chain identifier         : _
% sequence identity      :    30.000000
Sequence length          :           80
Compactness              :     0.088204
Native energy (pair)     :    32.403769
Native energy (surface)  :     5.505923
Native energy (combined) :     6.867150
Z score (pair)           :    -0.231016
Z score (surface)        :    -1.890253
Z score (combined)       :    -1.384149
GA341 score              :     0.068350



>> ENERGY; Differences between the model's features and restraints:
Number of all residues in MODEL                   :       80
Number of all, selected real atoms                :      631     631
Number of all, selected pseudo atoms              :        0       0
Number of all static, selected restraints         :     4529    4529
COVALENT_CYS                                      :        F
NONBONDED_SEL_ATOMS                               :        1
Number of non-bonded pairs (excluding 1-2,1-3,1-4):      976
Dynamic pairs routine                             : 2, NATM x NATM cell sorting
Atomic shift for contacts update (UPDATE_DYNAMIC) :    0.390
LENNARD_JONES_SWITCH                              :    6.500   7.500
COULOMB_JONES_SWITCH                              :    6.500   7.500
RESIDUE_SPAN_RANGE                                :        0   99999
NLOGN_USE                                         :       15
CONTACT_SHELL                                     :    4.000
DYNAMIC_PAIRS,_SPHERE,_COULOMB,_LENNARD,_MODELLER :        T       T       F       F       F
SPHERE_STDV                                       :    0.050
RADII_FACTOR                                      :    0.820
Current energy                                    :         511.4928





Summary of the restraint violations: 

   NUM     ... number of restraints.
   NUMVI   ... number of restraints with RVIOL > VIOL_REPORT_CUT[i].
   RVIOL   ... relative difference from the best value.
   NUMVP   ... number of restraints with -Ln(pdf) > VIOL_REPORT_CUT2[i].
   RMS_1   ... RMS(feature, minimally_violated_basis_restraint, NUMB).
   RMS_2   ... RMS(feature, best_value, NUMB).
   MOL.PDF ... scaled contribution to -Ln(Molecular pdf).

 #                     RESTRAINT_GROUP      NUM   NUMVI  NUMVP   RMS_1   RMS_2         MOL.PDF     S_i
------------------------------------------------------------------------------------------------------
 1 Bond length potential              :     642       0      0   0.003   0.003      2.0661       1.000
 2 Bond angle potential               :     871       0      0   1.678   1.678      46.470       1.000
 3 Stereochemical cosine torsion poten:     410       0     18  49.778  49.778      153.24       1.000
 4 Stereochemical improper torsion pot:     264       0      0   0.999   0.999      5.2039       1.000
 5 Soft-sphere overlap restraints     :     976       0      0   0.003   0.003      1.1961       1.000
 6 Lennard-Jones 6-12 potential       :       0       0      0   0.000   0.000      0.0000       1.000
 7 Coulomb point-point electrostatic p:       0       0      0   0.000   0.000      0.0000       1.000
 8 H-bonding potential                :       0       0      0   0.000   0.000      0.0000       1.000
 9 Distance restraints 1 (CA-CA)      :     564       0      3   1.270   1.270      67.673       1.000
10 Distance restraints 2 (N-O)        :     653       0      5   1.393   1.393      91.522       1.000
11 Mainchain Phi dihedral restraints  :       0       0      0   0.000   0.000      0.0000       1.000
12 Mainchain Psi dihedral restraints  :       0       0      0   0.000   0.000      0.0000       1.000
13 Mainchain Omega dihedral restraints:      79       0      0   4.056   4.056      15.324       1.000
14 Sidechain Chi_1 dihedral restraints:      73       0      0  80.998  80.998      18.062       1.000
15 Sidechain Chi_2 dihedral restraints:      53       0      0  71.662  71.662      13.238       1.000
16 Sidechain Chi_3 dihedral restraints:      20       0      0  52.845  52.845      10.028       1.000
17 Sidechain Chi_4 dihedral restraints:       8       0      0  87.122  87.122      7.1736       1.000
18 Disulfide distance restraints      :       0       0      0   0.000   0.000      0.0000       1.000
19 Disulfide angle restraints         :       0       0      0   0.000   0.000      0.0000       1.000
20 Disulfide dihedral angle restraints:       0       0      0   0.000   0.000      0.0000       1.000
21 Lower bound distance restraints    :       0       0      0   0.000   0.000      0.0000       1.000
22 Upper bound distance restraints    :       0       0      0   0.000   0.000      0.0000       1.000
23 Distance restraints 3 (SDCH-MNCH)  :     740       0      0   0.864   0.864      13.842       1.000
24 Sidechain Chi_5 dihedral restraints:       0       0      0   0.000   0.000      0.0000       1.000
25 Phi/Psi pair of dihedral restraints:      78      22     13  33.118  97.055      59.766       1.000
26 Distance restraints 4 (SDCH-SDCH)  :      74       0      0   2.018   2.018      6.6837       1.000
27 Distance restraints 5 (X-Y)        :       0       0      0   0.000   0.000      0.0000       1.000
28 NMR distance restraints 6 (X-Y)    :       0       0      0   0.000   0.000      0.0000       1.000
29 NMR distance restraints 7 (X-Y)    :       0       0      0   0.000   0.000      0.0000       1.000
30 Minimal distance restraints        :       0       0      0   0.000   0.000      0.0000       1.000
31 Non-bonded restraints              :       0       0      0   0.000   0.000      0.0000       1.000
32 Atomic accessibility restraints    :       0       0      0   0.000   0.000      0.0000       1.000
33 Atomic density restraints          :       0       0      0   0.000   0.000      0.0000       1.000
34 Absolute position restraints       :       0       0      0   0.000   0.000      0.0000       1.000
35 Dihedral angle difference restraint:       0       0      0   0.000   0.000      0.0000       1.000
36 GBSA implicit solvent potential    :       0       0      0   0.000   0.000      0.0000       1.000
37 EM density fitting potential       :       0       0      0   0.000   0.000      0.0000       1.000
38 SAXS restraints                    :       0       0      0   0.000   0.000      0.0000       1.000
39 Symmetry restraints                :       0       0      0   0.000   0.000      0.0000       1.000



# Heavy relative violation of each residue is written to: T0792.V99990003
# The profile is NOT normalized by the number of restraints.
# The profiles are smoothed over a window of residues:    1
# The sum of all numbers in the file:    9597.6328



List of the violated restraints:
   A restraint is violated when the relative difference
   from the best value (RVIOL) is larger than CUTOFF.

   ICSR   ... index of a restraint in the current set.
   RESNO  ... residue numbers of the first two atoms.
   ATM    ... IUPAC atom names of the first two atoms.
   FEAT   ... the value of the feature in the model.
   restr  ... the mean of the basis restraint with the smallest
              difference from the model (local minimum).
   viol   ... difference from the local minimum.
   rviol  ... relative difference from the local minimum.
   RESTR  ... the best value (global minimum).
   VIOL   ... difference from the best value.
   RVIOL  ... relative difference from the best value.


-------------------------------------------------------------------------------------------------

Feature 25                           : Phi/Psi pair of dihedral restraints     
List of the RVIOL violations larger than   :       6.5000

    #   ICSR  RESNO1/2 ATM1/2   INDATM1/2    FEAT   restr    viol   rviol   RESTR    VIOL   RVIOL
    1   2188   1E   2S C   N       8   10  -63.39  -64.10   21.77    1.54  -72.40  151.11    9.20
    1          2S   2S N   CA     10   11  -56.76  -35.00                  152.40
    2   2192   5I   6S C   N      42   44  -60.56  -64.10   23.08    1.50 -136.60  169.06    9.57
    2          6S   6S N   CA     44   45  -57.81  -35.00                  151.20
    3   2195   8R   9E C   N      66   68  -70.82  -69.30   44.36    3.44  -63.60  138.66   18.10
    3          9E   9E N   CA     68   69   98.17  142.50                  -40.30
    4   2196   9E  10E C   N      75   77  -63.00  -63.60   13.64    1.79 -117.80  177.92    9.65
    4         10E  10E N   CA     77   78  -53.93  -40.30                  136.80
    5   2200  13D  14I C   N     111  113 -130.41 -120.60   43.65    2.13  -63.40  158.44   28.42
    5         14I  14I N   CA    113  114  172.83  130.30                  -43.60
    6   2206  19R  20A C   N     160  162   55.39   55.40    5.90    0.35 -134.00 -160.76   10.50
    6         20A  20A N   CA    162  163   44.10   38.20                  147.00
    7   2208  21I  22L C   N     173  175  -53.77  -63.50   11.55    1.61 -108.50 -171.94    9.50
    7         22L  22L N   CA    175  176  -47.42  -41.20                  132.50
    8   2212  25H  26A C   N     205  207  -65.44  -62.50    4.41    0.67 -134.00 -171.69   11.60
    8         26A  26A N   CA    207  208  -37.62  -40.90                  147.00
    9   2213  26A  27Q C   N     210  212   67.10   55.10   38.21    1.89  -63.80  138.20   24.65
    9         27Q  27Q N   CA    212  213    4.03   40.30                  -40.30
   10   2215  28N  29G C   N     227  229  -74.04  -80.20   44.17    2.05   82.20 -142.95   16.70
   10         29G  29G N   CA    229  230 -142.16  174.10                    8.50
   11   2220  33S  34S C   N     260  262  -68.73  -72.40   27.26    1.48  -64.10  160.45   11.36
   11         34S  34S N   CA    262  263  125.39  152.40                  -35.00
   12   2221  34S  35I C   N     266  268 -126.50 -120.60   10.97    0.45  -63.40 -172.23   33.10
   12         35I  35I N   CA    268  269  139.55  130.30                  -43.60
   13   2223  36K  37S C   N     283  285 -136.11 -136.60   15.38    0.79  -64.10  174.02   17.75
   13         37S  37S N   CA    285  286  166.57  151.20                  -35.00
   14   2224  37S  38E C   N     289  291  -95.93  -69.30   47.39    2.73  -63.60  141.73   20.73
   14         38E  38E N   CA    291  292 -178.30  142.50                  -40.30
   15   2226  39Y  40R C   N     310  312  -56.74  -63.00   10.78    1.23 -125.20 -177.16    9.94
   15         40R  40R N   CA    312  313  -49.87  -41.10                  140.60
   16   2230  43T  44G C   N     345  347  -61.89  -62.40    2.33    0.33   82.20  153.18   11.69
   16         44G  44G N   CA    347  348  -43.48  -41.20                    8.50
   17   2232  45N  46P C   N     357  359  -73.77  -64.50   19.20    1.11  -58.70  166.17   14.97
   17         46P  46P N   CA    359  360  164.01  147.20                  -30.50
   18   2233  46P  47F C   N     364  366   50.26   58.10   18.41    0.94  -63.20  147.24   26.52
   18         47F  47F N   CA    366  367   49.56   32.90                  -44.30
   19   2235  48P  49L C   N     382  384  -75.91 -108.50   65.09    3.10  -63.50  118.01   15.72
   19         49L  49L N   CA    384  385   76.15  132.50                  -41.20
   20   2239  52N  53V C   N     416  418  -81.75  -73.50   45.86    3.79  -62.40  134.68   18.21
   20         53V  53V N   CA    418  419 -175.68  139.20                  -42.40
   21   2241  54T  55D C   N     430  432  -79.34  -70.90   20.01    0.67  -63.30  152.40   19.82
   21         55D  55D N   CA    432  433  168.44  150.30                  -40.00
   22   2262  75F  76N C   N     593  595  -99.67 -119.90   45.04    1.53  -63.20  142.60   16.09
   22         76N  76N N   CA    595  596   96.76  137.00                  -41.10


report______> Distribution of short non-bonded contacts:


DISTANCE1:  0.00 2.10 2.20 2.30 2.40 2.50 2.60 2.70 2.80 2.90 3.00 3.10 3.20 3.30 3.40
DISTANCE2:  2.10 2.20 2.30 2.40 2.50 2.60 2.70 2.80 2.90 3.00 3.10 3.20 3.30 3.40 3.50
FREQUENCY:     0    0    0    0    0    8   16   39   32   47   53   68   65   65   56


<< end of ENERGY.
>> Model assessment by DOPE potential
iatmcls_286W> MODEL atom not classified:  SER:OXT  SER


>> ENERGY; Differences between the model's features and restraints:
Number of all residues in MODEL                   :       80
Number of all, selected real atoms                :      631     631
Number of all, selected pseudo atoms              :        0       0
Number of all static, selected restraints         :     4529    4529
COVALENT_CYS                                      :        F
NONBONDED_SEL_ATOMS                               :        1
Number of non-bonded pairs (excluding 1-2,1-3,1-4):    59589
Dynamic pairs routine                             : 1, NATM x NATM double loop
Atomic shift for contacts update (UPDATE_DYNAMIC) :    0.390
LENNARD_JONES_SWITCH                              :    6.500   7.500
COULOMB_JONES_SWITCH                              :    6.500   7.500
RESIDUE_SPAN_RANGE                                :        1    9999
NLOGN_USE                                         :       15
CONTACT_SHELL                                     :   15.000
DYNAMIC_PAIRS,_SPHERE,_COULOMB,_LENNARD,_MODELLER :        T       F       F       F       T
SPHERE_STDV                                       :    0.050
RADII_FACTOR                                      :    0.820
Current energy                                    :       -3841.7817




<< end of ENERGY.
DOPE score               : -3841.781738
>> Model assessment by GA341 potential

Surface library          : C:\Program Files\Modeller9.17/modlib/surf5.de
Pair library             : C:\Program Files\Modeller9.17/modlib/pair9.de
Chain identifier         : _
% sequence identity      :    30.000000
Sequence length          :           80
Compactness              :     0.117536
Native energy (pair)     :    46.505297
Native energy (surface)  :     5.278614
Native energy (combined) :     7.373763
Z score (pair)           :     0.840155
Z score (surface)        :    -1.891068
Z score (combined)       :    -0.694480
GA341 score              :     0.037486



>> ENERGY; Differences between the model's features and restraints:
Number of all residues in MODEL                   :       80
Number of all, selected real atoms                :      631     631
Number of all, selected pseudo atoms              :        0       0
Number of all static, selected restraints         :     4529    4529
COVALENT_CYS                                      :        F
NONBONDED_SEL_ATOMS                               :        1
Number of non-bonded pairs (excluding 1-2,1-3,1-4):     1001
Dynamic pairs routine                             : 2, NATM x NATM cell sorting
Atomic shift for contacts update (UPDATE_DYNAMIC) :    0.390
LENNARD_JONES_SWITCH                              :    6.500   7.500
COULOMB_JONES_SWITCH                              :    6.500   7.500
RESIDUE_SPAN_RANGE                                :        0   99999
NLOGN_USE                                         :       15
CONTACT_SHELL                                     :    4.000
DYNAMIC_PAIRS,_SPHERE,_COULOMB,_LENNARD,_MODELLER :        T       T       F       F       F
SPHERE_STDV                                       :    0.050
RADII_FACTOR                                      :    0.820
Current energy                                    :         489.4642





Summary of the restraint violations: 

   NUM     ... number of restraints.
   NUMVI   ... number of restraints with RVIOL > VIOL_REPORT_CUT[i].
   RVIOL   ... relative difference from the best value.
   NUMVP   ... number of restraints with -Ln(pdf) > VIOL_REPORT_CUT2[i].
   RMS_1   ... RMS(feature, minimally_violated_basis_restraint, NUMB).
   RMS_2   ... RMS(feature, best_value, NUMB).
   MOL.PDF ... scaled contribution to -Ln(Molecular pdf).

 #                     RESTRAINT_GROUP      NUM   NUMVI  NUMVP   RMS_1   RMS_2         MOL.PDF     S_i
------------------------------------------------------------------------------------------------------
 1 Bond length potential              :     642       0      0   0.002   0.002      1.0527       1.000
 2 Bond angle potential               :     871       0      0   1.525   1.525      38.293       1.000
 3 Stereochemical cosine torsion poten:     410       0     11  48.174  48.174      147.53       1.000
 4 Stereochemical improper torsion pot:     264       0      0   0.905   0.905      4.2452       1.000
 5 Soft-sphere overlap restraints     :    1001       0      0   0.002   0.002     0.66332       1.000
 6 Lennard-Jones 6-12 potential       :       0       0      0   0.000   0.000      0.0000       1.000
 7 Coulomb point-point electrostatic p:       0       0      0   0.000   0.000      0.0000       1.000
 8 H-bonding potential                :       0       0      0   0.000   0.000      0.0000       1.000
 9 Distance restraints 1 (CA-CA)      :     564       0      1   1.348   1.348      64.876       1.000
10 Distance restraints 2 (N-O)        :     653       0      3   1.360   1.360      82.650       1.000
11 Mainchain Phi dihedral restraints  :       0       0      0   0.000   0.000      0.0000       1.000
12 Mainchain Psi dihedral restraints  :       0       0      0   0.000   0.000      0.0000       1.000
13 Mainchain Omega dihedral restraints:      79       0      0   3.335   3.335      10.363       1.000
14 Sidechain Chi_1 dihedral restraints:      73       0      0  85.911  85.911      15.083       1.000
15 Sidechain Chi_2 dihedral restraints:      53       0      0  73.096  73.096      18.747       1.000
16 Sidechain Chi_3 dihedral restraints:      20       0      0  61.281  61.281      13.994       1.000
17 Sidechain Chi_4 dihedral restraints:       8       0      0  94.103  94.103      4.9606       1.000
18 Disulfide distance restraints      :       0       0      0   0.000   0.000      0.0000       1.000
19 Disulfide angle restraints         :       0       0      0   0.000   0.000      0.0000       1.000
20 Disulfide dihedral angle restraints:       0       0      0   0.000   0.000      0.0000       1.000
21 Lower bound distance restraints    :       0       0      0   0.000   0.000      0.0000       1.000
22 Upper bound distance restraints    :       0       0      0   0.000   0.000      0.0000       1.000
23 Distance restraints 3 (SDCH-MNCH)  :     740       0      0   0.934   0.934      17.395       1.000
24 Sidechain Chi_5 dihedral restraints:       0       0      0   0.000   0.000      0.0000       1.000
25 Phi/Psi pair of dihedral restraints:      78      20      7  32.095  88.697      60.104       1.000
26 Distance restraints 4 (SDCH-SDCH)  :      74       0      0   2.698   2.698      9.5029       1.000
27 Distance restraints 5 (X-Y)        :       0       0      0   0.000   0.000      0.0000       1.000
28 NMR distance restraints 6 (X-Y)    :       0       0      0   0.000   0.000      0.0000       1.000
29 NMR distance restraints 7 (X-Y)    :       0       0      0   0.000   0.000      0.0000       1.000
30 Minimal distance restraints        :       0       0      0   0.000   0.000      0.0000       1.000
31 Non-bonded restraints              :       0       0      0   0.000   0.000      0.0000       1.000
32 Atomic accessibility restraints    :       0       0      0   0.000   0.000      0.0000       1.000
33 Atomic density restraints          :       0       0      0   0.000   0.000      0.0000       1.000
34 Absolute position restraints       :       0       0      0   0.000   0.000      0.0000       1.000
35 Dihedral angle difference restraint:       0       0      0   0.000   0.000      0.0000       1.000
36 GBSA implicit solvent potential    :       0       0      0   0.000   0.000      0.0000       1.000
37 EM density fitting potential       :       0       0      0   0.000   0.000      0.0000       1.000
38 SAXS restraints                    :       0       0      0   0.000   0.000      0.0000       1.000
39 Symmetry restraints                :       0       0      0   0.000   0.000      0.0000       1.000



# Heavy relative violation of each residue is written to: T0792.V99990004
# The profile is NOT normalized by the number of restraints.
# The profiles are smoothed over a window of residues:    1
# The sum of all numbers in the file:    9188.5977



List of the violated restraints:
   A restraint is violated when the relative difference
   from the best value (RVIOL) is larger than CUTOFF.

   ICSR   ... index of a restraint in the current set.
   RESNO  ... residue numbers of the first two atoms.
   ATM    ... IUPAC atom names of the first two atoms.
   FEAT   ... the value of the feature in the model.
   restr  ... the mean of the basis restraint with the smallest
              difference from the model (local minimum).
   viol   ... difference from the local minimum.
   rviol  ... relative difference from the local minimum.
   RESTR  ... the best value (global minimum).
   VIOL   ... difference from the best value.
   RVIOL  ... relative difference from the best value.


-------------------------------------------------------------------------------------------------

Feature 25                           : Phi/Psi pair of dihedral restraints     
List of the RVIOL violations larger than   :       6.5000

    #   ICSR  RESNO1/2 ATM1/2   INDATM1/2    FEAT   restr    viol   rviol   RESTR    VIOL   RVIOL
    1   2194   7V   8R C   N      55   57   59.22   57.30    2.28    0.18 -125.20 -156.02   10.62
    1          8R   8R N   CA     57   58   36.77   38.00                  140.60
    2   2195   8R   9E C   N      66   68  -94.86 -117.80   28.97    0.87  -63.60  162.45   20.10
    2          9E   9E N   CA     68   69  119.11  136.80                  -40.30
    3   2196   9E  10E C   N      75   77  -64.87  -63.60    5.42    0.79 -117.80 -174.65   10.02
    3         10E  10E N   CA     77   78  -45.57  -40.30                  136.80
    4   2199  12P  13D C   N     103  105  -80.86  -70.90   36.94    1.38  -63.30  135.28   17.80
    4         13D  13D N   CA    105  106 -174.13  150.30                  -40.00
    5   2200  13D  14I C   N     111  113  -94.27  -97.30   26.68    2.78  -63.40  147.57   23.20
    5         14I  14I N   CA    113  114  100.70  127.20                  -43.60
    6   2201  14I  15D C   N     119  121 -116.62  -96.50   30.02    1.26  -63.30 -175.64   20.15
    6         15D  15D N   CA    121  122  136.48  114.20                  -40.00
    7   2205  18V  19R C   N     149  151  -60.52  -63.00    2.72    0.38 -125.20 -171.37   10.19
    7         19R  19R N   CA    151  152  -42.21  -41.10                  140.60
    8   2208  21I  22L C   N     173  175  -63.56  -63.50    2.61    0.37 -108.50 -178.05    9.30
    8         22L  22L N   CA    175  176  -43.81  -41.20                  132.50
    9   2214  27Q  28N C   N     219  221  -68.08  -71.20   43.64    2.88  -63.20  132.67   16.86
    9         28N  28N N   CA    221  222 -173.67  142.80                  -41.10
   10   2215  28N  29G C   N     227  229   80.24   78.70    5.68    0.10   82.20  179.94    8.64
   10         29G  29G N   CA    229  230 -171.56 -166.10                    8.50
   11   2219  32I  33S C   N     254  256 -132.60 -136.60   69.78    3.46  -64.10  135.18    8.94
   11         33S  33S N   CA    256  257   81.54  151.20                  -35.00
   12   2222  35I  36K C   N     274  276  -74.95  -70.20   15.14    0.99  -62.90  164.87   22.09
   12         36K  36K N   CA    276  277  154.77  140.40                  -40.80
   13   2223  36K  37S C   N     283  285 -104.32 -136.60   41.20    1.27  -64.10  165.56   10.32
   13         37S  37S N   CA    285  286  125.60  151.20                  -35.00
   14   2230  43T  44G C   N     345  347  -61.62  -62.40    0.90    0.14   82.20  152.32   11.59
   14         44G  44G N   CA    347  348  -41.66  -41.20                    8.50
   15   2234  47F  48P C   N     375  377  -65.56  -64.50   45.93    3.48  -58.70  131.96   10.36
   15         48P  48P N   CA    377  378  101.29  147.20                  -30.50
   16   2239  52N  53V C   N     416  418  -89.10  -73.50   79.48    6.55  -62.40  103.96   14.79
   16         53V  53V N   CA    418  419 -142.87  139.20                  -42.40
   17   2241  54T  55D C   N     430  432  -79.05  -70.90   19.52    0.66  -63.30  152.78   19.84
   17         55D  55D N   CA    432  433  168.03  150.30                  -40.00
   18   2262  75F  76N C   N     593  595  -95.66 -119.90   27.45    0.84  -63.20  168.37   19.43
   18         76N  76N N   CA    595  596  124.12  137.00                  -41.10
   19   2264  77L  78K C   N     609  611  -56.99  -70.20   18.74    1.57  -62.90  165.62   21.19
   19         78K  78K N   CA    611  612  153.69  140.40                  -40.80
   20   2265  78K  79A C   N     618  620  -40.15  -68.20   36.54    2.33  -62.50  164.30   28.08
   20         79A  79A N   CA    620  621  121.88  145.30                  -40.90


report______> Distribution of short non-bonded contacts:


DISTANCE1:  0.00 2.10 2.20 2.30 2.40 2.50 2.60 2.70 2.80 2.90 3.00 3.10 3.20 3.30 3.40
DISTANCE2:  2.10 2.20 2.30 2.40 2.50 2.60 2.70 2.80 2.90 3.00 3.10 3.20 3.30 3.40 3.50
FREQUENCY:     0    0    0    0    0    5   11   33   44   48   49   59   70   70   61


<< end of ENERGY.
iupac_m_397W> Atoms were not swapped because of the uncertainty of how to handle the H atom.
>> Model assessment by DOPE potential
iatmcls_286W> MODEL atom not classified:  SER:OXT  SER


>> ENERGY; Differences between the model's features and restraints:
Number of all residues in MODEL                   :       80
Number of all, selected real atoms                :      631     631
Number of all, selected pseudo atoms              :        0       0
Number of all static, selected restraints         :     4529    4529
COVALENT_CYS                                      :        F
NONBONDED_SEL_ATOMS                               :        1
Number of non-bonded pairs (excluding 1-2,1-3,1-4):    50672
Dynamic pairs routine                             : 1, NATM x NATM double loop
Atomic shift for contacts update (UPDATE_DYNAMIC) :    0.390
LENNARD_JONES_SWITCH                              :    6.500   7.500
COULOMB_JONES_SWITCH                              :    6.500   7.500
RESIDUE_SPAN_RANGE                                :        1    9999
NLOGN_USE                                         :       15
CONTACT_SHELL                                     :   15.000
DYNAMIC_PAIRS,_SPHERE,_COULOMB,_LENNARD,_MODELLER :        T       F       F       F       T
SPHERE_STDV                                       :    0.050
RADII_FACTOR                                      :    0.820
Current energy                                    :       -3648.8428




<< end of ENERGY.
DOPE score               : -3648.842773
>> Model assessment by GA341 potential

Surface library          : C:\Program Files\Modeller9.17/modlib/surf5.de
Pair library             : C:\Program Files\Modeller9.17/modlib/pair9.de
Chain identifier         : _
% sequence identity      :    30.000000
Sequence length          :           80
Compactness              :     0.071042
Native energy (pair)     :    17.172555
Native energy (surface)  :     6.926875
Native energy (combined) :     6.602580
Z score (pair)           :    -0.771595
Z score (surface)        :    -1.205291
Z score (combined)       :    -1.321255
GA341 score              :     0.061567



>> ENERGY; Differences between the model's features and restraints:
Number of all residues in MODEL                   :       80
Number of all, selected real atoms                :      631     631
Number of all, selected pseudo atoms              :        0       0
Number of all static, selected restraints         :     4529    4529
COVALENT_CYS                                      :        F
NONBONDED_SEL_ATOMS                               :        1
Number of non-bonded pairs (excluding 1-2,1-3,1-4):      987
Dynamic pairs routine                             : 2, NATM x NATM cell sorting
Atomic shift for contacts update (UPDATE_DYNAMIC) :    0.390
LENNARD_JONES_SWITCH                              :    6.500   7.500
COULOMB_JONES_SWITCH                              :    6.500   7.500
RESIDUE_SPAN_RANGE                                :        0   99999
NLOGN_USE                                         :       15
CONTACT_SHELL                                     :    4.000
DYNAMIC_PAIRS,_SPHERE,_COULOMB,_LENNARD,_MODELLER :        T       T       F       F       F
SPHERE_STDV                                       :    0.050
RADII_FACTOR                                      :    0.820
Current energy                                    :         574.3129





Summary of the restraint violations: 

   NUM     ... number of restraints.
   NUMVI   ... number of restraints with RVIOL > VIOL_REPORT_CUT[i].
   RVIOL   ... relative difference from the best value.
   NUMVP   ... number of restraints with -Ln(pdf) > VIOL_REPORT_CUT2[i].
   RMS_1   ... RMS(feature, minimally_violated_basis_restraint, NUMB).
   RMS_2   ... RMS(feature, best_value, NUMB).
   MOL.PDF ... scaled contribution to -Ln(Molecular pdf).

 #                     RESTRAINT_GROUP      NUM   NUMVI  NUMVP   RMS_1   RMS_2         MOL.PDF     S_i
------------------------------------------------------------------------------------------------------
 1 Bond length potential              :     642       0      0   0.003   0.003      1.8846       1.000
 2 Bond angle potential               :     871       0      0   1.753   1.753      50.422       1.000
 3 Stereochemical cosine torsion poten:     410       0     17  49.244  49.244      153.57       1.000
 4 Stereochemical improper torsion pot:     264       0      0   1.013   1.013      5.6778       1.000
 5 Soft-sphere overlap restraints     :     987       0      0   0.003   0.003     0.88177       1.000
 6 Lennard-Jones 6-12 potential       :       0       0      0   0.000   0.000      0.0000       1.000
 7 Coulomb point-point electrostatic p:       0       0      0   0.000   0.000      0.0000       1.000
 8 H-bonding potential                :       0       0      0   0.000   0.000      0.0000       1.000
 9 Distance restraints 1 (CA-CA)      :     564       0      1   1.269   1.269      69.947       1.000
10 Distance restraints 2 (N-O)        :     653       0      5   1.427   1.427      105.21       1.000
11 Mainchain Phi dihedral restraints  :       0       0      0   0.000   0.000      0.0000       1.000
12 Mainchain Psi dihedral restraints  :       0       0      0   0.000   0.000      0.0000       1.000
13 Mainchain Omega dihedral restraints:      79       0      1   3.837   3.837      13.714       1.000
14 Sidechain Chi_1 dihedral restraints:      73       0      0  81.180  81.180      19.113       1.000
15 Sidechain Chi_2 dihedral restraints:      53       0      0  86.792  86.792      20.724       1.000
16 Sidechain Chi_3 dihedral restraints:      20       0      0  61.613  61.613      12.116       1.000
17 Sidechain Chi_4 dihedral restraints:       8       0      0  74.318  74.318      5.0945       1.000
18 Disulfide distance restraints      :       0       0      0   0.000   0.000      0.0000       1.000
19 Disulfide angle restraints         :       0       0      0   0.000   0.000      0.0000       1.000
20 Disulfide dihedral angle restraints:       0       0      0   0.000   0.000      0.0000       1.000
21 Lower bound distance restraints    :       0       0      0   0.000   0.000      0.0000       1.000
22 Upper bound distance restraints    :       0       0      0   0.000   0.000      0.0000       1.000
23 Distance restraints 3 (SDCH-MNCH)  :     740       0      0   0.853   0.853      20.567       1.000
24 Sidechain Chi_5 dihedral restraints:       0       0      0   0.000   0.000      0.0000       1.000
25 Phi/Psi pair of dihedral restraints:      78      22     20  37.696  94.513      87.550       1.000
26 Distance restraints 4 (SDCH-SDCH)  :      74       0      0   1.839   1.839      7.8383       1.000
27 Distance restraints 5 (X-Y)        :       0       0      0   0.000   0.000      0.0000       1.000
28 NMR distance restraints 6 (X-Y)    :       0       0      0   0.000   0.000      0.0000       1.000
29 NMR distance restraints 7 (X-Y)    :       0       0      0   0.000   0.000      0.0000       1.000
30 Minimal distance restraints        :       0       0      0   0.000   0.000      0.0000       1.000
31 Non-bonded restraints              :       0       0      0   0.000   0.000      0.0000       1.000
32 Atomic accessibility restraints    :       0       0      0   0.000   0.000      0.0000       1.000
33 Atomic density restraints          :       0       0      0   0.000   0.000      0.0000       1.000
34 Absolute position restraints       :       0       0      0   0.000   0.000      0.0000       1.000
35 Dihedral angle difference restraint:       0       0      0   0.000   0.000      0.0000       1.000
36 GBSA implicit solvent potential    :       0       0      0   0.000   0.000      0.0000       1.000
37 EM density fitting potential       :       0       0      0   0.000   0.000      0.0000       1.000
38 SAXS restraints                    :       0       0      0   0.000   0.000      0.0000       1.000
39 Symmetry restraints                :       0       0      0   0.000   0.000      0.0000       1.000



# Heavy relative violation of each residue is written to: T0792.V99990005
# The profile is NOT normalized by the number of restraints.
# The profiles are smoothed over a window of residues:    1
# The sum of all numbers in the file:   10203.0020



List of the violated restraints:
   A restraint is violated when the relative difference
   from the best value (RVIOL) is larger than CUTOFF.

   ICSR   ... index of a restraint in the current set.
   RESNO  ... residue numbers of the first two atoms.
   ATM    ... IUPAC atom names of the first two atoms.
   FEAT   ... the value of the feature in the model.
   restr  ... the mean of the basis restraint with the smallest
              difference from the model (local minimum).
   viol   ... difference from the local minimum.
   rviol  ... relative difference from the local minimum.
   RESTR  ... the best value (global minimum).
   VIOL   ... difference from the best value.
   RVIOL  ... relative difference from the best value.


-------------------------------------------------------------------------------------------------

Feature 25                           : Phi/Psi pair of dihedral restraints     
List of the RVIOL violations larger than   :       6.5000

    #   ICSR  RESNO1/2 ATM1/2   INDATM1/2    FEAT   restr    viol   rviol   RESTR    VIOL   RVIOL
    1   2195   8R   9E C   N      66   68 -152.58 -117.80   84.47    3.43  -63.60  138.33   23.14
    1          9E   9E N   CA     68   69 -146.22  136.80                  -40.30
    2   2196   9E  10E C   N      75   77  -61.24  -63.60    7.71    1.16 -117.80  178.94    7.73
    2         10E  10E N   CA     77   78  -32.96  -40.30                  136.80
    3   2197  10E  11Y C   N      84   86    2.53   55.90   95.96    4.78 -124.30  127.85    9.08
    3         11Y  11Y N   CA     86   87  119.26   39.50                  135.40
    4   2199  12P  13D C   N     103  105 -148.82  -96.50   66.60    2.78  -63.30 -174.52   28.40
    4         13D  13D N   CA    105  106  155.41  114.20                  -40.00
    5   2200  13D  14I C   N     111  113  -91.44  -97.30   49.70    5.17  -63.40  124.65   19.55
    5         14I  14I N   CA    113  114   77.85  127.20                  -43.60
    6   2201  14I  15D C   N     119  121  -91.62  -70.90   31.32    1.19  -63.30  148.93   20.19
    6         15D  15D N   CA    121  122  173.78  150.30                  -40.00
    7   2213  26A  27Q C   N     210  212   60.85   55.10   30.17    1.70  -63.80  134.67   24.20
    7         27Q  27Q N   CA    212  213   10.68   40.30                  -40.30
    8   2214  27Q  28N C   N     219  221 -136.66 -119.90   57.90    2.21  -63.20  146.27   22.38
    8         28N  28N N   CA    221  222 -167.58  137.00                  -41.10
    9   2215  28N  29G C   N     227  229   63.72   78.70   21.20    0.48   82.20  160.67    8.72
    9         29G  29G N   CA    229  230 -151.10 -166.10                    8.50
   10   2221  34S  35I C   N     266  268  -60.88  -97.30   37.31    1.64  -63.40  178.91   29.41
   10         35I  35I N   CA    268  269  135.29  127.20                  -43.60
   11   2223  36K  37S C   N     283  285  -76.27  -72.40   15.03    0.76  -64.10  158.54   12.25
   11         37S  37S N   CA    285  286  166.93  152.40                  -35.00
   12   2224  37S  38E C   N     289  291 -117.18 -117.80   12.72    0.65  -63.60  178.43   26.82
   12         38E  38E N   CA    291  292  149.50  136.80                  -40.30
   13   2226  39Y  40R C   N     310  312  -54.66  -63.00   10.00    1.29 -125.20 -173.37   10.15
   13         40R  40R N   CA    312  313  -46.61  -41.10                  140.60
   14   2230  43T  44G C   N     345  347  -60.91  -62.40    3.34    0.58   82.20  150.54   11.41
   14         44G  44G N   CA    347  348  -38.21  -41.20                    8.50
   15   2231  44G  45N C   N     349  351  -55.72  -71.20   21.88    1.18  -63.20  168.59   21.49
   15         45N  45N N   CA    351  352  127.33  142.80                  -41.10
   16   2232  45N  46P C   N     357  359  -42.15  -64.50   49.32    2.87  -58.70  134.75   12.50
   16         46P  46P N   CA    359  360  103.23  147.20                  -30.50
   17   2234  47F  48P C   N     375  377  -69.59  -64.50    5.14    0.49  -58.70  178.76   13.91
   17         48P  48P N   CA    377  378  147.93  147.20                  -30.50
   18   2235  48P  49L C   N     382  384  -81.82 -108.50   68.52    3.37  -63.50  112.10   14.62
   18         49L  49L N   CA    384  385   69.39  132.50                  -41.20
   19   2241  54T  55D C   N     430  432  -89.64  -70.90   27.96    1.07  -63.30  151.27   20.35
   19         55D  55D N   CA    432  433  171.04  150.30                  -40.00
   20   2254  67C  68S C   N     529  531  -66.51  -64.10   21.52    1.71 -136.60  167.76    9.47
   20         68S  68S N   CA    531  532  -56.39  -35.00                  151.20
   21   2255  68S  69E C   N     535  537   64.31   54.60   92.46    7.89  -69.30  133.85    9.85
   21         69E  69E N   CA    537  538  134.35   42.40                  142.50
   22   2262  75F  76N C   N     593  595  -95.05 -119.90   39.62    1.20  -63.20  150.64   17.27
   22         76N  76N N   CA    595  596  106.13  137.00                  -41.10


report______> Distribution of short non-bonded contacts:


DISTANCE1:  0.00 2.10 2.20 2.30 2.40 2.50 2.60 2.70 2.80 2.90 3.00 3.10 3.20 3.30 3.40
DISTANCE2:  2.10 2.20 2.30 2.40 2.50 2.60 2.70 2.80 2.90 3.00 3.10 3.20 3.30 3.40 3.50
FREQUENCY:     0    0    0    0    0    6   10   50   38   46   56   64   59   53   79


<< end of ENERGY.

>> Summary of successfully produced models:
Filename                          molpdf     DOPE score    GA341 score
----------------------------------------------------------------------
T0792.B99990001.pdb            466.17911    -3396.63135        0.00401
T0792.B99990002.pdb            580.47485    -3546.45996        0.00824
T0792.B99990003.pdb            511.49280    -4131.38184        0.06835
T0792.B99990004.pdb            489.46417    -3841.78174        0.03749
T0792.B99990005.pdb            574.31293    -3648.84277        0.06157

Total CPU time [seconds]                                 :      58.66
