
                         MODELLER 9.17, 2016/07/02, r10881

     PROTEIN STRUCTURE MODELLING BY SATISFACTION OF SPATIAL RESTRAINTS


                     Copyright(c) 1989-2016 Andrej Sali
                            All Rights Reserved

                             Written by A. Sali
                               with help from
              B. Webb, M.S. Madhusudhan, M-Y. Shen, G.Q. Dong,
          M.A. Marti-Renom, N. Eswar, F. Alber, M. Topf, B. Oliva,
             A. Fiser, R. Sanchez, B. Yerkovich, A. Badretdinov,
                     F. Melo, J.P. Overington, E. Feyfant
                 University of California, San Francisco, USA
                    Rockefeller University, New York, USA
                      Harvard University, Cambridge, USA
                   Imperial Cancer Research Fund, London, UK
              Birkbeck College, University of London, London, UK


Kind, OS, HostName, Kernel, Processor: 4, Windows Vista build 7601 Service Pack 1, SAI-PC, SMP, unknown
Date and time of compilation         : 2016/07/01 22:06:57
MODELLER executable type             : x86_64-w64
Job starting time (YY/MM/DD HH:MM:SS): 2016/11/16 00:04:42


Multiple dynamic programming alignment (MALIGN):
  Residue-residue metric  : $(LIB)/as1.sim.mat
  ALIGN_BLOCK             :            1
  Gap introduction penalty:    -900.0000
  Gap extension penalty   :     -50.0000
  Length of alignment     :          258
# Sequence alignment of the structurally conserved regions
# [average distance and standard deviation are with respect
#  to the framework (i.e., average structure)]
#
#  N av ds st dv   tseq1A tseq2A 
# ===============================
   1 1.405 0.000   F   3  S   9  
   2 0.937 0.000   I   4  L  10  
   3 0.681 0.000   Q   5  Y  11  
   4 0.180 0.000   T   6  S  12  
   5 0.159 0.000   D   7  E  13  
   6 0.520 0.000   T   8  Q  14  
   7 0.703 0.000   F   9  H  15  
   8 1.104 0.000   T  10  R  16  
   9 1.158 0.000   L  11  I  17  
  10 1.062 0.000   R  12  T  18  
# ===============================
  11 0.629 0.000 * Y  14  Y  19  
# ===============================
  12 1.411 0.000 * E  15  E  21  
  13 1.584 0.000 * C  16  C  22  
  14 1.472 0.000 * D  17  D  23  
  15 1.180 0.000   A  18  R  24  
  16 1.172 0.000   F  19  T  25  
  17 1.274 0.000 * G  20  G  26  
  18 1.289 0.000 * R  21  R  27  
# ===============================
  19 0.732 0.000   S  23  A  28  
# ===============================
  20 1.339 0.000   I  24  L  30  
  21 1.069 0.000   P  25  T  31  
  22 0.768 0.000   A  26  T  32  
  23 0.940 0.000 * L  27  L  33  
  24 0.826 0.000   M  28  I  34  
  25 0.399 0.000   N  29  D  35  
  26 0.130 0.000   L  30  I  36  
  27 0.218 0.000   M  31  A  37  
  28 0.591 0.000   Q  32  V  38  
  29 0.498 0.000   E  33  L  39  
  30 0.464 0.000   S  34  A  40  
  31 0.802 0.000   A  35  S  41  
  32 0.933 0.000   N  36  E  42  
  33 1.042 0.000   R  37  D  43  
  34 1.228 0.000   N  38  Q  44  
# ===============================
  35 0.925 0.000   I  40  S  45  
# ===============================
  36 1.162 0.000   D  41  L  48  
# ===============================
  37 1.531 0.000   G  43  L  50  
# ===============================
  38 1.048 0.000   A  47  T  52  
# ===============================
  39 0.308 0.000   D  48  V  55  
# ===============================
  40 1.172 0.000   A  50  Q  56  
  41 1.136 0.000   Q  51  S  57  
  42 1.150 0.000   K  52  H  58  
  43 1.158 0.000 * G  53  G  59  
  44 1.110 0.000 * V  54  V  60  
  45 1.007 0.000 * G  55  G  61  
  46 1.014 0.000 * W  56  W  62  
  47 0.962 0.000   M  57  V  63  
  48 0.761 0.000   L  58  V  64  
  49 0.788 0.000   M  59  T  65  
  50 0.713 0.000   R  60  Q  66  
  51 0.432 0.000   F  61  Y  67  
  52 0.866 0.000   C  62  A  68  
  53 0.794 0.000   L  63  I  69  
  54 0.787 0.000   R  64  D  70  
  55 0.910 0.000 * I  65  I  71  
  56 0.705 0.000   H  66  T  72  
  57 1.438 0.000   Q  67  R  73  
  58 1.745 0.000   Y  68  M  74  
  59 1.716 0.000 * P  69  P  75  
  60 1.251 0.000 * R  70  R  76  
  61 1.500 0.000   Y  71  Q  77  
  62 1.355 0.000   G  72  D  78  
  63 1.200 0.000   D  73  E  79  
  64 0.959 0.000   T  74  V  80  
  65 0.765 0.000   I  75  V  81  
  66 0.588 0.000   Q  76  T  82  
  67 0.520 0.000   L  77  I  83  
  68 0.239 0.000   M  78  A  84  
  69 0.334 0.000   T  79  V  85  
  70 0.251 0.000   Y  80  R  86  
  71 0.817 0.000   P  81  G  87  
  72 0.840 0.000   T  82  S  88  
  73 0.818 0.000   T  83  A  89  
  74 0.298 0.000   V  84  Y  90  
  75 0.751 0.000   D  85  N  91  
  76 1.344 0.000   K  86  P  92  
  77 0.983 0.000 * Y  87  Y  93  
  78 0.595 0.000 * F  88  F  94  
  79 0.491 0.000   I  89  A  95  
  80 0.501 0.000   H  90  Y  96  
  81 0.469 0.000 * R  91  R  97  
  82 0.449 0.000   D  92  E  98  
  83 0.466 0.000 * F  93  F  99  
  84 0.622 0.000   R  94  W 100  
  85 0.997 0.000   V  95  I 101  
  86 1.070 0.000   L  96  R 102  
  87 0.963 0.000   A  97  D 103  
  88 0.972 0.000   T  98  A 104  
  89 0.884 0.000 * D  99  D 105  
  90 1.297 0.000 * G 100  G 106  
  91 0.726 0.000   T 101  Q 107  
  92 0.828 0.000   L 102  Q 108  
  93 0.974 0.000 * L 103  L 109  
  94 0.876 0.000 * A 104  A 110  
  95 0.480 0.000   D 105  Y 111  
  96 0.490 0.000   A 106  I 112  
  97 0.460 0.000   R 107  T 113  
  98 0.530 0.000 * S 108  S 114  
  99 0.594 0.000   T 109  I 115  
 100 0.650 0.000 * W 110  W 116  
 101 0.782 0.000   L 111  V 117  
 102 1.015 0.000   V 112  M 118  
 103 1.092 0.000   F 113  M 119  
 104 1.259 0.000 * S 114  S 120  
 105 1.499 0.000   M 115  Q 121  
# ===============================
 106 0.337 0.000   E 116  T 123  
# ===============================
 107 1.274 0.000 * R 118  R 124  
 108 1.386 0.000   S 119  R 125  
 109 1.273 0.000   M 120  I 126  
 110 1.441 0.000 * V 121  V 127  
 111 1.501 0.000   P 122  K 128  
 112 1.169 0.000   L 123  I 129  
 113 1.567 0.000   P 124  L 130  
# ===============================
 114 1.060 0.000   F 126  P 131  
# ===============================
 115 1.248 0.000   L 130  A 135  
# ===============================
 116 1.381 0.000   S 131  Q 138  
 117 0.967 0.000   P 132  S 139  
# ===============================
 118 1.167 0.000 * L 142  L 148  
 119 1.468 0.000 * P 143  P 149  
# ===============================
 120 1.206 0.000   P 146  R 150  
# ===============================
 121 0.889 0.000   F 148  I 152  
# ===============================
 122 1.312 0.000   T 150  S 153  
# ===============================
 123 1.283 0.000   S 152  E 155  
# ===============================
 124 0.837 0.000 * A 154  A 156  
 125 1.130 0.000 * T 155  T 157  
# ===============================
 126 0.591 0.000   A 156  T 160  
 127 1.518 0.000   A 157  I 161  
 128 0.680 0.000   S 158  T 162  
 129 0.914 0.000 * K 159  K 163  
 130 0.959 0.000   S 160  P 164  
 131 0.944 0.000   V 161  Y 165  
 132 0.924 0.000   Q 162  H 166  
 133 0.878 0.000 * V 163  V 167  
 134 0.848 0.000   G 164  R 168  
 135 0.917 0.000   W 165  F 169  
 136 1.056 0.000   L 166  F 170  
 137 0.797 0.000   N 167  D 171  
 138 0.802 0.000 * I 168  I 172  
 139 0.642 0.000 * D 169  D 173  
 140 0.686 0.000   Q 170  P 174  
 141 0.668 0.000 * N 171  N 175  
 142 0.905 0.000   Q 172  R 176  
 143 0.800 0.000 * H 173  H 177  
 144 0.790 0.000 * V 174  V 178  
 145 0.659 0.000 * N 175  N 179  
 146 0.590 0.000 * N 176  N 180  
 147 0.677 0.000   V 177  A 181  
 148 0.633 0.000   A 178  H 182  
 149 0.653 0.000 * Y 179  Y 183  
 150 0.628 0.000   V 180  F 184  
 151 0.956 0.000   Q 181  D 185  
 152 0.839 0.000 * W 182  W 186  
 153 0.820 0.000 * L 183  L 187  
 154 0.744 0.000   L 184  V 188  
 155 0.828 0.000   E 185  D 189  
 156 1.099 0.000   G 186  T 190  
 157 1.138 0.000   V 187  L 191  
# ===============================
 158 0.657 0.000   S 189  T 194  
# ===============================
 159 1.451 0.000   I 191  F 195  
 160 0.996 0.000   V 192  L 196  
 161 1.086 0.000   Q 193  L 197  
 162 0.975 0.000   T 194  Q 198  
 163 1.186 0.000   R 195  H 199  
 164 0.529 0.000   E 196  D 200  
 165 0.439 0.000   I 197  L 201  
 166 0.790 0.000   A 198  V 202  
 167 0.803 0.000   E 199  H 203  
 168 0.848 0.000   I 200  V 204  
 169 0.925 0.000 * D 201  D 205  
 170 0.748 0.000   L 202  V 206  
 171 0.944 0.000   V 203  R 207  
 172 0.966 0.000 * Y 204  Y 208  
 173 0.841 0.000   R 205  E 209  
 174 0.909 0.000   T 206  N 210  
 175 0.662 0.000 * E 207  E 211  
 176 0.441 0.000   S 208  V 212  
 177 0.655 0.000   H 209  K 213  
 178 0.875 0.000   W 210  Y 214  
 179 1.242 0.000   H 211  G 215  
 180 1.004 0.000   D 212  Q 216  
 181 0.941 0.000   W 213  T 217  
 182 1.067 0.000   L 214  V 218  
 183 1.126 0.000   S 215  T 219  
 184 1.154 0.000   V 216  A 220  
# ===============================
 185 0.861 0.000   Q 217  A 222  
 186 1.041 0.000   S 218  N 223  
 187 1.240 0.000   V 219  I 224  
 188 0.879 0.000   T 220  L 225  
 189 1.432 0.000   E 221  P 226  
 190 0.928 0.000   T 222  S 227  
# ===============================
 191 0.602 0.000   N 224  Q 232  
 192 1.149 0.000   S 225  V 233  
 193 0.957 0.000   V 226  T 234  
# ===============================
 194 0.998 0.000   L 227  S 236  
 195 1.054 0.000 * H 228  H 237  
 196 1.147 0.000   R 229  L 238  
 197 1.133 0.000 * I 230  I 239  
 198 1.076 0.000   S 231  E 240  
 199 1.137 0.000   Q 232  V 241  
# ===============================
 200 1.134 0.000   S 235  D 242  
 201 0.625 0.000   G 236  D 243  
 202 0.952 0.000   K 237  E 244  
 203 0.958 0.000   D 238  K 245  
 204 1.076 0.000   V 239  C 246  
 205 1.102 0.000   L 240  C 247  
 206 0.920 0.000   L 241  E 248  
 207 0.966 0.000   A 242  V 249  
 208 1.011 0.000   R 243  T 250  
 209 0.883 0.000   S 244  I 251  
 210 0.943 0.000   R 245  Q 252  
 211 1.028 0.000 * W 246  W 253  
 212 1.220 0.000 * R 247  R 254  
# ===============================
# Sequence alignment of the structurally conserved regions
# [average distance and standard deviation are with respect
#  to the framework (i.e., average structure)]
#
#  N av ds st dv   tseq1A tseq2A 
# ===============================
   1 1.568 0.000   F   3  S   9  
   2 1.065 0.000   I   4  L  10  
   3 0.755 0.000   Q   5  Y  11  
   4 0.259 0.000   T   6  S  12  
   5 0.146 0.000   D   7  E  13  
   6 0.331 0.000   T   8  Q  14  
   7 0.541 0.000   F   9  H  15  
   8 0.842 0.000   T  10  R  16  
   9 0.882 0.000   L  11  I  17  
  10 0.760 0.000   R  12  T  18  
  11 0.917 0.000   G  13  Y  19  
  12 0.917 0.000 * Y  14  Y  20  
  13 1.009 0.000 * E  15  E  21  
  14 1.105 0.000 * C  16  C  22  
  15 0.907 0.000 * D  17  D  23  
  16 0.542 0.000   A  18  R  24  
  17 0.541 0.000   F  19  T  25  
  18 0.739 0.000 * G  20  G  26  
  19 0.785 0.000 * R  21  R  27  
  20 1.009 0.000   M  22  A  28  
  21 0.974 0.000   S  23  T  29  
  22 0.970 0.000   I  24  L  30  
  23 0.661 0.000   P  25  T  31  
  24 0.610 0.000   A  26  T  32  
  25 0.866 0.000 * L  27  L  33  
  26 0.582 0.000   M  28  I  34  
  27 0.209 0.000   N  29  D  35  
  28 0.389 0.000   L  30  I  36  
  29 0.349 0.000   M  31  A  37  
  30 0.462 0.000   Q  32  V  38  
  31 0.513 0.000   E  33  L  39  
  32 0.419 0.000   S  34  A  40  
  33 0.531 0.000   A  35  S  41  
  34 0.646 0.000   N  36  E  42  
  35 0.822 0.000   R  37  D  43  
  36 0.926 0.000   N  38  Q  44  
  37 1.242 0.000   A  39  S  45  
  38 1.539 0.000   I  40  D  46  
# ===============================
  39 0.861 0.000   D  41  L  48  
# ===============================
  40 1.449 0.000   G  43  L  50  
# ===============================
  41 1.441 0.000   I  46  T  52  
  42 1.226 0.000   A  47  E  53  
  43 1.192 0.000   D  48  M  54  
  44 1.086 0.000   L  49  V  55  
  45 0.532 0.000   A  50  Q  56  
  46 0.482 0.000   Q  51  S  57  
  47 0.585 0.000   K  52  H  58  
  48 0.498 0.000 * G  53  G  59  
  49 0.497 0.000 * V  54  V  60  
  50 0.466 0.000 * G  55  G  61  
  51 0.558 0.000 * W  56  W  62  
  52 0.476 0.000   M  57  V  63  
  53 0.394 0.000   L  58  V  64  
  54 0.216 0.000   M  59  T  65  
  55 0.205 0.000   R  60  Q  66  
  56 0.332 0.000   F  61  Y  67  
  57 0.816 0.000   C  62  A  68  
  58 0.819 0.000   L  63  I  69  
  59 0.813 0.000   R  64  D  70  
  60 0.756 0.000 * I  65  I  71  
  61 0.338 0.000   H  66  T  72  
  62 0.953 0.000   Q  67  R  73  
  63 1.293 0.000   Y  68  M  74  
  64 1.328 0.000 * P  69  P  75  
  65 0.849 0.000 * R  70  R  76  
  66 1.088 0.000   Y  71  Q  77  
  67 0.962 0.000   G  72  D  78  
  68 0.821 0.000   D  73  E  79  
  69 0.643 0.000   T  74  V  80  
  70 0.481 0.000   I  75  V  81  
  71 0.364 0.000   Q  76  T  82  
  72 0.331 0.000   L  77  I  83  
  73 0.124 0.000   M  78  A  84  
  74 0.099 0.000   T  79  V  85  
  75 0.416 0.000   Y  80  R  86  
  76 0.499 0.000   P  81  G  87  
  77 0.525 0.000   T  82  S  88  
  78 0.456 0.000   T  83  A  89  
  79 0.293 0.000   V  84  Y  90  
  80 0.333 0.000   D  85  N  91  
  81 0.730 0.000   K  86  P  92  
  82 0.387 0.000 * Y  87  Y  93  
  83 0.299 0.000 * F  88  F  94  
  84 0.230 0.000   I  89  A  95  
  85 0.277 0.000   H  90  Y  96  
  86 0.225 0.000 * R  91  R  97  
  87 0.220 0.000   D  92  E  98  
  88 0.232 0.000 * F  93  F  99  
  89 0.386 0.000   R  94  W 100  
  90 0.741 0.000   V  95  I 101  
  91 0.790 0.000   L  96  R 102  
  92 0.604 0.000   A  97  D 103  
  93 0.672 0.000   T  98  A 104  
  94 0.931 0.000 * D  99  D 105  
  95 1.101 0.000 * G 100  G 106  
  96 0.496 0.000   T 101  Q 107  
  97 0.482 0.000   L 102  Q 108  
  98 0.615 0.000 * L 103  L 109  
  99 0.554 0.000 * A 104  A 110  
 100 0.389 0.000   D 105  Y 111  
 101 0.219 0.000   A 106  I 112  
 102 0.264 0.000   R 107  T 113  
 103 0.314 0.000 * S 108  S 114  
 104 0.264 0.000   T 109  I 115  
 105 0.171 0.000 * W 110  W 116  
 106 0.190 0.000   L 111  V 117  
 107 0.407 0.000   V 112  M 118  
 108 0.483 0.000   F 113  M 119  
 109 0.623 0.000 * S 114  S 120  
 110 0.995 0.000   M 115  Q 121  
 111 1.194 0.000   E 116  T 122  
 112 0.937 0.000   K 117  T 123  
 113 0.670 0.000 * R 118  R 124  
 114 0.562 0.000   S 119  R 125  
 115 0.525 0.000   M 120  I 126  
 116 0.690 0.000 * V 121  V 127  
 117 0.806 0.000   P 122  K 128  
 118 0.596 0.000   L 123  I 129  
 119 1.022 0.000   P 124  L 130  
 120 1.622 0.000   D 125  P 131  
 121 1.046 0.000   F 126  E 132  
# ===============================
 122 1.632 0.000   I 127  V 134  
# ===============================
 123 0.819 0.000   L 130  A 135  
# ===============================
 124 1.046 0.000   S 131  Q 138  
 125 1.109 0.000   P 132  S 139  
# ===============================
 126 1.047 0.000 * L 142  L 148  
# ===============================
 127 0.783 0.000   P 146  R 150  
# ===============================
 128 0.580 0.000   F 148  I 152  
# ===============================
 129 1.277 0.000   T 150  S 153  
# ===============================
 130 0.755 0.000   S 152  E 155  
# ===============================
 131 1.200 0.000 * A 154  A 156  
 132 1.705 0.000 * T 155  T 157  
# ===============================
 133 1.106 0.000   A 156  T 160  
# ===============================
 134 1.102 0.000   S 158  T 162  
 135 0.614 0.000 * K 159  K 163  
 136 0.464 0.000   S 160  P 164  
 137 0.447 0.000   V 161  Y 165  
 138 0.394 0.000   Q 162  H 166  
 139 0.272 0.000 * V 163  V 167  
 140 0.308 0.000   G 164  R 168  
 141 0.267 0.000   W 165  F 169  
 142 0.516 0.000   L 166  F 170  
 143 0.216 0.000   N 167  D 171  
 144 0.261 0.000 * I 168  I 172  
 145 0.291 0.000 * D 169  D 173  
 146 0.319 0.000   Q 170  P 174  
 147 0.284 0.000 * N 171  N 175  
 148 0.329 0.000   Q 172  R 176  
 149 0.185 0.000 * H 173  H 177  
 150 0.230 0.000 * V 174  V 178  
 151 0.203 0.000 * N 175  N 179  
 152 0.033 0.000 * N 176  N 180  
 153 0.409 0.000   V 177  A 181  
 154 0.542 0.000   A 178  H 182  
 155 0.295 0.000 * Y 179  Y 183  
 156 0.527 0.000   V 180  F 184  
 157 0.560 0.000   Q 181  D 185  
 158 0.240 0.000 * W 182  W 186  
 159 0.124 0.000 * L 183  L 187  
 160 0.289 0.000   L 184  V 188  
 161 0.221 0.000   E 185  D 189  
 162 0.368 0.000   G 186  T 190  
 163 0.608 0.000   V 187  L 191  
 164 1.457 0.000   D 188  P 192  
 165 1.359 0.000   S 189  A 193  
 166 1.298 0.000   E 190  T 194  
 167 0.813 0.000   I 191  F 195  
 168 0.324 0.000   V 192  L 196  
 169 0.843 0.000   Q 193  L 197  
 170 0.245 0.000   T 194  Q 198  
 171 0.462 0.000   R 195  H 199  
 172 0.525 0.000   E 196  D 200  
 173 0.446 0.000   I 197  L 201  
 174 0.596 0.000   A 198  V 202  
 175 0.656 0.000   E 199  H 203  
 176 0.634 0.000   I 200  V 204  
 177 0.578 0.000 * D 201  D 205  
 178 0.263 0.000   L 202  V 206  
 179 0.312 0.000   V 203  R 207  
 180 0.310 0.000 * Y 204  Y 208  
 181 0.253 0.000   R 205  E 209  
 182 0.169 0.000   T 206  N 210  
 183 0.130 0.000 * E 207  E 211  
 184 0.463 0.000   S 208  V 212  
 185 0.276 0.000   H 209  K 213  
 186 0.211 0.000   W 210  Y 214  
 187 0.418 0.000   H 211  G 215  
 188 0.343 0.000   D 212  Q 216  
 189 0.427 0.000   W 213  T 217  
 190 0.411 0.000   L 214  V 218  
 191 0.352 0.000   S 215  T 219  
 192 0.360 0.000   V 216  A 220  
 193 0.371 0.000   Q 217  H 221  
 194 0.528 0.000   S 218  A 222  
 195 0.567 0.000   V 219  N 223  
 196 1.110 0.000   T 220  I 224  
 197 1.284 0.000   E 221  L 225  
 198 1.039 0.000   T 222  P 226  
# ===============================
 199 0.660 0.000   N 224  V 233  
 200 0.522 0.000   S 225  T 234  
 201 0.428 0.000   V 226  T 235  
 202 0.302 0.000   L 227  S 236  
 203 0.286 0.000 * H 228  H 237  
 204 0.330 0.000   R 229  L 238  
 205 0.337 0.000 * I 230  I 239  
 206 0.293 0.000   S 231  E 240  
 207 0.338 0.000   Q 232  V 241  
# ===============================
 208 0.941 0.000   E 234  D 242  
# ===============================
 209 0.476 0.000   G 236  D 243  
 210 0.415 0.000   K 237  E 244  
 211 0.373 0.000   D 238  K 245  
 212 0.449 0.000   V 239  C 246  
 213 0.408 0.000   L 240  C 247  
 214 0.184 0.000   L 241  E 248  
 215 0.355 0.000   A 242  V 249  
 216 0.373 0.000   R 243  T 250  
 217 0.341 0.000   S 244  I 251  
 218 0.443 0.000   R 245  Q 252  
 219 0.411 0.000 * W 246  W 253  
 220 0.686 0.000 * R 247  R 254  
# ===============================
# Sequence alignment of the structurally conserved regions
# [average distance and standard deviation are with respect
#  to the framework (i.e., average structure)]
#
#  N av ds st dv   tseq1A tseq2A 
# ===============================
   1 1.600 0.000   F   3  S   9  
   2 1.075 0.000   I   4  L  10  
   3 0.793 0.000   Q   5  Y  11  
   4 0.296 0.000   T   6  S  12  
   5 0.222 0.000   D   7  E  13  
   6 0.313 0.000   T   8  Q  14  
   7 0.543 0.000   F   9  H  15  
   8 0.801 0.000   T  10  R  16  
   9 0.843 0.000   L  11  I  17  
  10 0.712 0.000   R  12  T  18  
  11 0.836 0.000   G  13  Y  19  
  12 0.836 0.000 * Y  14  Y  20  
  13 0.932 0.000 * E  15  E  21  
  14 0.996 0.000 * C  16  C  22  
  15 0.755 0.000 * D  17  D  23  
  16 0.374 0.000   A  18  R  24  
  17 0.401 0.000   F  19  T  25  
  18 0.629 0.000 * G  20  G  26  
  19 0.676 0.000 * R  21  R  27  
  20 0.900 0.000   M  22  A  28  
  21 0.898 0.000   S  23  T  29  
  22 0.911 0.000   I  24  L  30  
  23 0.604 0.000   P  25  T  31  
  24 0.646 0.000   A  26  T  32  
  25 0.893 0.000 * L  27  L  33  
  26 0.596 0.000   M  28  I  34  
  27 0.284 0.000   N  29  D  35  
  28 0.470 0.000   L  30  I  36  
  29 0.437 0.000   M  31  A  37  
  30 0.488 0.000   Q  32  V  38  
  31 0.509 0.000   E  33  L  39  
  32 0.409 0.000   S  34  A  40  
  33 0.467 0.000   A  35  S  41  
  34 0.538 0.000   N  36  E  42  
  35 0.714 0.000   R  37  D  43  
  36 0.816 0.000   N  38  Q  44  
  37 1.114 0.000   A  39  S  45  
  38 1.410 0.000   I  40  D  46  
# ===============================
  39 0.842 0.000   D  41  L  48  
# ===============================
  40 1.416 0.000   G  43  L  50  
# ===============================
  41 1.287 0.000   I  46  T  52  
  42 1.096 0.000   A  47  E  53  
  43 1.043 0.000   D  48  M  54  
  44 0.902 0.000   L  49  V  55  
  45 0.342 0.000   A  50  Q  56  
  46 0.376 0.000   Q  51  S  57  
  47 0.506 0.000   K  52  H  58  
  48 0.411 0.000 * G  53  G  59  
  49 0.360 0.000 * V  54  V  60  
  50 0.340 0.000 * G  55  G  61  
  51 0.476 0.000 * W  56  W  62  
  52 0.377 0.000   M  57  V  63  
  53 0.416 0.000   L  58  V  64  
  54 0.146 0.000   M  59  T  65  
  55 0.122 0.000   R  60  Q  66  
  56 0.444 0.000   F  61  Y  67  
  57 0.892 0.000   C  62  A  68  
  58 0.892 0.000   L  63  I  69  
  59 0.897 0.000   R  64  D  70  
  60 0.770 0.000 * I  65  I  71  
  61 0.239 0.000   H  66  T  72  
  62 0.796 0.000   Q  67  R  73  
  63 1.188 0.000   Y  68  M  74  
  64 1.252 0.000 * P  69  P  75  
  65 0.780 0.000 * R  70  R  76  
  66 1.000 0.000   Y  71  Q  77  
  67 0.865 0.000   G  72  D  78  
  68 0.738 0.000   D  73  E  79  
  69 0.583 0.000   T  74  V  80  
  70 0.404 0.000   I  75  V  81  
  71 0.304 0.000   Q  76  T  82  
  72 0.304 0.000   L  77  I  83  
  73 0.116 0.000   M  78  A  84  
  74 0.124 0.000   T  79  V  85  
  75 0.468 0.000   Y  80  R  86  
  76 0.432 0.000   P  81  G  87  
  77 0.460 0.000   T  82  S  88  
  78 0.363 0.000   T  83  A  89  
  79 0.397 0.000   V  84  Y  90  
  80 0.345 0.000   D  85  N  91  
  81 0.578 0.000   K  86  P  92  
  82 0.298 0.000 * Y  87  Y  93  
  83 0.389 0.000 * F  88  F  94  
  84 0.316 0.000   I  89  A  95  
  85 0.341 0.000   H  90  Y  96  
  86 0.259 0.000 * R  91  R  97  
  87 0.218 0.000   D  92  E  98  
  88 0.221 0.000 * F  93  F  99  
  89 0.311 0.000   R  94  W 100  
  90 0.656 0.000   V  95  I 101  
  91 0.688 0.000   L  96  R 102  
  92 0.500 0.000   A  97  D 103  
  93 0.640 0.000   T  98  A 104  
  94 1.052 0.000 * D  99  D 105  
  95 1.105 0.000 * G 100  G 106  
  96 0.528 0.000   T 101  Q 107  
  97 0.372 0.000   L 102  Q 108  
  98 0.505 0.000 * L 103  L 109  
  99 0.473 0.000 * A 104  A 110  
 100 0.428 0.000   D 105  Y 111  
 101 0.239 0.000   A 106  I 112  
 102 0.327 0.000   R 107  T 113  
 103 0.378 0.000 * S 108  S 114  
 104 0.312 0.000   T 109  I 115  
 105 0.178 0.000 * W 110  W 116  
 106 0.116 0.000   L 111  V 117  
 107 0.268 0.000   V 112  M 118  
 108 0.338 0.000   F 113  M 119  
 109 0.454 0.000 * S 114  S 120  
 110 0.862 0.000   M 115  Q 121  
 111 1.101 0.000   E 116  T 122  
 112 0.777 0.000   K 117  T 123  
 113 0.567 0.000 * R 118  R 124  
 114 0.345 0.000   S 119  R 125  
 115 0.346 0.000   M 120  I 126  
 116 0.469 0.000 * V 121  V 127  
 117 0.600 0.000   P 122  K 128  
 118 0.440 0.000   L 123  I 129  
 119 0.858 0.000   P 124  L 130  
 120 1.517 0.000   D 125  P 131  
 121 0.856 0.000   F 126  E 132  
# ===============================
 122 1.543 0.000   I 127  V 134  
# ===============================
 123 0.731 0.000   L 130  A 135  
# ===============================
 124 0.920 0.000   S 131  Q 138  
 125 1.199 0.000   P 132  S 139  
# ===============================
 126 1.021 0.000 * L 142  L 148  
# ===============================
 127 0.695 0.000   P 146  R 150  
# ===============================
 128 0.595 0.000   F 148  I 152  
# ===============================
 129 1.324 0.000   T 150  S 153  
 130 1.735 0.000   A 151  F 154  
 131 0.713 0.000   S 152  E 155  
 132 1.338 0.000   F 153  A 156  
# ===============================
 133 1.353 0.000   A 156  T 160  
# ===============================
 134 1.326 0.000   S 158  T 162  
 135 0.725 0.000 * K 159  K 163  
 136 0.547 0.000   S 160  P 164  
 137 0.482 0.000   V 161  Y 165  
 138 0.389 0.000   Q 162  H 166  
 139 0.223 0.000 * V 163  V 167  
 140 0.262 0.000   G 164  R 168  
 141 0.106 0.000   W 165  F 169  
 142 0.401 0.000   L 166  F 170  
 143 0.119 0.000   N 167  D 171  
 144 0.234 0.000 * I 168  I 172  
 145 0.250 0.000 * D 169  D 173  
 146 0.307 0.000   Q 170  P 174  
 147 0.323 0.000 * N 171  N 175  
 148 0.270 0.000   Q 172  R 176  
 149 0.160 0.000 * H 173  H 177  
 150 0.172 0.000 * V 174  V 178  
 151 0.200 0.000 * N 175  N 179  
 152 0.132 0.000 * N 176  N 180  
 153 0.454 0.000   V 177  A 181  
 154 0.609 0.000   A 178  H 182  
 155 0.359 0.000 * Y 179  Y 183  
 156 0.564 0.000   V 180  F 184  
 157 0.485 0.000   Q 181  D 185  
 158 0.241 0.000 * W 182  W 186  
 159 0.158 0.000 * L 183  L 187  
 160 0.359 0.000   L 184  V 188  
 161 0.270 0.000   E 185  D 189  
 162 0.270 0.000   G 186  T 190  
 163 0.539 0.000   V 187  L 191  
 164 1.385 0.000   D 188  P 192  
 165 1.377 0.000   S 189  A 193  
 166 1.287 0.000   E 190  T 194  
 167 0.656 0.000   I 191  F 195  
 168 0.321 0.000   V 192  L 196  
 169 0.948 0.000   Q 193  L 197  
 170 0.291 0.000   T 194  Q 198  
 171 0.312 0.000   R 195  H 199  
 172 0.686 0.000   E 196  D 200  
 173 0.617 0.000   I 197  L 201  
 174 0.655 0.000   A 198  V 202  
 175 0.718 0.000   E 199  H 203  
 176 0.698 0.000   I 200  V 204  
 177 0.586 0.000 * D 201  D 205  
 178 0.280 0.000   L 202  V 206  
 179 0.199 0.000   V 203  R 207  
 180 0.167 0.000 * Y 204  Y 208  
 181 0.340 0.000   R 205  E 209  
 182 0.222 0.000   T 206  N 210  
 183 0.324 0.000 * E 207  E 211  
 184 0.657 0.000   S 208  V 212  
 185 0.478 0.000   H 209  K 213  
 186 0.289 0.000   W 210  Y 214  
 187 0.172 0.000   H 211  G 215  
 188 0.322 0.000   D 212  Q 216  
 189 0.475 0.000   W 213  T 217  
 190 0.376 0.000   L 214  V 218  
 191 0.260 0.000   S 215  T 219  
 192 0.242 0.000   V 216  A 220  
 193 0.131 0.000   Q 217  H 221  
 194 0.467 0.000   S 218  A 222  
 195 0.564 0.000   V 219  N 223  
 196 1.104 0.000   T 220  I 224  
 197 1.328 0.000   E 221  L 225  
 198 1.050 0.000   T 222  P 226  
# ===============================
 199 0.467 0.000   N 224  V 233  
 200 0.357 0.000   S 225  T 234  
 201 0.298 0.000   V 226  T 235  
 202 0.207 0.000   L 227  S 236  
 203 0.104 0.000 * H 228  H 237  
 204 0.093 0.000   R 229  L 238  
 205 0.140 0.000 * I 230  I 239  
 206 0.199 0.000   S 231  E 240  
 207 0.245 0.000   Q 232  V 241  
# ===============================
 208 1.125 0.000   E 234  D 242  
# ===============================
 209 0.742 0.000   G 236  D 243  
 210 0.518 0.000   K 237  E 244  
 211 0.456 0.000   D 238  K 245  
 212 0.441 0.000   V 239  C 246  
 213 0.301 0.000   L 240  C 247  
 214 0.046 0.000   L 241  E 248  
 215 0.210 0.000   A 242  V 249  
 216 0.237 0.000   R 243  T 250  
 217 0.352 0.000   S 244  I 251  
 218 0.432 0.000   R 245  Q 252  
 219 0.331 0.000 * W 246  W 253  
 220 0.584 0.000 * R 247  R 254  
# ===============================

Least-squares dynamic programming alignment:
     FIT_ATOMS atoms for alignment     : CA
     Max dist from frw for equivalence :    3.5000
     Gap introduction penalty          :    0.0000
     Gap extension penalty             :    1.7500
     Numb of residues in framework     :       220




COMPARISON OF SEVERAL 3D STRUCTURES:


  #  ALGNMT CODE      ATOM FILE                          

  1  tseq1A
  2  tseq2A



Variability at a given position is calculated as: 
VAR = 1/Nij * sum_ij (feat_i - feat_j)
sum runs over all pairs of proteins with residues present.



>> Least-squares superposition (FIT)           :       T

   Atom types for superposition/RMS (FIT_ATOMS): CA
   Atom type for position average/variability (VARATOM): CA


   Position comparison (FIT_ATOMS): 

       Cutoff for RMS calculation:     3.5000

       Upper = RMS, Lower = numb equiv positions

        tseq1A  tseq2A  
tseq1A     0.000   1.340
tseq2A       220   0.000



   Distance comparison (FIT_ATOMS): 

       Cutoff for rms calculation:     3.5000

       Upper = Distance RMS, Lower = numb equiv distances

        tseq1A  tseq2A  
tseq1A     0.000   1.032
tseq2A     24011   0.000

>> Sequence comparison: 

       Diag=numb res, Upper=numb equiv res, Lower = % seq ID


           tseq1A  tseq2A
tseq1A        250      47
tseq2A         19     256


>> Dihedral angle comparison: Alph


       Cutoff for rms comparison:    60.0000

       Upper = RMS Alph, Lower = numb of equiv angles

        tseq1A  tseq2A  
tseq1A     0.000  14.532
tseq2A       206   0.000


>> Dihedral angle comparison: Phi 


       Cutoff for rms comparison:    60.0000

       Upper = RMS Phi , Lower = numb of equiv angles

        tseq1A  tseq2A  
tseq1A     0.000  14.640
tseq2A       214   0.000


>> Dihedral angle comparison: Psi 


       Cutoff for rms comparison:    15.0000

       Upper = RMS Psi , Lower = numb of equiv angles

        tseq1A  tseq2A  
tseq1A     0.000   7.617
tseq2A       163   0.000


>> Dihedral angle comparison: Omeg


       Cutoff for rms comparison:    60.0000

       Upper = RMS Omeg, Lower = numb of equiv angles

        tseq1A  tseq2A  
tseq1A     0.000   5.800
tseq2A       219   0.000


>> Dihedral angle comparison: chi1


       Cutoff for rms comparison:    60.0000

       Upper = RMS chi1, Lower = numb of equiv angles

        tseq1A  tseq2A  
tseq1A     0.000  13.544
tseq2A       104   0.000


>> Dihedral angle comparison: chi2


       Cutoff for rms comparison:    60.0000

       Upper = RMS chi2, Lower = numb of equiv angles

        tseq1A  tseq2A  
tseq1A     0.000  23.906
tseq2A        53   0.000


>> Dihedral angle comparison: chi3


       Cutoff for rms comparison:    60.0000

       Upper = RMS chi3, Lower = numb of equiv angles

        tseq1A  tseq2A  
tseq1A     0.000  37.628
tseq2A        11   0.000


>> Dihedral angle comparison: chi4


       Cutoff for rms comparison:    60.0000

       Upper = RMS chi4, Lower = numb of equiv angles

        tseq1A  tseq2A  
tseq1A     0.000  38.321
tseq2A         3   0.000


>> Dihedral angle comparison: chi5


       Cutoff for rms comparison:    60.0000

       Upper = RMS chi5, Lower = numb of equiv angles

        tseq1A  tseq2A  
tseq1A     0.000   0.000
tseq2A         0   0.000



>> Ramachandran mainchain class substitution
   prot 1 --> prot 2; class on vert --> class on horiz

              A      P      B      L      E      U
      A      69      3      2      1      0      0
      P       1     31     12      0      0      0
      B       0      8     82      1      0      0
      L       1      0      0      8      0      0
      E       0      0      0      0      0      0
      U       0      0      1      0      0      0


   Summary (% does not count undefined):

   CODE   # ID # NID # TOT   % ID  % NID  % TOT
      A     69     6    75   31.5    2.7   34.2
      P     31    13    44   14.2    5.9   20.1
      B     82     9    91   37.4    4.1   41.6
      L      8     1     9    3.7    0.5    4.1
      E      0     0     0    0.0    0.0    0.0
   --------------------------------------------
   SUMS    190    29   219   86.8   13.2  100.0
   --------------------------------------------
      U      0     1     1    0.0    0.5    0.5



>> Dihedral class substitution: Alph
   prot 1 --> prot 2; class on vert --> class on horiz

              1      2      3      4
      1       6      1      4      0
      2       3     64      4      0
      3       4      2    130      0
      4       0      0      2      0


   Summary (% does not count undefined):

   CODE   # ID # NID # TOT   % ID  % NID  % TOT
      1      6     5    11    2.8    2.3    5.0
      2     64     7    71   29.4    3.2   32.6
      3    130     6   136   59.6    2.8   62.4
   --------------------------------------------
   SUMS    200    18   218   91.7    8.3  100.0
   --------------------------------------------
      4      0     2     2    0.0    0.9    0.9



>> Dihedral class substitution: Phi 
   prot 1 --> prot 2; class on vert --> class on horiz

              1      2      3      4
      1      90      1     12      0
      2       0      8      1      0
      3       9      1     98      0
      4       0      0      0      0


   Summary (% does not count undefined):

   CODE   # ID # NID # TOT   % ID  % NID  % TOT
      1     90    13   103   40.9    5.9   46.8
      2      8     1     9    3.6    0.5    4.1
      3     98    10   108   44.5    4.5   49.1
   --------------------------------------------
   SUMS    196    24   220   89.1   10.9  100.0
   --------------------------------------------
      4      0     0     0    0.0    0.0    0.0



>> Dihedral class substitution: Psi 
   prot 1 --> prot 2; class on vert --> class on horiz

              1      2      3      4
      1      61      4      3      0
      2       3     13      6      0
      3       1      4    124      0
      4       0      0      1      0


   Summary (% does not count undefined):

   CODE   # ID # NID # TOT   % ID  % NID  % TOT
      1     61     7    68   27.9    3.2   31.1
      2     13     9    22    5.9    4.1   10.0
      3    124     5   129   56.6    2.3   58.9
   --------------------------------------------
   SUMS    198    21   219   90.4    9.6  100.0
   --------------------------------------------
      4      0     1     1    0.0    0.5    0.5



>> Dihedral class substitution: Omeg
   prot 1 --> prot 2; class on vert --> class on horiz

              1      2      3      4
      1     219      0      0      0
      2       0      0      0      0
      3       0      0      0      0
      4       1      0      0      0


   Summary (% does not count undefined):

   CODE   # ID # NID # TOT   % ID  % NID  % TOT
      1    219     0   219  100.0    0.0  100.0
      2      0     0     0    0.0    0.0    0.0
      3      0     0     0    0.0    0.0    0.0
   --------------------------------------------
   SUMS    219     0   219  100.0    0.0  100.0
   --------------------------------------------
      4      0     1     1    0.0    0.5    0.5



>> Dihedral class substitution: chi1
   prot 1 --> prot 2; class on vert --> class on horiz

              1      2      3      4
      1      80     26      7      8
      2      23     22      2      5
      3       6      4     10      3
      4      12      3      4      5


   Summary (% does not count undefined):

   CODE   # ID # NID # TOT   % ID  % NID  % TOT
      1     80    41   121   40.8   20.9   61.7
      2     22    30    52   11.2   15.3   26.5
      3     10    13    23    5.1    6.6   11.7
   --------------------------------------------
   SUMS    112    84   196   57.1   42.9  100.0
   --------------------------------------------
      4      5    19    24    2.3    8.6   10.9



>> Dihedral class substitution: chi2
   prot 1 --> prot 2; class on vert --> class on horiz

              1      2      3      4
      1      57     19      1     27
      2      14      9      1     11
      3       1      3      2      1
      4      25      7      1     41


   Summary (% does not count undefined):

   CODE   # ID # NID # TOT   % ID  % NID  % TOT
      1     57    47   104   39.0   32.2   71.2
      2      9    26    35    6.2   17.8   24.0
      3      2     5     7    1.4    3.4    4.8
   --------------------------------------------
   SUMS     68    78   146   46.6   53.4  100.0
   --------------------------------------------
      4     41    33    74   18.6   15.0   33.6



>> Dihedral class substitution: chi3
   prot 1 --> prot 2; class on vert --> class on horiz

              1      2      3      4
      1       7      1      0     27
      2       5      2      0      6
      3       3      1      0      6
      4      26      5      2    129


   Summary (% does not count undefined):

   CODE   # ID # NID # TOT   % ID  % NID  % TOT
      1      7    28    35   12.1   48.3   60.3
      2      2    11    13    3.4   19.0   22.4
      3      0    10    10    0.0   17.2   17.2
   --------------------------------------------
   SUMS      9    49    58   15.5   84.5  100.0
   --------------------------------------------
      4    129    33   162   58.6   15.0   73.6



>> Dihedral class substitution: chi4
   prot 1 --> prot 2; class on vert --> class on horiz

              1      2      3      4
      1       1      0      0      9
      2       1      1      1      3
      3       0      1      0      4
      4       6      2      2    189


   Summary (% does not count undefined):

   CODE   # ID # NID # TOT   % ID  % NID  % TOT
      1      1     9    10    4.8   42.9   47.6
      2      1     5     6    4.8   23.8   28.6
      3      0     5     5    0.0   23.8   23.8
   --------------------------------------------
   SUMS      2    19    21    9.5   90.5  100.0
   --------------------------------------------
      4    189    10   199   85.9    4.5   90.5



>> Dihedral class substitution: chi5
   prot 1 --> prot 2; class on vert --> class on horiz

              1      2      3      4
      1       0      0      0      0
      2       0      0      0      0
      3       0      0      0      0
      4       0      0      0    220


   Summary (% does not count undefined):

   CODE   # ID # NID # TOT   % ID  % NID  % TOT
      1      0     0     0    0.0    0.0    0.0
      2      0     0     0    0.0    0.0    0.0
      3      0     0     0    0.0    0.0    0.0
   --------------------------------------------
   SUMS      0     0     0    0.0    0.0    0.0
   --------------------------------------------
      4    220     0   220  100.0    0.0  100.0



>> Detailed comparison:


       Structure :  1
       Structure :  2
       ALN      ... alignment position
       RESID... ... residue numbers 1/2/3
       AAA      ... amino acid types 1/2/3
       MNC      ... mainchain classes 1/2/3
       ALP...   ... dihedral angle classes (alpha,phi,psi,...)

ALN RESIDUE_NUMBERS AAA MNC ALP PHI PSI OMG CH1 CH2 CH3 CH4 CH5 
---------------------------------------------------------------
  1       ----   3   -T  -U  -4  -4  -3  -1  -1  -4  -4  -4  -4
  2       ----   4   -L  -P  -2  -1  -3  -1  -2  -2  -4  -4  -4
  3       ----   5   -G  -L  -3  -2  -2  -1  -4  -4  -4  -4  -4
  4       ----   6   -A  -A  -2  -1  -1  -1  -4  -4  -4  -4  -4
  5       ----   7   -N  -A  -2  -3  -2  -1  -1  -1  -4  -4  -4
  6       ----   8   -A  -P  -3  -1  -3  -1  -4  -4  -4  -4  -4
  7        -2  ----  S-  U-  4-  4-  1-  1-  1-  4-  4-  4-  4-
  8        -1  ----  N-  B-  3-  3-  3-  1-  1-  1-  4-  4-  4-
  9         0  ----  A-  P-  3-  1-  3-  1-  4-  4-  4-  4-  4-
 10         1  ----  M-  A-  2-  1-  1-  1-  2-  1-  1-  4-  4-
 11         2  ----  A-  B-  3-  3-  3-  1-  4-  4-  4-  4-  4-
 12         3    9   FS  BP  33  31  33  11  12  24  44  44  44
 13         4   10   IL  BB  33  33  33  11  12  12  44  44  44
 14         5   11   QY  PP  33  11  33  11  22  31  14  44  44
 15         6   12   TS  BB  33  33  33  11  31  44  44  44  44
 16         7   13   DE  BB  33  33  33  11  13  11  41  44  44
 17         8   14   TQ  BB  33  33  33  11  11  41  41  44  44
 18         9   15   FH  BB  33  33  33  11  12  12  44  44  44
 19        10   16   TR  BB  33  31  33  11  12  42  41  43  44
 20        11   17   LI  PB  33  11  33  11  11  22  44  44  44
 21        12   18   RT  PP  33  13  33  11  12  14  14  14  44
 22        13   19   GY  AA  22  11  11  11  43  41  44  44  44
 23        14   20   YY  AA  22  11  11  11  33  11  44  44  44
 24        15   21   EE  AA  22  11  21  11  11  11  11  44  44
 25        16   22   CC  BB  33  33  33  11  11  44  44  44  44
 26        17   23   DD  PP  11  13  33  11  33  11  44  44  44
 27        18   24   AR  AA  22  11  11  11  43  41  42  41  44
 28        19   25   FT  AA  33  31  22  11  12  14  44  44  44
 29        20   26   GG  LL  32  22  22  11  44  44  44  44  44
 30        21   27   RR  PB  33  33  33  11  11  11  22  21  44
 31        22   28   MA  PP  33  11  33  11  24  14  34  44  44
 32        23   29   ST  PP  33  11  33  11  12  44  44  44  44
 33        24   30   IL  AA  22  11  11  11  11  11  44  44  44
 34        25   31   PT  AA  22  11  11  11  11  24  14  44  44
 35        26   32   AT  AA  22  11  11  11  41  44  44  44  44
 36        27   33   LL  AA  22  11  11  11  22  22  44  44  44
 37        28   34   MI  AA  22  11  11  11  11  12  24  44  44
 38        29   35   ND  AA  22  11  11  11  11  11  44  44  44
 39        30   36   LI  AA  22  11  11  11  12  11  44  44  44
 40        31   37   MA  AA  22  11  11  11  14  14  34  44  44
 41        32   38   QV  AA  22  11  11  11  11  14  24  44  44
 42        33   39   EL  AA  22  11  11  11  22  32  14  44  44
 43        34   40   SA  AA  22  11  11  11  24  44  44  44  44
 44        35   41   AS  AA  22  11  11  11  43  44  44  44  44
 45        36   42   NE  AA  22  11  11  11  11  11  41  44  44
 46        37   43   RD  AA  22  11  11  11  11  11  14  14  44
 47        38   44   NQ  AA  22  11  11  11  22  21  41  44  44
 48        39   45   AS  AA  22  11  11  11  42  44  44  44  44
 49        40   46   ID  AA  22  11  11  11  11  11  44  44  44
 50       ----  47   -A  -A  -2  -1  -1  -1  -4  -4  -4  -4  -4
 51        41   48   DL  AA  23  13  12  11  11  11  44  44  44
 52       ----  49   -G  -L  -3  -2  -2  -1  -4  -4  -4  -4  -4
 53        42  ----  Y-  A-  3-  1-  1-  1-  1-  1-  4-  4-  4-
 54        43   50   GL  LA  23  23  22  11  41  41  44  44  44
 55       ----  51   -T  -P  -3  -1  -3  -1  -2  -4  -4  -4  -4
 56        44  ----  I-  A-  3-  3-  2-  1-  2-  1-  4-  4-  4-
 57        45  ----  G-  P-  3-  1-  3-  1-  4-  4-  4-  4-  4-
 58        46   52   IT  AA  22  11  11  11  12  14  44  44  44
 59        47   53   AE  AA  22  11  11  11  42  44  41  44  44
 60        48   54   DM  AA  22  11  11  11  12  12  43  44  44
 61        49   55   LV  AA  22  11  11  11  11  24  44  44  44
 62        50   56   AQ  AA  22  11  11  11  41  41  41  44  44
 63        51   57   QS  AA  22  11  11  11  11  14  14  44  44
 64        52   58   KH  AA  33  33  22  11  11  12  14  34  44
 65        53   59   GG  LL  22  22  22  11  44  44  44  44  44
 66        54   60   VV  BB  33  33  33  11  22  44  44  44  44
 67        55   61   GG  BB  33  33  33  11  44  44  44  44  44
 68        56   62   WW  PP  33  11  33  11  11  11  44  44  44
 69        57   63   MV  BB  33  33  33  11  21  14  34  44  44
 70        58   64   LV  PP  33  11  33  11  23  24  44  44  44
 71        59   65   MT  AA  22  33  11  11  22  14  34  44  44
 72        60   66   RQ  BB  33  33  33  11  11  21  21  34  44
 73        61   67   FY  BB  33  33  33  11  21  11  44  44  44
 74        62   68   CA  BB  33  33  33  11  24  44  44  44  44
 75        63   69   LI  BB  33  33  33  11  21  21  44  44  44
 76        64   70   RD  BB  33  33  33  11  11  11  24  14  44
 77        65   71   II  BB  33  33  33  11  11  33  44  44  44
 78        66   72   HT  AA  11  13  11  11  11  14  44  44  44
 79        67   73   QR  BB  33  33  33  11  22  11  12  41  44
 80        68   74   YM  PP  33  11  33  11  11  22  41  44  44
 81        69   75   PP  PP  33  11  22  11  21  12  21  44  44
 82        70   76   RR  BP  11  33  33  11  11  11  32  32  44
 83        71   77   YQ  PP  22  11  33  11  22  21  41  44  44
 84        72   78   GD  LL  33  22  22  11  41  41  44  44  44
 85        73   79   DE  PP  33  11  33  11  12  11  41  44  44
 86        74   80   TV  BB  33  33  33  11  11  44  44  44  44
 87        75   81   IV  BP  33  33  33  11  22  14  44  44  44
 88        76   82   QT  BB  33  33  33  11  21  14  14  44  44
 89        77   83   LI  BB  33  33  33  11  21  13  44  44  44
 90        78   84   MA  BB  33  33  33  11  14  14  14  44  44
 91        79   85   TV  BB  33  33  33  11  33  44  44  44  44
 92        80   86   YR  BB  33  33  33  11  32  21  43  41  44
 93        81   87   PG  PB  33  11  22  11  34  24  14  44  44
 94        82   88   TS  AA  21  31  11  11  22  44  44  44  44
 95        83   89   TA  BB  33  33  33  11  24  44  44  44  44
 96        84   90   VY  BB  33  33  33  11  33  41  44  44  44
 97        85   91   DN  PP  11  33  33  11  33  11  44  44  44
 98        86   92   KP  AA  22  11  11  11  21  12  11  14  44
 99        87   93   YY  AA  22  33  11  11  11  11  44  44  44
100        88   94   FF  BB  33  33  33  11  11  11  44  44  44
101        89   95   IA  BB  33  33  33  11  34  14  44  44  44
102        90   96   HY  BB  33  33  33  11  12  12  44  44  44
103        91   97   RR  BB  33  33  33  11  22  11  22  22  44
104        92   98   DE  BB  33  33  33  11  11  11  41  44  44
105        93   99   FF  BB  33  33  33  11  11  22  44  44  44
106        94  100   RW  BB  33  33  33  11  11  12  14  24  44
107        95  101   VI  BB  33  33  33  11  11  42  44  44  44
108        96  102   LR  BB  33  33  33  11  11  11  41  42  44
109        97  103   AD  PP  31  11  33  11  43  41  44  44  44
110        98  104   TA  AA  22  11  11  11  14  44  44  44  44
111        99  105   DD  AA  33  11  11  11  21  11  44  44  44
112       100  106   GG  LL  33  22  22  11  44  44  44  44  44
113       101  107   TQ  PP  33  11  33  11  11  41  41  44  44
114       102  108   LQ  BP  33  11  33  11  22  21  41  44  44
115       103  109   LL  AA  12  13  11  11  11  11  44  44  44
116       104  110   AA  BB  33  33  33  11  44  44  44  44  44
117       105  111   DY  BB  33  33  33  11  32  12  44  44  44
118       106  112   AI  BB  33  33  33  11  41  41  44  44  44
119       107  113   RT  BB  33  33  33  11  12  14  24  14  44
120       108  114   SS  BB  33  33  33  11  11  44  44  44  44
121       109  115   TI  BB  33  33  33  11  11  42  44  44  44
122       110  116   WW  BB  33  33  33  11  11  11  44  44  44
123       111  117   LV  BB  33  33  33  11  32  24  44  44  44
124       112  118   VM  BB  33  33  33  11  12  41  41  44  44
125       113  119   FM  BB  33  33  33  11  22  23  42  44  44
126       114  120   SS  BP  33  11  33  11  33  44  44  44  44
127       115  121   MQ  AA  22  11  11  11  11  12  31  44  44
128       116  122   ET  AA  22  13  11  11  22  14  14  44  44
129       117  123   KT  AA  33  31  11  11  12  34  24  14  44
130       118  124   RR  LL  22  22  22  11  21  32  34  14  44
131       119  125   SR  BB  13  33  33  11  11  44  44  44  44
132       120  126   MI  PP  33  11  33  11  21  11  34  44  44
133       121  127   VV  BB  11  33  33  11  22  44  44  44  44
134       122  128   PK  PP  33  11  23  11  11  21  11  41  44
135       123  129   LI  PP  33  11  33  11  11  11  44  44  44
136       124  130   PL  PB  33  11  23  11  11  21  14  44  44
137       125  131   DP  AA  22  11  11  11  12  11  42  44  44
138       126  132   FE  AA  22  11  11  11  33  12  41  44  44
139       ---- 133   -L  -A  -2  -3  -1  -1  -1  -1  -4  -4  -4
140       127  134   IV  AA  22  33  11  11  12  14  44  44  44
141       128  ----  R-  A-  2-  1-  1-  1-  1-  2-  2-  2-  4-
142       129  ----  Q-  A-  2-  1-  1-  1-  1-  1-  1-  4-  4-
143       130  135   LA  PA  32  11  31  11  34  24  44  44  44
144       ---- 136   -P  -A  -2  -1  -1  -1  -1  -2  -1  -4  -4
145       ---- 137   -Y  -A  -3  -1  -1  -1  -1  -1  -4  -4  -4
146       131  138   SQ  BL  33  32  32  11  21  42  41  44  44
147       132  139   PS  PP  13  11  23  11  12  24  14  44  44
148       ---- 140   -E  -B  -3  -1  -3  -1  -2  -1  -1  -4  -4
149       ---- 141   -V  -P  -3  -1  -3  -1  -3  -4  -4  -4  -4
150       ---- 142   -V  -B  -3  -3  -3  -1  -2  -4  -4  -4  -4
151       ---- 143   -K  -A  -2  -1  -1  -1  -1  -1  -1  -2  -4
152       ---- 144   -R  -B  -3  -3  -3  -1  -2  -4  -4  -4  -4
153       ---- 145   -I  -P  -3  -1  -3  -1  -3  -3  -4  -4  -4
154       ---- 146   -P  -P  -3  -1  -2  -1  -1  -2  -1  -4  -4
155       ---- 147   -R  -P  -3  -3  -3  -1  -1  -1  -4  -4  -4
156       133  ----  P-  P-  3-  1-  2-  1-  2-  1-  2-  4-  4-
157       134  ----  A-  P-  2-  1-  3-  1-  4-  4-  4-  4-  4-
158       135  ----  N-  L-  2-  2-  2-  1-  1-  1-  4-  4-  4-
159       136  ----  V-  B-  3-  3-  3-  1-  2-  4-  4-  4-  4-
160       137  ----  D-  B-  3-  3-  3-  1-  2-  1-  4-  4-  4-
161       138  ----  P-  P-  3-  1-  2-  1-  2-  1-  2-  4-  4-
162       139  ----  L-  P-  1-  1-  3-  1-  1-  1-  4-  4-  4-
163       140  ----  P-  P-  1-  1-  2-  1-  1-  2-  1-  4-  4-
164       141  ----  A-  P-  3-  1-  3-  1-  4-  4-  4-  4-  4-
165       142  148   LL  BB  33  33  33  11  21  22  44  44  44
166       ---- 149   -P  -P  -3  -1  -2  -1  -3  -1  -2  -4  -4
167       143  ----  P-  P-  3-  1-  2-  1-  1-  2-  1-  4-  4-
168       144  ----  L-  A-  2-  1-  1-  1-  2-  2-  4-  4-  4-
169       145  ----  K-  B-  3-  3-  3-  1-  2-  1-  2-  2-  4-
170       146  150   PR  PP  33  11  23  11  21  11  21  44  44
171       ---- 151   -P  -P  -1  -1  -2  -1  -1  -2  -1  -4  -4
172       147  ----  D-  A-  2-  1-  1-  1-  1-  1-  4-  4-  4-
173       148  152   FI  AP  23  11  13  11  31  21  44  44  44
174       149  ----  Q-  A-  2-  1-  1-  1-  1-  1-  1-  4-  4-
175       150  153   TS  AP  33  11  13  11  13  44  44  44  44
176       151  154   AF  PP  33  11  33  11  42  42  44  44  44
177       152  155   SE  BB  33  33  33  11  31  42  41  44  44
178       153  156   FA  AP  33  31  23  11  14  24  44  44  44
179       ---- 157   -T  -B  -3  -3  -3  -1  -2  -4  -4  -4  -4
180       ---- 158   -D  -A  -2  -1  -1  -1  -1  -1  -4  -4  -4
181       ---- 159   -T  -A  -3  -3  -2  -1  -2  -4  -4  -4  -4
182       154  ----  A-  A-  2-  1-  1-  1-  4-  4-  4-  4-  4-
183       155  ----  T-  A-  2-  3-  1-  1-  2-  4-  4-  4-  4-
184       156  160   AT  PP  33  11  33  11  41  44  44  44  44
185       ---- 161   -I  -P  -3  -3  -3  -1  -1  -1  -4  -4  -4
186       157  ----  A-  P-  3-  1-  3-  1-  4-  4-  4-  4-  4-
187       158  162   ST  BB  33  33  33  11  21  44  44  44  44
188       159  163   KK  BB  33  33  33  11  21  11  11  11  44
189       160  164   SP  BP  33  31  32  11  32  41  42  44  44
190       161  165   VY  BB  33  33  33  11  21  41  44  44  44
191       162  166   QH  BB  33  33  33  11  21  12  14  44  44
192       163  167   VV  PB  33  11  33  11  11  44  44  44  44
193       164  168   GR  PP  33  13  33  11  41  41  41  41  44
194       165  169   WF  AA  22  11  11  11  22  22  44  44  44
195       166  170   LF  AA  22  11  11  11  11  11  44  44  44
196       167  171   ND  AA  22  11  21  11  11  21  44  44  44
197       168  172   II  PB  33  33  33  11  11  22  44  44  44
198       169  173   DD  PP  31  11  33  11  33  11  44  44  44
199       170  174   QP  AA  22  11  11  11  31  12  11  44  44
200       171  175   NN  AA  33  31  22  11  13  11  44  44  44
201       172  176   QR  LL  22  22  22  11  11  11  21  43  44
202       173  177   HH  BB  31  33  33  11  11  22  44  44  44
203       174  178   VV  PP  33  11  33  11  13  44  44  44  44
204       175  179   NN  PB  33  11  33  11  22  11  44  44  44
205       176  180   NN  AA  22  11  11  11  11  11  44  44  44
206       177  181   VA  AA  22  11  11  11  14  44  44  44  44
207       178  182   AH  AA  22  11  11  11  41  41  44  44  44
208       179  183   YY  AA  22  11  11  11  11  12  44  44  44
209       180  184   VF  AA  22  11  11  11  11  41  44  44  44
210       181  185   QD  AA  22  11  11  11  11  11  14  44  44
211       182  186   WW  AA  22  11  11  11  11  33  44  44  44
212       183  187   LL  AA  22  11  11  11  21  11  44  44  44
213       184  188   LV  AA  22  11  11  11  11  14  44  44  44
214       185  189   ED  AA  22  11  11  11  12  21  14  44  44
215       186  190   GT  AA  22  11  21  11  41  44  44  44  44
216       187  191   VL  PP  33  11  33  11  11  41  44  44  44
217       188  192   DP  PP  33  11  32  11  12  11  42  44  44
218       189  193   SA  AA  22  11  11  11  24  44  44  44  44
219       190  194   ET  AA  22  11  11  11  22  14  14  44  44
220       191  195   IF  AA  22  11  11  11  12  11  44  44  44
221       192  196   VL  AA  22  11  11  11  11  41  44  44  44
222       193  197   QL  AA  22  11  11  11  11  11  14  44  44
223       194  198   TQ  AA  22  33  12  11  23  41  41  44  44
224       195  199   RH  BB  33  33  33  11  11  22  14  24  44
225       196  200   ED  BB  33  33  33  11  31  11  14  44  44
226       197  201   IL  PP  33  11  33  11  11  11  44  44  44
227       198  202   AV  AA  21  33  11  11  41  44  44  44  44
228       199  203   EH  BB  33  33  33  11  22  12  14  44  44
229       200  204   IV  BB  33  33  33  11  31  14  44  44  44
230       201  205   DD  BB  33  33  33  11  21  11  44  44  44
231       202  206   LV  BB  33  33  33  11  11  14  44  44  44
232       203  207   VR  BB  33  33  33  11  12  41  41  42  44
233       204  208   YY  PB  33  33  33  11  11  11  44  44  44
234       205  209   RE  AA  22  33  11  11  11  21  21  24  44
235       206  210   TN  PB  33  13  33  11  11  41  44  44  44
236       207  211   EE  PP  33  11  33  11  12  21  11  44  44
237       208  212   SV  BB  33  33  33  11  11  44  44  44  44
238       209  213   HK  BB  11  33  33  11  11  11  44  44  44
239       210  214   WY  PP  22  11  33  11  22  32  44  44  44
240       211  215   HG  LL  33  22  12  11  14  14  44  44  44
241       212  216   DQ  PP  33  11  33  11  11  11  41  44  44
242       213  217   WT  BB  33  13  33  11  11  14  44  44  44
243       214  218   LV  BP  33  33  33  11  12  14  44  44  44
244       215  219   ST  BB  33  33  33  11  21  44  44  44  44
245       216  220   VA  BB  33  33  33  11  14  44  44  44  44
246       217  221   QH  BB  33  33  33  11  11  11  14  44  44
247       218  222   SA  BB  33  33  33  11  14  44  44  44  44
248       219  223   VN  BB  33  33  33  11  11  41  44  44  44
249       220  224   TI  PB  33  13  33  11  11  41  44  44  44
250       221  225   EL  AB  13  33  13  11  21  11  14  44  44
251       222  226   TP  BP  13  31  32  11  33  42  41  44  44
252       ---- 227   -S  -B  -3  -3  -3  -1  -3  -4  -4  -4  -4
253       ---- 228   -E  -A  -2  -1  -1  -1  -4  -4  -1  -4  -4
254       ---- 229   -V  -P  -3  -1  -3  -1  -1  -4  -4  -4  -4
255       ---- 230   -A  -P  -2  -1  -3  -1  -4  -4  -4  -4  -4
256       ---- 231   -D  -L  -2  -2  -2  -1  -2  -2  -4  -4  -4
257       ---- 232   -Q  -B  -3  -3  -3  -1  -1  -1  -1  -4  -4
258       223  ----  D-  A-  2-  1-  1-  1-  1-  1-  4-  4-  4-
259       224  233   NV  AB  23  33  23  11  13  14  44  44  44
260       225  234   ST  BB  33  33  33  11  11  44  44  44  44
261       226  235   VT  BB  33  33  33  11  12  44  44  44  44
262       227  236   LS  BB  33  33  33  11  13  14  44  44  44
263       228  237   HH  BB  33  33  33  11  11  11  44  44  44
264       229  238   RL  BB  33  33  33  11  22  12  14  14  44
265       230  239   II  BB  33  33  33  11  11  12  44  44  44
266       231  240   SE  BB  33  33  33  11  13  43  41  44  44
267       232  241   QV  PB  31  13  33  11  11  24  14  44  44
268       233  ----  T-  A-  2-  1-  1-  1-  1-  4-  4-  4-  4-
269       234  242   ED  AL  21  12  12  11  11  21  14  44  44
270       235  ----  S-  A-  3-  1-  1-  1-  1-  4-  4-  4-  4-
271       236  243   GD  LL  33  22  22  11  41  41  44  44  44
272       237  244   KE  PB  33  13  33  11  12  11  31  34  44
273       238  245   DK  PP  33  11  33  11  11  11  41  41  44
274       239  246   VC  AA  22  33  11  11  11  44  44  44  44
275       240  247   LC  BB  33  33  33  11  22  24  44  44  44
276       241  248   LE  BB  33  33  33  11  11  11  41  44  44
277       242  249   AV  BB  33  33  33  11  41  44  44  44  44
278       243  250   RT  BB  33  33  33  11  21  14  24  14  44
279       244  251   SI  BB  33  33  33  11  11  41  44  44  44
280       245  252   RQ  BB  33  33  33  11  21  12  31  34  44
281       246  253   WW  BB  43  33  33  11  11  11  44  44  44
282       247  254   RR  UB  43  33  43  41  33  11  11  23  44
283       ---- 255   -T  -P  -3  -1  -3  -1  -1  -4  -4  -4  -4
284       ---- 256   -L  -P  -3  -1  -3  -1  -1  -1  -4  -4  -4
285       ---- 257   -P  -A  -4  -1  -1  -1  -2  -1  -2  -4  -4
286       ---- 258   -E  -U  -4  -3  -4  -4  -2  -2  -1  -4  -4

Sequence identity comparison (ID_TABLE):

   Diagonal       ... number of residues;
   Upper triangle ... number of identical residues;
   Lower triangle ... % sequence identity, id/min(length).

         tseq1A@1tseq2A@2
tseq1A@1      250      47
tseq2A@2       19     256


Weighted pair-group average clustering based on a distance matrix:


Total CPU time [seconds]                                 :       1.22
