
                         MODELLER 9.17, 2016/07/02, r10881

     PROTEIN STRUCTURE MODELLING BY SATISFACTION OF SPATIAL RESTRAINTS


                     Copyright(c) 1989-2016 Andrej Sali
                            All Rights Reserved

                             Written by A. Sali
                               with help from
              B. Webb, M.S. Madhusudhan, M-Y. Shen, G.Q. Dong,
          M.A. Marti-Renom, N. Eswar, F. Alber, M. Topf, B. Oliva,
             A. Fiser, R. Sanchez, B. Yerkovich, A. Badretdinov,
                     F. Melo, J.P. Overington, E. Feyfant
                 University of California, San Francisco, USA
                    Rockefeller University, New York, USA
                      Harvard University, Cambridge, USA
                   Imperial Cancer Research Fund, London, UK
              Birkbeck College, University of London, London, UK


Kind, OS, HostName, Kernel, Processor: 4, Windows Vista build 7601 Service Pack 1, SAI-PC, SMP, unknown
Date and time of compilation         : 2016/07/01 22:06:57
MODELLER executable type             : x86_64-w64
Job starting time (YY/MM/DD HH:MM:SS): 2016/11/16 00:08:46


check_ali___> Checking the sequence-structure alignment. 

Implied intrachain target CA(i)-CA(i+1) distances longer than  8.0 angstroms:

ALN_POS  TMPL  RID1  RID2  NAM1  NAM2     DIST
----------------------------------------------
END OF TABLE
read_to_681_> topology.submodel read from topology file:        3
mdtrsr__446W> A potential that relies on one protein is used, yet you have at
              least one known structure available. MDT, not library, potential is used.
0 atoms in HETATM/BLK residues constrained
to protein atoms within 2.30 angstroms
and protein CA atoms within 10.00 angstroms
0 atoms in residues without defined topology
constrained to be rigid bodies
condens_443_> Restraints marked for deletion were removed.
              Total number of restraints before, now:    26378    24616
iupac_m_397W> Atoms were not swapped because of the uncertainty of how to handle the H atom.
iupac_m_397W> Atoms were not swapped because of the uncertainty of how to handle the H atom.
iupac_m_397W> Atoms were not swapped because of the uncertainty of how to handle the H atom.
>> Model assessment by DOPE potential
iatmcls_286W> MODEL atom not classified:  ARG:OXT  ARG


>> ENERGY; Differences between the model's features and restraints:
Number of all residues in MODEL                   :      247
Number of all, selected real atoms                :     1989    1989
Number of all, selected pseudo atoms              :        0       0
Number of all static, selected restraints         :    24616   24616
COVALENT_CYS                                      :        F
NONBONDED_SEL_ATOMS                               :        1
Number of non-bonded pairs (excluding 1-2,1-3,1-4):   379901
Dynamic pairs routine                             : 1, NATM x NATM double loop
Atomic shift for contacts update (UPDATE_DYNAMIC) :    0.390
LENNARD_JONES_SWITCH                              :    6.500   7.500
COULOMB_JONES_SWITCH                              :    6.500   7.500
RESIDUE_SPAN_RANGE                                :        1    9999
NLOGN_USE                                         :       15
CONTACT_SHELL                                     :   15.000
DYNAMIC_PAIRS,_SPHERE,_COULOMB,_LENNARD,_MODELLER :        T       F       F       F       T
SPHERE_STDV                                       :    0.050
RADII_FACTOR                                      :    0.820
Current energy                                    :      -29520.3379




<< end of ENERGY.
DOPE score               : -29520.337891
>> Model assessment by GA341 potential

Surface library          : C:\Program Files\Modeller9.17/modlib/surf5.de
Pair library             : C:\Program Files\Modeller9.17/modlib/pair9.de
Chain identifier         : _
% sequence identity      :   100.000000
Sequence length          :          247
Compactness              :     0.360408
Native energy (pair)     :  -149.981890
Native energy (surface)  :   -13.256107
Native energy (combined) :    -7.817762
Z score (pair)           :    -7.013604
Z score (surface)        :    -7.273487
Z score (combined)       :   -10.313622
GA341 score              :     1.000000



>> ENERGY; Differences between the model's features and restraints:
Number of all residues in MODEL                   :      247
Number of all, selected real atoms                :     1989    1989
Number of all, selected pseudo atoms              :        0       0
Number of all static, selected restraints         :    24616   24616
COVALENT_CYS                                      :        F
NONBONDED_SEL_ATOMS                               :        1
Number of non-bonded pairs (excluding 1-2,1-3,1-4):     4061
Dynamic pairs routine                             : 2, NATM x NATM cell sorting
Atomic shift for contacts update (UPDATE_DYNAMIC) :    0.390
LENNARD_JONES_SWITCH                              :    6.500   7.500
COULOMB_JONES_SWITCH                              :    6.500   7.500
RESIDUE_SPAN_RANGE                                :        0   99999
NLOGN_USE                                         :       15
CONTACT_SHELL                                     :    4.000
DYNAMIC_PAIRS,_SPHERE,_COULOMB,_LENNARD,_MODELLER :        T       T       F       F       F
SPHERE_STDV                                       :    0.050
RADII_FACTOR                                      :    0.820
Current energy                                    :        1250.1788





Summary of the restraint violations: 

   NUM     ... number of restraints.
   NUMVI   ... number of restraints with RVIOL > VIOL_REPORT_CUT[i].
   RVIOL   ... relative difference from the best value.
   NUMVP   ... number of restraints with -Ln(pdf) > VIOL_REPORT_CUT2[i].
   RMS_1   ... RMS(feature, minimally_violated_basis_restraint, NUMB).
   RMS_2   ... RMS(feature, best_value, NUMB).
   MOL.PDF ... scaled contribution to -Ln(Molecular pdf).

 #                     RESTRAINT_GROUP      NUM   NUMVI  NUMVP   RMS_1   RMS_2         MOL.PDF     S_i
------------------------------------------------------------------------------------------------------
 1 Bond length potential              :    2037       0      0   0.005   0.005      13.565       1.000
 2 Bond angle potential               :    2773       0      3   1.737   1.737      162.97       1.000
 3 Stereochemical cosine torsion poten:    1364       0     24  47.358  47.358      489.54       1.000
 4 Stereochemical improper torsion pot:     856       0      0   1.128   1.128      23.652       1.000
 5 Soft-sphere overlap restraints     :    4061       0      0   0.001   0.001     0.47545       1.000
 6 Lennard-Jones 6-12 potential       :       0       0      0   0.000   0.000      0.0000       1.000
 7 Coulomb point-point electrostatic p:       0       0      0   0.000   0.000      0.0000       1.000
 8 H-bonding potential                :       0       0      0   0.000   0.000      0.0000       1.000
 9 Distance restraints 1 (CA-CA)      :    4819       0      0   0.082   0.082      40.395       1.000
10 Distance restraints 2 (N-O)        :    4754       0      0   0.127   0.127      77.067       1.000
11 Mainchain Phi dihedral restraints  :       0       0      0   0.000   0.000      0.0000       1.000
12 Mainchain Psi dihedral restraints  :       0       0      0   0.000   0.000      0.0000       1.000
13 Mainchain Omega dihedral restraints:     246       0      2   3.849   3.849      42.975       1.000
14 Sidechain Chi_1 dihedral restraints:     217       0      0  44.714  44.714      5.5137       1.000
15 Sidechain Chi_2 dihedral restraints:     163       0      1  52.942  52.942      39.315       1.000
16 Sidechain Chi_3 dihedral restraints:      67       0      0  61.679  61.679      37.881       1.000
17 Sidechain Chi_4 dihedral restraints:      23       0      0  92.602  92.602      18.350       1.000
18 Disulfide distance restraints      :       0       0      0   0.000   0.000      0.0000       1.000
19 Disulfide angle restraints         :       0       0      0   0.000   0.000      0.0000       1.000
20 Disulfide dihedral angle restraints:       0       0      0   0.000   0.000      0.0000       1.000
21 Lower bound distance restraints    :       0       0      0   0.000   0.000      0.0000       1.000
22 Upper bound distance restraints    :       0       0      0   0.000   0.000      0.0000       1.000
23 Distance restraints 3 (SDCH-MNCH)  :    4338       0      0   0.350   0.350      98.575       1.000
24 Sidechain Chi_5 dihedral restraints:       0       0      0   0.000   0.000      0.0000       1.000
25 Phi/Psi pair of dihedral restraints:     245       2     12  20.712  21.943      26.159       1.000
26 Distance restraints 4 (SDCH-SDCH)  :    2714       0      2   0.672   0.672      173.75       1.000
27 Distance restraints 5 (X-Y)        :       0       0      0   0.000   0.000      0.0000       1.000
28 NMR distance restraints 6 (X-Y)    :       0       0      0   0.000   0.000      0.0000       1.000
29 NMR distance restraints 7 (X-Y)    :       0       0      0   0.000   0.000      0.0000       1.000
30 Minimal distance restraints        :       0       0      0   0.000   0.000      0.0000       1.000
31 Non-bonded restraints              :       0       0      0   0.000   0.000      0.0000       1.000
32 Atomic accessibility restraints    :       0       0      0   0.000   0.000      0.0000       1.000
33 Atomic density restraints          :       0       0      0   0.000   0.000      0.0000       1.000
34 Absolute position restraints       :       0       0      0   0.000   0.000      0.0000       1.000
35 Dihedral angle difference restraint:       0       0      0   0.000   0.000      0.0000       1.000
36 GBSA implicit solvent potential    :       0       0      0   0.000   0.000      0.0000       1.000
37 EM density fitting potential       :       0       0      0   0.000   0.000      0.0000       1.000
38 SAXS restraints                    :       0       0      0   0.000   0.000      0.0000       1.000
39 Symmetry restraints                :       0       0      0   0.000   0.000      0.0000       1.000



# Heavy relative violation of each residue is written to: qseq1.V99990001
# The profile is NOT normalized by the number of restraints.
# The profiles are smoothed over a window of residues:    1
# The sum of all numbers in the file:   18323.3047



List of the violated restraints:
   A restraint is violated when the relative difference
   from the best value (RVIOL) is larger than CUTOFF.

   ICSR   ... index of a restraint in the current set.
   RESNO  ... residue numbers of the first two atoms.
   ATM    ... IUPAC atom names of the first two atoms.
   FEAT   ... the value of the feature in the model.
   restr  ... the mean of the basis restraint with the smallest
              difference from the model (local minimum).
   viol   ... difference from the local minimum.
   rviol  ... relative difference from the local minimum.
   RESTR  ... the best value (global minimum).
   VIOL   ... difference from the best value.
   RVIOL  ... relative difference from the best value.


-------------------------------------------------------------------------------------------------

Feature 25                           : Phi/Psi pair of dihedral restraints     
List of the RVIOL violations larger than   :       6.5000

    #   ICSR  RESNO1/2 ATM1/2   INDATM1/2    FEAT   restr    viol   rviol   RESTR    VIOL   RVIOL
    1   7073  43G  44I C   N     336  338  -84.10  -63.40   43.41    6.61  -63.40   43.41    6.61
    1         44I  44I N   CA    338  339   -5.45  -43.60                  -43.60
    2   7253 223D 224N C   N    1790 1792 -123.37 -119.90   96.25    4.45  -63.20  101.64   10.99
    2        224N 224N N   CA   1792 1793   40.81  137.00                  -41.10


report______> Distribution of short non-bonded contacts:


DISTANCE1:  0.00 2.10 2.20 2.30 2.40 2.50 2.60 2.70 2.80 2.90 3.00 3.10 3.20 3.30 3.40
DISTANCE2:  2.10 2.20 2.30 2.40 2.50 2.60 2.70 2.80 2.90 3.00 3.10 3.20 3.30 3.40 3.50
FREQUENCY:     0    0    0    0    0    4   12   59  117  155  159  201  253  271  289


<< end of ENERGY.
iupac_m_397W> Atoms were not swapped because of the uncertainty of how to handle the H atom.
iupac_m_397W> Atoms were not swapped because of the uncertainty of how to handle the H atom.
iupac_m_484W> Dihedral still outside +-90:       90.1822
>> Model assessment by DOPE potential
iatmcls_286W> MODEL atom not classified:  ARG:OXT  ARG


>> ENERGY; Differences between the model's features and restraints:
Number of all residues in MODEL                   :      247
Number of all, selected real atoms                :     1989    1989
Number of all, selected pseudo atoms              :        0       0
Number of all static, selected restraints         :    24616   24616
COVALENT_CYS                                      :        F
NONBONDED_SEL_ATOMS                               :        1
Number of non-bonded pairs (excluding 1-2,1-3,1-4):   381378
Dynamic pairs routine                             : 1, NATM x NATM double loop
Atomic shift for contacts update (UPDATE_DYNAMIC) :    0.390
LENNARD_JONES_SWITCH                              :    6.500   7.500
COULOMB_JONES_SWITCH                              :    6.500   7.500
RESIDUE_SPAN_RANGE                                :        1    9999
NLOGN_USE                                         :       15
CONTACT_SHELL                                     :   15.000
DYNAMIC_PAIRS,_SPHERE,_COULOMB,_LENNARD,_MODELLER :        T       F       F       F       T
SPHERE_STDV                                       :    0.050
RADII_FACTOR                                      :    0.820
Current energy                                    :      -29355.9336




<< end of ENERGY.
DOPE score               : -29355.933594
>> Model assessment by GA341 potential

Surface library          : C:\Program Files\Modeller9.17/modlib/surf5.de
Pair library             : C:\Program Files\Modeller9.17/modlib/pair9.de
Chain identifier         : _
% sequence identity      :   100.000000
Sequence length          :          247
Compactness              :     0.363373
Native energy (pair)     :  -146.202990
Native energy (surface)  :   -13.033294
Native energy (combined) :    -7.200073
Z score (pair)           :    -6.214350
Z score (surface)        :    -7.118021
Z score (combined)       :    -8.696010
GA341 score              :     1.000000



>> ENERGY; Differences between the model's features and restraints:
Number of all residues in MODEL                   :      247
Number of all, selected real atoms                :     1989    1989
Number of all, selected pseudo atoms              :        0       0
Number of all static, selected restraints         :    24616   24616
COVALENT_CYS                                      :        F
NONBONDED_SEL_ATOMS                               :        1
Number of non-bonded pairs (excluding 1-2,1-3,1-4):     4109
Dynamic pairs routine                             : 2, NATM x NATM cell sorting
Atomic shift for contacts update (UPDATE_DYNAMIC) :    0.390
LENNARD_JONES_SWITCH                              :    6.500   7.500
COULOMB_JONES_SWITCH                              :    6.500   7.500
RESIDUE_SPAN_RANGE                                :        0   99999
NLOGN_USE                                         :       15
CONTACT_SHELL                                     :    4.000
DYNAMIC_PAIRS,_SPHERE,_COULOMB,_LENNARD,_MODELLER :        T       T       F       F       F
SPHERE_STDV                                       :    0.050
RADII_FACTOR                                      :    0.820
Current energy                                    :        1209.1146





Summary of the restraint violations: 

   NUM     ... number of restraints.
   NUMVI   ... number of restraints with RVIOL > VIOL_REPORT_CUT[i].
   RVIOL   ... relative difference from the best value.
   NUMVP   ... number of restraints with -Ln(pdf) > VIOL_REPORT_CUT2[i].
   RMS_1   ... RMS(feature, minimally_violated_basis_restraint, NUMB).
   RMS_2   ... RMS(feature, best_value, NUMB).
   MOL.PDF ... scaled contribution to -Ln(Molecular pdf).

 #                     RESTRAINT_GROUP      NUM   NUMVI  NUMVP   RMS_1   RMS_2         MOL.PDF     S_i
------------------------------------------------------------------------------------------------------
 1 Bond length potential              :    2037       0      0   0.005   0.005      12.238       1.000
 2 Bond angle potential               :    2773       0      3   1.712   1.712      157.83       1.000
 3 Stereochemical cosine torsion poten:    1364       0     24  47.255  47.255      484.70       1.000
 4 Stereochemical improper torsion pot:     856       0      0   1.091   1.091      22.468       1.000
 5 Soft-sphere overlap restraints     :    4109       0      0   0.001   0.001     0.47243       1.000
 6 Lennard-Jones 6-12 potential       :       0       0      0   0.000   0.000      0.0000       1.000
 7 Coulomb point-point electrostatic p:       0       0      0   0.000   0.000      0.0000       1.000
 8 H-bonding potential                :       0       0      0   0.000   0.000      0.0000       1.000
 9 Distance restraints 1 (CA-CA)      :    4819       0      0   0.081   0.081      39.052       1.000
10 Distance restraints 2 (N-O)        :    4754       0      0   0.126   0.126      75.739       1.000
11 Mainchain Phi dihedral restraints  :       0       0      0   0.000   0.000      0.0000       1.000
12 Mainchain Psi dihedral restraints  :       0       0      0   0.000   0.000      0.0000       1.000
13 Mainchain Omega dihedral restraints:     246       0      2   3.771   3.771      41.254       1.000
14 Sidechain Chi_1 dihedral restraints:     217       0      0  49.869  49.869      1.0960       1.000
15 Sidechain Chi_2 dihedral restraints:     163       0      0  53.992  53.992      40.378       1.000
16 Sidechain Chi_3 dihedral restraints:      67       0      0  66.402  66.402      42.025       1.000
17 Sidechain Chi_4 dihedral restraints:      23       0      0 101.375 101.375      18.976       1.000
18 Disulfide distance restraints      :       0       0      0   0.000   0.000      0.0000       1.000
19 Disulfide angle restraints         :       0       0      0   0.000   0.000      0.0000       1.000
20 Disulfide dihedral angle restraints:       0       0      0   0.000   0.000      0.0000       1.000
21 Lower bound distance restraints    :       0       0      0   0.000   0.000      0.0000       1.000
22 Upper bound distance restraints    :       0       0      0   0.000   0.000      0.0000       1.000
23 Distance restraints 3 (SDCH-MNCH)  :    4338       0      0   0.352   0.352      99.178       1.000
24 Sidechain Chi_5 dihedral restraints:       0       0      0   0.000   0.000      0.0000       1.000
25 Phi/Psi pair of dihedral restraints:     245       2     12  20.547  22.011      22.628       1.000
26 Distance restraints 4 (SDCH-SDCH)  :    2714       0      2   0.623   0.623      151.08       1.000
27 Distance restraints 5 (X-Y)        :       0       0      0   0.000   0.000      0.0000       1.000
28 NMR distance restraints 6 (X-Y)    :       0       0      0   0.000   0.000      0.0000       1.000
29 NMR distance restraints 7 (X-Y)    :       0       0      0   0.000   0.000      0.0000       1.000
30 Minimal distance restraints        :       0       0      0   0.000   0.000      0.0000       1.000
31 Non-bonded restraints              :       0       0      0   0.000   0.000      0.0000       1.000
32 Atomic accessibility restraints    :       0       0      0   0.000   0.000      0.0000       1.000
33 Atomic density restraints          :       0       0      0   0.000   0.000      0.0000       1.000
34 Absolute position restraints       :       0       0      0   0.000   0.000      0.0000       1.000
35 Dihedral angle difference restraint:       0       0      0   0.000   0.000      0.0000       1.000
36 GBSA implicit solvent potential    :       0       0      0   0.000   0.000      0.0000       1.000
37 EM density fitting potential       :       0       0      0   0.000   0.000      0.0000       1.000
38 SAXS restraints                    :       0       0      0   0.000   0.000      0.0000       1.000
39 Symmetry restraints                :       0       0      0   0.000   0.000      0.0000       1.000



# Heavy relative violation of each residue is written to: qseq1.V99990002
# The profile is NOT normalized by the number of restraints.
# The profiles are smoothed over a window of residues:    1
# The sum of all numbers in the file:   18468.7578



List of the violated restraints:
   A restraint is violated when the relative difference
   from the best value (RVIOL) is larger than CUTOFF.

   ICSR   ... index of a restraint in the current set.
   RESNO  ... residue numbers of the first two atoms.
   ATM    ... IUPAC atom names of the first two atoms.
   FEAT   ... the value of the feature in the model.
   restr  ... the mean of the basis restraint with the smallest
              difference from the model (local minimum).
   viol   ... difference from the local minimum.
   rviol  ... relative difference from the local minimum.
   RESTR  ... the best value (global minimum).
   VIOL   ... difference from the best value.
   RVIOL  ... relative difference from the best value.


-------------------------------------------------------------------------------------------------

Feature 25                           : Phi/Psi pair of dihedral restraints     
List of the RVIOL violations larger than   :       6.5000

    #   ICSR  RESNO1/2 ATM1/2   INDATM1/2    FEAT   restr    viol   rviol   RESTR    VIOL   RVIOL
    1   7073  43G  44I C   N     336  338  -84.01  -63.40   42.92    6.53  -63.40   42.92    6.53
    1         44I  44I N   CA    338  339   -5.95  -43.60                  -43.60
    2   7253 223D 224N C   N    1790 1792 -127.57 -119.90   91.48    4.33  -63.20  108.18   11.70
    2        224N 224N N   CA   1792 1793   45.84  137.00                  -41.10


report______> Distribution of short non-bonded contacts:


DISTANCE1:  0.00 2.10 2.20 2.30 2.40 2.50 2.60 2.70 2.80 2.90 3.00 3.10 3.20 3.30 3.40
DISTANCE2:  2.10 2.20 2.30 2.40 2.50 2.60 2.70 2.80 2.90 3.00 3.10 3.20 3.30 3.40 3.50
FREQUENCY:     0    0    0    0    0    5   19   62  118  150  177  196  260  286  297


<< end of ENERGY.
>> Model assessment by DOPE potential
iatmcls_286W> MODEL atom not classified:  ARG:OXT  ARG


>> ENERGY; Differences between the model's features and restraints:
Number of all residues in MODEL                   :      247
Number of all, selected real atoms                :     1989    1989
Number of all, selected pseudo atoms              :        0       0
Number of all static, selected restraints         :    24616   24616
COVALENT_CYS                                      :        F
NONBONDED_SEL_ATOMS                               :        1
Number of non-bonded pairs (excluding 1-2,1-3,1-4):   379731
Dynamic pairs routine                             : 1, NATM x NATM double loop
Atomic shift for contacts update (UPDATE_DYNAMIC) :    0.390
LENNARD_JONES_SWITCH                              :    6.500   7.500
COULOMB_JONES_SWITCH                              :    6.500   7.500
RESIDUE_SPAN_RANGE                                :        1    9999
NLOGN_USE                                         :       15
CONTACT_SHELL                                     :   15.000
DYNAMIC_PAIRS,_SPHERE,_COULOMB,_LENNARD,_MODELLER :        T       F       F       F       T
SPHERE_STDV                                       :    0.050
RADII_FACTOR                                      :    0.820
Current energy                                    :      -29699.6562




<< end of ENERGY.
DOPE score               : -29699.656250
>> Model assessment by GA341 potential

Surface library          : C:\Program Files\Modeller9.17/modlib/surf5.de
Pair library             : C:\Program Files\Modeller9.17/modlib/pair9.de
Chain identifier         : _
% sequence identity      :   100.000000
Sequence length          :          247
Compactness              :     0.361925
Native energy (pair)     :  -156.064204
Native energy (surface)  :   -12.311108
Native energy (combined) :    -7.467240
Z score (pair)           :    -6.678488
Z score (surface)        :    -7.030066
Z score (combined)       :    -8.864694
GA341 score              :     1.000000



>> ENERGY; Differences between the model's features and restraints:
Number of all residues in MODEL                   :      247
Number of all, selected real atoms                :     1989    1989
Number of all, selected pseudo atoms              :        0       0
Number of all static, selected restraints         :    24616   24616
COVALENT_CYS                                      :        F
NONBONDED_SEL_ATOMS                               :        1
Number of non-bonded pairs (excluding 1-2,1-3,1-4):     3968
Dynamic pairs routine                             : 2, NATM x NATM cell sorting
Atomic shift for contacts update (UPDATE_DYNAMIC) :    0.390
LENNARD_JONES_SWITCH                              :    6.500   7.500
COULOMB_JONES_SWITCH                              :    6.500   7.500
RESIDUE_SPAN_RANGE                                :        0   99999
NLOGN_USE                                         :       15
CONTACT_SHELL                                     :    4.000
DYNAMIC_PAIRS,_SPHERE,_COULOMB,_LENNARD,_MODELLER :        T       T       F       F       F
SPHERE_STDV                                       :    0.050
RADII_FACTOR                                      :    0.820
Current energy                                    :        1170.8284





Summary of the restraint violations: 

   NUM     ... number of restraints.
   NUMVI   ... number of restraints with RVIOL > VIOL_REPORT_CUT[i].
   RVIOL   ... relative difference from the best value.
   NUMVP   ... number of restraints with -Ln(pdf) > VIOL_REPORT_CUT2[i].
   RMS_1   ... RMS(feature, minimally_violated_basis_restraint, NUMB).
   RMS_2   ... RMS(feature, best_value, NUMB).
   MOL.PDF ... scaled contribution to -Ln(Molecular pdf).

 #                     RESTRAINT_GROUP      NUM   NUMVI  NUMVP   RMS_1   RMS_2         MOL.PDF     S_i
------------------------------------------------------------------------------------------------------
 1 Bond length potential              :    2037       0      0   0.005   0.005      12.738       1.000
 2 Bond angle potential               :    2773       0      3   1.755   1.755      165.31       1.000
 3 Stereochemical cosine torsion poten:    1364       0     24  47.090  47.090      484.85       1.000
 4 Stereochemical improper torsion pot:     856       0      0   1.109   1.109      22.847       1.000
 5 Soft-sphere overlap restraints     :    3968       0      0   0.001   0.001     0.41559       1.000
 6 Lennard-Jones 6-12 potential       :       0       0      0   0.000   0.000      0.0000       1.000
 7 Coulomb point-point electrostatic p:       0       0      0   0.000   0.000      0.0000       1.000
 8 H-bonding potential                :       0       0      0   0.000   0.000      0.0000       1.000
 9 Distance restraints 1 (CA-CA)      :    4819       0      0   0.088   0.088      46.474       1.000
10 Distance restraints 2 (N-O)        :    4754       0      0   0.129   0.129      79.710       1.000
11 Mainchain Phi dihedral restraints  :       0       0      0   0.000   0.000      0.0000       1.000
12 Mainchain Psi dihedral restraints  :       0       0      0   0.000   0.000      0.0000       1.000
13 Mainchain Omega dihedral restraints:     246       0      2   3.776   3.776      41.368       1.000
14 Sidechain Chi_1 dihedral restraints:     217       0      0  48.747  48.747      3.1505       1.000
15 Sidechain Chi_2 dihedral restraints:     163       0      1  50.478  50.478      31.926       1.000
16 Sidechain Chi_3 dihedral restraints:      67       0      0  55.102  55.102      37.730       1.000
17 Sidechain Chi_4 dihedral restraints:      23       0      0 102.777 102.777      14.750       1.000
18 Disulfide distance restraints      :       0       0      0   0.000   0.000      0.0000       1.000
19 Disulfide angle restraints         :       0       0      0   0.000   0.000      0.0000       1.000
20 Disulfide dihedral angle restraints:       0       0      0   0.000   0.000      0.0000       1.000
21 Lower bound distance restraints    :       0       0      0   0.000   0.000      0.0000       1.000
22 Upper bound distance restraints    :       0       0      0   0.000   0.000      0.0000       1.000
23 Distance restraints 3 (SDCH-MNCH)  :    4338       0      0   0.322   0.322      84.589       1.000
24 Sidechain Chi_5 dihedral restraints:       0       0      0   0.000   0.000      0.0000       1.000
25 Phi/Psi pair of dihedral restraints:     245       1     11  20.336  21.914      16.498       1.000
26 Distance restraints 4 (SDCH-SDCH)  :    2714       0      0   0.583   0.583      128.47       1.000
27 Distance restraints 5 (X-Y)        :       0       0      0   0.000   0.000      0.0000       1.000
28 NMR distance restraints 6 (X-Y)    :       0       0      0   0.000   0.000      0.0000       1.000
29 NMR distance restraints 7 (X-Y)    :       0       0      0   0.000   0.000      0.0000       1.000
30 Minimal distance restraints        :       0       0      0   0.000   0.000      0.0000       1.000
31 Non-bonded restraints              :       0       0      0   0.000   0.000      0.0000       1.000
32 Atomic accessibility restraints    :       0       0      0   0.000   0.000      0.0000       1.000
33 Atomic density restraints          :       0       0      0   0.000   0.000      0.0000       1.000
34 Absolute position restraints       :       0       0      0   0.000   0.000      0.0000       1.000
35 Dihedral angle difference restraint:       0       0      0   0.000   0.000      0.0000       1.000
36 GBSA implicit solvent potential    :       0       0      0   0.000   0.000      0.0000       1.000
37 EM density fitting potential       :       0       0      0   0.000   0.000      0.0000       1.000
38 SAXS restraints                    :       0       0      0   0.000   0.000      0.0000       1.000
39 Symmetry restraints                :       0       0      0   0.000   0.000      0.0000       1.000



# Heavy relative violation of each residue is written to: qseq1.V99990003
# The profile is NOT normalized by the number of restraints.
# The profiles are smoothed over a window of residues:    1
# The sum of all numbers in the file:   18206.7344



List of the violated restraints:
   A restraint is violated when the relative difference
   from the best value (RVIOL) is larger than CUTOFF.

   ICSR   ... index of a restraint in the current set.
   RESNO  ... residue numbers of the first two atoms.
   ATM    ... IUPAC atom names of the first two atoms.
   FEAT   ... the value of the feature in the model.
   restr  ... the mean of the basis restraint with the smallest
              difference from the model (local minimum).
   viol   ... difference from the local minimum.
   rviol  ... relative difference from the local minimum.
   RESTR  ... the best value (global minimum).
   VIOL   ... difference from the best value.
   RVIOL  ... relative difference from the best value.


-------------------------------------------------------------------------------------------------

Feature 25                           : Phi/Psi pair of dihedral restraints     
List of the RVIOL violations larger than   :       6.5000

    #   ICSR  RESNO1/2 ATM1/2   INDATM1/2    FEAT   restr    viol   rviol   RESTR    VIOL   RVIOL
    1   7253 223D 224N C   N    1790 1792 -128.22 -119.90   91.84    4.36  -63.20  108.33   11.73
    1        224N 224N N   CA   1792 1793   45.54  137.00                  -41.10


report______> Distribution of short non-bonded contacts:


DISTANCE1:  0.00 2.10 2.20 2.30 2.40 2.50 2.60 2.70 2.80 2.90 3.00 3.10 3.20 3.30 3.40
DISTANCE2:  2.10 2.20 2.30 2.40 2.50 2.60 2.70 2.80 2.90 3.00 3.10 3.20 3.30 3.40 3.50
FREQUENCY:     0    0    0    0    0    0   17   69  109  145  138  187  257  278  298


<< end of ENERGY.
iupac_m_397W> Atoms were not swapped because of the uncertainty of how to handle the H atom.
iupac_m_397W> Atoms were not swapped because of the uncertainty of how to handle the H atom.
>> Model assessment by DOPE potential
iatmcls_286W> MODEL atom not classified:  ARG:OXT  ARG


>> ENERGY; Differences between the model's features and restraints:
Number of all residues in MODEL                   :      247
Number of all, selected real atoms                :     1989    1989
Number of all, selected pseudo atoms              :        0       0
Number of all static, selected restraints         :    24616   24616
COVALENT_CYS                                      :        F
NONBONDED_SEL_ATOMS                               :        1
Number of non-bonded pairs (excluding 1-2,1-3,1-4):   379157
Dynamic pairs routine                             : 1, NATM x NATM double loop
Atomic shift for contacts update (UPDATE_DYNAMIC) :    0.390
LENNARD_JONES_SWITCH                              :    6.500   7.500
COULOMB_JONES_SWITCH                              :    6.500   7.500
RESIDUE_SPAN_RANGE                                :        1    9999
NLOGN_USE                                         :       15
CONTACT_SHELL                                     :   15.000
DYNAMIC_PAIRS,_SPHERE,_COULOMB,_LENNARD,_MODELLER :        T       F       F       F       T
SPHERE_STDV                                       :    0.050
RADII_FACTOR                                      :    0.820
Current energy                                    :      -29354.6172




<< end of ENERGY.
DOPE score               : -29354.617188
>> Model assessment by GA341 potential

Surface library          : C:\Program Files\Modeller9.17/modlib/surf5.de
Pair library             : C:\Program Files\Modeller9.17/modlib/pair9.de
Chain identifier         : _
% sequence identity      :   100.000000
Sequence length          :          247
Compactness              :     0.365404
Native energy (pair)     :  -145.834163
Native energy (surface)  :   -13.465089
Native energy (combined) :    -7.269484
Z score (pair)           :    -6.346194
Z score (surface)        :    -7.124004
Z score (combined)       :    -8.577732
GA341 score              :     1.000000



>> ENERGY; Differences between the model's features and restraints:
Number of all residues in MODEL                   :      247
Number of all, selected real atoms                :     1989    1989
Number of all, selected pseudo atoms              :        0       0
Number of all static, selected restraints         :    24616   24616
COVALENT_CYS                                      :        F
NONBONDED_SEL_ATOMS                               :        1
Number of non-bonded pairs (excluding 1-2,1-3,1-4):     3990
Dynamic pairs routine                             : 2, NATM x NATM cell sorting
Atomic shift for contacts update (UPDATE_DYNAMIC) :    0.390
LENNARD_JONES_SWITCH                              :    6.500   7.500
COULOMB_JONES_SWITCH                              :    6.500   7.500
RESIDUE_SPAN_RANGE                                :        0   99999
NLOGN_USE                                         :       15
CONTACT_SHELL                                     :    4.000
DYNAMIC_PAIRS,_SPHERE,_COULOMB,_LENNARD,_MODELLER :        T       T       F       F       F
SPHERE_STDV                                       :    0.050
RADII_FACTOR                                      :    0.820
Current energy                                    :        1374.1108





Summary of the restraint violations: 

   NUM     ... number of restraints.
   NUMVI   ... number of restraints with RVIOL > VIOL_REPORT_CUT[i].
   RVIOL   ... relative difference from the best value.
   NUMVP   ... number of restraints with -Ln(pdf) > VIOL_REPORT_CUT2[i].
   RMS_1   ... RMS(feature, minimally_violated_basis_restraint, NUMB).
   RMS_2   ... RMS(feature, best_value, NUMB).
   MOL.PDF ... scaled contribution to -Ln(Molecular pdf).

 #                     RESTRAINT_GROUP      NUM   NUMVI  NUMVP   RMS_1   RMS_2         MOL.PDF     S_i
------------------------------------------------------------------------------------------------------
 1 Bond length potential              :    2037       0      0   0.006   0.006      17.223       1.000
 2 Bond angle potential               :    2773       0      3   1.936   1.936      199.24       1.000
 3 Stereochemical cosine torsion poten:    1364       0     27  47.451  47.451      492.48       1.000
 4 Stereochemical improper torsion pot:     856       0      0   1.367   1.367      32.997       1.000
 5 Soft-sphere overlap restraints     :    3990       0      0   0.001   0.001     0.60572       1.000
 6 Lennard-Jones 6-12 potential       :       0       0      0   0.000   0.000      0.0000       1.000
 7 Coulomb point-point electrostatic p:       0       0      0   0.000   0.000      0.0000       1.000
 8 H-bonding potential                :       0       0      0   0.000   0.000      0.0000       1.000
 9 Distance restraints 1 (CA-CA)      :    4819       0      0   0.116   0.116      78.741       1.000
10 Distance restraints 2 (N-O)        :    4754       0      0   0.144   0.144      98.617       1.000
11 Mainchain Phi dihedral restraints  :       0       0      0   0.000   0.000      0.0000       1.000
12 Mainchain Psi dihedral restraints  :       0       0      0   0.000   0.000      0.0000       1.000
13 Mainchain Omega dihedral restraints:     246       0      4   3.966   3.966      45.622       1.000
14 Sidechain Chi_1 dihedral restraints:     217       0      2  48.387  48.387      18.007       1.000
15 Sidechain Chi_2 dihedral restraints:     163       0      1  44.727  44.727      38.135       1.000
16 Sidechain Chi_3 dihedral restraints:      67       0      1  68.506  68.506      43.300       1.000
17 Sidechain Chi_4 dihedral restraints:      23       0      0  81.482  81.482      16.633       1.000
18 Disulfide distance restraints      :       0       0      0   0.000   0.000      0.0000       1.000
19 Disulfide angle restraints         :       0       0      0   0.000   0.000      0.0000       1.000
20 Disulfide dihedral angle restraints:       0       0      0   0.000   0.000      0.0000       1.000
21 Lower bound distance restraints    :       0       0      0   0.000   0.000      0.0000       1.000
22 Upper bound distance restraints    :       0       0      0   0.000   0.000      0.0000       1.000
23 Distance restraints 3 (SDCH-MNCH)  :    4338       0      0   0.363   0.363      107.88       1.000
24 Sidechain Chi_5 dihedral restraints:       0       0      0   0.000   0.000      0.0000       1.000
25 Phi/Psi pair of dihedral restraints:     245       2     13  20.344  22.199      25.372       1.000
26 Distance restraints 4 (SDCH-SDCH)  :    2714       0      0   0.643   0.643      159.26       1.000
27 Distance restraints 5 (X-Y)        :       0       0      0   0.000   0.000      0.0000       1.000
28 NMR distance restraints 6 (X-Y)    :       0       0      0   0.000   0.000      0.0000       1.000
29 NMR distance restraints 7 (X-Y)    :       0       0      0   0.000   0.000      0.0000       1.000
30 Minimal distance restraints        :       0       0      0   0.000   0.000      0.0000       1.000
31 Non-bonded restraints              :       0       0      0   0.000   0.000      0.0000       1.000
32 Atomic accessibility restraints    :       0       0      0   0.000   0.000      0.0000       1.000
33 Atomic density restraints          :       0       0      0   0.000   0.000      0.0000       1.000
34 Absolute position restraints       :       0       0      0   0.000   0.000      0.0000       1.000
35 Dihedral angle difference restraint:       0       0      0   0.000   0.000      0.0000       1.000
36 GBSA implicit solvent potential    :       0       0      0   0.000   0.000      0.0000       1.000
37 EM density fitting potential       :       0       0      0   0.000   0.000      0.0000       1.000
38 SAXS restraints                    :       0       0      0   0.000   0.000      0.0000       1.000
39 Symmetry restraints                :       0       0      0   0.000   0.000      0.0000       1.000



# Heavy relative violation of each residue is written to: qseq1.V99990004
# The profile is NOT normalized by the number of restraints.
# The profiles are smoothed over a window of residues:    1
# The sum of all numbers in the file:   19914.6953



List of the violated restraints:
   A restraint is violated when the relative difference
   from the best value (RVIOL) is larger than CUTOFF.

   ICSR   ... index of a restraint in the current set.
   RESNO  ... residue numbers of the first two atoms.
   ATM    ... IUPAC atom names of the first two atoms.
   FEAT   ... the value of the feature in the model.
   restr  ... the mean of the basis restraint with the smallest
              difference from the model (local minimum).
   viol   ... difference from the local minimum.
   rviol  ... relative difference from the local minimum.
   RESTR  ... the best value (global minimum).
   VIOL   ... difference from the best value.
   RVIOL  ... relative difference from the best value.


-------------------------------------------------------------------------------------------------

Feature 25                           : Phi/Psi pair of dihedral restraints     
List of the RVIOL violations larger than   :       6.5000

    #   ICSR  RESNO1/2 ATM1/2   INDATM1/2    FEAT   restr    viol   rviol   RESTR    VIOL   RVIOL
    1   7073  43G  44I C   N     336  338  -84.12  -63.40   43.61    6.64  -63.40   43.61    6.64
    1         44I  44I N   CA    338  339   -5.23  -43.60                  -43.60
    2   7253 223D 224N C   N    1790 1792 -125.41 -119.90   85.21    4.00  -63.20  111.95   12.05
    2        224N 224N N   CA   1792 1793   51.97  137.00                  -41.10


report______> Distribution of short non-bonded contacts:


DISTANCE1:  0.00 2.10 2.20 2.30 2.40 2.50 2.60 2.70 2.80 2.90 3.00 3.10 3.20 3.30 3.40
DISTANCE2:  2.10 2.20 2.30 2.40 2.50 2.60 2.70 2.80 2.90 3.00 3.10 3.20 3.30 3.40 3.50
FREQUENCY:     0    0    0    0    0    1   21   54  115  155  169  206  245  274  297


<< end of ENERGY.
>> Model assessment by DOPE potential
iatmcls_286W> MODEL atom not classified:  ARG:OXT  ARG


>> ENERGY; Differences between the model's features and restraints:
Number of all residues in MODEL                   :      247
Number of all, selected real atoms                :     1989    1989
Number of all, selected pseudo atoms              :        0       0
Number of all static, selected restraints         :    24616   24616
COVALENT_CYS                                      :        F
NONBONDED_SEL_ATOMS                               :        1
Number of non-bonded pairs (excluding 1-2,1-3,1-4):   381967
Dynamic pairs routine                             : 1, NATM x NATM double loop
Atomic shift for contacts update (UPDATE_DYNAMIC) :    0.390
LENNARD_JONES_SWITCH                              :    6.500   7.500
COULOMB_JONES_SWITCH                              :    6.500   7.500
RESIDUE_SPAN_RANGE                                :        1    9999
NLOGN_USE                                         :       15
CONTACT_SHELL                                     :   15.000
DYNAMIC_PAIRS,_SPHERE,_COULOMB,_LENNARD,_MODELLER :        T       F       F       F       T
SPHERE_STDV                                       :    0.050
RADII_FACTOR                                      :    0.820
Current energy                                    :      -29481.4160




<< end of ENERGY.
DOPE score               : -29481.416016
>> Model assessment by GA341 potential

Surface library          : C:\Program Files\Modeller9.17/modlib/surf5.de
Pair library             : C:\Program Files\Modeller9.17/modlib/pair9.de
Chain identifier         : _
% sequence identity      :   100.000000
Sequence length          :          247
Compactness              :     0.362081
Native energy (pair)     :  -146.343815
Native energy (surface)  :   -11.974758
Native energy (combined) :    -6.951184
Z score (pair)           :    -6.368617
Z score (surface)        :    -6.883345
Z score (combined)       :    -8.650282
GA341 score              :     1.000000



>> ENERGY; Differences between the model's features and restraints:
Number of all residues in MODEL                   :      247
Number of all, selected real atoms                :     1989    1989
Number of all, selected pseudo atoms              :        0       0
Number of all static, selected restraints         :    24616   24616
COVALENT_CYS                                      :        F
NONBONDED_SEL_ATOMS                               :        1
Number of non-bonded pairs (excluding 1-2,1-3,1-4):     4075
Dynamic pairs routine                             : 2, NATM x NATM cell sorting
Atomic shift for contacts update (UPDATE_DYNAMIC) :    0.390
LENNARD_JONES_SWITCH                              :    6.500   7.500
COULOMB_JONES_SWITCH                              :    6.500   7.500
RESIDUE_SPAN_RANGE                                :        0   99999
NLOGN_USE                                         :       15
CONTACT_SHELL                                     :    4.000
DYNAMIC_PAIRS,_SPHERE,_COULOMB,_LENNARD,_MODELLER :        T       T       F       F       F
SPHERE_STDV                                       :    0.050
RADII_FACTOR                                      :    0.820
Current energy                                    :        1231.5658





Summary of the restraint violations: 

   NUM     ... number of restraints.
   NUMVI   ... number of restraints with RVIOL > VIOL_REPORT_CUT[i].
   RVIOL   ... relative difference from the best value.
   NUMVP   ... number of restraints with -Ln(pdf) > VIOL_REPORT_CUT2[i].
   RMS_1   ... RMS(feature, minimally_violated_basis_restraint, NUMB).
   RMS_2   ... RMS(feature, best_value, NUMB).
   MOL.PDF ... scaled contribution to -Ln(Molecular pdf).

 #                     RESTRAINT_GROUP      NUM   NUMVI  NUMVP   RMS_1   RMS_2         MOL.PDF     S_i
------------------------------------------------------------------------------------------------------
 1 Bond length potential              :    2037       0      0   0.005   0.005      12.405       1.000
 2 Bond angle potential               :    2773       0      4   1.724   1.724      160.77       1.000
 3 Stereochemical cosine torsion poten:    1364       0     23  47.192  47.192      485.75       1.000
 4 Stereochemical improper torsion pot:     856       0      0   1.114   1.114      23.183       1.000
 5 Soft-sphere overlap restraints     :    4075       0      0   0.001   0.001     0.33186       1.000
 6 Lennard-Jones 6-12 potential       :       0       0      0   0.000   0.000      0.0000       1.000
 7 Coulomb point-point electrostatic p:       0       0      0   0.000   0.000      0.0000       1.000
 8 H-bonding potential                :       0       0      0   0.000   0.000      0.0000       1.000
 9 Distance restraints 1 (CA-CA)      :    4819       0      0   0.083   0.083      41.062       1.000
10 Distance restraints 2 (N-O)        :    4754       0      0   0.127   0.127      77.340       1.000
11 Mainchain Phi dihedral restraints  :       0       0      0   0.000   0.000      0.0000       1.000
12 Mainchain Psi dihedral restraints  :       0       0      0   0.000   0.000      0.0000       1.000
13 Mainchain Omega dihedral restraints:     246       0      2   3.824   3.824      42.414       1.000
14 Sidechain Chi_1 dihedral restraints:     217       0      1  49.831  49.831      14.584       1.000
15 Sidechain Chi_2 dihedral restraints:     163       0      0  53.623  53.623      43.222       1.000
16 Sidechain Chi_3 dihedral restraints:      67       0      0  70.905  70.905      40.393       1.000
17 Sidechain Chi_4 dihedral restraints:      23       0      0  90.849  90.849      16.456       1.000
18 Disulfide distance restraints      :       0       0      0   0.000   0.000      0.0000       1.000
19 Disulfide angle restraints         :       0       0      0   0.000   0.000      0.0000       1.000
20 Disulfide dihedral angle restraints:       0       0      0   0.000   0.000      0.0000       1.000
21 Lower bound distance restraints    :       0       0      0   0.000   0.000      0.0000       1.000
22 Upper bound distance restraints    :       0       0      0   0.000   0.000      0.0000       1.000
23 Distance restraints 3 (SDCH-MNCH)  :    4338       0      0   0.345   0.345      96.429       1.000
24 Sidechain Chi_5 dihedral restraints:       0       0      0   0.000   0.000      0.0000       1.000
25 Phi/Psi pair of dihedral restraints:     245       2     12  21.153  22.520      24.867       1.000
26 Distance restraints 4 (SDCH-SDCH)  :    2714       0      2   0.628   0.628      152.37       1.000
27 Distance restraints 5 (X-Y)        :       0       0      0   0.000   0.000      0.0000       1.000
28 NMR distance restraints 6 (X-Y)    :       0       0      0   0.000   0.000      0.0000       1.000
29 NMR distance restraints 7 (X-Y)    :       0       0      0   0.000   0.000      0.0000       1.000
30 Minimal distance restraints        :       0       0      0   0.000   0.000      0.0000       1.000
31 Non-bonded restraints              :       0       0      0   0.000   0.000      0.0000       1.000
32 Atomic accessibility restraints    :       0       0      0   0.000   0.000      0.0000       1.000
33 Atomic density restraints          :       0       0      0   0.000   0.000      0.0000       1.000
34 Absolute position restraints       :       0       0      0   0.000   0.000      0.0000       1.000
35 Dihedral angle difference restraint:       0       0      0   0.000   0.000      0.0000       1.000
36 GBSA implicit solvent potential    :       0       0      0   0.000   0.000      0.0000       1.000
37 EM density fitting potential       :       0       0      0   0.000   0.000      0.0000       1.000
38 SAXS restraints                    :       0       0      0   0.000   0.000      0.0000       1.000
39 Symmetry restraints                :       0       0      0   0.000   0.000      0.0000       1.000



# Heavy relative violation of each residue is written to: qseq1.V99990005
# The profile is NOT normalized by the number of restraints.
# The profiles are smoothed over a window of residues:    1
# The sum of all numbers in the file:   18678.2207



List of the violated restraints:
   A restraint is violated when the relative difference
   from the best value (RVIOL) is larger than CUTOFF.

   ICSR   ... index of a restraint in the current set.
   RESNO  ... residue numbers of the first two atoms.
   ATM    ... IUPAC atom names of the first two atoms.
   FEAT   ... the value of the feature in the model.
   restr  ... the mean of the basis restraint with the smallest
              difference from the model (local minimum).
   viol   ... difference from the local minimum.
   rviol  ... relative difference from the local minimum.
   RESTR  ... the best value (global minimum).
   VIOL   ... difference from the best value.
   RVIOL  ... relative difference from the best value.


-------------------------------------------------------------------------------------------------

Feature 25                           : Phi/Psi pair of dihedral restraints     
List of the RVIOL violations larger than   :       6.5000

    #   ICSR  RESNO1/2 ATM1/2   INDATM1/2    FEAT   restr    viol   rviol   RESTR    VIOL   RVIOL
    1   7200 170Q 171N C   N    1348 1350  -90.48  -63.20   79.11    8.70  -63.20   79.11    8.70
    1        171N 171N N   CA   1350 1351   33.16  -41.10                  -41.10
    2   7253 223D 224N C   N    1790 1792 -127.17 -119.90   93.16    4.39  -63.20  106.56   11.54
    2        224N 224N N   CA   1792 1793   44.12  137.00                  -41.10


report______> Distribution of short non-bonded contacts:


DISTANCE1:  0.00 2.10 2.20 2.30 2.40 2.50 2.60 2.70 2.80 2.90 3.00 3.10 3.20 3.30 3.40
DISTANCE2:  2.10 2.20 2.30 2.40 2.50 2.60 2.70 2.80 2.90 3.00 3.10 3.20 3.30 3.40 3.50
FREQUENCY:     0    0    0    0    0    4   22   64  113  160  170  186  284  283  292


<< end of ENERGY.
iupac_m_397W> Atoms were not swapped because of the uncertainty of how to handle the H atom.
>> Model assessment by DOPE potential
iatmcls_286W> MODEL atom not classified:  ARG:OXT  ARG


>> ENERGY; Differences between the model's features and restraints:
Number of all residues in MODEL                   :      247
Number of all, selected real atoms                :     1989    1989
Number of all, selected pseudo atoms              :        0       0
Number of all static, selected restraints         :    24616   24616
COVALENT_CYS                                      :        F
NONBONDED_SEL_ATOMS                               :        1
Number of non-bonded pairs (excluding 1-2,1-3,1-4):   381503
Dynamic pairs routine                             : 1, NATM x NATM double loop
Atomic shift for contacts update (UPDATE_DYNAMIC) :    0.390
LENNARD_JONES_SWITCH                              :    6.500   7.500
COULOMB_JONES_SWITCH                              :    6.500   7.500
RESIDUE_SPAN_RANGE                                :        1    9999
NLOGN_USE                                         :       15
CONTACT_SHELL                                     :   15.000
DYNAMIC_PAIRS,_SPHERE,_COULOMB,_LENNARD,_MODELLER :        T       F       F       F       T
SPHERE_STDV                                       :    0.050
RADII_FACTOR                                      :    0.820
Current energy                                    :      -29369.6953




<< end of ENERGY.
DOPE score               : -29369.695313
>> Model assessment by GA341 potential

Surface library          : C:\Program Files\Modeller9.17/modlib/surf5.de
Pair library             : C:\Program Files\Modeller9.17/modlib/pair9.de
Chain identifier         : _
% sequence identity      :   100.000000
Sequence length          :          247
Compactness              :     0.363962
Native energy (pair)     :  -149.677413
Native energy (surface)  :   -11.463715
Native energy (combined) :    -6.977899
Z score (pair)           :    -6.340077
Z score (surface)        :    -6.763919
Z score (combined)       :    -8.502634
GA341 score              :     1.000000



>> ENERGY; Differences between the model's features and restraints:
Number of all residues in MODEL                   :      247
Number of all, selected real atoms                :     1989    1989
Number of all, selected pseudo atoms              :        0       0
Number of all static, selected restraints         :    24616   24616
COVALENT_CYS                                      :        F
NONBONDED_SEL_ATOMS                               :        1
Number of non-bonded pairs (excluding 1-2,1-3,1-4):     4098
Dynamic pairs routine                             : 2, NATM x NATM cell sorting
Atomic shift for contacts update (UPDATE_DYNAMIC) :    0.390
LENNARD_JONES_SWITCH                              :    6.500   7.500
COULOMB_JONES_SWITCH                              :    6.500   7.500
RESIDUE_SPAN_RANGE                                :        0   99999
NLOGN_USE                                         :       15
CONTACT_SHELL                                     :    4.000
DYNAMIC_PAIRS,_SPHERE,_COULOMB,_LENNARD,_MODELLER :        T       T       F       F       F
SPHERE_STDV                                       :    0.050
RADII_FACTOR                                      :    0.820
Current energy                                    :        1167.8983





Summary of the restraint violations: 

   NUM     ... number of restraints.
   NUMVI   ... number of restraints with RVIOL > VIOL_REPORT_CUT[i].
   RVIOL   ... relative difference from the best value.
   NUMVP   ... number of restraints with -Ln(pdf) > VIOL_REPORT_CUT2[i].
   RMS_1   ... RMS(feature, minimally_violated_basis_restraint, NUMB).
   RMS_2   ... RMS(feature, best_value, NUMB).
   MOL.PDF ... scaled contribution to -Ln(Molecular pdf).

 #                     RESTRAINT_GROUP      NUM   NUMVI  NUMVP   RMS_1   RMS_2         MOL.PDF     S_i
------------------------------------------------------------------------------------------------------
 1 Bond length potential              :    2037       0      0   0.005   0.005      12.701       1.000
 2 Bond angle potential               :    2773       0      3   1.755   1.755      165.20       1.000
 3 Stereochemical cosine torsion poten:    1364       0     25  47.158  47.158      484.42       1.000
 4 Stereochemical improper torsion pot:     856       0      0   1.056   1.056      21.223       1.000
 5 Soft-sphere overlap restraints     :    4098       0      0   0.001   0.001     0.61182       1.000
 6 Lennard-Jones 6-12 potential       :       0       0      0   0.000   0.000      0.0000       1.000
 7 Coulomb point-point electrostatic p:       0       0      0   0.000   0.000      0.0000       1.000
 8 H-bonding potential                :       0       0      0   0.000   0.000      0.0000       1.000
 9 Distance restraints 1 (CA-CA)      :    4819       0      0   0.086   0.086      44.080       1.000
10 Distance restraints 2 (N-O)        :    4754       0      0   0.127   0.127      76.851       1.000
11 Mainchain Phi dihedral restraints  :       0       0      0   0.000   0.000      0.0000       1.000
12 Mainchain Psi dihedral restraints  :       0       0      0   0.000   0.000      0.0000       1.000
13 Mainchain Omega dihedral restraints:     246       0      2   3.794   3.794      41.761       1.000
14 Sidechain Chi_1 dihedral restraints:     217       0      0  47.851  47.851      1.1352       1.000
15 Sidechain Chi_2 dihedral restraints:     163       0      0  48.212  48.212      36.535       1.000
16 Sidechain Chi_3 dihedral restraints:      67       0      0  69.583  69.583      40.044       1.000
17 Sidechain Chi_4 dihedral restraints:      23       0      0 105.212 105.212      14.701       1.000
18 Disulfide distance restraints      :       0       0      0   0.000   0.000      0.0000       1.000
19 Disulfide angle restraints         :       0       0      0   0.000   0.000      0.0000       1.000
20 Disulfide dihedral angle restraints:       0       0      0   0.000   0.000      0.0000       1.000
21 Lower bound distance restraints    :       0       0      0   0.000   0.000      0.0000       1.000
22 Upper bound distance restraints    :       0       0      0   0.000   0.000      0.0000       1.000
23 Distance restraints 3 (SDCH-MNCH)  :    4338       0      0   0.325   0.325      85.291       1.000
24 Sidechain Chi_5 dihedral restraints:       0       0      0   0.000   0.000      0.0000       1.000
25 Phi/Psi pair of dihedral restraints:     245       1     12  20.322  21.819      19.444       1.000
26 Distance restraints 4 (SDCH-SDCH)  :    2714       0      0   0.571   0.571      123.90       1.000
27 Distance restraints 5 (X-Y)        :       0       0      0   0.000   0.000      0.0000       1.000
28 NMR distance restraints 6 (X-Y)    :       0       0      0   0.000   0.000      0.0000       1.000
29 NMR distance restraints 7 (X-Y)    :       0       0      0   0.000   0.000      0.0000       1.000
30 Minimal distance restraints        :       0       0      0   0.000   0.000      0.0000       1.000
31 Non-bonded restraints              :       0       0      0   0.000   0.000      0.0000       1.000
32 Atomic accessibility restraints    :       0       0      0   0.000   0.000      0.0000       1.000
33 Atomic density restraints          :       0       0      0   0.000   0.000      0.0000       1.000
34 Absolute position restraints       :       0       0      0   0.000   0.000      0.0000       1.000
35 Dihedral angle difference restraint:       0       0      0   0.000   0.000      0.0000       1.000
36 GBSA implicit solvent potential    :       0       0      0   0.000   0.000      0.0000       1.000
37 EM density fitting potential       :       0       0      0   0.000   0.000      0.0000       1.000
38 SAXS restraints                    :       0       0      0   0.000   0.000      0.0000       1.000
39 Symmetry restraints                :       0       0      0   0.000   0.000      0.0000       1.000



# Heavy relative violation of each residue is written to: qseq1.V99990006
# The profile is NOT normalized by the number of restraints.
# The profiles are smoothed over a window of residues:    1
# The sum of all numbers in the file:   18009.2305



List of the violated restraints:
   A restraint is violated when the relative difference
   from the best value (RVIOL) is larger than CUTOFF.

   ICSR   ... index of a restraint in the current set.
   RESNO  ... residue numbers of the first two atoms.
   ATM    ... IUPAC atom names of the first two atoms.
   FEAT   ... the value of the feature in the model.
   restr  ... the mean of the basis restraint with the smallest
              difference from the model (local minimum).
   viol   ... difference from the local minimum.
   rviol  ... relative difference from the local minimum.
   RESTR  ... the best value (global minimum).
   VIOL   ... difference from the best value.
   RVIOL  ... relative difference from the best value.


-------------------------------------------------------------------------------------------------

Feature 25                           : Phi/Psi pair of dihedral restraints     
List of the RVIOL violations larger than   :       6.5000

    #   ICSR  RESNO1/2 ATM1/2   INDATM1/2    FEAT   restr    viol   rviol   RESTR    VIOL   RVIOL
    1   7253 223D 224N C   N    1790 1792 -127.14 -119.90   88.87    4.20  -63.20  110.01   11.87
    1        224N 224N N   CA   1792 1793   48.42  137.00                  -41.10


report______> Distribution of short non-bonded contacts:


DISTANCE1:  0.00 2.10 2.20 2.30 2.40 2.50 2.60 2.70 2.80 2.90 3.00 3.10 3.20 3.30 3.40
DISTANCE2:  2.10 2.20 2.30 2.40 2.50 2.60 2.70 2.80 2.90 3.00 3.10 3.20 3.30 3.40 3.50
FREQUENCY:     0    0    0    0    0    8   17   65  114  172  156  196  249  284  326


<< end of ENERGY.

>> Summary of successfully produced models:
Filename                          molpdf     DOPE score    GA341 score
----------------------------------------------------------------------
qseq1.B99990001.pdb           1250.17883   -29520.33789        1.00000
qseq1.B99990002.pdb           1209.11462   -29355.93359        1.00000
qseq1.B99990003.pdb           1170.82837   -29699.65625        1.00000
qseq1.B99990004.pdb           1374.11084   -29354.61719        1.00000
qseq1.B99990005.pdb           1231.56580   -29481.41602        1.00000
qseq1.B99990006.pdb           1167.89832   -29369.69531        1.00000

Total CPU time [seconds]                                 :     388.33
