
                         MODELLER 9.17, 2016/07/02, r10881

     PROTEIN STRUCTURE MODELLING BY SATISFACTION OF SPATIAL RESTRAINTS


                     Copyright(c) 1989-2016 Andrej Sali
                            All Rights Reserved

                             Written by A. Sali
                               with help from
              B. Webb, M.S. Madhusudhan, M-Y. Shen, G.Q. Dong,
          M.A. Marti-Renom, N. Eswar, F. Alber, M. Topf, B. Oliva,
             A. Fiser, R. Sanchez, B. Yerkovich, A. Badretdinov,
                     F. Melo, J.P. Overington, E. Feyfant
                 University of California, San Francisco, USA
                    Rockefeller University, New York, USA
                      Harvard University, Cambridge, USA
                   Imperial Cancer Research Fund, London, UK
              Birkbeck College, University of London, London, UK


Kind, OS, HostName, Kernel, Processor: 4, Windows Vista build 7601 Service Pack 1, SAI-PC, SMP, unknown
Date and time of compilation         : 2016/07/01 22:06:57
MODELLER executable type             : x86_64-w64
Job starting time (YY/MM/DD HH:MM:SS): 2016/11/18 00:55:47


Multiple dynamic programming alignment (MALIGN):
  Residue-residue metric  : $(LIB)/as1.sim.mat
  ALIGN_BLOCK             :            1
  Gap introduction penalty:    -900.0000
  Gap extension penalty   :     -50.0000
  Length of alignment     :          372
# Sequence alignment of the structurally conserved regions
# [average distance and standard deviation are with respect
#  to the framework (i.e., average structure)]
#
#  N av ds st dv   4zwvA  4zasA  4xauA  
# ======================================
   1 0.545 0.023 * M   1  M   9  M   1  
   2 0.340 0.042 * I   2  I  10  I   2  
   3 0.344 0.094 * P   3  P  11  P   3  
   4 0.324 0.086 * L   4  L  12  L   4  
   5 0.350 0.091   F   5  S  13  F   5  
   6 0.285 0.106 * K   6  K  14  K   6  
   7 0.194 0.066 * V   7  V  15  V   7  
   8 0.156 0.052 * A   8  A  16  A   8  
   9 0.343 0.108   V   9  M  17  V   9  
  10 0.367 0.224 * S  10  S  18  S  10  
  11 0.404 0.107 * P  11  P  19  P  11  
  12 0.388 0.101   T  12  D  20  T  12  
  13 0.422 0.130   A  13  V  21  A  13  
  14 0.461 0.145   L  14  S  22  L  14  
  15 0.408 0.151   D  15  T  23  D  15  
  16 0.433 0.144 * R  16  R  24  R  16  
  17 0.331 0.203 * V  17  V  25  V  17  
  18 0.181 0.042   A  18  S  26  A  18  
  19 0.380 0.122   E  19  A  27  E  19  
  20 0.384 0.062 * V  20  V  28  V  20  
  21 0.453 0.121   F  21  L  29  F  21  
  22 0.619 0.252   A  22  S  30  A  22  
  23 0.536 0.155 * S  23  S  31  S  23  
  24 0.725 0.217 * G  24  G  32  G  24  
  25 0.448 0.162   Y  25  R  33  Y  25  
  26 0.368 0.142 * L  26  L  34  L  26  
  27 0.426 0.139   G  27  E  35  G  27  
  28 0.803 0.279   Q  28  H  36  Q  28  
  29 0.292 0.112 * G  29  G  37  G  29  
  30 0.346 0.175 * P  30  P  38  P  30  
  31 0.176 0.059   R  31  T  39  R  31  
  32 0.242 0.087 * V  32  V  40  V  32  
  33 0.431 0.194 * A  33  A  41  A  33  
  34 0.301 0.151 * E  34  E  42  E  34  
  35 0.163 0.051   F  35  Y  43  F  35  
  36 0.391 0.140 * E  36  E  44  E  36  
  37 0.483 0.193   S  37  A  45  S  37  
  38 0.313 0.115 * A  38  A  46  A  38  
  39 0.346 0.122   L  39  V  47  L  39  
  40 0.419 0.166   A  40  G  48  A  40  
  41 0.290 0.115   A  41  S  49  A  41  
  42 0.215 0.098 * R  42  R  50  R  42  
  43 0.367 0.144   L  43  I  51  L  43  
  44 0.316 0.118 * G  44  G  52  G  44  
  45 0.165 0.063 * N  45  N  53  N  45  
  46 0.494 0.169 * P  46  P  54  P  46  
  47 0.397 0.134 * R  47  R  55  R  47  
  48 0.369 0.136 * V  48  V  56  V  48  
  49 0.307 0.097 * V  49  V  57  V  49  
  50 0.328 0.104 * S  50  S  58  S  50  
  51 0.347 0.123 * V  51  V  59  V  51  
  52 0.379 0.111   H  52  N  60  H  52  
  53 0.327 0.083   S  53  C  61  S  53  
  54 0.287 0.051 * G  54  G  62  G  54  
  55 0.348 0.126 * T  55  T  63  T  55  
  56 0.375 0.130   S  56  A  64  S  56  
  57 0.312 0.098 * G  57  G  65  G  57  
  58 0.298 0.096 * L  58  L  66  L  58  
  59 0.375 0.131   C  59  H  67  C  59  
  60 0.374 0.112 * L  60  L  68  L  60  
  61 0.272 0.072 * A  61  A  69  A  61  
  62 0.477 0.155 * L  62  L  70  L  62  
  63 0.584 0.203   R  63  S  71  R  63  
  64 1.021 0.367 * L  64  L  72  L  64  
  65 1.283 0.447   L  65  A  73  L  65  
# ======================================
  66 0.861 0.391   D  66  P  76  D  66  
# ======================================
  67 1.403 0.473   E  70  P  86  E  70  
# ======================================
  68 0.329 0.100   D  72  G  87  D  72  
  69 0.198 0.059 * E  73  E  88  E  73  
  70 0.114 0.045 * V  74  V  89  V  74  
  71 0.182 0.081 * L  75  L  90  L  75  
  72 0.234 0.110   S  76  T  91  S  76  
  73 0.339 0.143 * T  77  T  92  T  77  
  74 0.220 0.070 * P  78  P  93  P  78  
  75 0.178 0.038 * L  79  L  94  L  79  
  76 0.227 0.068 * T  80  T  95  T  80  
  77 0.139 0.041 * F  81  F  96  F  81  
  78 0.181 0.022 * E  82  E  97  E  82  
  79 0.196 0.050   A  83  G  98  A  83  
  80 0.254 0.084 * T  84  T  99  T  84  
  81 0.214 0.077 * N  85  N 100  N  85  
  82 0.222 0.086 * W  86  W 101  W  86  
  83 0.301 0.113   A  87  P 102  A  87  
  84 0.204 0.107 * I  88  I 103  I  88  
  85 0.252 0.093 * L  89  L 104  L  89  
  86 0.224 0.089 * A  90  A 105  A  90  
  87 0.264 0.095   D  91  N 106  D  91  
  88 0.295 0.137 * G  92  G 107  G  92  
  89 0.245 0.087   R  93  L 108  R  93  
  90 0.172 0.093 * R  94  R 109  R  94  
  91 0.111 0.046 * I  95  I 110  I  95  
  92 0.075 0.024   T  96  R 111  T  96  
  93 0.198 0.082 * W  97  W 112  W  97  
  94 0.218 0.073 * V  98  V 113  V  98  
  95 0.217 0.081 * D  99  D 114  D  99  
  96 0.183 0.069 * V 100  V 115  V 100  
  97 0.140 0.041 * D 101  D 116  D 101  
  98 0.197 0.082 * P 102  P 117  P 102  
  99 0.280 0.114 * A 103  A 118  A 103  
 100 0.312 0.070 * T 104  T 119  T 104  
 101 0.232 0.090 * L 105  L 120  L 105  
 102 0.189 0.070   T 106  N 121  T 106  
 103 0.182 0.059 * M 107  M 122  M 107  
 104 0.170 0.064 * D 108  D 123  D 108  
 105 0.177 0.061 * L 109  L 124  L 109  
 106 0.255 0.080 * D 110  D 125  D 110  
 107 0.204 0.085 * D 111  D 126  D 111  
 108 0.175 0.057 * L 112  L 127  L 112  
 109 0.194 0.060   E 113  A 128  E 113  
 110 0.216 0.071   R 114  A 129  R 114  
 111 0.212 0.072 * K 115  K 130  K 115  
 112 0.182 0.053 * I 116  I 131  I 116  
 113 0.431 0.119 * S 117  S 132  S 117  
 114 0.660 0.224 * P 118  P 133  P 118  
 115 0.328 0.099 * A 119  A 134  A 119  
 116 0.205 0.106 * T 120  T 135  T 120  
 117 0.225 0.073 * R 121  R 136  R 121  
 118 0.147 0.064 * A 122  A 137  A 122  
 119 0.135 0.075 * I 123  I 138  I 123  
 120 0.266 0.074   I 124  V 139  I 124  
 121 0.253 0.118 * V 125  V 140  V 125  
 122 0.209 0.070 * V 126  V 141  V 126  
 123 0.185 0.079 * H 127  H 142  H 127  
 124 0.295 0.090 * W 128  W 143  W 128  
 125 0.357 0.108   T 129  L 144  T 129  
 126 0.257 0.090 * G 130  G 145  G 130  
 127 0.173 0.060 * Y 131  Y 146  Y 131  
 128 0.213 0.057 * P 132  P 147  P 132  
 129 0.149 0.075 * V 133  V 148  V 133  
 130 0.229 0.056 * D 134  D 149  D 134  
 131 0.192 0.070 * L 135  L 150  L 135  
 132 0.246 0.107   D 136  N 151  D 136  
 133 0.201 0.100 * R 137  R 152  R 137  
 134 0.294 0.112 * L 138  L 153  L 138  
 135 0.301 0.085   A 139  R 154  A 139  
 136 0.265 0.092   G 140  A 155  G 140  
 137 0.488 0.169   I 141  V 156  I 141  
 138 0.702 0.244   L 142  V 157  L 142  
 139 0.684 0.136 * D 143  D 158  D 143  
 140 0.665 0.147 * R 144  R 159  R 144  
 141 1.128 0.414 * A 145  A 160  A 145  
 142 1.328 0.540   E 146  T 161  E 146  
 143 0.981 0.251   R 147  A 162  R 147  
 144 1.596 0.366   E 148  G 163  E 148  
 145 1.382 0.159   H 149  Y 164  H 149  
 146 1.076 0.472   G 150  D 165  G 150  
 147 0.959 0.337   F 151  R 166  F 151  
 148 0.421 0.148 * R 152  R 167  R 152  
 149 0.385 0.152 * P 153  P 168  P 153  
 150 0.441 0.170   A 154  L 169  A 154  
 151 0.234 0.088 * V 155  V 170  V 155  
 152 0.259 0.069   I 156  V 171  I 156  
 153 0.204 0.080 * E 157  E 172  E 157  
 154 0.175 0.055 * D 158  D 173  D 158  
 155 0.128 0.023 * C 159  C 174  C 159  
 156 0.117 0.049 * A 160  A 175  A 160  
 157 0.232 0.077   H 161  Q 176  H 161  
 158 0.118 0.006 * A 162  A 177  A 162  
 159 0.157 0.061 * W 163  W 178  W 163  
 160 0.448 0.154 * G 164  G 179  G 164  
 161 0.391 0.149 * A 165  A 180  A 165  
 162 0.499 0.191   S 166  T 181  S 166  
 163 0.314 0.111 * Y 167  Y 182  Y 167  
 164 0.237 0.089 * R 168  R 183  R 168  
 165 0.444 0.222 * G 169  G 184  G 169  
 166 0.576 0.268   V 170  A 185  V 170  
 167 0.362 0.207 * P 171  P 186  P 171  
 168 0.209 0.085 * L 172  L 187  L 172  
 169 0.211 0.087 * G 173  G 188  G 173  
 170 0.300 0.102   S 174  T 189  S 174  
 171 0.193 0.066 * H 175  H 190  H 175  
 172 0.174 0.057 * G 176  G 191  G 176  
 173 0.237 0.076 * N 177  N 192  N 177  
 174 0.278 0.095   M 178  V 193  M 178  
 175 0.207 0.067 * C 179  C 194  C 179  
 176 0.236 0.079 * V 180  V 195  V 180  
 177 0.286 0.097   F 181  Y 196  F 181  
 178 0.211 0.080 * S 182  S 197  S 182  
 179 0.152 0.052   F 183  T 198  F 183  
 180 0.097 0.031   Q 184  G 199  Q 184  
 181 0.228 0.077 * A 185  A 200  A 185  
 182 0.266 0.122   L 186  I 201  L 186  
# ======================================
 183 0.448 0.151   H 188  I 203  H 188  
 184 0.254 0.104 * L 189  L 204  L 189  
 185 0.118 0.042 * T 190  T 205  T 190  
 186 0.125 0.038   C 191  T 206  C 191  
 187 0.150 0.031 * G 192  G 207  G 192  
 188 0.246 0.060   D 193  S 208  D 193  
 189 0.357 0.126 * G 194  G 209  G 194  
 190 0.252 0.119 * G 195  G 210  G 195  
 191 0.362 0.133   L 196  F 211  L 196  
 192 0.243 0.094   L 197  V 212  L 197  
 193 0.317 0.124   T 198  V 213  T 198  
 194 0.293 0.095 * L 199  L 214  L 199  
 195 0.286 0.083 * P 200  P 215  P 200  
 196 0.345 0.070   G 201  D 216  G 201  
 197 0.288 0.086 * D 202  D 217  D 202  
 198 0.386 0.148   E 203  D 218  E 203  
 199 0.400 0.145 * L 204  L 219  L 204  
 200 0.389 0.132   H 205  Y 220  H 205  
 201 0.429 0.149   E 206  D 221  E 206  
 202 0.537 0.188 * R 207  R 222  R 207  
 203 0.572 0.203   A 208  L 223  A 208  
 204 0.600 0.211   M 209  R 224  M 209  
 205 0.628 0.222 * L 210  L 225  L 210  
 206 0.504 0.186 * R 211  R 226  R 211  
 207 0.183 0.066 * R 212  R 227  R 212  
 208 0.287 0.114   F 213  W 228  F 213  
 209 0.282 0.118   Y 214  L 229  Y 214  
 210 0.479 0.180 * G 215  G 230  G 215  
 211 0.556 0.223 * I 216  I 231  I 216  
 212 0.913 0.320   D 217  E 232  D 217  
 213 0.974 0.335 * R 218  R 233  R 218  
 214 1.127 0.400   T 219  A 234  T 219  
 215 0.752 0.336   A 220  S 235  A 220  
 216 0.621 0.273 * D 221  D 236  D 221  
 217 0.463 0.129 * R 222  R 237  R 222  
 218 0.363 0.108   L 223  I 238  L 223  
 219 0.476 0.127   R 224  T 239  R 224  
 220 0.423 0.085 * G 225  G 240  G 225  
 221 0.753 0.155   A 226  D 241  A 226  
 222 0.647 0.167 * Y 227  Y 242  Y 227  
 223 0.636 0.150 * D 228  D 243  D 228  
 224 0.578 0.172 * V 229  V 244  V 229  
 225 0.732 0.234 * A 230  A 245  A 230  
 226 0.392 0.089 * E 231  E 246  E 231  
 227 0.452 0.155 * W 232  W 247  W 232  
 228 0.364 0.112 * G 233  G 248  G 233  
 229 0.516 0.185   L 234  Y 249  L 234  
 230 0.331 0.115   K 235  R 250  K 235  
 231 0.356 0.126   W 236  F 251  W 236  
 232 0.482 0.164   H 237  I 252  H 237  
 233 0.396 0.133   M 238  L 253  M 238  
 234 0.488 0.165   T 239  N 254  T 239  
 235 0.274 0.132   D 240  E 255  D 240  
 236 0.512 0.227   L 241  I 256  L 241  
 237 0.366 0.124   N 242  G 257  N 242  
 238 0.181 0.064   A 243  G 258  A 243  
 239 0.162 0.068 * A 244  A 259  A 244  
 240 0.250 0.119 * I 245  I 260  I 245  
 241 0.225 0.113 * G 246  G 261  G 246  
 242 0.289 0.111 * L 247  L 262  L 247  
 243 0.361 0.153   A 248  S 263  A 248  
 244 0.242 0.106 * N 249  N 264  N 249  
 245 0.262 0.118 * L 250  L 265  L 250  
 246 0.395 0.114 * E 251  E 266  E 251  
 247 0.390 0.048   T 252  R 267  T 252  
 248 0.194 0.094 * V 253  V 268  V 253  
 249 0.226 0.064 * D 254  D 269  D 254  
 250 0.192 0.011 * E 255  E 270  E 255  
 251 0.152 0.013   Q 256  L 271  Q 256  
 252 0.229 0.028 * L 257  L 272  L 257  
 253 0.212 0.047 * R 258  R 273  R 258  
 254 0.191 0.053   L 259  R 274  L 259  
 255 0.227 0.063 * H 260  H 275  H 260  
 256 0.230 0.092 * R 261  R 276  R 261  
 257 0.248 0.089 * E 262  E 277  E 262  
 258 0.224 0.046 * N 263  N 278  N 263  
 259 0.200 0.028 * A 264  A 279  A 264  
 260 0.176 0.082 * A 265  A 280  A 265  
 261 0.144 0.047 * F 266  F 281  F 266  
 262 0.128 0.029 * Y 267  Y 282  Y 267  
 263 0.129 0.012 * D 268  D 283  D 268  
 264 0.283 0.065 * K 269  K 284  K 269  
 265 0.215 0.034 * E 270  E 285  E 270  
 266 0.283 0.052 * L 271  L 286  L 271  
 267 0.441 0.161   T 272  A 287  T 272  
 268 0.501 0.217 * G 273  G 288  G 273  
 269 0.290 0.090   V 274  I 289  V 274  
 270 0.520 0.143   P 275  D 290  P 275  
 271 0.414 0.083 * G 276  G 291  G 276  
 272 0.330 0.106   L 277  V 292  L 277  
 273 0.326 0.108 * E 278  E 293  E 278  
 274 0.392 0.151   L 279  Q 294  L 279  
 275 0.437 0.150   L 280  T 295  L 280  
 276 0.785 0.311   Q 281  E 296  Q 281  
 277 0.535 0.207 * R 282  R 297  R 282  
 278 0.332 0.199   S 283  A 298  S 283  
 279 0.447 0.168   P 284  D 299  P 284  
 280 0.240 0.108 * D 285  D 300  D 285  
 281 0.249 0.078 * R 286  R 301  R 286  
 282 0.391 0.138 * E 287  E 302  E 287  
 283 0.457 0.160   G 288  P 303  G 288  
 284 0.260 0.080   S 289  A 304  S 289  
 285 0.330 0.141 * F 290  F 305  F 290  
 286 0.428 0.168   Y 291  W 306  Y 291  
 287 0.231 0.065   V 292  M 307  V 292  
 288 0.193 0.022 * Y 293  Y 308  Y 293  
 289 0.168 0.022   D 294  P 309  D 294  
 290 0.213 0.026   V 295  L 310  V 295  
 291 0.212 0.094 * K 296  K 311  K 296  
 292 0.275 0.050 * V 297  V 312  V 297  
 293 0.382 0.095   D 298  R 313  D 298  
 294 0.690 0.260 * D 299  D 314  D 299  
 295 0.639 0.243 * R 300  R 315  R 300  
 296 0.742 0.279 * P 301  P 316  P 301  
 297 0.586 0.234 * A 302  A 317  A 302  
 298 0.322 0.111 * F 303  F 318  F 303  
 299 0.630 0.221   H 304  M 319  H 304  
 300 0.576 0.208 * R 305  R 320  R 305  
 301 0.227 0.097   K 306  R 321  K 306  
 302 0.397 0.130   M 307  L 322  M 307  
 303 0.490 0.176   E 308  L 323  E 308  
 304 0.376 0.157   A 309  D 324  A 309  
 305 0.383 0.118 * A 310  A 325  A 310  
 306 0.429 0.112 * G 311  G 326  G 311  
 307 0.311 0.098 * I 312  I 327  I 312  
 308 0.334 0.091   M 313  A 328  M 313  
 309 0.296 0.107   A 314  T 329  A 314  
 310 0.701 0.245   G 315  S 330  G 315  
 311 0.516 0.177   L 316  V 331  L 316  
 312 0.597 0.202 * V 317  V 332  V 317  
 313 0.269 0.096 * S 318  S 333  S 318  
 314 0.333 0.104 * R 319  R 334  R 319  
 315 0.354 0.107 * R 320  R 335  R 320  
 316 0.264 0.084 * N 321  N 336  N 321  
 317 0.392 0.133 * D 322  D 337  D 322  
 318 0.458 0.154   E 323  A 338  E 323  
 319 0.449 0.152 * H 324  H 339  H 324  
 320 0.449 0.170 * S 325  S 340  S 325  
 321 0.354 0.122 * C 326  C 341  C 326  
 322 0.371 0.149 * V 327  V 342  V 327  
 323 0.509 0.189 * A 328  A 343  A 328  
 324 0.645 0.238   H 329  S 344  H 329  
 325 0.600 0.228   L 330  A 345  L 330  
 326 0.321 0.157 * R 331  R 346  R 331  
 327 0.292 0.115 * T 332  T 347  T 332  
 328 0.182 0.047   S 333  T 348  S 333  
 329 0.251 0.075 * L 334  L 349  L 334  
 330 0.212 0.080 * P 335  P 350  P 335  
 331 0.127 0.061 * G 336  G 351  G 336  
 332 0.201 0.054 * L 337  L 352  L 337  
 333 0.178 0.031 * D 338  D 353  D 338  
 334 0.292 0.072   S 339  R 354  S 339  
 335 0.332 0.090 * V 340  V 355  V 340  
 336 0.364 0.102   Y 341  A 356  Y 341  
 337 0.384 0.138 * D 342  D 357  D 342  
 338 0.298 0.100 * R 343  R 358  R 343  
 339 0.374 0.046   M 344  V 359  M 344  
 340 0.201 0.070 * V 345  V 360  V 345  
 341 0.220 0.071   S 346  H 361  S 346  
 342 0.296 0.098   L 347  I 362  L 347  
 343 0.217 0.077 * P 348  P 363  P 348  
 344 0.211 0.083 * V 349  V 364  V 349  
 345 0.201 0.078 * G 350  G 365  G 350  
 346 0.179 0.082 * W 351  W 366  W 351  
 347 0.268 0.101 * W 352  W 367  W 352  
 348 0.234 0.067 * L 353  L 368  L 353  
 349 0.250 0.074 * T 354  T 369  T 354  
 350 0.225 0.068 * E 355  E 370  E 355  
 351 0.262 0.072   Q 356  D 371  Q 356  
 352 0.200 0.045 * D 357  D 372  D 357  
 353 0.269 0.086 * R 358  R 373  R 358  
 354 0.172 0.052   E 359  S 374  E 359  
 355 0.106 0.022 * H 360  H 375  H 360  
 356 0.069 0.033 * V 361  V 376  V 361  
 357 0.087 0.023 * V 362  V 377  V 362  
 358 0.068 0.008   A 363  E 378  A 363  
 359 0.085 0.014 * T 364  T 379  T 364  
 360 0.157 0.046 * I 365  I 380  I 365  
 361 0.368 0.163   R 366  K 381  R 366  
 362 0.534 0.249 * S 367  S 382  S 367  
 363 0.413 0.197 * G 368  G 383  G 368  
 364 0.452 0.139 * W 369  W 384  W 369  
# ======================================
# Sequence alignment of the structurally conserved regions
# [average distance and standard deviation are with respect
#  to the framework (i.e., average structure)]
#
#  N av ds st dv   4zwvA  4zasA  4xauA  
# ======================================
   1 0.530 0.023 * M   1  M   9  M   1  
   2 0.336 0.041 * I   2  I  10  I   2  
   3 0.342 0.095 * P   3  P  11  P   3  
   4 0.322 0.085 * L   4  L  12  L   4  
   5 0.358 0.094   F   5  S  13  F   5  
   6 0.299 0.110 * K   6  K  14  K   6  
   7 0.218 0.075 * V   7  V  15  V   7  
   8 0.163 0.048 * A   8  A  16  A   8  
   9 0.357 0.132   V   9  M  17  V   9  
  10 0.388 0.219 * S  10  S  18  S  10  
  11 0.432 0.109 * P  11  P  19  P  11  
  12 0.441 0.120   T  12  D  20  T  12  
  13 0.459 0.149   A  13  V  21  A  13  
  14 0.499 0.163   L  14  S  22  L  14  
  15 0.423 0.150   D  15  T  23  D  15  
  16 0.460 0.162 * R  16  R  24  R  16  
  17 0.360 0.194 * V  17  V  25  V  17  
  18 0.148 0.044   A  18  S  26  A  18  
  19 0.348 0.082   E  19  A  27  E  19  
  20 0.341 0.087 * V  20  V  28  V  20  
  21 0.417 0.100   F  21  L  29  F  21  
  22 0.543 0.246   A  22  S  30  A  22  
  23 0.462 0.145 * S  23  S  31  S  23  
  24 0.631 0.175 * G  24  G  32  G  24  
  25 0.373 0.140   Y  25  R  33  Y  25  
  26 0.301 0.115 * L  26  L  34  L  26  
  27 0.355 0.111   G  27  E  35  G  27  
  28 0.785 0.273   Q  28  H  36  Q  28  
  29 0.355 0.131 * G  29  G  37  G  29  
  30 0.292 0.121 * P  30  P  38  P  30  
  31 0.167 0.052   R  31  T  39  R  31  
  32 0.259 0.093 * V  32  V  40  V  32  
  33 0.377 0.167 * A  33  A  41  A  33  
  34 0.241 0.117 * E  34  E  42  E  34  
  35 0.138 0.021   F  35  Y  43  F  35  
  36 0.353 0.123 * E  36  E  44  E  36  
  37 0.429 0.170   S  37  A  45  S  37  
  38 0.272 0.095 * A  38  A  46  A  38  
  39 0.329 0.114   L  39  V  47  L  39  
  40 0.390 0.153   A  40  G  48  A  40  
  41 0.248 0.108   A  41  S  49  A  41  
  42 0.205 0.075 * R  42  R  50  R  42  
  43 0.354 0.133   L  43  I  51  L  43  
  44 0.309 0.115 * G  44  G  52  G  44  
  45 0.163 0.061 * N  45  N  53  N  45  
  46 0.510 0.177 * P  46  P  54  P  46  
  47 0.402 0.140 * R  47  R  55  R  47  
  48 0.387 0.143 * V  48  V  56  V  48  
  49 0.286 0.091 * V  49  V  57  V  49  
  50 0.310 0.092 * S  50  S  58  S  50  
  51 0.336 0.118 * V  51  V  59  V  51  
  52 0.399 0.116   H  52  N  60  H  52  
  53 0.315 0.084   S  53  C  61  S  53  
  54 0.267 0.059 * G  54  G  62  G  54  
  55 0.300 0.108 * T  55  T  63  T  55  
  56 0.325 0.113   S  56  A  64  S  56  
  57 0.273 0.086 * G  57  G  65  G  57  
  58 0.250 0.075 * L  58  L  66  L  58  
  59 0.331 0.116   C  59  H  67  C  59  
  60 0.323 0.094 * L  60  L  68  L  60  
  61 0.226 0.063 * A  61  A  69  A  61  
  62 0.417 0.131 * L  62  L  70  L  62  
  63 0.504 0.174   R  63  S  71  R  63  
  64 0.929 0.336 * L  64  L  72  L  64  
  65 1.206 0.419   L  65  A  73  L  65  
# ======================================
  66 0.943 0.420   D  66  P  76  D  66  
# ======================================
  67 1.376 0.461   E  70  P  86  E  70  
# ======================================
  68 0.370 0.125   D  72  G  87  D  72  
  69 0.283 0.098 * E  73  E  88  E  73  
  70 0.069 0.037 * V  74  V  89  V  74  
  71 0.143 0.066 * L  75  L  90  L  75  
  72 0.238 0.115   S  76  T  91  S  76  
  73 0.375 0.151 * T  77  T  92  T  77  
  74 0.214 0.075 * P  78  P  93  P  78  
  75 0.155 0.046 * L  79  L  94  L  79  
  76 0.198 0.070 * T  80  T  95  T  80  
  77 0.116 0.015 * F  81  F  96  F  81  
  78 0.161 0.020 * E  82  E  97  E  82  
  79 0.211 0.039   A  83  G  98  A  83  
  80 0.256 0.084 * T  84  T  99  T  84  
  81 0.249 0.085 * N  85  N 100  N  85  
  82 0.208 0.084 * W  86  W 101  W  86  
  83 0.300 0.116   A  87  P 102  A  87  
  84 0.186 0.111 * I  88  I 103  I  88  
  85 0.277 0.097 * L  89  L 104  L  89  
  86 0.249 0.091 * A  90  A 105  A  90  
  87 0.283 0.097   D  91  N 106  D  91  
  88 0.270 0.166 * G  92  G 107  G  92  
  89 0.266 0.101   R  93  L 108  R  93  
  90 0.200 0.109 * R  94  R 109  R  94  
  91 0.154 0.043 * I  95  I 110  I  95  
  92 0.121 0.041   T  96  R 111  T  96  
  93 0.199 0.090 * W  97  W 112  W  97  
  94 0.224 0.074 * V  98  V 113  V  98  
  95 0.223 0.078 * D  99  D 114  D  99  
  96 0.231 0.085 * V 100  V 115  V 100  
  97 0.194 0.063 * D 101  D 116  D 101  
  98 0.245 0.097 * P 102  P 117  P 102  
  99 0.310 0.116 * A 103  A 118  A 103  
 100 0.350 0.088 * T 104  T 119  T 104  
 101 0.275 0.105 * L 105  L 120  L 105  
 102 0.225 0.086   T 106  N 121  T 106  
 103 0.196 0.069 * M 107  M 122  M 107  
 104 0.193 0.071 * D 108  D 123  D 108  
 105 0.203 0.057 * L 109  L 124  L 109  
 106 0.292 0.087 * D 110  D 125  D 110  
 107 0.208 0.086 * D 111  D 126  D 111  
 108 0.184 0.062 * L 112  L 127  L 112  
 109 0.187 0.058   E 113  A 128  E 113  
 110 0.249 0.090   R 114  A 129  R 114  
 111 0.242 0.079 * K 115  K 130  K 115  
 112 0.217 0.069 * I 116  I 131  I 116  
 113 0.499 0.145 * S 117  S 132  S 117  
 114 0.738 0.254 * P 118  P 133  P 118  
 115 0.390 0.133 * A 119  A 134  A 119  
 116 0.270 0.134 * T 120  T 135  T 120  
 117 0.300 0.114 * R 121  R 136  R 121  
 118 0.204 0.096 * A 122  A 137  A 122  
 119 0.139 0.056 * I 123  I 138  I 123  
 120 0.214 0.041   I 124  V 139  I 124  
 121 0.203 0.104 * V 125  V 140  V 125  
 122 0.169 0.059 * V 126  V 141  V 126  
 123 0.153 0.073 * H 127  H 142  H 127  
 124 0.273 0.081 * W 128  W 143  W 128  
 125 0.357 0.106   T 129  L 144  T 129  
 126 0.265 0.093 * G 130  G 145  G 130  
 127 0.154 0.053 * Y 131  Y 146  Y 131  
 128 0.192 0.048 * P 132  P 147  P 132  
 129 0.133 0.059 * V 133  V 148  V 133  
 130 0.220 0.038 * D 134  D 149  D 134  
 131 0.183 0.057 * L 135  L 150  L 135  
 132 0.223 0.089   D 136  N 151  D 136  
 133 0.170 0.096 * R 137  R 152  R 137  
 134 0.277 0.106 * L 138  L 153  L 138  
 135 0.279 0.076   A 139  R 154  A 139  
 136 0.232 0.092   G 140  A 155  G 140  
 137 0.430 0.148   I 141  V 156  I 141  
 138 0.654 0.227   L 142  V 157  L 142  
 139 0.668 0.122 * D 143  D 158  D 143  
 140 0.617 0.108 * R 144  R 159  R 144  
 141 1.044 0.389 * A 145  A 160  A 145  
 142 1.266 0.521   E 146  T 161  E 146  
 143 0.978 0.215   R 147  A 162  R 147  
# ======================================
 144 1.007 0.371   G 150  Y 164  G 150  
# ======================================
 145 1.063 0.374   F 151  R 166  F 151  
 146 0.507 0.180 * R 152  R 167  R 152  
 147 0.461 0.178 * P 153  P 168  P 153  
 148 0.488 0.185   A 154  L 169  A 154  
 149 0.250 0.078 * V 155  V 170  V 155  
 150 0.202 0.045   I 156  V 171  I 156  
 151 0.156 0.061 * E 157  E 172  E 157  
 152 0.130 0.038 * D 158  D 173  D 158  
 153 0.097 0.006 * C 159  C 174  C 159  
 154 0.098 0.041 * A 160  A 175  A 160  
 155 0.258 0.087   H 161  Q 176  H 161  
 156 0.126 0.016 * A 162  A 177  A 162  
 157 0.171 0.061 * W 163  W 178  W 163  
 158 0.455 0.157 * G 164  G 179  G 164  
 159 0.388 0.148 * A 165  A 180  A 165  
 160 0.504 0.193   S 166  T 181  S 166  
 161 0.323 0.117 * Y 167  Y 182  Y 167  
 162 0.252 0.092 * R 168  R 183  R 168  
 163 0.446 0.231 * G 169  G 184  G 169  
 164 0.596 0.275   V 170  A 185  V 170  
 165 0.368 0.217 * P 171  P 186  P 171  
 166 0.195 0.084 * L 172  L 187  L 172  
 167 0.181 0.077 * G 173  G 188  G 173  
 168 0.293 0.098   S 174  T 189  S 174  
 169 0.175 0.051 * H 175  H 190  H 175  
 170 0.162 0.054 * G 176  G 191  G 176  
 171 0.187 0.062 * N 177  N 192  N 177  
 172 0.217 0.074   M 178  V 193  M 178  
 173 0.158 0.052 * C 179  C 194  C 179  
 174 0.185 0.060 * V 180  V 195  V 180  
 175 0.254 0.085   F 181  Y 196  F 181  
 176 0.189 0.069 * S 182  S 197  S 182  
 177 0.137 0.047   F 183  T 198  F 183  
 178 0.119 0.037   Q 184  G 199  Q 184  
 179 0.222 0.073 * A 185  A 200  A 185  
 180 0.289 0.128   L 186  I 201  L 186  
# ======================================
 181 0.466 0.157   H 188  I 203  H 188  
 182 0.271 0.104 * L 189  L 204  L 189  
 183 0.131 0.047 * T 190  T 205  T 190  
 184 0.120 0.042   C 191  T 206  C 191  
 185 0.177 0.048 * G 192  G 207  G 192  
 186 0.255 0.075   D 193  S 208  D 193  
 187 0.332 0.119 * G 194  G 209  G 194  
 188 0.244 0.116 * G 195  G 210  G 195  
 189 0.345 0.129   L 196  F 211  L 196  
 190 0.209 0.090   L 197  V 212  L 197  
 191 0.301 0.116   T 198  V 213  T 198  
 192 0.278 0.086 * L 199  L 214  L 199  
 193 0.276 0.075 * P 200  P 215  P 200  
 194 0.361 0.095   G 201  D 216  G 201  
 195 0.293 0.072 * D 202  D 217  D 202  
 196 0.326 0.126   E 203  D 218  E 203  
 197 0.342 0.123 * L 204  L 219  L 204  
 198 0.346 0.115   H 205  Y 220  H 205  
 199 0.362 0.125   E 206  D 221  E 206  
 200 0.451 0.156 * R 207  R 222  R 207  
 201 0.493 0.175   A 208  L 223  A 208  
 202 0.528 0.186   M 209  R 224  M 209  
 203 0.532 0.187 * L 210  L 225  L 210  
 204 0.418 0.156 * R 211  R 226  R 211  
 205 0.104 0.043 * R 212  R 227  R 212  
 206 0.215 0.084   F 213  W 228  F 213  
 207 0.189 0.088   Y 214  L 229  Y 214  
 208 0.379 0.145 * G 215  G 230  G 215  
 209 0.456 0.189 * I 216  I 231  I 216  
 210 0.810 0.283   D 217  E 232  D 217  
 211 0.888 0.303 * R 218  R 233  R 218  
 212 1.031 0.365   T 219  A 234  T 219  
 213 0.641 0.294   A 220  S 235  A 220  
 214 0.540 0.205 * D 221  D 236  D 221  
 215 0.398 0.117 * R 222  R 237  R 222  
 216 0.416 0.054   L 223  I 238  L 223  
 217 0.484 0.191   R 224  T 239  R 224  
 218 0.450 0.137 * G 225  G 240  G 225  
 219 0.702 0.096   A 226  D 241  A 226  
 220 0.592 0.128 * Y 227  Y 242  Y 227  
 221 0.580 0.136 * D 228  D 243  D 228  
 222 0.519 0.129 * V 229  V 244  V 229  
 223 0.672 0.191 * A 230  A 245  A 230  
 224 0.333 0.051 * E 231  E 246  E 231  
 225 0.397 0.118 * W 232  W 247  W 232  
 226 0.325 0.093 * G 233  G 248  G 233  
 227 0.458 0.164   L 234  Y 249  L 234  
 228 0.261 0.091   K 235  R 250  K 235  
 229 0.412 0.148   W 236  F 251  W 236  
 230 0.536 0.182   H 237  I 252  H 237  
 231 0.420 0.136   M 238  L 253  M 238  
 232 0.514 0.175   T 239  N 254  T 239  
 233 0.311 0.137   D 240  E 255  D 240  
 234 0.549 0.238   L 241  I 256  L 241  
 235 0.355 0.111   N 242  G 257  N 242  
 236 0.209 0.071   A 243  G 258  A 243  
 237 0.200 0.062 * A 244  A 259  A 244  
 238 0.270 0.121 * I 245  I 260  I 245  
 239 0.220 0.113 * G 246  G 261  G 246  
 240 0.276 0.113 * L 247  L 262  L 247  
 241 0.362 0.155   A 248  S 263  A 248  
 242 0.245 0.105 * N 249  N 264  N 249  
 243 0.237 0.103 * L 250  L 265  L 250  
 244 0.369 0.106 * E 251  E 266  E 251  
 245 0.378 0.060   T 252  R 267  T 252  
 246 0.216 0.097 * V 253  V 268  V 253  
 247 0.247 0.064 * D 254  D 269  D 254  
 248 0.211 0.020 * E 255  E 270  E 255  
 249 0.160 0.018   Q 256  L 271  Q 256  
 250 0.242 0.024 * L 257  L 272  L 257  
 251 0.222 0.053 * R 258  R 273  R 258  
 252 0.197 0.057   L 259  R 274  L 259  
 253 0.232 0.066 * H 260  H 275  H 260  
 254 0.231 0.091 * R 261  R 276  R 261  
 255 0.248 0.098 * E 262  E 277  E 262  
 256 0.221 0.052 * N 263  N 278  N 263  
 257 0.192 0.028 * A 264  A 279  A 264  
 258 0.176 0.089 * A 265  A 280  A 265  
 259 0.150 0.050 * F 266  F 281  F 266  
 260 0.126 0.032 * Y 267  Y 282  Y 267  
 261 0.151 0.024 * D 268  D 283  D 268  
 262 0.314 0.080 * K 269  K 284  K 269  
 263 0.251 0.053 * E 270  E 285  E 270  
 264 0.311 0.063 * L 271  L 286  L 271  
 265 0.464 0.175   T 272  A 287  T 272  
 266 0.538 0.227 * G 273  G 288  G 273  
 267 0.316 0.092   V 274  I 289  V 274  
 268 0.559 0.154   P 275  D 290  P 275  
 269 0.445 0.097 * G 276  G 291  G 276  
 270 0.347 0.111   L 277  V 292  L 277  
 271 0.365 0.124 * E 278  E 293  E 278  
 272 0.427 0.163   L 279  Q 294  L 279  
 273 0.470 0.164   L 280  T 295  L 280  
 274 0.820 0.327   Q 281  E 296  Q 281  
 275 0.510 0.200 * R 282  R 297  R 282  
 276 0.318 0.191   S 283  A 298  S 283  
 277 0.439 0.161   P 284  D 299  P 284  
 278 0.241 0.097 * D 285  D 300  D 285  
 279 0.237 0.074 * R 286  R 301  R 286  
 280 0.384 0.136 * E 287  E 302  E 287  
 281 0.445 0.156   G 288  P 303  G 288  
 282 0.254 0.078   S 289  A 304  S 289  
 283 0.323 0.139 * F 290  F 305  F 290  
 284 0.430 0.168   Y 291  W 306  Y 291  
 285 0.229 0.063   V 292  M 307  V 292  
 286 0.182 0.017 * Y 293  Y 308  Y 293  
 287 0.158 0.016   D 294  P 309  D 294  
 288 0.218 0.029   V 295  L 310  V 295  
 289 0.251 0.112 * K 296  K 311  K 296  
 290 0.310 0.069 * V 297  V 312  V 297  
 291 0.422 0.110   D 298  R 313  D 298  
 292 0.729 0.267 * D 299  D 314  D 299  
 293 0.668 0.250 * R 300  R 315  R 300  
 294 0.763 0.286 * P 301  P 316  P 301  
 295 0.609 0.238 * A 302  A 317  A 302  
 296 0.337 0.117 * F 303  F 318  F 303  
 297 0.625 0.220   H 304  M 319  H 304  
 298 0.586 0.209 * R 305  R 320  R 305  
 299 0.235 0.083   K 306  R 321  K 306  
 300 0.368 0.120   M 307  L 322  M 307  
 301 0.472 0.170   E 308  L 323  E 308  
 302 0.351 0.150   A 309  D 324  A 309  
 303 0.354 0.104 * A 310  A 325  A 310  
 304 0.408 0.102 * G 311  G 326  G 311  
 305 0.292 0.091 * I 312  I 327  I 312  
 306 0.322 0.086   M 313  A 328  M 313  
 307 0.296 0.107   A 314  T 329  A 314  
 308 0.715 0.250   G 315  S 330  G 315  
 309 0.491 0.169   L 316  V 331  L 316  
 310 0.581 0.197 * V 317  V 332  V 317  
 311 0.238 0.086 * S 318  S 333  S 318  
 312 0.325 0.097 * R 319  R 334  R 319  
 313 0.335 0.100 * R 320  R 335  R 320  
 314 0.246 0.075 * N 321  N 336  N 321  
 315 0.380 0.128 * D 322  D 337  D 322  
 316 0.448 0.151   E 323  A 338  E 323  
 317 0.429 0.146 * H 324  H 339  H 324  
 318 0.445 0.170 * S 325  S 340  S 325  
 319 0.346 0.127 * C 326  C 341  C 326  
 320 0.390 0.154 * V 327  V 342  V 327  
 321 0.528 0.194 * A 328  A 343  A 328  
 322 0.645 0.236   H 329  S 344  H 329  
 323 0.597 0.227   L 330  A 345  L 330  
 324 0.340 0.157 * R 331  R 346  R 331  
 325 0.280 0.096 * T 332  T 347  T 332  
 326 0.154 0.012   S 333  T 348  S 333  
 327 0.254 0.070 * L 334  L 349  L 334  
 328 0.217 0.074 * P 335  P 350  P 335  
 329 0.144 0.039 * G 336  G 351  G 336  
 330 0.247 0.074 * L 337  L 352  L 337  
 331 0.209 0.050 * D 338  D 353  D 338  
 332 0.325 0.072   S 339  R 354  S 339  
 333 0.381 0.112 * V 340  V 355  V 340  
 334 0.415 0.123   Y 341  A 356  Y 341  
 335 0.431 0.154 * D 342  D 357  D 342  
 336 0.342 0.116 * R 343  R 358  R 343  
 337 0.403 0.066   M 344  V 359  M 344  
 338 0.229 0.083 * V 345  V 360  V 345  
 339 0.207 0.066   S 346  H 361  S 346  
 340 0.287 0.094   L 347  I 362  L 347  
 341 0.210 0.075 * P 348  P 363  P 348  
 342 0.209 0.083 * V 349  V 364  V 349  
 343 0.208 0.079 * G 350  G 365  G 350  
 344 0.193 0.082 * W 351  W 366  W 351  
 345 0.279 0.101 * W 352  W 367  W 352  
 346 0.238 0.069 * L 353  L 368  L 353  
 347 0.264 0.079 * T 354  T 369  T 354  
 348 0.233 0.078 * E 355  E 370  E 355  
 349 0.282 0.083   Q 356  D 371  Q 356  
 350 0.197 0.046 * D 357  D 372  D 357  
 351 0.254 0.080 * R 358  R 373  R 358  
 352 0.190 0.059   E 359  S 374  E 359  
 353 0.130 0.033 * H 360  H 375  H 360  
 354 0.080 0.035 * V 361  V 376  V 361  
 355 0.099 0.031 * V 362  V 377  V 362  
 356 0.101 0.018   A 363  E 378  A 363  
 357 0.105 0.010 * T 364  T 379  T 364  
 358 0.183 0.046 * I 365  I 380  I 365  
 359 0.379 0.150   R 366  K 381  R 366  
 360 0.552 0.245 * S 367  S 382  S 367  
 361 0.444 0.188 * G 368  G 383  G 368  
 362 0.487 0.135 * W 369  W 384  W 369  
# ======================================
# Sequence alignment of the structurally conserved regions
# [average distance and standard deviation are with respect
#  to the framework (i.e., average structure)]
#
#  N av ds st dv   4zwvA  4zasA  4xauA  
# ======================================
   1 0.516 0.028 * M   1  M   9  M   1  
   2 0.333 0.036 * I   2  I  10  I   2  
   3 0.338 0.089 * P   3  P  11  P   3  
   4 0.316 0.080 * L   4  L  12  L   4  
   5 0.355 0.094   F   5  S  13  F   5  
   6 0.297 0.111 * K   6  K  14  K   6  
   7 0.218 0.074 * V   7  V  15  V   7  
   8 0.162 0.049 * A   8  A  16  A   8  
   9 0.355 0.131   V   9  M  17  V   9  
  10 0.385 0.213 * S  10  S  18  S  10  
  11 0.429 0.106 * P  11  P  19  P  11  
  12 0.445 0.122   T  12  D  20  T  12  
  13 0.459 0.148   A  13  V  21  A  13  
  14 0.498 0.168   L  14  S  22  L  14  
  15 0.420 0.151   D  15  T  23  D  15  
  16 0.458 0.161 * R  16  R  24  R  16  
  17 0.358 0.184 * V  17  V  25  V  17  
  18 0.137 0.040   A  18  S  26  A  18  
  19 0.341 0.077   E  19  A  27  E  19  
  20 0.324 0.096 * V  20  V  28  V  20  
  21 0.409 0.104   F  21  L  29  F  21  
  22 0.533 0.254   A  22  S  30  A  22  
  23 0.454 0.151 * S  23  S  31  S  23  
  24 0.609 0.170 * G  24  G  32  G  24  
  25 0.350 0.132   Y  25  R  33  Y  25  
  26 0.280 0.108 * L  26  L  34  L  26  
  27 0.337 0.103   G  27  E  35  G  27  
  28 0.782 0.272   Q  28  H  36  Q  28  
  29 0.377 0.141 * G  29  G  37  G  29  
  30 0.276 0.107 * P  30  P  38  P  30  
  31 0.165 0.046   R  31  T  39  R  31  
  32 0.267 0.096 * V  32  V  40  V  32  
  33 0.367 0.159 * A  33  A  41  A  33  
  34 0.224 0.105 * E  34  E  42  E  34  
  35 0.131 0.016   F  35  Y  43  F  35  
  36 0.346 0.119 * E  36  E  44  E  36  
  37 0.415 0.162   S  37  A  45  S  37  
  38 0.259 0.089 * A  38  A  46  A  38  
  39 0.323 0.112   L  39  V  47  L  39  
  40 0.380 0.148   A  40  G  48  A  40  
  41 0.240 0.102   A  41  S  49  A  41  
  42 0.194 0.068 * R  42  R  50  R  42  
  43 0.343 0.129   L  43  I  51  L  43  
  44 0.300 0.113 * G  44  G  52  G  44  
  45 0.159 0.060 * N  45  N  53  N  45  
  46 0.515 0.180 * P  46  P  54  P  46  
  47 0.405 0.143 * R  47  R  55  R  47  
  48 0.394 0.146 * V  48  V  56  V  48  
  49 0.286 0.094 * V  49  V  57  V  49  
  50 0.310 0.092 * S  50  S  58  S  50  
  51 0.339 0.119 * V  51  V  59  V  51  
  52 0.405 0.119   H  52  N  60  H  52  
  53 0.314 0.086   S  53  C  61  S  53  
  54 0.262 0.061 * G  54  G  62  G  54  
  55 0.291 0.104 * T  55  T  63  T  55  
  56 0.315 0.109   S  56  A  64  S  56  
  57 0.263 0.083 * G  57  G  65  G  57  
  58 0.236 0.071 * L  58  L  66  L  58  
  59 0.321 0.112   C  59  H  67  C  59  
  60 0.312 0.090 * L  60  L  68  L  60  
  61 0.214 0.060 * A  61  A  69  A  61  
  62 0.398 0.125 * L  62  L  70  L  62  
  63 0.483 0.167   R  63  S  71  R  63  
  64 0.905 0.330 * L  64  L  72  L  64  
  65 1.185 0.413   L  65  A  73  L  65  
# ======================================
  66 0.970 0.426   D  66  P  76  D  66  
# ======================================
  67 1.365 0.457   E  70  P  86  E  70  
# ======================================
  68 0.388 0.140   D  72  G  87  D  72  
  69 0.309 0.104 * E  73  E  88  E  73  
  70 0.074 0.026 * V  74  V  89  V  74  
  71 0.147 0.057 * L  75  L  90  L  75  
  72 0.249 0.110   S  76  T  91  S  76  
  73 0.387 0.152 * T  77  T  92  T  77  
  74 0.224 0.075 * P  78  P  93  P  78  
  75 0.155 0.048 * L  79  L  94  L  79  
  76 0.190 0.068 * T  80  T  95  T  80  
  77 0.113 0.008 * F  81  F  96  F  81  
  78 0.163 0.023 * E  82  E  97  E  82  
  79 0.210 0.036   A  83  G  98  A  83  
  80 0.252 0.084 * T  84  T  99  T  84  
  81 0.257 0.088 * N  85  N 100  N  85  
  82 0.212 0.082 * W  86  W 101  W  86  
  83 0.305 0.118   A  87  P 102  A  87  
  84 0.194 0.103 * I  88  I 103  I  88  
  85 0.289 0.100 * L  89  L 104  L  89  
  86 0.259 0.093 * A  90  A 105  A  90  
  87 0.293 0.100   D  91  N 106  D  91  
  88 0.275 0.163 * G  92  G 107  G  92  
  89 0.279 0.113   R  93  L 108  R  93  
  90 0.223 0.117 * R  94  R 109  R  94  
  91 0.173 0.047 * I  95  I 110  I  95  
  92 0.138 0.049   T  96  R 111  T  96  
  93 0.214 0.086 * W  97  W 112  W  97  
  94 0.239 0.081 * V  98  V 113  V  98  
  95 0.239 0.081 * D  99  D 114  D  99  
  96 0.253 0.092 * V 100  V 115  V 100  
  97 0.216 0.072 * D 101  D 116  D 101  
  98 0.260 0.101 * P 102  P 117  P 102  
  99 0.318 0.115 * A 103  A 118  A 103  
 100 0.364 0.095 * T 104  T 119  T 104  
 101 0.287 0.111 * L 105  L 120  L 105  
 102 0.241 0.092   T 106  N 121  T 106  
 103 0.209 0.077 * M 107  M 122  M 107  
 104 0.213 0.077 * D 108  D 123  D 108  
 105 0.223 0.061 * L 109  L 124  L 109  
 106 0.316 0.096 * D 110  D 125  D 110  
 107 0.227 0.085 * D 111  D 126  D 111  
 108 0.202 0.069 * L 112  L 127  L 112  
 109 0.205 0.063   E 113  A 128  E 113  
 110 0.275 0.105   R 114  A 129  R 114  
 111 0.267 0.086 * K 115  K 130  K 115  
 112 0.241 0.081 * I 116  I 131  I 116  
 113 0.523 0.158 * S 117  S 132  S 117  
 114 0.764 0.268 * P 118  P 133  P 118  
 115 0.411 0.150 * A 119  A 134  A 119  
 116 0.291 0.143 * T 120  T 135  T 120  
 117 0.324 0.129 * R 121  R 136  R 121  
 118 0.224 0.098 * A 122  A 137  A 122  
 119 0.152 0.051 * I 123  I 138  I 123  
 120 0.199 0.035   I 124  V 139  I 124  
 121 0.184 0.096 * V 125  V 140  V 125  
 122 0.154 0.052 * V 126  V 141  V 126  
 123 0.138 0.067 * H 127  H 142  H 127  
 124 0.261 0.078 * W 128  W 143  W 128  
 125 0.357 0.105   T 129  L 144  T 129  
 126 0.275 0.096 * G 130  G 145  G 130  
 127 0.145 0.050 * Y 131  Y 146  Y 131  
 128 0.185 0.042 * P 132  P 147  P 132  
 129 0.126 0.050 * V 133  V 148  V 133  
 130 0.215 0.033 * D 134  D 149  D 134  
 131 0.179 0.052 * L 135  L 150  L 135  
 132 0.214 0.080   D 136  N 151  D 136  
 133 0.154 0.090 * R 137  R 152  R 137  
 134 0.266 0.101 * L 138  L 153  L 138  
 135 0.273 0.063   A 139  R 154  A 139  
 136 0.217 0.093   G 140  A 155  G 140  
 137 0.406 0.138   I 141  V 156  I 141  
 138 0.633 0.218   L 142  V 157  L 142  
 139 0.663 0.114 * D 143  D 158  D 143  
 140 0.607 0.087 * R 144  R 159  R 144  
 141 1.017 0.377 * A 145  A 160  A 145  
 142 1.241 0.520   E 146  T 161  E 146  
 143 0.984 0.203   R 147  A 162  R 147  
# ======================================
 144 0.989 0.365   G 150  Y 164  G 150  
# ======================================
 145 1.097 0.387   F 151  R 166  F 151  
 146 0.539 0.190 * R 152  R 167  R 152  
 147 0.487 0.186 * P 153  P 168  P 153  
 148 0.504 0.188   A 154  L 169  A 154  
 149 0.264 0.079 * V 155  V 170  V 155  
 150 0.184 0.039   I 156  V 171  I 156  
 151 0.141 0.052 * E 157  E 172  E 157  
 152 0.116 0.032 * D 158  D 173  D 158  
 153 0.086 0.006 * C 159  C 174  C 159  
 154 0.099 0.041 * A 160  A 175  A 160  
 155 0.263 0.089   H 161  Q 176  H 161  
 156 0.128 0.022 * A 162  A 177  A 162  
 157 0.169 0.060 * W 163  W 178  W 163  
 158 0.449 0.155 * G 164  G 179  G 164  
 159 0.380 0.145 * A 165  A 180  A 165  
 160 0.498 0.193   S 166  T 181  S 166  
 161 0.322 0.121 * Y 167  Y 182  Y 167  
 162 0.263 0.089 * R 168  R 183  R 168  
 163 0.441 0.235 * G 169  G 184  G 169  
 164 0.598 0.282   V 170  A 185  V 170  
 165 0.367 0.218 * P 171  P 186  P 171  
 166 0.185 0.081 * L 172  L 187  L 172  
 167 0.167 0.071 * G 173  G 188  G 173  
 168 0.285 0.093   S 174  T 189  S 174  
 169 0.167 0.042 * H 175  H 190  H 175  
 170 0.154 0.056 * G 176  G 191  G 176  
 171 0.169 0.055 * N 177  N 192  N 177  
 172 0.197 0.064   M 178  V 193  M 178  
 173 0.142 0.044 * C 179  C 194  C 179  
 174 0.173 0.056 * V 180  V 195  V 180  
 175 0.249 0.083   F 181  Y 196  F 181  
 176 0.186 0.068 * S 182  S 197  S 182  
 177 0.133 0.046   F 183  T 198  F 183  
 178 0.122 0.038   Q 184  G 199  Q 184  
 179 0.225 0.073 * A 185  A 200  A 185  
 180 0.289 0.130   L 186  I 201  L 186  
# ======================================
 181 0.467 0.157   H 188  I 203  H 188  
 182 0.271 0.104 * L 189  L 204  L 189  
 183 0.133 0.046 * T 190  T 205  T 190  
 184 0.117 0.041   C 191  T 206  C 191  
 185 0.177 0.051 * G 192  G 207  G 192  
 186 0.259 0.079   D 193  S 208  D 193  
 187 0.331 0.120 * G 194  G 209  G 194  
 188 0.244 0.115 * G 195  G 210  G 195  
 189 0.348 0.129   L 196  F 211  L 196  
 190 0.199 0.088   L 197  V 212  L 197  
 191 0.290 0.113   T 198  V 213  T 198  
 192 0.267 0.085 * L 199  L 214  L 199  
 193 0.265 0.075 * P 200  P 215  P 200  
 194 0.358 0.102   G 201  D 216  G 201  
 195 0.293 0.073 * D 202  D 217  D 202  
 196 0.305 0.117   E 203  D 218  E 203  
 197 0.321 0.115 * L 204  L 219  L 204  
 198 0.332 0.111   H 205  Y 220  H 205  
 199 0.344 0.119   E 206  D 221  E 206  
 200 0.426 0.147 * R 207  R 222  R 207  
 201 0.475 0.168   A 208  L 223  A 208  
 202 0.512 0.180   M 209  R 224  M 209  
 203 0.507 0.178 * L 210  L 225  L 210  
 204 0.400 0.148 * R 211  R 226  R 211  
 205 0.093 0.044 * R 212  R 227  R 212  
 206 0.200 0.082   F 213  W 228  F 213  
 207 0.172 0.086   Y 214  L 229  Y 214  
 208 0.360 0.139 * G 215  G 230  G 215  
 209 0.432 0.185 * I 216  I 231  I 216  
 210 0.784 0.275   D 217  E 232  D 217  
 211 0.861 0.294 * R 218  R 233  R 218  
 212 1.002 0.355   T 219  A 234  T 219  
 213 0.614 0.280   A 220  S 235  A 220  
 214 0.522 0.186 * D 221  D 236  D 221  
 215 0.392 0.118 * R 222  R 237  R 222  
 216 0.426 0.055   L 223  I 238  L 223  
 217 0.504 0.214   R 224  T 239  R 224  
 218 0.473 0.156 * G 225  G 240  G 225  
 219 0.706 0.089   A 226  D 241  A 226  
 220 0.593 0.127 * Y 227  Y 242  Y 227  
 221 0.581 0.144 * D 228  D 243  D 228  
 222 0.517 0.124 * V 229  V 244  V 229  
 223 0.668 0.184 * A 230  A 245  A 230  
 224 0.328 0.055 * E 231  E 246  E 231  
 225 0.394 0.113 * W 232  W 247  W 232  
 226 0.320 0.093 * G 233  G 248  G 233  
 227 0.442 0.157   L 234  Y 249  L 234  
 228 0.249 0.086   K 235  R 250  K 235  
 229 0.427 0.152   W 236  F 251  W 236  
 230 0.554 0.188   H 237  I 252  H 237  
 231 0.429 0.139   M 238  L 253  M 238  
 232 0.525 0.180   T 239  N 254  T 239  
 233 0.327 0.140   D 240  E 255  D 240  
 234 0.553 0.242   L 241  I 256  L 241  
 235 0.347 0.108   N 242  G 257  N 242  
 236 0.210 0.071   A 243  G 258  A 243  
 237 0.201 0.058 * A 244  A 259  A 244  
 238 0.268 0.117 * I 245  I 260  I 245  
 239 0.214 0.108 * G 246  G 261  G 246  
 240 0.267 0.108 * L 247  L 262  L 247  
 241 0.355 0.149   A 248  S 263  A 248  
 242 0.240 0.100 * N 249  N 264  N 249  
 243 0.228 0.097 * L 250  L 265  L 250  
 244 0.362 0.103 * E 251  E 266  E 251  
 245 0.381 0.064   T 252  R 267  T 252  
 246 0.220 0.094 * V 253  V 268  V 253  
 247 0.251 0.060 * D 254  D 269  D 254  
 248 0.215 0.018 * E 255  E 270  E 255  
 249 0.163 0.018   Q 256  L 271  Q 256  
 250 0.243 0.023 * L 257  L 272  L 257  
 251 0.224 0.050 * R 258  R 273  R 258  
 252 0.196 0.055   L 259  R 274  L 259  
 253 0.230 0.064 * H 260  H 275  H 260  
 254 0.228 0.089 * R 261  R 276  R 261  
 255 0.246 0.096 * E 262  E 277  E 262  
 256 0.219 0.052 * N 263  N 278  N 263  
 257 0.189 0.029 * A 264  A 279  A 264  
 258 0.180 0.088 * A 265  A 280  A 265  
 259 0.155 0.052 * F 266  F 281  F 266  
 260 0.129 0.030 * Y 267  Y 282  Y 267  
 261 0.159 0.030 * D 268  D 283  D 268  
 262 0.321 0.085 * K 269  K 284  K 269  
 263 0.262 0.058 * E 270  E 285  E 270  
 264 0.322 0.065 * L 271  L 286  L 271  
 265 0.476 0.186   T 272  A 287  T 272  
 266 0.557 0.237 * G 273  G 288  G 273  
 267 0.334 0.104   V 274  I 289  V 274  
 268 0.580 0.168   P 275  D 290  P 275  
 269 0.461 0.105 * G 276  G 291  G 276  
 270 0.360 0.117   L 277  V 292  L 277  
 271 0.381 0.131 * E 278  E 293  E 278  
 272 0.441 0.168   L 279  Q 294  L 279  
 273 0.482 0.170   L 280  T 295  L 280  
 274 0.833 0.332   Q 281  E 296  Q 281  
 275 0.504 0.198 * R 282  R 297  R 282  
 276 0.322 0.181   S 283  A 298  S 283  
 277 0.439 0.159   P 284  D 299  P 284  
 278 0.245 0.088 * D 285  D 300  D 285  
 279 0.225 0.071 * R 286  R 301  R 286  
 280 0.376 0.133 * E 287  E 302  E 287  
 281 0.435 0.152   G 288  P 303  G 288  
 282 0.249 0.077   S 289  A 304  S 289  
 283 0.318 0.139 * F 290  F 305  F 290  
 284 0.427 0.168   Y 291  W 306  Y 291  
 285 0.224 0.063   V 292  M 307  V 292  
 286 0.175 0.012 * Y 293  Y 308  Y 293  
 287 0.158 0.017   D 294  P 309  D 294  
 288 0.213 0.027   V 295  L 310  V 295  
 289 0.266 0.121 * K 296  K 311  K 296  
 290 0.322 0.074 * V 297  V 312  V 297  
 291 0.432 0.109   D 298  R 313  D 298  
 292 0.738 0.263 * D 299  D 314  D 299  
 293 0.676 0.247 * R 300  R 315  R 300  
 294 0.765 0.284 * P 301  P 316  P 301  
 295 0.613 0.232 * A 302  A 317  A 302  
 296 0.343 0.115 * F 303  F 318  F 303  
 297 0.625 0.220   H 304  M 319  H 304  
 298 0.589 0.207 * R 305  R 320  R 305  
 299 0.234 0.071   K 306  R 321  K 306  
 300 0.361 0.116   M 307  L 322  M 307  
 301 0.467 0.169   E 308  L 323  E 308  
 302 0.341 0.144   A 309  D 324  A 309  
 303 0.341 0.098 * A 310  A 325  A 310  
 304 0.400 0.100 * G 311  G 326  G 311  
 305 0.284 0.092 * I 312  I 327  I 312  
 306 0.312 0.082   M 313  A 328  M 313  
 307 0.287 0.101   A 314  T 329  A 314  
 308 0.712 0.250   G 315  S 330  G 315  
 309 0.487 0.169   L 316  V 331  L 316  
 310 0.574 0.194 * V 317  V 332  V 317  
 311 0.235 0.087 * S 318  S 333  S 318  
 312 0.333 0.103 * R 319  R 334  R 319  
 313 0.340 0.105 * R 320  R 335  R 320  
 314 0.252 0.080 * N 321  N 336  N 321  
 315 0.388 0.125 * D 322  D 337  D 322  
 316 0.458 0.154   E 323  A 338  E 323  
 317 0.436 0.148 * H 324  H 339  H 324  
 318 0.455 0.168 * S 325  S 340  S 325  
 319 0.355 0.125 * C 326  C 341  C 326  
 320 0.404 0.153 * V 327  V 342  V 327  
 321 0.544 0.195 * A 328  A 343  A 328  
 322 0.657 0.236   H 329  S 344  H 329  
 323 0.608 0.225   L 330  A 345  L 330  
 324 0.359 0.152 * R 331  R 346  R 331  
 325 0.292 0.094 * T 332  T 347  T 332  
 326 0.163 0.024   S 333  T 348  S 333  
 327 0.269 0.076 * L 334  L 349  L 334  
 328 0.237 0.079 * P 335  P 350  P 335  
 329 0.160 0.043 * G 336  G 351  G 336  
 330 0.264 0.084 * L 337  L 352  L 337  
 331 0.227 0.066 * D 338  D 353  D 338  
 332 0.338 0.082   S 339  R 354  S 339  
 333 0.393 0.120 * V 340  V 355  V 340  
 334 0.428 0.132   Y 341  A 356  Y 341  
 335 0.441 0.158 * D 342  D 357  D 342  
 336 0.355 0.120 * R 343  R 358  R 343  
 337 0.413 0.074   M 344  V 359  M 344  
 338 0.238 0.087 * V 345  V 360  V 345  
 339 0.195 0.061   S 346  H 361  S 346  
 340 0.277 0.089   L 347  I 362  L 347  
 341 0.202 0.072 * P 348  P 363  P 348  
 342 0.203 0.082 * V 349  V 364  V 349  
 343 0.208 0.078 * G 350  G 365  G 350  
 344 0.195 0.081 * W 351  W 366  W 351  
 345 0.279 0.101 * W 352  W 367  W 352  
 346 0.238 0.066 * L 353  L 368  L 353  
 347 0.267 0.079 * T 354  T 369  T 354  
 348 0.232 0.082 * E 355  E 370  E 355  
 349 0.286 0.089   Q 356  D 371  Q 356  
 350 0.191 0.048 * D 357  D 372  D 357  
 351 0.248 0.078 * R 358  R 373  R 358  
 352 0.194 0.060   E 359  S 374  E 359  
 353 0.140 0.040 * H 360  H 375  H 360  
 354 0.087 0.042 * V 361  V 376  V 361  
 355 0.107 0.041 * V 362  V 377  V 362  
 356 0.112 0.028   A 363  E 378  A 363  
 357 0.113 0.025 * T 364  T 379  T 364  
 358 0.191 0.039 * I 365  I 380  I 365  
 359 0.374 0.139   R 366  K 381  R 366  
 360 0.549 0.237 * S 367  S 382  S 367  
 361 0.450 0.174 * G 368  G 383  G 368  
 362 0.496 0.122 * W 369  W 384  W 369  
# ======================================

Least-squares dynamic programming alignment:
     FIT_ATOMS atoms for alignment     : CA
     Max dist from frw for equivalence :    3.5000
     Gap introduction penalty          :    0.0000
     Gap extension penalty             :    1.7500
     Numb of residues in framework     :       362




COMPARISON OF SEVERAL 3D STRUCTURES:


  #  ALGNMT CODE      ATOM FILE                          

  1  4zwvA
  2  4zasA
  3  4xauA



Variability at a given position is calculated as: 
VAR = 1/Nij * sum_ij (feat_i - feat_j)
sum runs over all pairs of proteins with residues present.



>> Least-squares superposition (FIT)           :       T

   Atom types for superposition/RMS (FIT_ATOMS): CA
   Atom type for position average/variability (VARATOM): CA


   Position comparison (FIT_ATOMS): 

       Cutoff for RMS calculation:     3.5000

       Upper = RMS, Lower = numb equiv positions

        4zwvA   4zasA   4xauA   
4zwvA      0.000   0.846   0.389
4zasA        362   0.000   0.856
4xauA        369     362   0.000



   Distance comparison (FIT_ATOMS): 

       Cutoff for rms calculation:     3.5000

       Upper = Distance RMS, Lower = numb equiv distances

        4zwvA   4zasA   4xauA   
4zwvA      0.000   0.680   0.271
4zasA      65331   0.000   0.666
4xauA      67896   65318   0.000

>> Sequence comparison: 

       Diag=numb res, Upper=numb equiv res, Lower = % seq ID


            4zwvA   4zasA   4xauA
4zwvA         369     230     368
4zasA          63     368     230
4xauA         100      63     372


>> Dihedral angle comparison: Alph


       Cutoff for rms comparison:    60.0000

       Upper = RMS Alph, Lower = numb of equiv angles

        4zwvA   4zasA   4xauA   
4zwvA      0.000   9.531   5.240
4zasA        348   0.000  10.080
4xauA        365     348   0.000


>> Dihedral angle comparison: Phi 


       Cutoff for rms comparison:    60.0000

       Upper = RMS Phi , Lower = numb of equiv angles

        4zwvA   4zasA   4xauA   
4zwvA      0.000  11.540   7.159
4zasA        357   0.000  11.754
4xauA        367     356   0.000


>> Dihedral angle comparison: Psi 


       Cutoff for rms comparison:    15.0000

       Upper = RMS Psi , Lower = numb of equiv angles

        4zwvA   4zasA   4xauA   
4zwvA      0.000   6.149   5.700
4zasA        296   0.000   6.905
4xauA        351     294   0.000


>> Dihedral angle comparison: Omeg


       Cutoff for rms comparison:    60.0000

       Upper = RMS Omeg, Lower = numb of equiv angles

        4zwvA   4zasA   4xauA   
4zwvA      0.000   4.610   3.514
4zasA        360   0.000   4.691
4xauA        367     359   0.000


>> Dihedral angle comparison: chi1


       Cutoff for rms comparison:    60.0000

       Upper = RMS chi1, Lower = numb of equiv angles

        4zwvA   4zasA   4xauA   
4zwvA      0.000  11.303   7.733
4zasA        214   0.000  12.416
4xauA        291     211   0.000


>> Dihedral angle comparison: chi2


       Cutoff for rms comparison:    60.0000

       Upper = RMS chi2, Lower = numb of equiv angles

        4zwvA   4zasA   4xauA   
4zwvA      0.000  15.059   9.964
4zasA        153   0.000  15.471
4xauA        214     147   0.000


>> Dihedral angle comparison: chi3


       Cutoff for rms comparison:    60.0000

       Upper = RMS chi3, Lower = numb of equiv angles

        4zwvA   4zasA   4xauA   
4zwvA      0.000  18.812   8.201
4zasA         45   0.000  17.596
4xauA         78      43   0.000


>> Dihedral angle comparison: chi4


       Cutoff for rms comparison:    60.0000

       Upper = RMS chi4, Lower = numb of equiv angles

        4zwvA   4zasA   4xauA   
4zwvA      0.000  26.964   6.494
4zasA         20   0.000  18.798
4xauA         36      17   0.000


>> Dihedral angle comparison: chi5


       Cutoff for rms comparison:    60.0000

       Upper = RMS chi5, Lower = numb of equiv angles

        4zwvA   4zasA   4xauA   
4zwvA      0.000   0.000   0.000
4zasA          0   0.000   0.000
4xauA          0       0   0.000



>> Ramachandran mainchain class substitution
   prot 1 --> prot 2; class on vert --> class on horiz

              A      P      B      L      E      U
      A     573      2      6      3      0      0
      P       2    134     19      0      0      1
      B       3     24    252      1      0      0
      L       3      0      1     61      0      0
      E       0      0      0      0      3      0
      U       0      0      1      0      1      3


   Summary (% does not count undefined):

   CODE   # ID # NID # TOT   % ID  % NID  % TOT
      A    573    11   584   52.7    1.0   53.7
      P    134    22   156   12.3    2.0   14.3
      B    252    28   280   23.2    2.6   25.7
      L     61     4    65    5.6    0.4    6.0
      E      3     0     3    0.3    0.0    0.3
   --------------------------------------------
   SUMS   1023    65  1088   94.0    6.0  100.0
   --------------------------------------------
      U      3     2     5    0.3    0.2    0.5



>> Dihedral class substitution: Alph
   prot 1 --> prot 2; class on vert --> class on horiz

              1      2      3      4
      1      38      6      8      0
      2       7    554     11      0
      3       9      9    442      1
      4       0      0      2      6


   Summary (% does not count undefined):

   CODE   # ID # NID # TOT   % ID  % NID  % TOT
      1     38    14    52    3.5    1.3    4.8
      2    554    18   572   51.1    1.7   52.7
      3    442    19   461   40.7    1.8   42.5
   --------------------------------------------
   SUMS   1034    51  1085   95.3    4.7  100.0
   --------------------------------------------
      4      6     2     8    0.5    0.2    0.7



>> Dihedral class substitution: Phi 
   prot 1 --> prot 2; class on vert --> class on horiz

              1      2      3      4
      1     604      3     38      1
      2       3     64      0      0
      3      36      0    342      0
      4       0      1      1      0


   Summary (% does not count undefined):

   CODE   # ID # NID # TOT   % ID  % NID  % TOT
      1    604    42   646   55.4    3.8   59.2
      2     64     3    67    5.9    0.3    6.1
      3    342    36   378   31.3    3.3   34.6
   --------------------------------------------
   SUMS   1010    81  1091   92.6    7.4  100.0
   --------------------------------------------
      4      0     2     2    0.0    0.2    0.2



>> Dihedral class substitution: Psi 
   prot 1 --> prot 2; class on vert --> class on horiz

              1      2      3      4
      1     508     18      4      0
      2      10    132      7      0
      3       5      8    398      0
      4       0      0      0      3


   Summary (% does not count undefined):

   CODE   # ID # NID # TOT   % ID  % NID  % TOT
      1    508    22   530   46.6    2.0   48.6
      2    132    17   149   12.1    1.6   13.7
      3    398    13   411   36.5    1.2   37.7
   --------------------------------------------
   SUMS   1038    52  1090   95.2    4.8  100.0
   --------------------------------------------
      4      3     0     3    0.3    0.0    0.3



>> Dihedral class substitution: Omeg
   prot 1 --> prot 2; class on vert --> class on horiz

              1      2      3      4
      1    1085      1      0      0
      2       3      1      0      0
      3       0      0      0      0
      4       0      0      0      3


   Summary (% does not count undefined):

   CODE   # ID # NID # TOT   % ID  % NID  % TOT
      1   1085     1  1086   99.5    0.1   99.6
      2      1     3     4    0.1    0.3    0.4
      3      0     0     0    0.0    0.0    0.0
   --------------------------------------------
   SUMS   1086     4  1090   99.6    0.4  100.0
   --------------------------------------------
      4      3     0     3    0.3    0.0    0.3



>> Dihedral class substitution: chi1
   prot 1 --> prot 2; class on vert --> class on horiz

              1      2      3      4
      1     404     52     10     17
      2      51    232     10     15
      3      10     15     68      6
      4      16     17      6    164


   Summary (% does not count undefined):

   CODE   # ID # NID # TOT   % ID  % NID  % TOT
      1    404    79   483   45.4    8.9   54.3
      2    232    76   308   26.1    8.5   34.6
      3     68    31    99    7.6    3.5   11.1
   --------------------------------------------
   SUMS    704   186   890   79.1   20.9  100.0
   --------------------------------------------
      4    164    39   203   15.0    3.6   18.6



>> Dihedral class substitution: chi2
   prot 1 --> prot 2; class on vert --> class on horiz

              1      2      3      4
      1     380     40      9     41
      2      28    115      2     14
      3      10      3     16      3
      4      40     16      3    373


   Summary (% does not count undefined):

   CODE   # ID # NID # TOT   % ID  % NID  % TOT
      1    380    90   470   57.5   13.6   71.1
      2    115    44   159   17.4    6.7   24.1
      3     16    16    32    2.4    2.4    4.8
   --------------------------------------------
   SUMS    511   150   661   77.3   22.7  100.0
   --------------------------------------------
      4    373    59   432   34.1    5.4   39.5



>> Dihedral class substitution: chi3
   prot 1 --> prot 2; class on vert --> class on horiz

              1      2      3      4
      1     113      9      9     33
      2      12     40      1     11
      3      10      1     26      2
      4      34     10      2    780


   Summary (% does not count undefined):

   CODE   # ID # NID # TOT   % ID  % NID  % TOT
      1    113    51   164   42.3   19.1   61.4
      2     40    24    64   15.0    9.0   24.0
      3     26    13    39    9.7    4.9   14.6
   --------------------------------------------
   SUMS    179    88   267   67.0   33.0  100.0
   --------------------------------------------
      4    780    46   826   71.4    4.2   75.6



>> Dihedral class substitution: chi4
   prot 1 --> prot 2; class on vert --> class on horiz

              1      2      3      4
      1      50      6      4      8
      2       4      7      7      3
      3       6      8     11      4
      4       8      4      3    960


   Summary (% does not count undefined):

   CODE   # ID # NID # TOT   % ID  % NID  % TOT
      1     50    18    68   42.4   15.3   57.6
      2      7    14    21    5.9   11.9   17.8
      3     11    18    29    9.3   15.3   24.6
   --------------------------------------------
   SUMS     68    50   118   57.6   42.4  100.0
   --------------------------------------------
      4    960    15   975   87.8    1.4   89.2



>> Dihedral class substitution: chi5
   prot 1 --> prot 2; class on vert --> class on horiz

              1      2      3      4
      1       0      0      0      0
      2       0      0      0      0
      3       0      0      0      0
      4       0      0      0   1093


   Summary (% does not count undefined):

   CODE   # ID # NID # TOT   % ID  % NID  % TOT
      1      0     0     0    0.0    0.0    0.0
      2      0     0     0    0.0    0.0    0.0
      3      0     0     0    0.0    0.0    0.0
   --------------------------------------------
   SUMS      0     0     0    0.0    0.0    0.0
   --------------------------------------------
      4   1093     0  1093  100.0    0.0  100.0



>> Detailed comparison:


       Structure :  1
       Structure :  2
       Structure :  3
       ALN      ... alignment position
       RESID... ... residue numbers 1/2/3
       AAA      ... amino acid types 1/2/3
       MNC      ... mainchain classes 1/2/3
       ALP...   ... dihedral angle classes (alpha,phi,psi,...)

ALN RESIDUE_NUMBERS AAA MNC ALP PHI PSI OMG CH1 CH2 CH3 CH4 CH5 
---------------------------------------------------------------
  1  ---- ----  -2  --G --U --4 --4 --1 --1 --4 --4 --4 --4 --4
  2  ---- ----  -1  --S --B --2 --3 --3 --1 --3 --4 --4 --4 --4
  3    0  ----   0  A-H U-E 4-3 4-2 3-3 1-1 4-2 4-2 4-4 4-4 4-4
  4    1    9    1  MMM PUB 343 143 313 111 222 113 313 444 444
  5    2   10    2  III BBB 333 133 333 111 111 111 444 444 444
  6    3   11    3  PPP PPP 333 111 222 111 222 111 222 444 444
  7    4   12    4  LLL AAA 222 111 111 111 222 222 444 444 444
  8    5   13    5  FSF BBB 333 333 333 111 121 141 444 444 444
  9    6   14    6  KKK BBB 333 333 333 111 222 111 121 323 444
 10    7   15    7  VVV PPB 333 113 333 111 111 444 444 444 444
 11    8   16    8  AAA BBB 333 333 333 111 444 444 444 444 444
 12    9   17    9  VMV BBB 333 333 333 111 321 434 424 444 444
 13   10   18   10  SSS PPP 333 111 333 111 333 444 444 444 444
 14   11   19   11  PPP AAA 222 111 111 111 222 111 222 444 444
 15   12   20   12  TDT AAA 222 331 112 111 212 414 444 444 444
 16   13   21   13  AVA AAA 222 111 111 111 414 444 444 444 444
 17   14   22   14  LSL AAA 222 111 111 111 232 242 444 444 444
 18   15   23   15  DTD AAA 222 111 111 111 211 142 444 444 444
 19   16   24   16  RRR AAA 222 111 111 111 111 212 111 131 444
 20   17   25   17  VVV AAA 222 111 111 111 111 444 444 444 444
 21   18   26   18  ASA AAA 222 111 111 111 434 444 444 444 444
 22   19   27   19  EAE AAA 222 111 111 111 141 141 241 444 444
 23   20   28   20  VVV AAA 222 111 111 111 111 444 444 444 444
 24   21   29   21  FLF AAA 222 111 111 111 111 112 444 444 444
 25   22   30   22  ASA AAA 222 131 121 111 414 444 444 444 444
 26   23   31   23  SSS AAA 333 131 111 111 111 444 444 444 444
 27   24   32   24  GGG LLL 222 222 222 111 444 444 444 444 444
 28   25   33   25  YRY BBB 333 333 333 111 212 222 414 414 444
 29   26   34   26  LLL AAA 222 333 112 111 111 212 444 444 444
 30   27   35   27  GEG PBP 121 131 333 111 414 414 414 444 444
 31   28   36   28  QHQ BLB 233 121 323 111 212 121 141 444 444
 32   29   37   29  GGG PPP 131 313 333 111 444 444 444 444 444
 33   30   38   30  PPP AAA 222 111 111 111 222 111 222 444 444
 34   31   39   31  RTR AAA 222 111 111 111 111 242 341 341 444
 35   32   40   32  VVV AAA 222 111 111 111 111 444 444 444 444
 36   33   41   33  AAA AAA 222 111 111 111 444 444 444 444 444
 37   34   42   34  EEE AAA 222 111 111 111 222 111 111 444 444
 38   35   43   35  FYF AAA 222 111 111 111 222 222 444 444 444
 39   36   44   36  EEE AAA 222 111 111 111 111 111 111 444 444
 40   37   45   37  SAS AAA 222 111 111 111 242 444 444 444 444
 41   38   46   38  AAA AAA 222 111 111 111 444 444 444 444 444
 42   39   47   39  LVL AAA 222 111 111 111 111 141 444 444 444
 43   40   48   40  AGA AAA 222 111 111 111 444 444 444 444 444
 44   41   49   41  ASA AAA 222 111 111 111 434 444 444 444 444
 45   42   50   42  RRR AAA 222 111 111 111 111 111 111 212 444
 46   43   51   43  LIL AAA 333 111 111 111 111 111 444 444 444
 47   44   52   44  GGG LLL 222 222 222 111 444 444 444 444 444
 48   45   53   45  NNN BBB 333 333 333 111 222 111 444 444 444
 49   46   54   46  PPP AAA 222 111 111 111 222 111 222 444 444
 50   47   55   47  RRR BBB 333 313 222 111 111 111 212 212 444
 51   48   56   48  VVV BBB 333 333 333 111 212 444 444 444 444
 52   49   57   49  VVV BBB 333 333 333 111 111 444 444 444 444
 53   50   58   50  SSS PPP 333 111 333 111 111 444 444 444 444
 54   51   59   51  VVV BBB 333 333 333 111 222 444 444 444 444
 55   52   60   52  HNH AAA 111 111 111 111 232 111 444 444 444
 56   53   61   53  SCS BBB 333 333 333 111 131 444 444 444 444
 57   54   62   54  GGG AAA 222 111 111 111 444 444 444 444 444
 58   55   63   55  TTT AAA 222 111 111 111 111 444 444 444 444
 59   56   64   56  SAS AAA 222 111 111 111 242 444 444 444 444
 60   57   65   57  GGG AAA 222 111 111 111 444 444 444 444 444
 61   58   66   58  LLL AAA 222 111 111 111 111 111 444 444 444
 62   59   67   59  CHC AAA 222 111 111 111 121 414 444 444 444
 63   60   68   60  LLL AAA 222 111 111 111 222 222 444 444 444
 64   61   69   61  AAA AAA 222 111 111 111 444 444 444 444 444
 65   62   70   62  LLL AAA 222 111 111 111 111 111 444 444 444
 66   63   71   63  RSR AAA 222 111 111 111 111 242 141 141 444
 67   64   72   64  LLL AAA 222 111 111 111 111 111 444 444 444
 68   65   73   65  LAL PAP 323 111 313 111 141 141 444 444 444
 69  ----  74  ---- -A- -A- -2- -1- -1- -1- -4- -4- -4- -4- -4-
 70  ----  75  ---- -R- -B- -3- -3- -3- -1- -1- -1- -3- -1- -4-
 71   66   76   66  DPD BAB 323 313 313 121 212 122 414 444 444
 72  ----  77  ---- -G- -B- -1- -3- -3- -1- -4- -4- -4- -4- -4-
 73  ----  78  ---- -A- -A- -2- -3- -2- -2- -4- -4- -4- -4- -4-
 74   67  ----  67  A-A B-B 3-1 3-3 3-3 1-1 4-4 4-4 4-4 4-4 4-4
 75   68  ----  68  P-P P-P 3-3 1-1 2-2 1-1 2-2 1-1 2-2 4-4 4-4
 76   69  ----  69  E-E A-A 2-2 1-1 1-1 1-1 1-2 2-1 1-1 4-4 4-4
 77   70   86   70  EPE ALA 232 111 111 111 323 212 222 444 444
 78   71  ----  71  R-R B-B 3-3 3-1 3-3 1-1 1-1 1-2 3-1 1-1 4-4
 79   72   87   72  DGD APA 232 313 232 111 343 141 444 444 444
 80   73   88   73  EEE BBB 333 333 333 111 212 111 111 444 444
 81   74   89   74  VVV BBB 333 333 333 111 111 444 444 444 444
 82   75   90   75  LLL BBB 333 333 333 111 111 111 444 444 444
 83   76   91   76  STS BBB 333 333 333 111 333 444 444 444 444
 84   77   92   77  TTT PPP 333 333 333 111 333 444 444 444 444
 85   78   93   78  PPP AAA 222 111 111 111 222 111 222 444 444
 86   79   94   79  LLL BBB 222 333 332 111 222 222 444 444 444
 87   80   95   80  TTT BBB 111 333 333 111 332 444 444 444 444
 88   81   96   81  FFF PPP 333 111 333 111 222 222 444 444 444
 89   82   97   82  EEE AAA 222 111 111 111 111 333 111 444 444
 90   83   98   83  AGA AAA 222 111 121 111 444 444 444 444 444
 91   84   99   84  TTT AAA 222 111 111 111 111 444 444 444 444
 92   85  100   85  NNN AAA 222 333 111 111 111 112 444 444 444
 93   86  101   86  WWW AAA 222 111 111 111 111 112 444 444 444
 94   87  102   87  APA AAA 222 111 111 111 414 424 414 444 444
 95   88  103   88  III AAA 222 111 111 111 111 111 444 444 444
 96   89  104   89  LLL AAA 222 111 111 111 111 111 444 444 444
 97   90  105   90  AAA AAA 222 111 111 111 444 444 444 444 444
 98   91  106   91  DND AAA 333 111 122 111 212 111 444 444 444
 99   92  107   92  GGG LLL 333 222 222 111 444 444 444 444 444
100   93  108   93  RLR PBP 333 333 333 111 111 212 141 141 444
101   94  109   94  RRR BPB 333 313 333 111 212 111 313 333 444
102   95  110   95  III PPP 333 133 333 111 111 111 444 444 444
103   96  111   96  TRT BBB 333 333 333 111 111 414 434 414 444
104   97  112   97  WWW PPP 333 111 333 111 111 111 444 444 444
105   98  113   98  VVV BBB 333 333 333 111 111 444 444 444 444
106   99  114   99  DDD PPP 333 111 333 111 222 111 444 444 444
107  100  115  100  VVV BBB 333 333 333 111 111 444 444 444 444
108  101  116  101  DDD BBB 333 111 333 111 222 111 444 444 444
109  102  117  102  PPP AAA 222 111 111 111 121 212 121 444 444
110  103  118  103  AAA AAA 222 131 111 111 444 444 444 444 444
111  104  119  104  TTT AAA 333 333 111 111 222 444 444 444 444
112  105  120  105  LLL LLL 222 222 222 111 111 111 444 444 444
113  106  121  106  TNT BPP 111 333 333 111 212 414 444 444 444
114  107  122  107  MMM PPP 333 111 333 111 222 111 111 444 444
115  108  123  108  DDD BBB 333 111 333 111 222 111 444 444 444
116  109  124  109  LLL AAA 222 111 111 111 111 111 444 444 444
117  110  125  110  DDD AAA 222 111 111 111 111 111 444 444 444
118  111  126  111  DDD AAA 222 111 111 111 222 111 444 444 444
119  112  127  112  LLL AAA 222 111 111 111 222 222 444 444 444
120  113  128  113  EAE AAA 222 111 111 111 242 141 141 444 444
121  114  129  114  RAR AAA 222 111 111 111 141 141 242 242 444
122  115  130  115  KKK AAA 222 333 111 111 111 111 111 111 444
123  116  131  116  III PPP 333 111 333 111 111 111 444 444 444
124  117  132  117  SSS BBB 133 333 333 111 131 444 444 444 444
125  118  133  118  PPP AAA 222 111 111 111 111 222 111 444 444
126  119  134  119  AAA AAA 323 313 111 111 444 444 444 444 444
127  120  135  120  TTT BBP 333 111 333 111 111 444 444 444 444
128  121  136  121  RRR AAA 121 333 111 111 212 121 111 323 444
129  122  137  122  AAA BBB 333 333 333 111 444 444 444 444 444
130  123  138  123  III BBB 333 333 333 111 111 111 444 444 444
131  124  139  124  IVI BBB 333 333 333 111 111 141 444 444 444
132  125  140  125  VVV BBB 333 333 333 111 222 444 444 444 444
133  126  141  126  VVV BBB 333 333 333 111 111 444 444 444 444
134  127  142  127  HHH BBP 333 111 232 111 111 111 444 444 444
135  128  143  128  WWW PPP 111 111 333 111 222 222 444 444 444
136  129  144  129  TLT LLL 111 222 222 111 212 414 444 444 444
137  130  145  130  GGG LLL 333 222 222 111 444 444 444 444 444
138  131  146  131  YYY BBB 333 333 333 111 222 222 444 444 444
139  132  147  132  PPP PPP 333 111 222 111 111 222 111 444 444
140  133  148  133  VVV PPP 333 111 333 111 111 444 444 444 444
141  134  149  134  DDD BPP 333 111 333 111 222 111 444 444 444
142  135  150  135  LLL AAA 222 111 111 111 111 111 444 444 444
143  136  151  136  DND AAA 222 111 111 111 111 111 444 444 444
144  137  152  137  RRR AAA 222 111 111 111 222 131 111 111 444
145  138  153  138  LLL AAA 222 111 111 111 222 222 444 444 444
146  139  154  139  ARA AAA 222 111 111 111 424 414 414 434 444
147  140  155  140  GAG AAA 222 111 111 111 444 444 444 444 444
148  141  156  141  IVI AAA 222 111 111 111 111 141 444 444 444
149  142  157  142  LVL AAA 222 111 111 111 111 141 444 444 444
150  143  158  143  DDD AAA 222 111 111 111 111 111 444 444 444
151  144  159  144  RRR AAA 222 111 111 111 121 111 212 232 444
152  145  160  145  AAA AAA 222 111 111 111 444 444 444 444 444
153  146  161  146  ETE AAA 232 131 121 111 222 141 141 444 444
154  147  162  147  RAR AAA 222 111 111 111 142 141 142 142 444
155  ---- 163  ---- -G- -A- -2- -1- -2- -1- -4- -4- -4- -4- -4-
156  148  ---- 148  E-E A-A 2-1 1-1 1-1 1-1 2-2 1-1 1-1 4-4 4-4
157  149  ---- 149  H-H A-B 3-3 3-3 1-2 1-1 1-3 1-1 4-4 4-4 4-4
158  150  164  150  GYG LAL 232 212 111 111 414 424 444 444 444
159  ---- 165  ---- -D- -L- -2- -2- -1- -1- -3- -1- -4- -4- -4-
160  151  166  151  FRF PBB 333 331 333 111 332 212 424 414 444
161  152  167  152  RRR BPB 333 313 333 111 222 111 111 323 444
162  153  168  153  PPP PPP 333 111 222 111 121 212 121 444 444
163  154  169  154  ALA PPP 333 111 333 111 424 424 444 444 444
164  155  170  155  VVV BBB 333 333 333 111 111 444 444 444 444
165  156  171  156  IVI BBB 333 333 333 111 111 141 444 444 444
166  157  172  157  EEE BBB 333 333 333 111 111 111 111 444 444
167  158  173  158  DDD BBB 333 313 333 111 222 111 444 444 444
168  159  174  159  CCC AAA 333 333 222 111 111 444 444 444 444
169  160  175  160  AAA AAA 222 111 111 111 444 444 444 444 444
170  161  176  161  HQH AAA 222 333 222 111 111 313 414 444 444
171  162  177  162  AAA AAA 333 333 222 111 444 444 444 444 444
172  163  178  163  WWW PPP 222 111 333 111 222 222 444 444 444
173  164  179  164  GGG LLL 333 222 222 111 444 444 444 444 444
174  165  180  165  AAA PPP 333 111 333 111 444 444 444 444 444
175  166  181  166  STS BBB 333 333 333 111 131 444 444 444 444
176  167  182  167  YYY BBB 111 333 333 111 222 222 444 444 444
177  168  183  168  RRR LLL 111 222 222 111 111 121 131 111 444
178  169  184  169  GGG LLL 222 222 222 111 444 444 444 444 444
179  170  185  170  VAV BBB 333 333 333 111 141 444 444 444 444
180  171  186  171  PPP PPP 333 111 222 111 232 111 222 444 444
181  172  187  172  LLL PPP 222 111 333 111 111 111 444 444 444
182  173  188  173  GGG LLL 222 222 222 111 444 444 444 444 444
183  174  189  174  STS AAA 222 333 222 111 222 444 444 444 444
184  175  190  175  HHH AAA 333 333 222 111 111 222 444 444 444
185  176  191  176  GGG LLL 222 222 222 111 444 444 444 444 444
186  177  192  177  NNN BBB 333 333 333 111 111 111 444 444 444
187  178  193  178  MVM PPP 333 111 333 111 111 141 142 444 444
188  179  194  179  CCC BBB 333 333 333 111 111 444 444 444 444
189  180  195  180  VVV BBB 333 333 333 111 111 444 444 444 444
190  181  196  181  FYF PBP 333 333 333 111 111 222 444 444 444
191  182  197  182  SSS BBB 333 333 333 111 333 444 444 444 444
192  183  198  183  FTF AAA 333 333 222 111 121 141 444 444 444
193  184  199  184  QGQ PPP 313 111 333 111 242 242 141 444 444
194  185  200  185  AAA AAA 222 111 111 111 444 444 444 444 444
195  186  201  186  LIL ABA 112 331 231 221 121 111 444 444 444
196  ---- ---- 187  --K --P --3 --1 --3 --1 --1 --3 --1 --1 --4
197  188  203  188  HIH AAA 222 131 111 111 131 212 444 444 444
198  189  204  189  LLL BBB 333 333 333 111 222 222 444 444 444
199  190  205  190  TTT BBB 333 333 333 111 333 444 444 444 444
200  191  206  191  CTC AAA 333 333 222 111 121 444 444 444 444
201  192  207  192  GGG LLL 221 222 111 111 444 444 444 444 444
202  193  208  193  DSD BBB 222 333 333 111 122 141 444 444 444
203  194  209  194  GGG BBB 333 333 333 111 444 444 444 444 444
204  195  210  195  GGG BBB 333 333 333 111 444 444 444 444 444
205  196  211  196  LFL BBB 333 333 333 111 232 212 444 444 444
206  197  212  197  LVL BBB 333 333 333 111 212 242 444 444 444
207  198  213  198  TVT BBB 333 333 333 111 212 444 444 444 444
208  199  214  199  LLL BBB 333 333 333 111 111 333 444 444 444
209  200  215  200  PPP AAA 222 111 111 111 222 111 222 444 444
210  201  216  201  GDG BBB 333 333 333 111 434 414 444 444 444
211  202  217  202  DDD AAA 222 111 111 111 111 111 444 444 444
212  203  218  203  EDE AAA 222 111 111 111 212 111 242 444 444
213  204  219  204  LLL AAA 222 111 111 111 111 111 444 444 444
214  205  220  205  HYH AAA 222 111 111 111 222 323 444 444 444
215  206  221  206  EDE AAA 222 111 111 111 111 212 141 444 444
216  207  222  207  RRR AAA 222 111 111 111 121 111 323 121 444
217  208  223  208  ALA AAA 222 111 111 111 414 424 444 444 444
218  209  224  209  MRM AAA 222 111 111 111 121 112 131 434 444
219  210  225  210  LLL AAA 222 111 111 111 111 111 444 444 444
220  211  226  211  RRR AAA 222 111 111 111 111 111 313 111 444
221  212  227  212  RRR AAA 222 111 111 111 323 111 131 111 444
222  213  228  213  FWF BBB 111 333 222 111 222 222 444 444 444
223  214  229  214  YLY LLL 111 222 222 111 111 111 444 444 444
224  215  230  215  GGG LLL 333 222 222 111 444 444 444 444 444
225  216  231  216  III PPP 333 333 333 111 111 111 444 444 444
226  217  232  217  DED PPP 333 111 333 111 212 121 414 444 444
227  218  233  218  RRR AAA 222 111 111 111 111 111 333 323 444
228  219  234  219  TAT AAA 222 113 122 111 242 444 444 444 444
229  220  235  220  ASA PPP 333 133 333 111 424 444 444 444 444
230  221  236  221  DDD BBB 333 111 333 111 222 111 444 444 444
231  222  237  222  RRR AAA 222 131 121 111 131 111 333 131 444
232  223  238  223  LIL AAA 222 111 111 111 212 232 444 444 444
233  224  239  224  RTR AAA 333 333 222 111 121 242 141 242 444
234  225  240  225  GGG LLL 333 222 222 111 444 444 444 444 444
235  226  241  226  ADA ABB 222 333 222 111 424 414 444 444 444
236  227  242  227  YYY BBB 333 333 333 111 333 111 444 444 444
237  228  243  228  DDD BBB 333 333 333 111 222 112 444 444 444
238  229  244  229  VVV BBB 333 333 333 111 111 444 444 444 444
239  230  245  230  AAA AAA 222 131 111 111 444 444 444 444 444
240  231  246  231  EEE BBB 333 333 333 111 111 111 111 444 444
241  232  247  232  WWW PPP 333 111 333 111 333 222 444 444 444
242  233  248  233  GGG BBB 333 333 333 111 444 444 444 444 444
243  234  249  234  LYL PPB 131 333 333 111 111 121 444 444 444
244  235  250  235  KRK BBB 333 333 333 111 222 131 111 312 444
245  236  251  236  WFW AAA 232 333 221 111 111 313 444 444 444
246  237  252  237  HIH PPP 333 111 333 111 323 313 444 444 444
247  238  253  238  MLM BBB 333 333 333 111 222 121 142 444 444
248  239  254  239  TNT BPP 333 333 333 111 232 414 444 444 444
249  240  255  240  DED AAA 222 111 111 111 111 121 414 444 444
250  241  256  241  LIL AAA 222 111 111 111 212 212 444 444 444
251  242  257  242  NGN AAA 222 111 111 111 141 242 444 444 444
252  243  258  243  AGA AAA 222 111 111 111 444 444 444 444 444
253  244  259  244  AAA AAA 222 111 111 111 444 444 444 444 444
254  245  260  245  III AAA 222 111 111 111 111 111 444 444 444
255  246  261  246  GGG AAA 222 111 111 111 444 444 444 444 444
256  247  262  247  LLL AAA 222 111 111 111 111 111 444 444 444
257  248  263  248  ASA AAA 222 111 111 111 424 444 444 444 444
258  249  264  249  NNN AAA 222 111 111 111 111 111 444 444 444
259  250  265  250  LLL AAA 222 111 111 111 111 111 444 444 444
260  251  266  251  EEE AAA 222 111 111 111 111 312 111 444 444
261  252  267  252  TRT AAA 222 333 211 111 212 414 414 424 444
262  253  268  253  VVV AAA 222 111 111 111 333 444 444 444 444
263  254  269  254  DDD AAA 222 111 111 111 111 111 444 444 444
264  255  270  255  EEE AAA 222 111 111 111 222 333 111 444 444
265  256  271  256  QLQ AAA 222 111 111 111 111 111 241 444 444
266  257  272  257  LLL AAA 222 111 111 111 222 222 444 444 444
267  258  273  258  RRR AAA 222 111 111 111 222 111 333 333 444
268  259  274  259  LRL AAA 222 111 111 111 111 111 424 414 444
269  260  275  260  HHH AAA 222 111 111 111 111 111 444 444 444
270  261  276  261  RRR AAA 222 111 111 111 111 111 111 111 444
271  262  277  262  EEE AAA 222 111 111 111 222 111 111 444 444
272  263  278  263  NNN AAA 222 111 111 111 111 111 444 444 444
273  264  279  264  AAA AAA 222 111 111 111 444 444 444 444 444
274  265  280  265  AAA AAA 222 111 111 111 444 444 444 444 444
275  266  281  266  FFF AAA 222 111 111 111 222 222 444 444 444
276  267  282  267  YYY AAA 222 111 111 111 111 111 444 444 444
277  268  283  268  DDD AAA 222 111 111 111 111 111 444 444 444
278  269  284  269  KKK AAA 222 111 111 111 222 131 111 232 444
279  270  285  270  EEE AAA 222 313 112 111 111 222 111 444 444
280  271  286  271  LLL AAA 222 333 222 111 111 111 444 444 444
281  272  287  272  TAT PPP 222 111 333 111 242 444 444 444 444
282  273  288  273  GGG LLL 333 222 222 111 444 444 444 444 444
283  274  289  274  VIV PPB 333 313 333 111 111 414 444 444 444
284  275  290  275  PDP PPP 222 111 232 111 121 222 141 444 444
285  276  291  276  GGG LLL 222 222 222 111 444 444 444 444 444
286  277  292  277  LVL BBB 333 333 333 111 212 141 444 444 444
287  278  293  278  EEE BBB 333 333 333 111 212 111 111 444 444
288  279  294  279  LQL PPP 333 131 333 111 111 111 414 444 444
289  280  295  280  LTL BPB 313 313 333 111 111 142 444 444 444
290  281  296  281  QEQ BPB 333 313 333 111 121 212 211 444 444
291  282  297  282  RRR BBB 333 333 333 111 111 221 111 121 444
292  283  298  283  SAS PBP 333 131 333 111 343 444 444 444 444
293  284  299  284  PDP AAA 222 111 111 111 212 111 242 444 444
294  285  300  285  DDD AAA 222 333 222 111 333 111 444 444 444
295  286  301  286  RRR BBB 333 333 333 111 333 111 333 111 444
296  287  302  287  EEE BBB 333 333 333 111 222 111 111 444 444
297  288  303  288  GPG PPP 333 111 323 111 414 424 414 444 444
298  289  304  289  SAS AAA 333 333 111 111 242 444 444 444 444
299  290  305  290  FFF LLL 333 222 222 111 111 111 444 444 444
300  291  306  291  YWY AAA 121 111 111 111 222 212 444 444 444
301  292  307  292  VMV BBB 333 333 333 111 212 414 414 444 444
302  293  308  293  YYY BBB 333 333 333 111 222 212 444 444 444
303  294  309  294  DPD BPB 333 313 323 111 121 111 424 444 444
304  295  310  295  VLV BBB 333 333 333 111 212 414 444 444 444
305  296  311  296  KKK BBB 333 333 333 111 111 111 222 111 444
306  297  312  297  VVV BBB 333 333 333 111 222 444 444 444 444
307  298  313  298  DRD PPP 222 113 333 111 131 111 414 434 444
308  299  314  299  DDD LLL 333 222 222 111 222 111 444 444 444
309  300  315  300  RRR AAA 222 111 111 111 222 111 333 111 444
310  301  316  301  PPP AAA 222 111 111 111 111 222 111 444 444
311  302  317  302  AAA AAA 222 111 111 111 444 444 444 444 444
312  303  318  303  FFF AAA 222 111 111 111 222 222 444 444 444
313  304  319  304  HMH AAA 222 111 111 111 111 311 414 444 444
314  305  320  305  RRR AAA 222 111 111 111 121 131 212 232 444
315  306  321  306  KRK AAA 222 111 111 111 222 333 111 111 444
316  307  322  307  MLM AAA 222 111 111 111 111 222 241 444 444
317  308  323  308  ELE AAA 222 111 111 111 121 121 141 444 444
318  309  324  309  ADA AAA 222 111 111 111 414 414 444 444 444
319  310  325  310  AAA AAA 333 331 222 111 444 444 444 444 444
320  311  326  311  GGG LLL 333 222 222 111 444 444 444 444 444
321  312  327  312  III BBB 333 333 333 111 111 111 444 444 444
322  313  328  313  MAM BPP 333 111 333 111 242 141 143 444 444
323  314  329  314  ATA BBB 232 333 333 111 414 444 444 444 444
324  315  330  315  GSG BBB 131 333 333 111 434 444 444 444 444
325  316  331  316  LVL BAB 333 313 313 111 111 141 444 444 444
326  317  332  317  VVV ALA 121 121 111 111 111 444 444 444 444
327  318  333  318  SSS BBB 333 333 333 111 212 444 444 444 444
328  319  334  319  RRR PPP 331 111 333 111 222 111 111 111 444
329  320  335  320  RRR PPP 333 111 333 111 333 111 222 111 444
330  321  336  321  NNN AAA 222 111 111 111 111 221 444 444 444
331  322  337  322  DDD AAA 222 111 111 111 333 111 444 444 444
332  323  338  323  EAE AAA 222 331 111 111 141 141 141 444 444
333  324  339  324  HHH PPP 333 111 333 111 111 111 444 444 444
334  325  340  325  SSS AAA 222 111 111 111 121 444 444 444 444
335  326  341  326  CCC AAA 222 111 111 111 333 444 444 444 444
336  327  342  327  VVV AAA 333 333 222 111 222 444 444 444 444
337  328  343  328  AAA AAA 222 111 111 111 444 444 444 444 444
338  329  344  329  HSH AAA 222 111 111 111 313 141 444 444 444
339  330  345  330  LAL AAA 333 333 222 111 141 141 444 444 444
340  331  346  331  RRR PPP 333 111 333 111 121 112 333 131 444
341  332  347  332  TTT BBB 111 333 333 111 333 444 444 444 444
342  333  348  333  STS BPP 333 111 333 111 323 444 444 444 444
343  334  349  334  LLL BBB 333 333 333 111 111 111 444 444 444
344  335  350  335  PPP AAA 222 111 111 111 222 111 222 444 444
345  336  351  336  GGG AAA 222 111 111 111 444 444 444 444 444
346  337  352  337  LLL AAA 222 111 111 111 222 222 444 444 444
347  338  353  338  DDD AAA 222 111 111 111 111 111 444 444 444
348  339  354  339  SRS AAA 222 111 111 111 121 434 414 414 444
349  340  355  340  VVV AAA 222 333 111 111 222 444 444 444 444
350  341  356  341  YAY AAA 222 111 111 111 242 241 444 444 444
351  342  357  342  DDD AAA 222 333 222 111 113 111 444 444 444
352  343  358  343  RRR AAA 222 333 111 111 111 111 333 111 444
353  344  359  344  MVM PPP 333 111 333 111 331 141 241 444 444
354  345  360  345  VVV BBB 333 333 333 111 333 444 444 444 444
355  346  361  346  SHS BBB 333 333 333 111 212 424 444 444 444
356  347  362  347  LIL BBB 313 333 333 111 121 111 444 444 444
357  348  363  348  PPP PPP 333 111 222 111 111 222 111 444 444
358  349  364  349  VVV AAA 333 333 212 111 333 444 444 444 444
359  350  365  350  GGG PPP 333 111 333 111 444 444 444 444 444
360  351  366  351  WWW AAA 222 111 111 111 333 222 444 444 444
361  352  367  352  WWW AAA 222 131 111 111 333 111 444 444 444
362  353  368  353  LLL BPB 333 111 333 111 111 111 444 444 444
363  354  369  354  TTT PPP 333 111 333 111 222 444 444 444 444
364  355  370  355  EEE AAA 222 111 111 111 121 111 111 444 444
365  356  371  356  QDQ AAA 222 111 111 111 212 111 141 444 444
366  357  372  357  DDD AAA 222 111 111 111 111 111 444 444 444
367  358  373  358  RRR AAA 222 111 111 111 323 111 131 111 444
368  359  374  359  ESE AAA 222 111 111 111 121 141 141 444 444
369  360  375  360  HHH AAA 222 111 111 111 222 222 444 444 444
370  361  376  361  VVV AAA 222 111 111 111 111 444 444 444 444
371  362  377  362  VVV AAA 222 111 111 111 111 444 444 444 444
372  363  378  363  AEA AAA 222 111 111 111 424 434 414 444 444
373  364  379  364  TTT AAA 222 111 111 111 111 444 444 444 444
374  365  380  365  III AAA 222 111 111 111 111 111 444 444 444
375  366  381  366  RKR AAA 222 111 111 111 111 111 313 313 444
376  367  382  367  SSS AAA 333 111 122 111 111 444 444 444 444
377  368  383  368  GGG EEE 444 222 333 111 444 444 444 444 444
378  369  384  369  WWW UUU 444 333 444 444 333 111 444 444 444

Sequence identity comparison (ID_TABLE):

   Diagonal       ... number of residues;
   Upper triangle ... number of identical residues;
   Lower triangle ... % sequence identity, id/min(length).

         4zwvA @14zasA @24xauA @3
4zwvA @1      369     230     368
4zasA @2       63     368     230
4xauA @3      100      63     372


Weighted pair-group average clustering based on a distance matrix:


                                                               .--- 4zwvA @1.5     0.0000
                                                               |
        .---------------------------------------------------------- 4xauA @3.0    38.0000
        |
      .------------------------------------------------------------ 4zasA @2.5

      +----+----+----+----+----+----+----+----+----+----+----+----+
    39.5200   32.6800   25.8400   19.0000   12.1600    5.3200   -1.5200
         36.1000   29.2600   22.4200   15.5800    8.7400    1.9000



Total CPU time [seconds]                                 :       2.14
