
                         MODELLER 9.17, 2016/07/02, r10881

     PROTEIN STRUCTURE MODELLING BY SATISFACTION OF SPATIAL RESTRAINTS


                     Copyright(c) 1989-2016 Andrej Sali
                            All Rights Reserved

                             Written by A. Sali
                               with help from
              B. Webb, M.S. Madhusudhan, M-Y. Shen, G.Q. Dong,
          M.A. Marti-Renom, N. Eswar, F. Alber, M. Topf, B. Oliva,
             A. Fiser, R. Sanchez, B. Yerkovich, A. Badretdinov,
                     F. Melo, J.P. Overington, E. Feyfant
                 University of California, San Francisco, USA
                    Rockefeller University, New York, USA
                      Harvard University, Cambridge, USA
                   Imperial Cancer Research Fund, London, UK
              Birkbeck College, University of London, London, UK


Kind, OS, HostName, Kernel, Processor: 4, Windows Vista build 7601 Service Pack 1, SAI-PC, SMP, unknown
Date and time of compilation         : 2016/07/01 22:06:57
MODELLER executable type             : x86_64-w64
Job starting time (YY/MM/DD HH:MM:SS): 2016/11/19 02:57:42


Multiple dynamic programming alignment (MALIGN):
  Residue-residue metric  : $(LIB)/as1.sim.mat
  ALIGN_BLOCK             :            1
  Gap introduction penalty:    -900.0000
  Gap extension penalty   :     -50.0000
  Length of alignment     :          264
# Sequence alignment of the structurally conserved regions
# [average distance and standard deviation are with respect
#  to the framework (i.e., average structure)]
#
#  N av ds st dv   3napAA 3ux4AA 
# ===============================
   1 0.783 0.000   S  49  F  34  
# ===============================
   2 1.009 0.000   S  51  G  37  
   3 1.246 0.000   E  52  G  38  
# ===============================
   4 0.805 0.000   K  55  S  40  
# ===============================
   5 1.566 0.000   E 172  F  75  
   6 0.496 0.000   V 173  Y  76  
# ===============================
   7 0.735 0.000   Q 174  A  79  
# ===============================
   8 0.711 0.000   T 183  W 106  
# ===============================
   9 1.429 0.000 * S 184  S 108  
# ===============================
  10 1.361 0.000   M 201  L 109  
  11 1.433 0.000   P 202  F 110  
# ===============================
  12 0.989 0.000   M 205  P 117  
# ===============================
  13 1.736 0.000   I 208  L 121  
# ===============================
  14 0.757 0.000   I 215  D 126  
# ===============================
  15 1.513 0.000 * P 234  P 171  
  16 1.234 0.000   L 235  W 172  
# ===============================
  17 1.597 0.000   A 236  I 176  
# ===============================
  18 1.457 0.000   T 257  L 189  
# ===============================
  19 0.520 0.000   S 259  Q 192  
# ===============================
# Sequence alignment of the structurally conserved regions
# [average distance and standard deviation are with respect
#  to the framework (i.e., average structure)]
#
#  N av ds st dv   3napAA 3ux4AA 
# ===============================
   1 0.545 0.000   S  49  F  34  
# ===============================
   2 1.664 0.000   F  50  V  36  
   3 0.896 0.000   S  51  G  37  
   4 0.781 0.000   E  52  G  38  
# ===============================
   5 0.671 0.000   K  55  S  40  
# ===============================
   6 1.487 0.000   E 172  F  75  
   7 0.381 0.000   V 173  Y  76  
# ===============================
   8 0.943 0.000   Q 174  A  79  
# ===============================
   9 0.858 0.000   T 183  W 106  
# ===============================
  10 1.435 0.000 * S 184  S 108  
# ===============================
  11 1.207 0.000   M 201  L 109  
  12 1.365 0.000   P 202  F 110  
# ===============================
  13 1.102 0.000   M 205  P 117  
# ===============================
  14 1.606 0.000   I 208  L 121  
# ===============================
  15 0.831 0.000   I 215  D 126  
# ===============================
  16 1.344 0.000 * P 234  P 171  
  17 0.986 0.000   L 235  W 172  
# ===============================
  18 1.645 0.000   A 236  I 175  
# ===============================
  19 1.311 0.000   T 257  L 189  
# ===============================
  20 0.553 0.000   S 259  Q 192  
# ===============================
# Sequence alignment of the structurally conserved regions
# [average distance and standard deviation are with respect
#  to the framework (i.e., average structure)]
#
#  N av ds st dv   3napAA 3ux4AA 
# ===============================
   1 0.669 0.000   S  49  F  34  
# ===============================
   2 1.568 0.000   F  50  V  36  
   3 0.850 0.000   S  51  G  37  
   4 0.661 0.000   E  52  G  38  
# ===============================
   5 0.643 0.000   K  55  S  40  
# ===============================
   6 1.570 0.000   E 172  F  75  
   7 0.312 0.000   V 173  Y  76  
# ===============================
   8 1.004 0.000   Q 174  A  79  
# ===============================
   9 0.990 0.000   T 183  W 106  
# ===============================
  10 1.404 0.000 * S 184  S 108  
# ===============================
  11 1.126 0.000   M 201  L 109  
  12 1.321 0.000   P 202  F 110  
# ===============================
  13 1.088 0.000   M 205  P 117  
# ===============================
  14 1.476 0.000   I 208  L 121  
# ===============================
  15 0.813 0.000   I 215  D 126  
# ===============================
  16 1.427 0.000 * P 234  P 171  
  17 1.078 0.000   L 235  W 172  
# ===============================
  18 1.551 0.000   A 236  I 175  
# ===============================
  19 1.304 0.000   T 257  L 189  
# ===============================
  20 0.527 0.000   S 259  Q 192  
# ===============================

Least-squares dynamic programming alignment:
     FIT_ATOMS atoms for alignment     : CA
     Max dist from frw for equivalence :    3.5000
     Gap introduction penalty          :    0.0000
     Gap extension penalty             :    1.7500
     Numb of residues in framework     :        20




COMPARISON OF SEVERAL 3D STRUCTURES:


  #  ALGNMT CODE      ATOM FILE                          

  1  3napAA
  2  3ux4AA



Variability at a given position is calculated as: 
VAR = 1/Nij * sum_ij (feat_i - feat_j)
sum runs over all pairs of proteins with residues present.



>> Least-squares superposition (FIT)           :       T

   Atom types for superposition/RMS (FIT_ATOMS): CA
   Atom type for position average/variability (VARATOM): CA


   Position comparison (FIT_ATOMS): 

       Cutoff for RMS calculation:     3.5000

       Upper = RMS, Lower = numb equiv positions

        3napAA  3ux4AA  
3napAA     0.000   2.263
3ux4AA        20   0.000



   Distance comparison (FIT_ATOMS): 

       Cutoff for rms calculation:     3.5000

       Upper = Distance RMS, Lower = numb equiv distances

        3napAA  3ux4AA  
3napAA     0.000   1.630
3ux4AA       177   0.000

>> Sequence comparison: 

       Diag=numb res, Upper=numb equiv res, Lower = % seq ID


           3napAA  3ux4AA
3napAA        264       2
3ux4AA          1     180


>> Dihedral angle comparison: Alph


       Cutoff for rms comparison:    60.0000

       Upper = RMS Alph, Lower = numb of equiv angles

        3napAA  3ux4AA  
3napAA     0.000  33.974
3ux4AA         6   0.000


>> Dihedral angle comparison: Phi 


       Cutoff for rms comparison:    60.0000

       Upper = RMS Phi , Lower = numb of equiv angles

        3napAA  3ux4AA  
3napAA     0.000  29.708
3ux4AA        12   0.000


>> Dihedral angle comparison: Psi 


       Cutoff for rms comparison:    15.0000

       Upper = RMS Psi , Lower = numb of equiv angles

        3napAA  3ux4AA  
3napAA     0.000  10.454
3ux4AA         2   0.000


>> Dihedral angle comparison: Omeg


       Cutoff for rms comparison:    60.0000

       Upper = RMS Omeg, Lower = numb of equiv angles

        3napAA  3ux4AA  
3napAA     0.000   7.637
3ux4AA        20   0.000


>> Dihedral angle comparison: chi1


       Cutoff for rms comparison:    60.0000

       Upper = RMS chi1, Lower = numb of equiv angles

        3napAA  3ux4AA  
3napAA     0.000  26.561
3ux4AA         6   0.000


>> Dihedral angle comparison: chi2


       Cutoff for rms comparison:    60.0000

       Upper = RMS chi2, Lower = numb of equiv angles

        3napAA  3ux4AA  
3napAA     0.000  32.029
3ux4AA         2   0.000


>> Dihedral angle comparison: chi3


       Cutoff for rms comparison:    60.0000

       Upper = RMS chi3, Lower = numb of equiv angles

        3napAA  3ux4AA  
3napAA     0.000   1.709
3ux4AA         1   0.000


>> Dihedral angle comparison: chi4


       Cutoff for rms comparison:    60.0000

       Upper = RMS chi4, Lower = numb of equiv angles

        3napAA  3ux4AA  
3napAA     0.000   0.000
3ux4AA         0   0.000


>> Dihedral angle comparison: chi5


       Cutoff for rms comparison:    60.0000

       Upper = RMS chi5, Lower = numb of equiv angles

        3napAA  3ux4AA  
3napAA     0.000   0.000
3ux4AA         0   0.000



>> Ramachandran mainchain class substitution
   prot 1 --> prot 2; class on vert --> class on horiz

              A      P      B      L      E      U
      A       5      0      0      0      0      0
      P       4      0      0      0      0      0
      B      10      0      0      1      0      0
      L       0      0      0      0      0      0
      E       0      0      0      0      0      0
      U       0      0      0      0      0      0


   Summary (% does not count undefined):

   CODE   # ID # NID # TOT   % ID  % NID  % TOT
      A      5     0     5   25.0    0.0   25.0
      P      0     4     4    0.0   20.0   20.0
      B      0    11    11    0.0   55.0   55.0
      L      0     0     0    0.0    0.0    0.0
      E      0     0     0    0.0    0.0    0.0
   --------------------------------------------
   SUMS      5    15    20   25.0   75.0  100.0
   --------------------------------------------
      U      0     0     0    0.0    0.0    0.0



>> Dihedral class substitution: Alph
   prot 1 --> prot 2; class on vert --> class on horiz

              1      2      3      4
      1       0      2      0      0
      2       0      4      1      0
      3       0     11      2      0
      4       0      0      0      0


   Summary (% does not count undefined):

   CODE   # ID # NID # TOT   % ID  % NID  % TOT
      1      0     2     2    0.0   10.0   10.0
      2      4     1     5   20.0    5.0   25.0
      3      2    11    13   10.0   55.0   65.0
   --------------------------------------------
   SUMS      6    14    20   30.0   70.0  100.0
   --------------------------------------------
      4      0     0     0    0.0    0.0    0.0



>> Dihedral class substitution: Phi 
   prot 1 --> prot 2; class on vert --> class on horiz

              1      2      3      4
      1       7      0      1      0
      2       0      0      0      0
      3      11      1      0      0
      4       0      0      0      0


   Summary (% does not count undefined):

   CODE   # ID # NID # TOT   % ID  % NID  % TOT
      1      7     1     8   35.0    5.0   40.0
      2      0     0     0    0.0    0.0    0.0
      3      0    12    12    0.0   60.0   60.0
   --------------------------------------------
   SUMS      7    13    20   35.0   65.0  100.0
   --------------------------------------------
      4      0     0     0    0.0    0.0    0.0



>> Dihedral class substitution: Psi 
   prot 1 --> prot 2; class on vert --> class on horiz

              1      2      3      4
      1       5      0      0      0
      2       2      0      0      0
      3      11      2      0      0
      4       0      0      0      0


   Summary (% does not count undefined):

   CODE   # ID # NID # TOT   % ID  % NID  % TOT
      1      5     0     5   25.0    0.0   25.0
      2      0     2     2    0.0   10.0   10.0
      3      0    13    13    0.0   65.0   65.0
   --------------------------------------------
   SUMS      5    15    20   25.0   75.0  100.0
   --------------------------------------------
      4      0     0     0    0.0    0.0    0.0



>> Dihedral class substitution: Omeg
   prot 1 --> prot 2; class on vert --> class on horiz

              1      2      3      4
      1      20      0      0      0
      2       0      0      0      0
      3       0      0      0      0
      4       0      0      0      0


   Summary (% does not count undefined):

   CODE   # ID # NID # TOT   % ID  % NID  % TOT
      1     20     0    20  100.0    0.0  100.0
      2      0     0     0    0.0    0.0    0.0
      3      0     0     0    0.0    0.0    0.0
   --------------------------------------------
   SUMS     20     0    20  100.0    0.0  100.0
   --------------------------------------------
      4      0     0     0    0.0    0.0    0.0



>> Dihedral class substitution: chi1
   prot 1 --> prot 2; class on vert --> class on horiz

              1      2      3      4
      1       4      4      1      1
      2       2      3      0      1
      3       1      1      0      1
      4       1      0      0      0


   Summary (% does not count undefined):

   CODE   # ID # NID # TOT   % ID  % NID  % TOT
      1      4     6    10   21.1   31.6   52.6
      2      3     3     6   15.8   15.8   31.6
      3      0     3     3    0.0   15.8   15.8
   --------------------------------------------
   SUMS      7    12    19   36.8   63.2  100.0
   --------------------------------------------
      4      0     1     1    0.0    5.0    5.0



>> Dihedral class substitution: chi2
   prot 1 --> prot 2; class on vert --> class on horiz

              1      2      3      4
      1       2      4      0      3
      2       2      0      0      1
      3       0      0      0      0
      4       3      3      0      2


   Summary (% does not count undefined):

   CODE   # ID # NID # TOT   % ID  % NID  % TOT
      1      2     7     9   16.7   58.3   75.0
      2      0     3     3    0.0   25.0   25.0
      3      0     0     0    0.0    0.0    0.0
   --------------------------------------------
   SUMS      2    10    12   16.7   83.3  100.0
   --------------------------------------------
      4      2     6     8   10.0   30.0   40.0



>> Dihedral class substitution: chi3
   prot 1 --> prot 2; class on vert --> class on horiz

              1      2      3      4
      1       0      0      0      5
      2       1      1      0      1
      3       0      0      0      0
      4       1      0      0     11


   Summary (% does not count undefined):

   CODE   # ID # NID # TOT   % ID  % NID  % TOT
      1      0     5     5    0.0   62.5   62.5
      2      1     2     3   12.5   25.0   37.5
      3      0     0     0    0.0    0.0    0.0
   --------------------------------------------
   SUMS      1     7     8   12.5   87.5  100.0
   --------------------------------------------
      4     11     1    12   55.0    5.0   60.0



>> Dihedral class substitution: chi4
   prot 1 --> prot 2; class on vert --> class on horiz

              1      2      3      4
      1       0      0      0      0
      2       0      0      0      0
      3       0      0      0      1
      4       0      0      0     19


   Summary (% does not count undefined):

   CODE   # ID # NID # TOT   % ID  % NID  % TOT
      1      0     0     0    0.0    0.0    0.0
      2      0     0     0    0.0    0.0    0.0
      3      0     1     1    0.0  100.0  100.0
   --------------------------------------------
   SUMS      0     1     1    0.0  100.0  100.0
   --------------------------------------------
      4     19     0    19   95.0    0.0   95.0



>> Dihedral class substitution: chi5
   prot 1 --> prot 2; class on vert --> class on horiz

              1      2      3      4
      1       0      0      0      0
      2       0      0      0      0
      3       0      0      0      0
      4       0      0      0     20


   Summary (% does not count undefined):

   CODE   # ID # NID # TOT   % ID  % NID  % TOT
      1      0     0     0    0.0    0.0    0.0
      2      0     0     0    0.0    0.0    0.0
      3      0     0     0    0.0    0.0    0.0
   --------------------------------------------
   SUMS      0     0     0    0.0    0.0    0.0
   --------------------------------------------
      4     20     0    20  100.0    0.0  100.0



>> Detailed comparison:


       Structure :  1
       Structure :  2
       ALN      ... alignment position
       RESID... ... residue numbers 1/2/3
       AAA      ... amino acid types 1/2/3
       MNC      ... mainchain classes 1/2/3
       ALP...   ... dihedral angle classes (alpha,phi,psi,...)

ALN RESIDUE_NUMBERS AAA MNC ALP PHI PSI OMG CH1 CH2 CH3 CH4 CH5 
---------------------------------------------------------------
  1       ----   1   -M  -U  -4  -4  -2  -1  -1  -1  -2  -4  -4
  2       ----   2   -L  -A  -2  -1  -1  -1  -1  -2  -4  -4  -4
  3       ----   3   -G  -A  -2  -1  -1  -1  -4  -4  -4  -4  -4
  4       ----   4   -L  -A  -2  -1  -1  -1  -1  -1  -4  -4  -4
  5       ----   5   -V  -A  -2  -1  -1  -1  -1  -4  -4  -4  -4
  6       ----   6   -L  -A  -2  -1  -1  -1  -1  -1  -4  -4  -4
  7       ----   7   -L  -A  -2  -1  -1  -1  -2  -2  -4  -4  -4
  8       ----   8   -Y  -A  -2  -1  -1  -1  -1  -1  -4  -4  -4
  9       ----   9   -V  -A  -2  -1  -1  -1  -1  -4  -4  -4  -4
 10       ----  10   -G  -A  -2  -1  -1  -1  -4  -4  -4  -4  -4
 11       ----  11   -I  -A  -2  -1  -1  -1  -1  -1  -4  -4  -4
 12       ----  12   -V  -A  -2  -1  -1  -1  -3  -4  -4  -4  -4
 13       ----  13   -L  -A  -2  -1  -1  -1  -1  -1  -4  -4  -4
 14       ----  14   -I  -A  -2  -1  -1  -1  -1  -1  -4  -4  -4
 15       ----  15   -S  -A  -2  -1  -1  -1  -3  -4  -4  -4  -4
 16       ----  16   -N  -A  -2  -1  -1  -1  -1  -1  -4  -4  -4
 17       ----  17   -G  -A  -2  -1  -1  -1  -4  -4  -4  -4  -4
 18       ----  18   -I  -A  -2  -1  -1  -1  -1  -1  -4  -4  -4
 19       ----  19   -C  -A  -2  -1  -1  -1  -1  -4  -4  -4  -4
 20       ----  20   -G  -A  -2  -1  -2  -1  -4  -4  -4  -4  -4
 21       ----  21   -L  -A  -2  -3  -1  -1  -1  -1  -4  -4  -4
 22       ----  22   -T  -A  -3  -1  -1  -1  -2  -4  -4  -4  -4
 23       ----  23   -K  -L  -3  -2  -2  -1  -1  -1  -2  -1  -4
 24       ----  24   -V  -P  -1  -1  -3  -1  -3  -4  -4  -4  -4
 25       ----  25   -D  -P  -3  -1  -3  -1  -3  -1  -4  -4  -4
 26       ----  26   -P  -A  -2  -1  -1  -1  -1  -2  -1  -4  -4
 27       ----  27   -K  -A  -2  -1  -1  -1  -1  -2  -1  -1  -4
 28       ----  28   -S  -A  -2  -1  -1  -1  -2  -4  -4  -4  -4
 29       ----  29   -T  -A  -2  -1  -1  -1  -2  -4  -4  -4  -4
 30       ----  30   -A  -A  -2  -1  -1  -1  -4  -4  -4  -4  -4
 31       ----  31   -V  -A  -2  -1  -1  -1  -1  -4  -4  -4  -4
 32       ----  32   -M  -A  -2  -1  -1  -1  -2  -3  -2  -4  -4
 33       ----  33   -N  -A  -2  -1  -1  -1  -1  -1  -4  -4  -4
 34         1  ----  V-  U-  4-  4-  1-  1-  3-  4-  4-  4-  4-
 35         2  ----  G-  E-  3-  3-  3-  1-  4-  4-  4-  4-  4-
 36         3  ----  F-  A-  2-  1-  1-  1-  1-  2-  4-  4-  4-
 37         4  ----  A-  B-  3-  3-  3-  1-  4-  4-  4-  4-  4-
 38         5  ----  S-  B-  3-  3-  3-  1-  1-  4-  4-  4-  4-
 39         6  ----  A-  B-  2-  3-  3-  1-  4-  4-  4-  4-  4-
 40         7  ----  G-  E-  1-  2-  3-  1-  4-  4-  4-  4-  4-
 41         8  ----  T-  P-  3-  1-  3-  1-  1-  4-  4-  4-  4-
 42         9  ----  R-  A-  2-  3-  1-  1-  2-  1-  3-  1-  4-
 43        10  ----  D-  B-  3-  1-  3-  1-  2-  1-  4-  4-  4-
 44        11  ----  I-  P-  3-  3-  3-  1-  1-  1-  4-  4-  4-
 45        12  ----  R-  A-  2-  1-  1-  1-  2-  1-  1-  2-  4-
 46        13  ----  S-  A-  2-  1-  1-  1-  1-  4-  4-  4-  4-
 47        14  ----  S-  A-  2-  1-  1-  1-  2-  4-  4-  4-  4-
 48        15  ----  Y-  A-  2-  1-  1-  1-  2-  2-  4-  4-  4-
 49        16  ----  V-  A-  2-  1-  1-  1-  1-  4-  4-  4-  4-
 50        17  ----  E-  A-  3-  1-  2-  1-  1-  1-  2-  4-  4-
 51        18  ----  G-  L-  2-  2-  2-  1-  4-  4-  4-  4-  4-
 52        19  ----  K-  A-  2-  1-  1-  1-  1-  1-  1-  2-  4-
 53        20  ----  F-  B-  3-  3-  3-  1-  2-  2-  4-  4-  4-
 54        21  ----  I-  B-  3-  3-  3-  1-  1-  1-  4-  4-  4-
 55        22  ----  P-  P-  3-  1-  2-  1-  2-  1-  2-  4-  4-
 56        23  ----  Q-  P-  3-  1-  3-  1-  2-  1-  1-  4-  4-
 57        24  ----  D-  P-  3-  1-  3-  1-  2-  1-  4-  4-  4-
 58        25  ----  I-  A-  2-  1-  1-  1-  3-  1-  4-  4-  4-
 59        26  ----  T-  A-  3-  1-  1-  1-  2-  4-  4-  4-  4-
 60        27  ----  G-  L-  2-  2-  2-  1-  4-  4-  4-  4-  4-
 61        28  ----  M-  B-  3-  3-  3-  1-  1-  2-  1-  4-  4-
 62        29  ----  S-  A-  2-  1-  1-  1-  1-  4-  4-  4-  4-
 63        30  ----  R-  A-  2-  1-  1-  1-  2-  3-  1-  1-  4-
 64        31  ----  N-  A-  2-  1-  1-  1-  1-  1-  4-  4-  4-
 65        32  ----  H-  A-  3-  3-  2-  1-  3-  1-  4-  4-  4-
 66        33  ----  E-  B-  3-  3-  3-  1-  2-  1-  1-  4-  4-
 67        34  ----  L-  P-  3-  1-  3-  1-  2-  2-  4-  4-  4-
 68        35  ----  D-  B-  3-  3-  3-  1-  2-  1-  4-  4-  4-
 69        36  ----  E-  A-  2-  1-  1-  1-  1-  1-  1-  4-  4-
 70        37  ----  Q-  A-  2-  1-  1-  1-  2-  1-  1-  4-  4-
 71        38  ----  P-  A-  2-  1-  1-  1-  1-  2-  1-  4-  4-
 72        39  ----  S-  A-  2-  1-  1-  1-  1-  4-  4-  4-  4-
 73        40  ----  Q-  A-  2-  1-  1-  1-  1-  1-  2-  4-  4-
 74        41  ----  E-  A-  2-  3-  1-  1-  1-  1-  1-  4-  4-
 75        42  ----  C-  A-  2-  3-  1-  1-  1-  4-  4-  4-  4-
 76        43  ----  I-  A-  3-  3-  1-  1-  1-  2-  4-  4-  4-
 77        44  ----  G-  L-  2-  2-  2-  1-  4-  4-  4-  4-  4-
 78        45  ----  E-  B-  3-  3-  3-  1-  3-  1-  1-  4-  4-
 79        46  ----  R-  B-  3-  3-  3-  1-  2-  3-  1-  2-  4-
 80        47  ----  I-  P-  3-  1-  3-  1-  1-  2-  4-  4-  4-
 81        48  ----  L-  A-  2-  3-  1-  1-  1-  1-  4-  4-  4-
 82        49   34   SF  BA  32  31  31  11  31  41  44  44  44
 83       ----  35   -F  -A  -2  -1  -1  -1  -1  -1  -4  -4  -4
 84        50   36   FV  AA  22  11  11  11  11  24  44  44  44
 85        51   37   SG  AA  22  11  11  11  34  44  44  44  44
 86        52   38   EG  AA  22  11  11  11  14  14  14  44  44
 87       ----  39   -L  -A  -2  -1  -1  -1  -2  -2  -4  -4  -4
 88        53  ----  L-  A-  2-  1-  1-  1-  2-  1-  4-  4-  4-
 89        54  ----  I-  A-  2-  1-  1-  1-  2-  1-  4-  4-  4-
 90        55   40   KS  AA  22  11  11  11  12  14  14  34  44
 91       ----  41   -I  -A  -2  -1  -1  -1  -1  -1  -4  -4  -4
 92       ----  42   -V  -A  -2  -1  -1  -1  -1  -4  -4  -4  -4
 93       ----  43   -C  -A  -2  -1  -1  -1  -1  -4  -4  -4  -4
 94       ----  44   -N  -A  -2  -1  -1  -1  -1  -2  -4  -4  -4
 95       ----  45   -V  -A  -2  -1  -1  -1  -1  -4  -4  -4  -4
 96       ----  46   -V  -A  -2  -1  -1  -1  -2  -4  -4  -4  -4
 97       ----  47   -V  -A  -2  -1  -1  -1  -1  -4  -4  -4  -4
 98       ----  48   -I  -A  -2  -1  -1  -1  -1  -1  -4  -4  -4
 99       ----  49   -T  -A  -2  -1  -1  -1  -2  -4  -4  -4  -4
100       ----  50   -Y  -A  -2  -1  -1  -1  -1  -2  -4  -4  -4
101       ----  51   -S  -A  -2  -3  -1  -1  -1  -4  -4  -4  -4
102       ----  52   -A  -A  -2  -1  -1  -1  -4  -4  -4  -4  -4
103       ----  53   -L  -A  -2  -1  -1  -1  -2  -2  -4  -4  -4
104       ----  54   -H  -B  -3  -3  -3  -1  -1  -2  -4  -4  -4
105       ----  55   -P  -A  -3  -1  -1  -1  -1  -2  -1  -4  -4
106       ----  56   -T  -L  -2  -2  -2  -1  -2  -4  -4  -4  -4
107       ----  57   -A  -A  -2  -1  -1  -1  -4  -4  -4  -4  -4
108       ----  58   -P  -A  -3  -1  -1  -2  -2  -1  -2  -4  -4
109       ----  74   -S  -P  -3  -3  -3  -1  -2  -4  -4  -4  -4
110        56  ----  R-  P-  3-  1-  3-  1-  2-  1-  2-  1-  4-
111        57  ----  N-  P-  3-  1-  3-  1-  1-  1-  4-  4-  4-
112        58  ----  S-  B-  3-  3-  3-  1-  1-  4-  4-  4-  4-
113        59  ----  W-  P-  3-  1-  3-  1-  1-  1-  4-  4-  4-
114        60  ----  R-  A-  2-  3-  1-  1-  2-  3-  1-  1-  4-
115        61  ----  Y-  B-  3-  3-  3-  1-  2-  2-  4-  4-  4-
116        62  ----  V-  B-  3-  3-  3-  1-  1-  4-  4-  4-  4-
117        63  ----  S-  B-  3-  3-  3-  1-  3-  4-  4-  4-  4-
118        64  ----  D-  A-  2-  3-  2-  1-  3-  1-  4-  4-  4-
119        65  ----  E-  B-  3-  3-  3-  1-  1-  2-  1-  4-  4-
120        66  ----  K-  A-  2-  1-  1-  1-  1-  1-  1-  1-  4-
121        67  ----  S-  B-  3-  3-  3-  1-  3-  4-  4-  4-  4-
122        68  ----  L-  B-  3-  3-  3-  1-  2-  2-  4-  4-  4-
123        69  ----  I-  B-  3-  3-  3-  1-  1-  2-  4-  4-  4-
124        70  ----  Y-  B-  3-  3-  3-  1-  2-  2-  4-  4-  4-
125        71  ----  P-  B-  3-  1-  2-  1-  2-  1-  2-  4-  4-
126        72  ----  A-  A-  2-  1-  1-  1-  4-  4-  4-  4-  4-
127        73  ----  Y-  A-  2-  3-  2-  1-  1-  2-  4-  4-  4-
128        74  ----  A-  B-  3-  3-  3-  1-  4-  4-  4-  4-  4-
129        75  ----  F-  A-  3-  3-  2-  1-  1-  2-  4-  4-  4-
130        76  ----  D-  P-  3-  1-  3-  1-  3-  2-  4-  4-  4-
131        77  ----  N-  B-  1-  3-  3-  1-  1-  1-  4-  4-  4-
132        78  ----  P-  P-  3-  1-  2-  1-  1-  2-  1-  4-  4-
133        79  ----  A-  P-  3-  1-  3-  1-  4-  4-  4-  4-  4-
134        80  ----  A-  B-  3-  3-  3-  1-  4-  4-  4-  4-  4-
135        81  ----  M-  B-  3-  3-  3-  1-  1-  1-  2-  4-  4-
136        82  ----  Y-  B-  3-  3-  3-  1-  2-  2-  4-  4-  4-
137        83  ----  T-  B-  3-  3-  3-  1-  3-  4-  4-  4-  4-
138        84  ----  A-  A-  3-  3-  2-  1-  4-  4-  4-  4-  4-
139        85  ----  A-  P-  1-  1-  3-  1-  4-  4-  4-  4-  4-
140        86  ----  D-  P-  2-  1-  3-  1-  1-  1-  4-  4-  4-
141        87  ----  K-  L-  2-  2-  2-  1-  1-  2-  1-  2-  4-
142        88  ----  L-  B-  3-  3-  3-  1-  1-  1-  4-  4-  4-
143        89  ----  P-  P-  3-  1-  2-  1-  2-  1-  2-  4-  4-
144        90  ----  V-  A-  2-  1-  1-  1-  1-  4-  4-  4-  4-
145        91  ----  W-  B-  3-  3-  3-  1-  1-  1-  4-  4-  4-
146        92  ----  T-  B-  3-  3-  3-  1-  2-  4-  4-  4-  4-
147        93  ----  L-  B-  3-  3-  3-  1-  1-  1-  4-  4-  4-
148        94  ----  T-  B-  3-  3-  3-  1-  1-  4-  4-  4-  4-
149        95  ----  P-  P-  3-  1-  2-  1-  2-  1-  2-  4-  4-
150        96  ----  R-  A-  2-  3-  1-  1-  2-  1-  2-  2-  4-
151        97  ----  S-  A-  1-  1-  1-  1-  2-  4-  4-  4-  4-
152        98  ----  G-  B-  1-  3-  3-  1-  4-  4-  4-  4-  4-
153        99  ----  F-  P-  1-  3-  3-  1-  1-  2-  4-  4-  4-
154       100  ----  P-  P-  3-  1-  2-  1-  2-  1-  2-  4-  4-
155       101  ----  T-  B-  3-  3-  3-  1-  2-  4-  4-  4-  4-
156       102  ----  L-  A-  2-  1-  1-  1-  1-  1-  4-  4-  4-
157       103  ----  L-  A-  2-  1-  1-  1-  2-  1-  4-  4-  4-
158       104  ----  T-  A-  2-  1-  1-  1-  2-  4-  4-  4-  4-
159       105  ----  S-  A-  2-  1-  1-  1-  2-  4-  4-  4-  4-
160       106  ----  I-  A-  2-  1-  1-  1-  1-  2-  4-  4-  4-
161       107  ----  G-  A-  2-  1-  1-  1-  4-  4-  4-  4-  4-
162       108  ----  A-  A-  2-  1-  1-  1-  4-  4-  4-  4-  4-
163       109  ----  M-  A-  2-  1-  1-  1-  1-  1-  1-  4-  4-
164       110  ----  Y-  B-  3-  3-  3-  1-  1-  2-  4-  4-  4-
165       111  ----  A-  A-  2-  3-  1-  1-  4-  4-  4-  4-  4-
166       112  ----  F-  B-  3-  3-  3-  1-  1-  2-  4-  4-  4-
167       113  ----  Y-  B-  3-  3-  3-  1-  3-  2-  4-  4-  4-
168       114  ----  R-  B-  2-  3-  3-  1-  3-  1-  2-  3-  4-
169       115  ----  G-  E-  1-  2-  3-  1-  4-  4-  4-  4-  4-
170       116  ----  G-  P-  3-  1-  3-  1-  4-  4-  4-  4-  4-
171       117  ----  I-  B-  3-  3-  3-  1-  2-  1-  4-  4-  4-
172       118  ----  R-  B-  3-  3-  3-  1-  1-  1-  1-  1-  4-
173       119  ----  L-  B-  3-  3-  3-  1-  2-  2-  4-  4-  4-
174       120  ----  K-  B-  3-  3-  3-  1-  1-  2-  1-  1-  4-
175       121  ----  I-  B-  3-  3-  3-  1-  1-  1-  4-  4-  4-
176       122  ----  V-  B-  3-  3-  3-  1-  1-  4-  4-  4-  4-
177       123  ----  P-  P-  3-  1-  2-  1-  2-  1-  2-  4-  4-
178       124  ----  G-  A-  2-  1-  1-  1-  4-  4-  4-  4-  4-
179       125  ----  V-  B-  3-  3-  3-  1-  1-  4-  4-  4-  4-
180       126  ----  A-  B-  3-  3-  3-  1-  4-  4-  4-  4-  4-
181       127  ----  D-  B-  3-  1-  3-  1-  2-  1-  4-  4-  4-
182       128  ----  Q-  A-  2-  1-  1-  1-  2-  2-  2-  4-  4-
183       129  ----  P-  A-  2-  1-  1-  1-  1-  2-  1-  4-  4-
184       130  ----  K-  B-  3-  3-  2-  1-  1-  1-  1-  2-  4-
185       131  ----  P-  A-  2-  1-  1-  1-  2-  1-  2-  4-  4-
186       132  ----  L-  P-  3-  1-  3-  1-  1-  1-  4-  4-  4-
187       133  ----  V-  B-  3-  3-  3-  1-  1-  4-  4-  4-  4-
188       134  ----  E-  B-  3-  3-  3-  1-  2-  1-  1-  4-  4-
189       135  ----  V-  B-  3-  3-  3-  1-  1-  4-  4-  4-  4-
190       136  ----  A-  B-  3-  3-  3-  1-  4-  4-  4-  4-  4-
191       137  ----  L-  P-  3-  1-  3-  1-  2-  2-  4-  4-  4-
192       138  ----  F-  B-  3-  3-  3-  1-  2-  2-  4-  4-  4-
193       139  ----  T-  A-  3-  3-  2-  1-  2-  4-  4-  4-  4-
194       140  ----  M-  P-  3-  1-  3-  1-  1-  2-  1-  4-  4-
195       141  ----  Q-  A-  2-  1-  1-  1-  1-  1-  2-  4-  4-
196       142  ----  D-  A-  2-  1-  1-  1-  2-  2-  4-  4-  4-
197       143  ----  Q-  P-  3-  1-  3-  1-  1-  2-  2-  4-  4-
198       144  ----  G-  P-  3-  1-  3-  1-  4-  4-  4-  4-  4-
199       145  ----  Y-  B-  2-  1-  2-  1-  2-  2-  4-  4-  4-
200       146  ----  I-  B-  1-  3-  3-  1-  2-  1-  4-  4-  4-
201       147  ----  I-  P-  3-  1-  3-  1-  1-  1-  4-  4-  4-
202       148  ----  K-  B-  3-  3-  3-  1-  2-  1-  1-  1-  4-
203       149  ----  A-  P-  3-  1-  3-  1-  4-  4-  4-  4-  4-
204       150  ----  N-  P-  3-  1-  3-  1-  2-  2-  4-  4-  4-
205       151  ----  D-  A-  2-  3-  1-  1-  3-  1-  4-  4-  4-
206       152  ----  Y-  P-  3-  1-  3-  1-  1-  2-  4-  4-  4-
207       153  ----  S-  A-  2-  3-  2-  1-  1-  4-  4-  4-  4-
208       154  ----  T-  A-  2-  3-  2-  1-  2-  4-  4-  4-  4-
209       155  ----  D-  B-  3-  3-  2-  1-  3-  2-  4-  4-  4-
210       156  ----  F-  P-  2-  1-  3-  1-  3-  2-  4-  4-  4-
211       157  ----  C-  L-  3-  2-  2-  1-  1-  4-  4-  4-  4-
212       158  ----  S-  P-  3-  1-  3-  1-  1-  4-  4-  4-  4-
213       159  ----  S-  B-  3-  1-  3-  1-  3-  4-  4-  4-  4-
214       160  ----  N-  B-  3-  3-  3-  1-  1-  1-  4-  4-  4-
215       161  ----  I-  B-  3-  3-  3-  1-  2-  3-  4-  4-  4-
216       162  ----  Y-  B-  3-  3-  3-  1-  1-  2-  4-  4-  4-
217       163  ----  E-  B-  3-  3-  3-  1-  2-  3-  1-  4-  4-
218       164  ----  N-  B-  3-  3-  3-  1-  2-  1-  4-  4-  4-
219       165  ----  F-  A-  2-  1-  1-  1-  1-  2-  4-  4-  4-
220       166  ----  V-  A-  2-  3-  1-  1-  1-  4-  4-  4-  4-
221       167  ----  T-  A-  2-  1-  1-  1-  2-  4-  4-  4-  4-
222       168  ----  K-  A-  3-  3-  1-  1-  2-  1-  1-  2-  4-
223       169  ----  G-  L-  2-  2-  1-  1-  4-  4-  4-  4-  4-
224       170  ----  I-  B-  3-  3-  3-  1-  1-  1-  4-  4-  4-
225       171  ----  A-  P-  3-  3-  3-  1-  4-  4-  4-  4-  4-
226       172   75   EF  BA  33  31  32  11  13  12  14  44  44
227       173   76   VY  BA  32  31  31  11  12  42  44  44  44
228       ----  77   -G  -A  -2  -1  -1  -1  -4  -4  -4  -4  -4
229       ----  78   -P  -A  -2  -1  -1  -1  -1  -2  -1  -4  -4
230       174   79   QA  BA  32  31  31  11  24  14  14  44  44
231       ----  80   -T  -A  -2  -1  -1  -1  -2  -4  -4  -4  -4
232       ----  81   -G  -A  -2  -1  -1  -1  -4  -4  -4  -4  -4
233       ----  82   -L  -A  -2  -1  -2  -1  -3  -2  -4  -4  -4
234       ----  83   -L  -A  -2  -1  -1  -1  -2  -2  -4  -4  -4
235       ----  84   -F  -A  -2  -3  -1  -1  -3  -2  -4  -4  -4
236       ----  85   -G  -A  -2  -1  -1  -1  -4  -4  -4  -4  -4
237       ----  86   -F  -A  -2  -1  -1  -1  -1  -1  -4  -4  -4
238       ----  87   -T  -A  -2  -1  -1  -1  -1  -4  -4  -4  -4
239       ----  88   -Y  -A  -2  -1  -1  -1  -1  -1  -4  -4  -4
240       ----  89   -L  -A  -2  -1  -1  -1  -2  -2  -4  -4  -4
241       ----  90   -Y  -A  -2  -1  -1  -1  -2  -1  -4  -4  -4
242       ----  91   -A  -A  -2  -1  -1  -1  -4  -4  -4  -4  -4
243       ----  92   -A  -A  -2  -1  -1  -1  -4  -4  -4  -4  -4
244       ----  93   -I  -A  -2  -1  -1  -1  -1  -1  -4  -4  -4
245       ----  94   -N  -A  -2  -1  -1  -1  -1  -1  -4  -4  -4
246       ----  95   -H  -A  -2  -1  -1  -1  -1  -3  -4  -4  -4
247       ----  96   -T  -A  -2  -1  -1  -1  -2  -4  -4  -4  -4
248       ----  97   -F  -A  -3  -3  -1  -1  -1  -2  -4  -4  -4
249       ----  98   -G  -L  -3  -2  -2  -1  -4  -4  -4  -4  -4
250       ----  99   -L  -B  -1  -3  -3  -1  -1  -1  -4  -4  -4
251       ---- 100   -D  -P  -3  -1  -3  -1  -1  -1  -4  -4  -4
252       ---- 101   -W  -A  -2  -3  -2  -1  -1  -1  -4  -4  -4
253       ---- 102   -R  -A  -2  -1  -1  -1  -1  -1  -3  -1  -4
254       ---- 103   -P  -A  -2  -1  -1  -1  -1  -2  -1  -4  -4
255       ---- 104   -Y  -A  -2  -1  -1  -1  -2  -2  -4  -4  -4
256       ---- 105   -S  -A  -2  -1  -1  -1  -1  -4  -4  -4  -4
257       175  ----  T-  B-  3-  3-  3-  1-  1-  4-  4-  4-  4-
258       176  ----  P-  P-  3-  1-  2-  1-  2-  1-  2-  4-  4-
259       177  ----  Y-  A-  3-  1-  1-  1-  2-  2-  4-  4-  4-
260       178  ----  Y-  L-  3-  2-  2-  1-  1-  1-  4-  4-  4-
261       179  ----  S-  B-  3-  3-  3-  1-  3-  4-  4-  4-  4-
262       180  ----  R-  A-  2-  1-  1-  1-  1-  1-  2-  1-  4-
263       181  ----  V-  B-  3-  3-  3-  1-  2-  4-  4-  4-  4-
264       182  ----  N-  A-  2-  3-  2-  1-  3-  1-  4-  4-  4-
265       183  106   TW  BA  32  31  31  11  11  41  44  44  44
266       ---- 107   -Y  -A  -2  -1  -1  -1  -2  -2  -4  -4  -4
267       184  108   SS  PA  32  31  31  11  22  44  44  44  44
268       185  ----  V-  B-  3-  3-  3-  1-  1-  4-  4-  4-  4-
269       186  ----  V-  P-  1-  1-  3-  1-  1-  4-  4-  4-  4-
270       187  ----  S-  L-  3-  2-  2-  1-  2-  4-  4-  4-  4-
271       188  ----  A-  P-  3-  1-  3-  1-  4-  4-  4-  4-  4-
272       189  ----  P-  P-  3-  1-  2-  1-  2-  1-  2-  4-  4-
273       190  ----  V-  B-  3-  3-  3-  1-  1-  4-  4-  4-  4-
274       191  ----  L-  B-  3-  3-  3-  1-  1-  2-  4-  4-  4-
275       192  ----  Y-  A-  2-  1-  1-  1-  1-  2-  4-  4-  4-
276       193  ----  N-  A-  2-  1-  1-  1-  3-  1-  4-  4-  4-
277       194  ----  A-  A-  3-  1-  1-  1-  4-  4-  4-  4-  4-
278       195  ----  G-  E-  1-  2-  3-  1-  4-  4-  4-  4-  4-
279       196  ----  N-  A-  2-  3-  2-  1-  2-  1-  4-  4-  4-
280       197  ----  I-  A-  3-  3-  2-  1-  2-  1-  4-  4-  4-
281       198  ----  S-  P-  3-  1-  3-  1-  3-  4-  4-  4-  4-
282       199  ----  P-  A-  2-  1-  1-  1-  2-  1-  2-  4-  4-
283       200  ----  L-  A-  2-  1-  1-  1-  1-  1-  4-  4-  4-
284       201  109   ML  BA  12  31  31  11  32  12  24  44  44
285       202  110   PF  PA  32  11  21  11  12  21  14  44  44
286       ---- 111   -V  -A  -2  -1  -1  -1  -1  -4  -4  -4  -4
287       ---- 112   -A  -A  -2  -1  -1  -1  -4  -4  -4  -4  -4
288       ---- 113   -I  -A  -2  -1  -1  -1  -1  -1  -4  -4  -4
289       ---- 114   -N  -A  -2  -3  -2  -1  -1  -1  -4  -4  -4
290       ---- 115   -T  -A  -2  -1  -1  -1  -2  -4  -4  -4  -4
291       ---- 116   -V  -A  -2  -1  -1  -1  -1  -4  -4  -4  -4
292       203  ----  N-  A-  2-  1-  2-  1-  1-  1-  4-  4-  4-
293       204  ----  V-  B-  3-  3-  3-  1-  3-  4-  4-  4-  4-
294       205  117   MP  BA  32  31  31  11  11  12  21  44  44
295       ---- 118   -A  -A  -2  -1  -1  -1  -4  -4  -4  -4  -4
296       ---- 119   -A  -A  -2  -1  -1  -1  -4  -4  -4  -4  -4
297       ---- 120   -I  -A  -2  -1  -1  -1  -1  -1  -4  -4  -4
298       206  ----  Y-  B-  3-  3-  3-  1-  1-  2-  4-  4-  4-
299       207  ----  K-  B-  3-  3-  3-  1-  2-  1-  1-  1-  4-
300       208  121   IL  BA  32  31  31  11  12  12  44  44  44
301       ---- 122   -S  -A  -2  -1  -1  -1  -1  -4  -4  -4  -4
302       ---- 123   -H  -A  -2  -1  -1  -1  -2  -2  -4  -4  -4
303       ---- 124   -Y  -A  -2  -3  -2  -1  -1  -1  -4  -4  -4
304       ---- 125   -S  -B  -2  -3  -3  -1  -2  -4  -4  -4  -4
305       209  ----  T-  B-  3-  3-  3-  1-  1-  4-  4-  4-  4-
306       210  ----  S-  B-  3-  3-  3-  1-  1-  4-  4-  4-  4-
307       211  ----  N-  A-  2-  3-  2-  1-  2-  1-  4-  4-  4-
308       212  ----  S-  B-  3-  1-  3-  1-  3-  4-  4-  4-  4-
309       213  ----  S-  A-  2-  1-  1-  1-  2-  4-  4-  4-  4-
310       214  ----  N-  B-  3-  3-  3-  1-  1-  1-  4-  4-  4-
311       215  126   ID  BL  33  32  32  11  21  11  44  44  44
312       ---- 127   -M  -B  -3  -1  -3  -1  -1  -1  -3  -4  -4
313       ---- 128   -L  -A  -3  -3  -1  -1  -1  -1  -4  -4  -4
314       ---- 129   -D  -L  -2  -2  -2  -1  -1  -1  -4  -4  -4
315       ---- 130   -D  -A  -2  -3  -2  -1  -1  -1  -4  -4  -4
316       ---- 131   -H  -B  -3  -3  -3  -1  -1  -2  -4  -4  -4
317       ---- 132   -K  -A  -3  -1  -2  -1  -1  -1  -1  -3  -4
318       ---- 133   -V  -P  -1  -1  -3  -1  -3  -4  -4  -4  -4
319       ---- 134   -L  -P  -3  -1  -3  -1  -1  -2  -4  -4  -4
320       ---- 135   -G  -A  -2  -1  -2  -1  -4  -4  -4  -4  -4
321       ---- 136   -I  -B  -1  -3  -3  -1  -1  -1  -4  -4  -4
322       ---- 137   -T  -E  -3  -2  -3  -1  -1  -4  -4  -4  -4
323       ---- 138   -E  -L  -3  -2  -2  -1  -1  -2  -1  -4  -4
324       ---- 139   -G  -B  -1  -1  -3  -1  -4  -4  -4  -4  -4
325       ---- 140   -D  -L  -3  -2  -2  -1  -2  -1  -4  -4  -4
326       ---- 141   -W  -A  -2  -1  -2  -1  -3  -2  -4  -4  -4
327       ---- 142   -W  -A  -2  -1  -1  -1  -1  -1  -4  -4  -4
328       ---- 143   -A  -A  -2  -1  -1  -1  -4  -4  -4  -4  -4
329       ---- 144   -I  -A  -2  -1  -1  -1  -2  -1  -4  -4  -4
330       ---- 145   -I  -A  -2  -1  -1  -1  -1  -1  -4  -4  -4
331       ---- 146   -W  -A  -2  -1  -1  -1  -1  -1  -4  -4  -4
332       ---- 147   -L  -A  -2  -1  -1  -1  -1  -1  -4  -4  -4
333       ---- 148   -A  -A  -2  -1  -1  -1  -4  -4  -4  -4  -4
334       ---- 149   -W  -A  -2  -1  -1  -1  -1  -3  -4  -4  -4
335       ---- 150   -G  -A  -2  -1  -1  -1  -4  -4  -4  -4  -4
336       ---- 151   -V  -A  -2  -1  -1  -1  -1  -4  -4  -4  -4
337       ---- 152   -L  -A  -2  -1  -1  -1  -1  -1  -4  -4  -4
338       ---- 153   -W  -A  -2  -1  -1  -1  -1  -2  -4  -4  -4
339       ---- 154   -L  -A  -2  -1  -1  -1  -2  -2  -4  -4  -4
340       ---- 155   -T  -A  -2  -1  -1  -1  -2  -4  -4  -4  -4
341       ---- 156   -A  -A  -2  -1  -1  -1  -4  -4  -4  -4  -4
342       ---- 157   -F  -A  -2  -1  -1  -1  -2  -2  -4  -4  -4
343       ---- 158   -I  -A  -2  -1  -1  -1  -2  -1  -4  -4  -4
344       ---- 159   -E  -A  -2  -1  -1  -1  -2  -1  -1  -4  -4
345       ---- 160   -N  -A  -2  -3  -1  -1  -1  -1  -4  -4  -4
346       ---- 161   -I  -A  -1  -3  -1  -1  -3  -3  -4  -4  -4
347       ---- 162   -L  -A  -2  -3  -1  -1  -2  -2  -4  -4  -4
348       ---- 163   -K  -A  -3  -1  -1  -1  -2  -1  -1  -1  -4
349       ---- 164   -I  -L  -3  -2  -2  -1  -2  -1  -4  -4  -4
350       ---- 165   -P  -P  -1  -1  -2  -1  -2  -1  -2  -4  -4
351       ---- 166   -L  -B  -3  -3  -3  -1  -1  -1  -4  -4  -4
352       ---- 167   -G  -A  -3  -3  -2  -1  -4  -4  -4  -4  -4
353       ---- 168   -K  -A  -2  -1  -1  -1  -3  -1  -1  -2  -4
354       ---- 169   -F  -A  -2  -3  -1  -1  -1  -2  -4  -4  -4
355       ---- 170   -T  -A  -2  -1  -1  -1  -1  -4  -4  -4  -4
356       216  ----  L-  B-  3-  3-  3-  1-  2-  2-  4-  4-  4-
357       217  ----  L-  B-  3-  3-  3-  1-  1-  1-  4-  4-  4-
358       218  ----  G-  B-  3-  3-  3-  1-  4-  4-  4-  4-  4-
359       219  ----  H-  B-  3-  3-  3-  1-  3-  2-  4-  4-  4-
360       220  ----  S-  B-  1-  3-  3-  1-  1-  4-  4-  4-  4-
361       221  ----  A-  P-  3-  1-  3-  1-  4-  4-  4-  4-  4-
362       222  ----  A-  P-  3-  1-  3-  1-  4-  4-  4-  4-  4-
363       223  ----  D-  A-  2-  1-  1-  1-  2-  1-  4-  4-  4-
364       224  ----  D-  A-  2-  3-  2-  1-  3-  1-  4-  4-  4-
365       225  ----  F-  P-  3-  3-  3-  1-  2-  2-  4-  4-  4-
366       226  ----  R-  B-  3-  3-  3-  1-  1-  2-  3-  1-  4-
367       227  ----  F-  B-  3-  3-  3-  1-  1-  2-  4-  4-  4-
368       228  ----  G-  B-  2-  3-  3-  1-  4-  4-  4-  4-  4-
369       229  ----  F-  L-  3-  2-  3-  1-  2-  2-  4-  4-  4-
370       230  ----  L-  P-  3-  1-  3-  1-  2-  2-  4-  4-  4-
371       231  ----  L-  A-  3-  3-  1-  1-  1-  1-  4-  4-  4-
372       232  ----  G-  B-  1-  3-  3-  1-  4-  4-  4-  4-  4-
373       233  ----  A-  P-  3-  1-  3-  1-  4-  4-  4-  4-  4-
374       234  171   PP  PA  12  11  21  11  22  11  22  44  44
375       235  172   LW  PA  32  11  31  11  21  21  44  44  44
376       ---- 173   -L  -A  -2  -1  -1  -1  -2  -2  -4  -4  -4
377       ---- 174   -A  -A  -2  -1  -1  -1  -4  -4  -4  -4  -4
378       236  175   AI  BA  32  31  31  11  41  41  44  44  44
379       ---- 176   -I  -A  -2  -1  -1  -1  -2  -1  -4  -4  -4
380       ---- 177   -E  -A  -2  -1  -1  -1  -1  -1  -1  -4  -4
381       ---- 178   -G  -A  -2  -1  -1  -1  -4  -4  -4  -4  -4
382       ---- 179   -I  -A  -2  -1  -1  -1  -1  -1  -4  -4  -4
383       ---- 180   -L  -A  -2  -1  -1  -1  -1  -2  -4  -4  -4
384       ---- 181   -T  -A  -2  -1  -1  -1  -1  -4  -4  -4  -4
385       ---- 182   -A  -A  -2  -3  -1  -1  -4  -4  -4  -4  -4
386       ---- 183   -W  -A  -2  -1  -1  -1  -2  -3  -4  -4  -4
387       ---- 184   -I  -A  -2  -1  -1  -1  -1  -1  -4  -4  -4
388       ---- 185   -P  -A  -2  -1  -1  -1  -1  -2  -1  -4  -4
389       ---- 186   -A  -A  -2  -1  -1  -1  -4  -4  -4  -4  -4
390       ---- 187   -W  -A  -2  -1  -1  -1  -2  -2  -4  -4  -4
391       ---- 188   -L  -A  -2  -3  -1  -1  -2  -1  -4  -4  -4
392       237  ----  I-  B-  3-  3-  3-  1-  2-  1-  4-  4-  4-
393       238  ----  S-  P-  3-  1-  3-  1-  3-  4-  4-  4-  4-
394       239  ----  A-  A-  2-  1-  1-  1-  4-  4-  4-  4-  4-
395       240  ----  T-  A-  2-  1-  1-  1-  1-  4-  4-  4-  4-
396       241  ----  A-  A-  2-  1-  1-  1-  4-  4-  4-  4-  4-
397       242  ----  L-  A-  2-  1-  1-  1-  1-  1-  4-  4-  4-
398       243  ----  R-  A-  3-  1-  1-  1-  1-  1-  3-  1-  4-
399       244  ----  D-  P-  3-  1-  3-  1-  1-  1-  4-  4-  4-
400       245  ----  N-  A-  3-  3-  2-  1-  3-  1-  4-  4-  4-
401       246  ----  F-  A-  2-  1-  1-  1-  3-  2-  4-  4-  4-
402       247  ----  T-  A-  3-  1-  1-  1-  2-  4-  4-  4-  4-
403       248  ----  G-  L-  2-  2-  2-  1-  4-  4-  4-  4-  4-
404       249  ----  S-  B-  3-  3-  3-  1-  3-  4-  4-  4-  4-
405       250  ----  S-  P-  3-  1-  3-  1-  1-  4-  4-  4-  4-
406       251  ----  A-  P-  3-  1-  3-  1-  4-  4-  4-  4-  4-
407       252  ----  T-  A-  2-  3-  2-  1-  2-  4-  4-  4-  4-
408       253  ----  V-  P-  3-  1-  3-  1-  1-  4-  4-  4-  4-
409       254  ----  S-  B-  3-  3-  3-  1-  1-  4-  4-  4-  4-
410       255  ----  L-  P-  3-  1-  3-  1-  1-  1-  4-  4-  4-
411       256  ----  P-  P-  3-  1-  2-  1-  2-  1-  2-  4-  4-
412       257  189   TL  BA  32  31  31  11  22  42  44  44  44
413       ---- 190   -F  -A  -2  -1  -1  -1  -1  -1  -4  -4  -4
414       ---- 191   -I  -A  -2  -3  -1  -1  -1  -1  -4  -4  -4
415       258  ----  F-  A-  2-  1-  1-  1-  2-  2-  4-  4-  4-
416       259  192   SQ  AA  23  13  11  11  11  42  41  44  44
417       ---- 193   -H  -L  -2  -2  -1  -1  -1  -1  -4  -4  -4
418       ---- 194   -W  -B  -4  -3  -3  -1  -1  -1  -4  -4  -4
419       ---- 195   -V  -U  -4  -2  -4  -4  -1  -4  -4  -4  -4
420       260  ----  N-  A-  2-  1-  1-  1-  1-  1-  4-  4-  4-
421       261  ----  F-  A-  2-  1-  1-  1-  2-  2-  4-  4-  4-
422       262  ----  Y-  A-  2-  1-  1-  1-  2-  2-  4-  4-  4-
423       263  ----  L-  B-  4-  3-  3-  1-  1-  1-  4-  4-  4-
424       264  ----  S-  U-  4-  2-  4-  4-  3-  4-  4-  4-  4-

Sequence identity comparison (ID_TABLE):

   Diagonal       ... number of residues;
   Upper triangle ... number of identical residues;
   Lower triangle ... % sequence identity, id/min(length).

         3napAA@23ux4AA@3
3napAA@2      264       2
3ux4AA@3        1     180


Weighted pair-group average clustering based on a distance matrix:


Total CPU time [seconds]                                 :       1.11
