
                         MODELLER 9.17, 2016/07/02, r10881

     PROTEIN STRUCTURE MODELLING BY SATISFACTION OF SPATIAL RESTRAINTS


                     Copyright(c) 1989-2016 Andrej Sali
                            All Rights Reserved

                             Written by A. Sali
                               with help from
              B. Webb, M.S. Madhusudhan, M-Y. Shen, G.Q. Dong,
          M.A. Marti-Renom, N. Eswar, F. Alber, M. Topf, B. Oliva,
             A. Fiser, R. Sanchez, B. Yerkovich, A. Badretdinov,
                     F. Melo, J.P. Overington, E. Feyfant
                 University of California, San Francisco, USA
                    Rockefeller University, New York, USA
                      Harvard University, Cambridge, USA
                   Imperial Cancer Research Fund, London, UK
              Birkbeck College, University of London, London, UK


Kind, OS, HostName, Kernel, Processor: 4, Windows Vista build 7601 Service Pack 1, SAI-PC, SMP, unknown
Date and time of compilation         : 2016/07/01 22:06:57
MODELLER executable type             : x86_64-w64
Job starting time (YY/MM/DD HH:MM:SS): 2016/11/19 02:58:42


check_ali___> Checking the sequence-structure alignment. 

Implied intrachain target CA(i)-CA(i+1) distances longer than  8.0 angstroms:

ALN_POS  TMPL  RID1  RID2  NAM1  NAM2     DIST
----------------------------------------------
     58     1   58    74      P     V   13.849
END OF TABLE
read_to_681_> topology.submodel read from topology file:        3
mdtrsr__446W> A potential that relies on one protein is used, yet you have at
              least one known structure available. MDT, not library, potential is used.
0 atoms in HETATM/BLK residues constrained
to protein atoms within 2.30 angstroms
and protein CA atoms within 10.00 angstroms
0 atoms in residues without defined topology
constrained to be rigid bodies
condens_443_> Restraints marked for deletion were removed.
              Total number of restraints before, now:    18383    17038
iupac_m_397W> Atoms were not swapped because of the uncertainty of how to handle the H atom.
iupac_m_397W> Atoms were not swapped because of the uncertainty of how to handle the H atom.
iupac_m_397W> Atoms were not swapped because of the uncertainty of how to handle the H atom.
>> Model assessment by DOPE potential
iatmcls_286W> MODEL atom not classified:  VAL:OXT  VAL


>> ENERGY; Differences between the model's features and restraints:
Number of all residues in MODEL                   :      195
Number of all, selected real atoms                :     1542    1542
Number of all, selected pseudo atoms              :        0       0
Number of all static, selected restraints         :    17038   17038
COVALENT_CYS                                      :        F
NONBONDED_SEL_ATOMS                               :        1
Number of non-bonded pairs (excluding 1-2,1-3,1-4):   254840
Dynamic pairs routine                             : 1, NATM x NATM double loop
Atomic shift for contacts update (UPDATE_DYNAMIC) :    0.390
LENNARD_JONES_SWITCH                              :    6.500   7.500
COULOMB_JONES_SWITCH                              :    6.500   7.500
RESIDUE_SPAN_RANGE                                :        1    9999
NLOGN_USE                                         :       15
CONTACT_SHELL                                     :   15.000
DYNAMIC_PAIRS,_SPHERE,_COULOMB,_LENNARD,_MODELLER :        T       F       F       F       T
SPHERE_STDV                                       :    0.050
RADII_FACTOR                                      :    0.820
Current energy                                    :      -23121.2539




<< end of ENERGY.
DOPE score               : -23121.253906
>> Model assessment by GA341 potential

Surface library          : C:\Program Files\Modeller9.17/modlib/surf5.de
Pair library             : C:\Program Files\Modeller9.17/modlib/pair9.de
Chain identifier         : _
% sequence identity      :    99.444000
Sequence length          :          195
Compactness              :     0.235429
Native energy (pair)     :   -17.413720
Native energy (surface)  :    15.494192
Native energy (combined) :     3.577629
Z score (pair)           :    -4.087219
Z score (surface)        :    -0.430624
Z score (combined)       :    -3.203529
GA341 score              :     1.000000



>> ENERGY; Differences between the model's features and restraints:
Number of all residues in MODEL                   :      195
Number of all, selected real atoms                :     1542    1542
Number of all, selected pseudo atoms              :        0       0
Number of all static, selected restraints         :    17038   17038
COVALENT_CYS                                      :        F
NONBONDED_SEL_ATOMS                               :        1
Number of non-bonded pairs (excluding 1-2,1-3,1-4):     3399
Dynamic pairs routine                             : 2, NATM x NATM cell sorting
Atomic shift for contacts update (UPDATE_DYNAMIC) :    0.390
LENNARD_JONES_SWITCH                              :    6.500   7.500
COULOMB_JONES_SWITCH                              :    6.500   7.500
RESIDUE_SPAN_RANGE                                :        0   99999
NLOGN_USE                                         :       15
CONTACT_SHELL                                     :    4.000
DYNAMIC_PAIRS,_SPHERE,_COULOMB,_LENNARD,_MODELLER :        T       T       F       F       F
SPHERE_STDV                                       :    0.050
RADII_FACTOR                                      :    0.820
Current energy                                    :        1022.9173





Summary of the restraint violations: 

   NUM     ... number of restraints.
   NUMVI   ... number of restraints with RVIOL > VIOL_REPORT_CUT[i].
   RVIOL   ... relative difference from the best value.
   NUMVP   ... number of restraints with -Ln(pdf) > VIOL_REPORT_CUT2[i].
   RMS_1   ... RMS(feature, minimally_violated_basis_restraint, NUMB).
   RMS_2   ... RMS(feature, best_value, NUMB).
   MOL.PDF ... scaled contribution to -Ln(Molecular pdf).

 #                     RESTRAINT_GROUP      NUM   NUMVI  NUMVP   RMS_1   RMS_2         MOL.PDF     S_i
------------------------------------------------------------------------------------------------------
 1 Bond length potential              :    1597       0      0   0.005   0.005      11.068       1.000
 2 Bond angle potential               :    2199       0      7   2.035   2.035      177.17       1.000
 3 Stereochemical cosine torsion poten:    1223       0     24  40.694  40.694      298.67       1.000
 4 Stereochemical improper torsion pot:     723       0      0   1.179   1.179      21.340       1.000
 5 Soft-sphere overlap restraints     :    3399       0      0   0.003   0.003      3.0262       1.000
 6 Lennard-Jones 6-12 potential       :       0       0      0   0.000   0.000      0.0000       1.000
 7 Coulomb point-point electrostatic p:       0       0      0   0.000   0.000      0.0000       1.000
 8 H-bonding potential                :       0       0      0   0.000   0.000      0.0000       1.000
 9 Distance restraints 1 (CA-CA)      :    3090       0      1   0.227   0.227      78.799       1.000
10 Distance restraints 2 (N-O)        :    3390       0      0   0.248   0.248      103.09       1.000
11 Mainchain Phi dihedral restraints  :       0       0      0   0.000   0.000      0.0000       1.000
12 Mainchain Psi dihedral restraints  :       0       0      0   0.000   0.000      0.0000       1.000
13 Mainchain Omega dihedral restraints:     194       0      5   4.576   4.576      47.303       1.000
14 Sidechain Chi_1 dihedral restraints:     163       0      2  57.622  57.622      33.571       1.000
15 Sidechain Chi_2 dihedral restraints:     120       0      0  69.925  69.925      40.648       1.000
16 Sidechain Chi_3 dihedral restraints:      25       0      0  63.530  63.530      13.432       1.000
17 Sidechain Chi_4 dihedral restraints:       6       0      0 108.907 108.907      3.7849       1.000
18 Disulfide distance restraints      :       0       0      0   0.000   0.000      0.0000       1.000
19 Disulfide angle restraints         :       0       0      0   0.000   0.000      0.0000       1.000
20 Disulfide dihedral angle restraints:       0       0      0   0.000   0.000      0.0000       1.000
21 Lower bound distance restraints    :       0       0      0   0.000   0.000      0.0000       1.000
22 Upper bound distance restraints    :       0       0      0   0.000   0.000      0.0000       1.000
23 Distance restraints 3 (SDCH-MNCH)  :    2841       0      0   0.378   0.378      69.189       1.000
24 Sidechain Chi_5 dihedral restraints:       0       0      0   0.000   0.000      0.0000       1.000
25 Phi/Psi pair of dihedral restraints:     193      20     29  25.940  54.614      14.577       1.000
26 Distance restraints 4 (SDCH-SDCH)  :    1274       0      2   0.861   0.861      107.25       1.000
27 Distance restraints 5 (X-Y)        :       0       0      0   0.000   0.000      0.0000       1.000
28 NMR distance restraints 6 (X-Y)    :       0       0      0   0.000   0.000      0.0000       1.000
29 NMR distance restraints 7 (X-Y)    :       0       0      0   0.000   0.000      0.0000       1.000
30 Minimal distance restraints        :       0       0      0   0.000   0.000      0.0000       1.000
31 Non-bonded restraints              :       0       0      0   0.000   0.000      0.0000       1.000
32 Atomic accessibility restraints    :       0       0      0   0.000   0.000      0.0000       1.000
33 Atomic density restraints          :       0       0      0   0.000   0.000      0.0000       1.000
34 Absolute position restraints       :       0       0      0   0.000   0.000      0.0000       1.000
35 Dihedral angle difference restraint:       0       0      0   0.000   0.000      0.0000       1.000
36 GBSA implicit solvent potential    :       0       0      0   0.000   0.000      0.0000       1.000
37 EM density fitting potential       :       0       0      0   0.000   0.000      0.0000       1.000
38 SAXS restraints                    :       0       0      0   0.000   0.000      0.0000       1.000
39 Symmetry restraints                :       0       0      0   0.000   0.000      0.0000       1.000



# Heavy relative violation of each residue is written to: qseq1.V99990001
# The profile is NOT normalized by the number of restraints.
# The profiles are smoothed over a window of residues:    1
# The sum of all numbers in the file:   18652.9141



List of the violated restraints:
   A restraint is violated when the relative difference
   from the best value (RVIOL) is larger than CUTOFF.

   ICSR   ... index of a restraint in the current set.
   RESNO  ... residue numbers of the first two atoms.
   ATM    ... IUPAC atom names of the first two atoms.
   FEAT   ... the value of the feature in the model.
   restr  ... the mean of the basis restraint with the smallest
              difference from the model (local minimum).
   viol   ... difference from the local minimum.
   rviol  ... relative difference from the local minimum.
   RESTR  ... the best value (global minimum).
   VIOL   ... difference from the best value.
   RVIOL  ... relative difference from the best value.


-------------------------------------------------------------------------------------------------

Feature 25                           : Phi/Psi pair of dihedral restraints     
List of the RVIOL violations larger than   :       6.5000

    #   ICSR  RESNO1/2 ATM1/2   INDATM1/2    FEAT   restr    viol   rviol   RESTR    VIOL   RVIOL
    1   5799  57A  58P C   N     412  414  -87.18  -64.50   48.01    2.79  -58.70  142.85   14.16
    1         58P  58P N   CA    414  415 -170.48  147.20                  -30.50
    2   5800  58P  59V C   N     419  421  -61.28  -62.40    6.54    0.90  -73.50  175.58   14.83
    2         59V  59V N   CA    421  422  -35.95  -42.40                  139.20
    3   5801  59V  60E C   N     426  428  -82.04  -69.30   13.09    0.88  -63.60  175.15   24.38
    3         60E  60E N   CA    428  429  145.52  142.50                  -40.30
    4   5802  60E  61G C   N     435  437  141.79 -167.20   53.66    1.46   82.20  160.89   10.60
    4         61G  61G N   CA    437  438  157.95  174.60                    8.50
    5   5803  61G  62A C   N     439  441 -122.19 -134.00   11.84    0.36  -62.50 -177.04   33.17
    5         62A  62A N   CA    441  442  146.15  147.00                  -40.90
    6   5804  62A  63E C   N     444  446 -131.77 -117.80   81.74    3.82  -63.60  122.98   20.11
    6         63E  63E N   CA    446  447 -142.66  136.80                  -40.30
    7   5805  63E  64D C   N     453  455   68.82   54.50   20.68    1.23  -63.30  147.68   25.21
    7         64D  64D N   CA    455  456   25.98   40.90                  -40.00
    8   5806  64D  65I C   N     461  463  -65.99  -63.40    3.58    0.67 -120.60 -175.37    8.55
    8         65I  65I N   CA    463  464  -46.07  -43.60                  130.30
    9   5808  66V  67Q C   N     476  478  -84.53  -73.00   53.42    3.73  -63.80  130.49   18.16
    9         67Q  67Q N   CA    478  479   88.53  140.70                  -40.30
   10   5810  68V  69S C   N     492  494 -154.09 -136.60   18.35    0.60  -64.10 -169.20   20.29
   10         69S  69S N   CA    494  495  156.75  151.20                  -35.00
   11   5811  69S  70H C   N     498  500 -119.66 -125.60   50.18    2.01  -63.20  140.89   21.30
   11         70H  70H N   CA    500  501 -171.38  138.80                  -42.30
   12   5812  70H  71H C   N     508  510  -64.86  -67.60   15.69    1.12  -63.20  166.86   20.76
   12         71H  71H N   CA    510  511  124.55  140.00                  -42.30
   13   5813  71H  72L C   N     518  520 -124.79 -108.50   21.43    0.96  -63.50 -177.06   29.19
   13         72L  72L N   CA    520  521  146.43  132.50                  -41.20
   14   5814  72L  73T C   N     526  528 -108.86  -78.10   64.82    2.12  -63.20  120.07   18.40
   14         73T  73T N   CA    528  529 -153.15  149.80                  -42.10
   15   5815  73T  74S C   N     533  535 -175.42 -136.60   66.81    2.37  -64.10  163.26   19.82
   15         74S  74S N   CA    535  536 -154.43  151.20                  -35.00
   16   5878 136I 137T C   N    1040 1042  -47.31  -63.20   25.30    2.70 -124.80  173.03    9.56
   16        137T 137T N   CA   1042 1043  -61.79  -42.10                  143.50
   17   5905 163K 164I C   N    1272 1274   51.54  -97.30  155.59    8.24 -120.60  178.82   10.66
   17        164I 164I N   CA   1274 1275   81.87  127.20                  130.30
   18   5907 165P 166L C   N    1287 1289  -89.13  -70.70  112.44    7.84 -108.50  121.57    6.75
   18        166L 166L N   CA   1289 1290 -107.49  141.60                  132.50
   19   5908 166L 167G C   N    1295 1297  116.86   82.20   40.62    3.17  -62.40 -167.23   36.34
   19        167G 167G N   CA   1297 1298   29.69    8.50                  -41.20
   20   5934 192Q 193H C   N    1509 1511  100.02   56.30  118.78    8.52   56.30  118.78    8.52
   20        193H 193H N   CA   1511 1512  -69.64   40.80                   40.80


report______> Distribution of short non-bonded contacts:


DISTANCE1:  0.00 2.10 2.20 2.30 2.40 2.50 2.60 2.70 2.80 2.90 3.00 3.10 3.20 3.30 3.40
DISTANCE2:  2.10 2.20 2.30 2.40 2.50 2.60 2.70 2.80 2.90 3.00 3.10 3.20 3.30 3.40 3.50
FREQUENCY:     0    0    0    0    0   14   24   99  145  157  161  207  239  260  259


<< end of ENERGY.
iupac_m_397W> Atoms were not swapped because of the uncertainty of how to handle the H atom.
>> Model assessment by DOPE potential
iatmcls_286W> MODEL atom not classified:  VAL:OXT  VAL


>> ENERGY; Differences between the model's features and restraints:
Number of all residues in MODEL                   :      195
Number of all, selected real atoms                :     1542    1542
Number of all, selected pseudo atoms              :        0       0
Number of all static, selected restraints         :    17038   17038
COVALENT_CYS                                      :        F
NONBONDED_SEL_ATOMS                               :        1
Number of non-bonded pairs (excluding 1-2,1-3,1-4):   256884
Dynamic pairs routine                             : 1, NATM x NATM double loop
Atomic shift for contacts update (UPDATE_DYNAMIC) :    0.390
LENNARD_JONES_SWITCH                              :    6.500   7.500
COULOMB_JONES_SWITCH                              :    6.500   7.500
RESIDUE_SPAN_RANGE                                :        1    9999
NLOGN_USE                                         :       15
CONTACT_SHELL                                     :   15.000
DYNAMIC_PAIRS,_SPHERE,_COULOMB,_LENNARD,_MODELLER :        T       F       F       F       T
SPHERE_STDV                                       :    0.050
RADII_FACTOR                                      :    0.820
Current energy                                    :      -23116.0508




<< end of ENERGY.
DOPE score               : -23116.050781
>> Model assessment by GA341 potential

Surface library          : C:\Program Files\Modeller9.17/modlib/surf5.de
Pair library             : C:\Program Files\Modeller9.17/modlib/pair9.de
Chain identifier         : _
% sequence identity      :    99.444000
Sequence length          :          195
Compactness              :     0.220255
Native energy (pair)     :   -39.141670
Native energy (surface)  :    12.139846
Native energy (combined) :     2.000467
Z score (pair)           :    -4.204959
Z score (surface)        :    -1.042916
Z score (combined)       :    -3.165055
GA341 score              :     1.000000



>> ENERGY; Differences between the model's features and restraints:
Number of all residues in MODEL                   :      195
Number of all, selected real atoms                :     1542    1542
Number of all, selected pseudo atoms              :        0       0
Number of all static, selected restraints         :    17038   17038
COVALENT_CYS                                      :        F
NONBONDED_SEL_ATOMS                               :        1
Number of non-bonded pairs (excluding 1-2,1-3,1-4):     3479
Dynamic pairs routine                             : 2, NATM x NATM cell sorting
Atomic shift for contacts update (UPDATE_DYNAMIC) :    0.390
LENNARD_JONES_SWITCH                              :    6.500   7.500
COULOMB_JONES_SWITCH                              :    6.500   7.500
RESIDUE_SPAN_RANGE                                :        0   99999
NLOGN_USE                                         :       15
CONTACT_SHELL                                     :    4.000
DYNAMIC_PAIRS,_SPHERE,_COULOMB,_LENNARD,_MODELLER :        T       T       F       F       F
SPHERE_STDV                                       :    0.050
RADII_FACTOR                                      :    0.820
Current energy                                    :        1053.2498





Summary of the restraint violations: 

   NUM     ... number of restraints.
   NUMVI   ... number of restraints with RVIOL > VIOL_REPORT_CUT[i].
   RVIOL   ... relative difference from the best value.
   NUMVP   ... number of restraints with -Ln(pdf) > VIOL_REPORT_CUT2[i].
   RMS_1   ... RMS(feature, minimally_violated_basis_restraint, NUMB).
   RMS_2   ... RMS(feature, best_value, NUMB).
   MOL.PDF ... scaled contribution to -Ln(Molecular pdf).

 #                     RESTRAINT_GROUP      NUM   NUMVI  NUMVP   RMS_1   RMS_2         MOL.PDF     S_i
------------------------------------------------------------------------------------------------------
 1 Bond length potential              :    1597       0      0   0.005   0.005      10.059       1.000
 2 Bond angle potential               :    2199       0      5   1.986   1.986      169.09       1.000
 3 Stereochemical cosine torsion poten:    1223       0     22  40.898  40.898      298.92       1.000
 4 Stereochemical improper torsion pot:     723       0      0   1.258   1.258      23.812       1.000
 5 Soft-sphere overlap restraints     :    3479       0      0   0.003   0.003      3.0115       1.000
 6 Lennard-Jones 6-12 potential       :       0       0      0   0.000   0.000      0.0000       1.000
 7 Coulomb point-point electrostatic p:       0       0      0   0.000   0.000      0.0000       1.000
 8 H-bonding potential                :       0       0      0   0.000   0.000      0.0000       1.000
 9 Distance restraints 1 (CA-CA)      :    3090       0      6   0.244   0.244      91.908       1.000
10 Distance restraints 2 (N-O)        :    3390       0      6   0.267   0.267      124.84       1.000
11 Mainchain Phi dihedral restraints  :       0       0      0   0.000   0.000      0.0000       1.000
12 Mainchain Psi dihedral restraints  :       0       0      0   0.000   0.000      0.0000       1.000
13 Mainchain Omega dihedral restraints:     194       0      4   4.300   4.300      41.534       1.000
14 Sidechain Chi_1 dihedral restraints:     163       0      0  63.232  63.232      23.926       1.000
15 Sidechain Chi_2 dihedral restraints:     120       0      0  62.374  62.374      28.496       1.000
16 Sidechain Chi_3 dihedral restraints:      25       0      0  82.447  82.447      14.837       1.000
17 Sidechain Chi_4 dihedral restraints:       6       0      0 107.228 107.228      4.2294       1.000
18 Disulfide distance restraints      :       0       0      0   0.000   0.000      0.0000       1.000
19 Disulfide angle restraints         :       0       0      0   0.000   0.000      0.0000       1.000
20 Disulfide dihedral angle restraints:       0       0      0   0.000   0.000      0.0000       1.000
21 Lower bound distance restraints    :       0       0      0   0.000   0.000      0.0000       1.000
22 Upper bound distance restraints    :       0       0      0   0.000   0.000      0.0000       1.000
23 Distance restraints 3 (SDCH-MNCH)  :    2841       0      0   0.446   0.446      97.207       1.000
24 Sidechain Chi_5 dihedral restraints:       0       0      0   0.000   0.000      0.0000       1.000
25 Phi/Psi pair of dihedral restraints:     193      18     26  26.326  53.354      2.5918       1.000
26 Distance restraints 4 (SDCH-SDCH)  :    1274       0      3   0.866   0.866      118.79       1.000
27 Distance restraints 5 (X-Y)        :       0       0      0   0.000   0.000      0.0000       1.000
28 NMR distance restraints 6 (X-Y)    :       0       0      0   0.000   0.000      0.0000       1.000
29 NMR distance restraints 7 (X-Y)    :       0       0      0   0.000   0.000      0.0000       1.000
30 Minimal distance restraints        :       0       0      0   0.000   0.000      0.0000       1.000
31 Non-bonded restraints              :       0       0      0   0.000   0.000      0.0000       1.000
32 Atomic accessibility restraints    :       0       0      0   0.000   0.000      0.0000       1.000
33 Atomic density restraints          :       0       0      0   0.000   0.000      0.0000       1.000
34 Absolute position restraints       :       0       0      0   0.000   0.000      0.0000       1.000
35 Dihedral angle difference restraint:       0       0      0   0.000   0.000      0.0000       1.000
36 GBSA implicit solvent potential    :       0       0      0   0.000   0.000      0.0000       1.000
37 EM density fitting potential       :       0       0      0   0.000   0.000      0.0000       1.000
38 SAXS restraints                    :       0       0      0   0.000   0.000      0.0000       1.000
39 Symmetry restraints                :       0       0      0   0.000   0.000      0.0000       1.000



# Heavy relative violation of each residue is written to: qseq1.V99990002
# The profile is NOT normalized by the number of restraints.
# The profiles are smoothed over a window of residues:    1
# The sum of all numbers in the file:   18681.4258



List of the violated restraints:
   A restraint is violated when the relative difference
   from the best value (RVIOL) is larger than CUTOFF.

   ICSR   ... index of a restraint in the current set.
   RESNO  ... residue numbers of the first two atoms.
   ATM    ... IUPAC atom names of the first two atoms.
   FEAT   ... the value of the feature in the model.
   restr  ... the mean of the basis restraint with the smallest
              difference from the model (local minimum).
   viol   ... difference from the local minimum.
   rviol  ... relative difference from the local minimum.
   RESTR  ... the best value (global minimum).
   VIOL   ... difference from the best value.
   RVIOL  ... relative difference from the best value.


-------------------------------------------------------------------------------------------------

Feature 25                           : Phi/Psi pair of dihedral restraints     
List of the RVIOL violations larger than   :       6.5000

    #   ICSR  RESNO1/2 ATM1/2   INDATM1/2    FEAT   restr    viol   rviol   RESTR    VIOL   RVIOL
    1   5797  55P  56T C   N     400  402  -38.39  -78.10   40.68    2.22   55.90  138.51    7.95
    1         56T  56T N   CA    402  403  140.97  149.80                   39.50
    2   5800  58P  59V C   N     419  421  -66.22  -62.40    8.62    0.94  -73.50  174.02   14.77
    2         59V  59V N   CA    421  422  -34.67  -42.40                  139.20
    3   5801  59V  60E C   N     426  428  -92.91  -69.30   24.57    1.62  -63.60  172.91   24.70
    3         60E  60E N   CA    428  429  149.29  142.50                  -40.30
    4   5802  60E  61G C   N     435  437  -69.04  -80.20   43.00    1.18   82.20 -164.37    6.88
    4         61G  61G N   CA    437  438  132.57  174.10                    8.50
    5   5803  61G  62A C   N     439  441 -142.67 -134.00    9.27    0.43  -62.50 -167.16   35.90
    5         62A  62A N   CA    441  442  143.71  147.00                  -40.90
    6   5804  62A  63E C   N     444  446  -96.79 -117.80   48.68    1.95  -63.60  137.26   16.70
    6         63E  63E N   CA    446  447   92.89  136.80                  -40.30
    7   5805  63E  64D C   N     453  455 -133.38  -96.50   36.96    1.51  -63.30  167.19   17.78
    7         64D  64D N   CA    455  456  111.79  114.20                  -40.00
    8   5808  66V  67Q C   N     476  478  -78.50  -73.00   69.71    4.67  -63.80  112.48   15.80
    8         67Q  67Q N   CA    478  479   71.21  140.70                  -40.30
    9   5810  68V  69S C   N     492  494  -84.52  -72.40   16.88    0.80  -64.10  162.14   13.07
    9         69S  69S N   CA    494  495  164.15  152.40                  -35.00
   10   5811  69S  70H C   N     498  500 -139.82 -125.60   51.54    1.67  -63.20  150.35   23.73
   10         70H  70H N   CA    500  501 -171.66  138.80                  -42.30
   11   5812  70H  71H C   N     508  510 -122.51 -125.60   51.04    2.00  -63.20  141.03   21.50
   11         71H  71H N   CA    510  511 -170.26  138.80                  -42.30
   12   5813  71H  72L C   N     518  520 -100.45 -108.50   28.38    1.60  -63.50  163.32   24.94
   12         72L  72L N   CA    520  521  159.71  132.50                  -41.20
   13   5814  72L  73T C   N     526  528  -56.85  -78.10   52.67    1.74  -63.20  143.85   18.87
   13         73T  73T N   CA    528  529  101.61  149.80                  -42.10
   14   5876 134L 135G C   N    1028 1030  102.42   82.20   53.66    1.65  -62.40  164.82   29.44
   14        135G 135G N   CA   1030 1031  -41.20    8.50                  -41.20
   15   5878 136I 137T C   N    1040 1042  -55.33  -63.20   13.64    1.44 -124.80  177.43    9.57
   15        137T 137T N   CA   1042 1043  -53.24  -42.10                  143.50
   16   5905 163K 164I C   N    1272 1274   52.55  -97.30  156.23    8.20 -120.60  179.49   10.75
   16        164I 164I N   CA   1274 1275   83.00  127.20                  130.30
   17   5908 166L 167G C   N    1295 1297  123.90   82.20   43.67    3.30  -62.40 -175.33   29.89
   17        167G 167G N   CA   1297 1298   21.48    8.50                  -41.20
   18   5934 192Q 193H C   N    1509 1511  101.99   56.30  120.39    8.65   56.30  120.39    8.65
   18        193H 193H N   CA   1511 1512  -70.58   40.80                   40.80


report______> Distribution of short non-bonded contacts:


DISTANCE1:  0.00 2.10 2.20 2.30 2.40 2.50 2.60 2.70 2.80 2.90 3.00 3.10 3.20 3.30 3.40
DISTANCE2:  2.10 2.20 2.30 2.40 2.50 2.60 2.70 2.80 2.90 3.00 3.10 3.20 3.30 3.40 3.50
FREQUENCY:     0    0    0    0    0   14   29  100  142  157  162  222  227  291  245


<< end of ENERGY.
iupac_m_397W> Atoms were not swapped because of the uncertainty of how to handle the H atom.
>> Model assessment by DOPE potential
iatmcls_286W> MODEL atom not classified:  VAL:OXT  VAL


>> ENERGY; Differences between the model's features and restraints:
Number of all residues in MODEL                   :      195
Number of all, selected real atoms                :     1542    1542
Number of all, selected pseudo atoms              :        0       0
Number of all static, selected restraints         :    17038   17038
COVALENT_CYS                                      :        F
NONBONDED_SEL_ATOMS                               :        1
Number of non-bonded pairs (excluding 1-2,1-3,1-4):   259106
Dynamic pairs routine                             : 1, NATM x NATM double loop
Atomic shift for contacts update (UPDATE_DYNAMIC) :    0.390
LENNARD_JONES_SWITCH                              :    6.500   7.500
COULOMB_JONES_SWITCH                              :    6.500   7.500
RESIDUE_SPAN_RANGE                                :        1    9999
NLOGN_USE                                         :       15
CONTACT_SHELL                                     :   15.000
DYNAMIC_PAIRS,_SPHERE,_COULOMB,_LENNARD,_MODELLER :        T       F       F       F       T
SPHERE_STDV                                       :    0.050
RADII_FACTOR                                      :    0.820
Current energy                                    :      -23461.3184




<< end of ENERGY.
DOPE score               : -23461.318359
>> Model assessment by GA341 potential

Surface library          : C:\Program Files\Modeller9.17/modlib/surf5.de
Pair library             : C:\Program Files\Modeller9.17/modlib/pair9.de
Chain identifier         : _
% sequence identity      :    99.444000
Sequence length          :          195
Compactness              :     0.199504
Native energy (pair)     :   -14.458077
Native energy (surface)  :    14.674883
Native energy (combined) :     3.463003
Z score (pair)           :    -3.814901
Z score (surface)        :    -0.495400
Z score (combined)       :    -2.675307
GA341 score              :     0.999973



>> ENERGY; Differences between the model's features and restraints:
Number of all residues in MODEL                   :      195
Number of all, selected real atoms                :     1542    1542
Number of all, selected pseudo atoms              :        0       0
Number of all static, selected restraints         :    17038   17038
COVALENT_CYS                                      :        F
NONBONDED_SEL_ATOMS                               :        1
Number of non-bonded pairs (excluding 1-2,1-3,1-4):     3417
Dynamic pairs routine                             : 2, NATM x NATM cell sorting
Atomic shift for contacts update (UPDATE_DYNAMIC) :    0.390
LENNARD_JONES_SWITCH                              :    6.500   7.500
COULOMB_JONES_SWITCH                              :    6.500   7.500
RESIDUE_SPAN_RANGE                                :        0   99999
NLOGN_USE                                         :       15
CONTACT_SHELL                                     :    4.000
DYNAMIC_PAIRS,_SPHERE,_COULOMB,_LENNARD,_MODELLER :        T       T       F       F       F
SPHERE_STDV                                       :    0.050
RADII_FACTOR                                      :    0.820
Current energy                                    :         950.9974





Summary of the restraint violations: 

   NUM     ... number of restraints.
   NUMVI   ... number of restraints with RVIOL > VIOL_REPORT_CUT[i].
   RVIOL   ... relative difference from the best value.
   NUMVP   ... number of restraints with -Ln(pdf) > VIOL_REPORT_CUT2[i].
   RMS_1   ... RMS(feature, minimally_violated_basis_restraint, NUMB).
   RMS_2   ... RMS(feature, best_value, NUMB).
   MOL.PDF ... scaled contribution to -Ln(Molecular pdf).

 #                     RESTRAINT_GROUP      NUM   NUMVI  NUMVP   RMS_1   RMS_2         MOL.PDF     S_i
------------------------------------------------------------------------------------------------------
 1 Bond length potential              :    1597       0      0   0.005   0.005      10.752       1.000
 2 Bond angle potential               :    2199       0      5   2.040   2.040      179.54       1.000
 3 Stereochemical cosine torsion poten:    1223       0     21  40.379  40.379      291.94       1.000
 4 Stereochemical improper torsion pot:     723       0      0   1.198   1.198      22.210       1.000
 5 Soft-sphere overlap restraints     :    3417       0      0   0.003   0.003      3.1967       1.000
 6 Lennard-Jones 6-12 potential       :       0       0      0   0.000   0.000      0.0000       1.000
 7 Coulomb point-point electrostatic p:       0       0      0   0.000   0.000      0.0000       1.000
 8 H-bonding potential                :       0       0      0   0.000   0.000      0.0000       1.000
 9 Distance restraints 1 (CA-CA)      :    3090       0      3   0.217   0.217      78.466       1.000
10 Distance restraints 2 (N-O)        :    3390       0      1   0.254   0.254      107.98       1.000
11 Mainchain Phi dihedral restraints  :       0       0      0   0.000   0.000      0.0000       1.000
12 Mainchain Psi dihedral restraints  :       0       0      0   0.000   0.000      0.0000       1.000
13 Mainchain Omega dihedral restraints:     194       0      6   4.645   4.645      48.702       1.000
14 Sidechain Chi_1 dihedral restraints:     163       0      0  52.004  52.004      9.4936       1.000
15 Sidechain Chi_2 dihedral restraints:     120       0      1  52.672  52.672      27.072       1.000
16 Sidechain Chi_3 dihedral restraints:      25       0      0  84.131  84.131      13.495       1.000
17 Sidechain Chi_4 dihedral restraints:       6       0      0  69.636  69.636      3.5544       1.000
18 Disulfide distance restraints      :       0       0      0   0.000   0.000      0.0000       1.000
19 Disulfide angle restraints         :       0       0      0   0.000   0.000      0.0000       1.000
20 Disulfide dihedral angle restraints:       0       0      0   0.000   0.000      0.0000       1.000
21 Lower bound distance restraints    :       0       0      0   0.000   0.000      0.0000       1.000
22 Upper bound distance restraints    :       0       0      0   0.000   0.000      0.0000       1.000
23 Distance restraints 3 (SDCH-MNCH)  :    2841       0      0   0.371   0.371      62.885       1.000
24 Sidechain Chi_5 dihedral restraints:       0       0      0   0.000   0.000      0.0000       1.000
25 Phi/Psi pair of dihedral restraints:     193      19     27  25.064  56.098      20.446       1.000
26 Distance restraints 4 (SDCH-SDCH)  :    1274       0      0   0.700   0.700      71.264       1.000
27 Distance restraints 5 (X-Y)        :       0       0      0   0.000   0.000      0.0000       1.000
28 NMR distance restraints 6 (X-Y)    :       0       0      0   0.000   0.000      0.0000       1.000
29 NMR distance restraints 7 (X-Y)    :       0       0      0   0.000   0.000      0.0000       1.000
30 Minimal distance restraints        :       0       0      0   0.000   0.000      0.0000       1.000
31 Non-bonded restraints              :       0       0      0   0.000   0.000      0.0000       1.000
32 Atomic accessibility restraints    :       0       0      0   0.000   0.000      0.0000       1.000
33 Atomic density restraints          :       0       0      0   0.000   0.000      0.0000       1.000
34 Absolute position restraints       :       0       0      0   0.000   0.000      0.0000       1.000
35 Dihedral angle difference restraint:       0       0      0   0.000   0.000      0.0000       1.000
36 GBSA implicit solvent potential    :       0       0      0   0.000   0.000      0.0000       1.000
37 EM density fitting potential       :       0       0      0   0.000   0.000      0.0000       1.000
38 SAXS restraints                    :       0       0      0   0.000   0.000      0.0000       1.000
39 Symmetry restraints                :       0       0      0   0.000   0.000      0.0000       1.000



# Heavy relative violation of each residue is written to: qseq1.V99990003
# The profile is NOT normalized by the number of restraints.
# The profiles are smoothed over a window of residues:    1
# The sum of all numbers in the file:   17446.4648



List of the violated restraints:
   A restraint is violated when the relative difference
   from the best value (RVIOL) is larger than CUTOFF.

   ICSR   ... index of a restraint in the current set.
   RESNO  ... residue numbers of the first two atoms.
   ATM    ... IUPAC atom names of the first two atoms.
   FEAT   ... the value of the feature in the model.
   restr  ... the mean of the basis restraint with the smallest
              difference from the model (local minimum).
   viol   ... difference from the local minimum.
   rviol  ... relative difference from the local minimum.
   RESTR  ... the best value (global minimum).
   VIOL   ... difference from the best value.
   RVIOL  ... relative difference from the best value.


-------------------------------------------------------------------------------------------------

Feature 25                           : Phi/Psi pair of dihedral restraints     
List of the RVIOL violations larger than   :       6.5000

    #   ICSR  RESNO1/2 ATM1/2   INDATM1/2    FEAT   restr    viol   rviol   RESTR    VIOL   RVIOL
    1   5797  55P  56T C   N     400  402  -71.40  -78.10   77.95    3.56   55.90 -145.98   24.02
    1         56T  56T N   CA    402  403 -132.54  149.80                   39.50
    2   5799  57A  58P C   N     412  414  -64.17  -64.50   32.50    2.44  -58.70  149.90   12.83
    2         58P  58P N   CA    414  415  179.70  147.20                  -30.50
    3   5801  59V  60E C   N     426  428 -175.01 -117.80   59.45    2.59  -63.60 -164.25   22.65
    3         60E  60E N   CA    428  429  120.65  136.80                  -40.30
    4   5802  60E  61G C   N     435  437   59.36   78.70   19.47    0.92   82.20  173.84    9.57
    4         61G  61G N   CA    437  438 -163.83 -166.10                    8.50
    5   5803  61G  62A C   N     439  441 -147.92 -134.00   16.70    0.41  -62.50 -176.07   34.71
    5         62A  62A N   CA    441  442  156.21  147.00                  -40.90
    6   5804  62A  63E C   N     444  446  -80.62  -69.30   11.36    0.89  -63.60  178.89   24.80
    6         63E  63E N   CA    446  447  141.62  142.50                  -40.30
    7   5805  63E  64D C   N     453  455 -124.59  -96.50   29.60    1.20  -63.30  157.29   16.79
    7         64D  64D N   CA    455  456  104.86  114.20                  -40.00
    8   5807  65I  66V C   N     469  471  -63.44  -62.40    2.34    0.26 -125.40 -173.05   10.46
    8         66V  66V N   CA    471  472  -40.31  -42.40                  143.30
    9   5808  66V  67Q C   N     476  478  -71.06  -73.00   43.21    2.86  -63.80  136.02   20.38
    9         67Q  67Q N   CA    478  479 -176.13  140.70                  -40.30
   10   5810  68V  69S C   N     492  494  -86.91  -72.40   24.59    1.13  -64.10  154.43   12.69
   10         69S  69S N   CA    494  495  172.26  152.40                  -35.00
   11   5811  69S  70H C   N     498  500 -147.42 -125.60   27.05    0.67  -63.20 -176.61   28.39
   11         70H  70H N   CA    500  501  154.79  138.80                  -42.30
   12   5812  70H  71H C   N     508  510 -136.17 -125.60   18.07    0.47  -63.20  179.73   27.23
   12         71H  71H N   CA    510  511  153.45  138.80                  -42.30
   13   5813  71H  72L C   N     518  520 -143.72 -108.50   62.05    2.90  -63.50  157.22   26.76
   13         72L  72L N   CA    520  521 -176.41  132.50                  -41.20
   14   5814  72L  73T C   N     526  528  -89.91  -78.10   48.61    1.73  -63.20  123.86   17.67
   14         73T  73T N   CA    528  529 -163.05  149.80                  -42.10
   15   5815  73T  74S C   N     533  535 -155.91 -136.60   59.60    2.56  -64.10  149.05   17.42
   15         74S  74S N   CA    535  536 -152.42  151.20                  -35.00
   16   5878 136I 137T C   N    1040 1042  -47.53  -63.20   24.38    2.61 -124.80  173.84    9.59
   16        137T 137T N   CA   1042 1043  -60.78  -42.10                  143.50
   17   5905 163K 164I C   N    1272 1274   33.91  -97.30  137.04    7.24 -120.60  160.29    9.58
   17        164I 164I N   CA   1274 1275   87.63  127.20                  130.30
   18   5908 166L 167G C   N    1295 1297  136.01   82.20   53.87    3.52  -62.40  168.30   27.80
   18        167G 167G N   CA   1297 1298    5.86    8.50                  -41.20
   19   5934 192Q 193H C   N    1509 1511   95.58   56.30  109.99    7.89   56.30  109.99    7.89
   19        193H 193H N   CA   1511 1512  -61.93   40.80                   40.80


report______> Distribution of short non-bonded contacts:


DISTANCE1:  0.00 2.10 2.20 2.30 2.40 2.50 2.60 2.70 2.80 2.90 3.00 3.10 3.20 3.30 3.40
DISTANCE2:  2.10 2.20 2.30 2.40 2.50 2.60 2.70 2.80 2.90 3.00 3.10 3.20 3.30 3.40 3.50
FREQUENCY:     0    0    0    0    0   15   27   89  140  151  166  214  231  271  254


<< end of ENERGY.
iupac_m_397W> Atoms were not swapped because of the uncertainty of how to handle the H atom.
iupac_m_397W> Atoms were not swapped because of the uncertainty of how to handle the H atom.
>> Model assessment by DOPE potential
iatmcls_286W> MODEL atom not classified:  VAL:OXT  VAL


>> ENERGY; Differences between the model's features and restraints:
Number of all residues in MODEL                   :      195
Number of all, selected real atoms                :     1542    1542
Number of all, selected pseudo atoms              :        0       0
Number of all static, selected restraints         :    17038   17038
COVALENT_CYS                                      :        F
NONBONDED_SEL_ATOMS                               :        1
Number of non-bonded pairs (excluding 1-2,1-3,1-4):   260228
Dynamic pairs routine                             : 1, NATM x NATM double loop
Atomic shift for contacts update (UPDATE_DYNAMIC) :    0.390
LENNARD_JONES_SWITCH                              :    6.500   7.500
COULOMB_JONES_SWITCH                              :    6.500   7.500
RESIDUE_SPAN_RANGE                                :        1    9999
NLOGN_USE                                         :       15
CONTACT_SHELL                                     :   15.000
DYNAMIC_PAIRS,_SPHERE,_COULOMB,_LENNARD,_MODELLER :        T       F       F       F       T
SPHERE_STDV                                       :    0.050
RADII_FACTOR                                      :    0.820
Current energy                                    :      -23245.5859




<< end of ENERGY.
DOPE score               : -23245.585938
>> Model assessment by GA341 potential

Surface library          : C:\Program Files\Modeller9.17/modlib/surf5.de
Pair library             : C:\Program Files\Modeller9.17/modlib/pair9.de
Chain identifier         : _
% sequence identity      :    99.444000
Sequence length          :          195
Compactness              :     0.263602
Native energy (pair)     :    -3.772491
Native energy (surface)  :    13.094039
Native energy (combined) :     3.439517
Z score (pair)           :    -3.600443
Z score (surface)        :    -0.791074
Z score (combined)       :    -2.739984
GA341 score              :     0.999993



>> ENERGY; Differences between the model's features and restraints:
Number of all residues in MODEL                   :      195
Number of all, selected real atoms                :     1542    1542
Number of all, selected pseudo atoms              :        0       0
Number of all static, selected restraints         :    17038   17038
COVALENT_CYS                                      :        F
NONBONDED_SEL_ATOMS                               :        1
Number of non-bonded pairs (excluding 1-2,1-3,1-4):     3494
Dynamic pairs routine                             : 2, NATM x NATM cell sorting
Atomic shift for contacts update (UPDATE_DYNAMIC) :    0.390
LENNARD_JONES_SWITCH                              :    6.500   7.500
COULOMB_JONES_SWITCH                              :    6.500   7.500
RESIDUE_SPAN_RANGE                                :        0   99999
NLOGN_USE                                         :       15
CONTACT_SHELL                                     :    4.000
DYNAMIC_PAIRS,_SPHERE,_COULOMB,_LENNARD,_MODELLER :        T       T       F       F       F
SPHERE_STDV                                       :    0.050
RADII_FACTOR                                      :    0.820
Current energy                                    :        1070.1238





Summary of the restraint violations: 

   NUM     ... number of restraints.
   NUMVI   ... number of restraints with RVIOL > VIOL_REPORT_CUT[i].
   RVIOL   ... relative difference from the best value.
   NUMVP   ... number of restraints with -Ln(pdf) > VIOL_REPORT_CUT2[i].
   RMS_1   ... RMS(feature, minimally_violated_basis_restraint, NUMB).
   RMS_2   ... RMS(feature, best_value, NUMB).
   MOL.PDF ... scaled contribution to -Ln(Molecular pdf).

 #                     RESTRAINT_GROUP      NUM   NUMVI  NUMVP   RMS_1   RMS_2         MOL.PDF     S_i
------------------------------------------------------------------------------------------------------
 1 Bond length potential              :    1597       0      0   0.005   0.005      11.714       1.000
 2 Bond angle potential               :    2199       0      5   2.059   2.059      181.43       1.000
 3 Stereochemical cosine torsion poten:    1223       0     23  40.060  40.060      288.96       1.000
 4 Stereochemical improper torsion pot:     723       0      0   1.248   1.248      23.169       1.000
 5 Soft-sphere overlap restraints     :    3494       0      0   0.003   0.003      3.3244       1.000
 6 Lennard-Jones 6-12 potential       :       0       0      0   0.000   0.000      0.0000       1.000
 7 Coulomb point-point electrostatic p:       0       0      0   0.000   0.000      0.0000       1.000
 8 H-bonding potential                :       0       0      0   0.000   0.000      0.0000       1.000
 9 Distance restraints 1 (CA-CA)      :    3090       0      2   0.224   0.224      80.846       1.000
10 Distance restraints 2 (N-O)        :    3390       0      1   0.261   0.261      110.54       1.000
11 Mainchain Phi dihedral restraints  :       0       0      0   0.000   0.000      0.0000       1.000
12 Mainchain Psi dihedral restraints  :       0       0      0   0.000   0.000      0.0000       1.000
13 Mainchain Omega dihedral restraints:     194       0      5   4.720   4.720      50.385       1.000
14 Sidechain Chi_1 dihedral restraints:     163       0      2  59.433  59.433      28.037       1.000
15 Sidechain Chi_2 dihedral restraints:     120       0      1  69.047  69.047      39.824       1.000
16 Sidechain Chi_3 dihedral restraints:      25       0      0  80.170  80.170      16.239       1.000
17 Sidechain Chi_4 dihedral restraints:       6       0      0 106.867 106.867      4.3930       1.000
18 Disulfide distance restraints      :       0       0      0   0.000   0.000      0.0000       1.000
19 Disulfide angle restraints         :       0       0      0   0.000   0.000      0.0000       1.000
20 Disulfide dihedral angle restraints:       0       0      0   0.000   0.000      0.0000       1.000
21 Lower bound distance restraints    :       0       0      0   0.000   0.000      0.0000       1.000
22 Upper bound distance restraints    :       0       0      0   0.000   0.000      0.0000       1.000
23 Distance restraints 3 (SDCH-MNCH)  :    2841       0      0   0.431   0.431      89.768       1.000
24 Sidechain Chi_5 dihedral restraints:       0       0      0   0.000   0.000      0.0000       1.000
25 Phi/Psi pair of dihedral restraints:     193      18     24  26.573  51.494      25.289       1.000
26 Distance restraints 4 (SDCH-SDCH)  :    1274       0      1   0.839   0.839      116.21       1.000
27 Distance restraints 5 (X-Y)        :       0       0      0   0.000   0.000      0.0000       1.000
28 NMR distance restraints 6 (X-Y)    :       0       0      0   0.000   0.000      0.0000       1.000
29 NMR distance restraints 7 (X-Y)    :       0       0      0   0.000   0.000      0.0000       1.000
30 Minimal distance restraints        :       0       0      0   0.000   0.000      0.0000       1.000
31 Non-bonded restraints              :       0       0      0   0.000   0.000      0.0000       1.000
32 Atomic accessibility restraints    :       0       0      0   0.000   0.000      0.0000       1.000
33 Atomic density restraints          :       0       0      0   0.000   0.000      0.0000       1.000
34 Absolute position restraints       :       0       0      0   0.000   0.000      0.0000       1.000
35 Dihedral angle difference restraint:       0       0      0   0.000   0.000      0.0000       1.000
36 GBSA implicit solvent potential    :       0       0      0   0.000   0.000      0.0000       1.000
37 EM density fitting potential       :       0       0      0   0.000   0.000      0.0000       1.000
38 SAXS restraints                    :       0       0      0   0.000   0.000      0.0000       1.000
39 Symmetry restraints                :       0       0      0   0.000   0.000      0.0000       1.000



# Heavy relative violation of each residue is written to: qseq1.V99990004
# The profile is NOT normalized by the number of restraints.
# The profiles are smoothed over a window of residues:    1
# The sum of all numbers in the file:   18565.2676



List of the violated restraints:
   A restraint is violated when the relative difference
   from the best value (RVIOL) is larger than CUTOFF.

   ICSR   ... index of a restraint in the current set.
   RESNO  ... residue numbers of the first two atoms.
   ATM    ... IUPAC atom names of the first two atoms.
   FEAT   ... the value of the feature in the model.
   restr  ... the mean of the basis restraint with the smallest
              difference from the model (local minimum).
   viol   ... difference from the local minimum.
   rviol  ... relative difference from the local minimum.
   RESTR  ... the best value (global minimum).
   VIOL   ... difference from the best value.
   RVIOL  ... relative difference from the best value.


-------------------------------------------------------------------------------------------------

Feature 25                           : Phi/Psi pair of dihedral restraints     
List of the RVIOL violations larger than   :       6.5000

    #   ICSR  RESNO1/2 ATM1/2   INDATM1/2    FEAT   restr    viol   rviol   RESTR    VIOL   RVIOL
    1   5796  54H  55P C   N     393  395  -71.07  -64.50   17.17    1.01  -58.70  166.90   14.81
    1         55P  55P N   CA    395  396  163.06  147.20                  -30.50
    2   5797  55P  56T C   N     400  402  -64.12  -63.20   20.37    2.55   55.90  134.74   16.63
    2         56T  56T N   CA    402  403  -21.75  -42.10                   39.50
    3   5799  57A  58P C   N     412  414  -79.41  -64.50   45.18    2.73  -58.70  141.18   13.38
    3         58P  58P N   CA    414  415 -170.15  147.20                  -30.50
    4   5800  58P  59V C   N     419  421  -53.73  -62.40   11.73    1.97  -73.50  174.82   14.65
    4         59V  59V N   CA    421  422  -34.50  -42.40                  139.20
    5   5801  59V  60E C   N     426  428  -70.74  -69.30   10.53    0.85  -63.60  172.52   22.62
    5         60E  60E N   CA    428  429  132.07  142.50                  -40.30
    6   5802  60E  61G C   N     435  437   89.40   78.70   44.02    0.84   82.20  142.88    7.30
    6         61G  61G N   CA    437  438  151.20 -166.10                    8.50
    7   5803  61G  62A C   N     439  441 -108.17 -134.00   37.92    1.19  -62.50  166.52   25.47
    7         62A  62A N   CA    441  442  119.24  147.00                  -40.90
    8   5804  62A  63E C   N     444  446 -160.58 -117.80   72.62    2.57  -63.60  157.59   26.19
    8         63E  63E N   CA    446  447 -164.52  136.80                  -40.30
    9   5805  63E  64D C   N     453  455  -73.34  -70.90   20.74    0.90  -63.30  149.45   19.07
    9         64D  64D N   CA    455  456  170.89  150.30                  -40.00
   10   5810  68V  69S C   N     492  494  -63.13  -72.40   26.61    1.28  -64.10  162.47   11.83
   10         69S  69S N   CA    494  495  127.46  152.40                  -35.00
   11   5811  69S  70H C   N     498  500 -103.40  -63.20   92.61   14.19  -63.20   92.61   14.19
   11         70H  70H N   CA    500  501 -125.73  -42.30                  -42.30
   12   5812  70H  71H C   N     508  510 -142.79 -125.60  107.58    3.75  -63.20  107.79   18.22
   12         71H  71H N   CA    510  511 -115.00  138.80                  -42.30
   13   5813  71H  72L C   N     518  520  -64.06  -70.70   15.41    1.42  -63.50  163.29   22.71
   13         72L  72L N   CA    520  521  155.51  141.60                  -41.20
   14   5815  73T  74S C   N     533  535  175.69 -136.60   63.22    1.98  -64.10  178.77   21.59
   14         74S  74S N   CA    535  536 -167.33  151.20                  -35.00
   15   5878 136I 137T C   N    1040 1042  -49.74  -63.20   21.88    2.33 -124.80  174.16    9.56
   15        137T 137T N   CA   1042 1043  -59.35  -42.10                  143.50
   16   5905 163K 164I C   N    1272 1274   56.04  -97.30  160.34    8.51 -120.60 -176.43   10.93
   16        164I 164I N   CA   1274 1275   80.33  127.20                  130.30
   17   5908 166L 167G C   N    1295 1297  124.66   82.20   44.34    3.34  -62.40 -176.13   29.76
   17        167G 167G N   CA   1297 1298   21.26    8.50                  -41.20
   18   5934 192Q 193H C   N    1509 1511   98.09   56.30  111.34    8.00   56.30  111.34    8.00
   18        193H 193H N   CA   1511 1512  -62.40   40.80                   40.80


report______> Distribution of short non-bonded contacts:


DISTANCE1:  0.00 2.10 2.20 2.30 2.40 2.50 2.60 2.70 2.80 2.90 3.00 3.10 3.20 3.30 3.40
DISTANCE2:  2.10 2.20 2.30 2.40 2.50 2.60 2.70 2.80 2.90 3.00 3.10 3.20 3.30 3.40 3.50
FREQUENCY:     0    0    0    0    0   13   29   90  139  168  167  228  250  248  270


<< end of ENERGY.
iupac_m_397W> Atoms were not swapped because of the uncertainty of how to handle the H atom.
>> Model assessment by DOPE potential
iatmcls_286W> MODEL atom not classified:  VAL:OXT  VAL


>> ENERGY; Differences between the model's features and restraints:
Number of all residues in MODEL                   :      195
Number of all, selected real atoms                :     1542    1542
Number of all, selected pseudo atoms              :        0       0
Number of all static, selected restraints         :    17038   17038
COVALENT_CYS                                      :        F
NONBONDED_SEL_ATOMS                               :        1
Number of non-bonded pairs (excluding 1-2,1-3,1-4):   259049
Dynamic pairs routine                             : 1, NATM x NATM double loop
Atomic shift for contacts update (UPDATE_DYNAMIC) :    0.390
LENNARD_JONES_SWITCH                              :    6.500   7.500
COULOMB_JONES_SWITCH                              :    6.500   7.500
RESIDUE_SPAN_RANGE                                :        1    9999
NLOGN_USE                                         :       15
CONTACT_SHELL                                     :   15.000
DYNAMIC_PAIRS,_SPHERE,_COULOMB,_LENNARD,_MODELLER :        T       F       F       F       T
SPHERE_STDV                                       :    0.050
RADII_FACTOR                                      :    0.820
Current energy                                    :      -23420.9316




<< end of ENERGY.
DOPE score               : -23420.931641
>> Model assessment by GA341 potential

Surface library          : C:\Program Files\Modeller9.17/modlib/surf5.de
Pair library             : C:\Program Files\Modeller9.17/modlib/pair9.de
Chain identifier         : _
% sequence identity      :    99.444000
Sequence length          :          195
Compactness              :     0.256897
Native energy (pair)     :   -26.685700
Native energy (surface)  :    13.963420
Native energy (combined) :     3.007616
Z score (pair)           :    -3.544899
Z score (surface)        :    -0.583741
Z score (combined)       :    -2.541023
GA341 score              :     0.999935



>> ENERGY; Differences between the model's features and restraints:
Number of all residues in MODEL                   :      195
Number of all, selected real atoms                :     1542    1542
Number of all, selected pseudo atoms              :        0       0
Number of all static, selected restraints         :    17038   17038
COVALENT_CYS                                      :        F
NONBONDED_SEL_ATOMS                               :        1
Number of non-bonded pairs (excluding 1-2,1-3,1-4):     3397
Dynamic pairs routine                             : 2, NATM x NATM cell sorting
Atomic shift for contacts update (UPDATE_DYNAMIC) :    0.390
LENNARD_JONES_SWITCH                              :    6.500   7.500
COULOMB_JONES_SWITCH                              :    6.500   7.500
RESIDUE_SPAN_RANGE                                :        0   99999
NLOGN_USE                                         :       15
CONTACT_SHELL                                     :    4.000
DYNAMIC_PAIRS,_SPHERE,_COULOMB,_LENNARD,_MODELLER :        T       T       F       F       F
SPHERE_STDV                                       :    0.050
RADII_FACTOR                                      :    0.820
Current energy                                    :        1003.1035





Summary of the restraint violations: 

   NUM     ... number of restraints.
   NUMVI   ... number of restraints with RVIOL > VIOL_REPORT_CUT[i].
   RVIOL   ... relative difference from the best value.
   NUMVP   ... number of restraints with -Ln(pdf) > VIOL_REPORT_CUT2[i].
   RMS_1   ... RMS(feature, minimally_violated_basis_restraint, NUMB).
   RMS_2   ... RMS(feature, best_value, NUMB).
   MOL.PDF ... scaled contribution to -Ln(Molecular pdf).

 #                     RESTRAINT_GROUP      NUM   NUMVI  NUMVP   RMS_1   RMS_2         MOL.PDF     S_i
------------------------------------------------------------------------------------------------------
 1 Bond length potential              :    1597       0      0   0.005   0.005      10.101       1.000
 2 Bond angle potential               :    2199       0      6   2.015   2.015      173.48       1.000
 3 Stereochemical cosine torsion poten:    1223       0     24  40.371  40.371      293.34       1.000
 4 Stereochemical improper torsion pot:     723       0      0   1.198   1.198      21.876       1.000
 5 Soft-sphere overlap restraints     :    3397       0      0   0.003   0.003      2.6598       1.000
 6 Lennard-Jones 6-12 potential       :       0       0      0   0.000   0.000      0.0000       1.000
 7 Coulomb point-point electrostatic p:       0       0      0   0.000   0.000      0.0000       1.000
 8 H-bonding potential                :       0       0      0   0.000   0.000      0.0000       1.000
 9 Distance restraints 1 (CA-CA)      :    3090       0      2   0.213   0.213      65.039       1.000
10 Distance restraints 2 (N-O)        :    3390       0      4   0.254   0.254      118.86       1.000
11 Mainchain Phi dihedral restraints  :       0       0      0   0.000   0.000      0.0000       1.000
12 Mainchain Psi dihedral restraints  :       0       0      0   0.000   0.000      0.0000       1.000
13 Mainchain Omega dihedral restraints:     194       0      6   4.566   4.566      46.856       1.000
14 Sidechain Chi_1 dihedral restraints:     163       0      0  58.734  58.734      18.476       1.000
15 Sidechain Chi_2 dihedral restraints:     120       0      0  51.352  51.352      22.955       1.000
16 Sidechain Chi_3 dihedral restraints:      25       0      0  67.578  67.578      13.826       1.000
17 Sidechain Chi_4 dihedral restraints:       6       0      0  58.731  58.731      3.6338       1.000
18 Disulfide distance restraints      :       0       0      0   0.000   0.000      0.0000       1.000
19 Disulfide angle restraints         :       0       0      0   0.000   0.000      0.0000       1.000
20 Disulfide dihedral angle restraints:       0       0      0   0.000   0.000      0.0000       1.000
21 Lower bound distance restraints    :       0       0      0   0.000   0.000      0.0000       1.000
22 Upper bound distance restraints    :       0       0      0   0.000   0.000      0.0000       1.000
23 Distance restraints 3 (SDCH-MNCH)  :    2841       0      0   0.398   0.398      75.031       1.000
24 Sidechain Chi_5 dihedral restraints:       0       0      0   0.000   0.000      0.0000       1.000
25 Phi/Psi pair of dihedral restraints:     193      19     32  28.494  53.348      39.943       1.000
26 Distance restraints 4 (SDCH-SDCH)  :    1274       0      1   0.838   0.838      97.030       1.000
27 Distance restraints 5 (X-Y)        :       0       0      0   0.000   0.000      0.0000       1.000
28 NMR distance restraints 6 (X-Y)    :       0       0      0   0.000   0.000      0.0000       1.000
29 NMR distance restraints 7 (X-Y)    :       0       0      0   0.000   0.000      0.0000       1.000
30 Minimal distance restraints        :       0       0      0   0.000   0.000      0.0000       1.000
31 Non-bonded restraints              :       0       0      0   0.000   0.000      0.0000       1.000
32 Atomic accessibility restraints    :       0       0      0   0.000   0.000      0.0000       1.000
33 Atomic density restraints          :       0       0      0   0.000   0.000      0.0000       1.000
34 Absolute position restraints       :       0       0      0   0.000   0.000      0.0000       1.000
35 Dihedral angle difference restraint:       0       0      0   0.000   0.000      0.0000       1.000
36 GBSA implicit solvent potential    :       0       0      0   0.000   0.000      0.0000       1.000
37 EM density fitting potential       :       0       0      0   0.000   0.000      0.0000       1.000
38 SAXS restraints                    :       0       0      0   0.000   0.000      0.0000       1.000
39 Symmetry restraints                :       0       0      0   0.000   0.000      0.0000       1.000



# Heavy relative violation of each residue is written to: qseq1.V99990005
# The profile is NOT normalized by the number of restraints.
# The profiles are smoothed over a window of residues:    1
# The sum of all numbers in the file:   17659.1191



List of the violated restraints:
   A restraint is violated when the relative difference
   from the best value (RVIOL) is larger than CUTOFF.

   ICSR   ... index of a restraint in the current set.
   RESNO  ... residue numbers of the first two atoms.
   ATM    ... IUPAC atom names of the first two atoms.
   FEAT   ... the value of the feature in the model.
   restr  ... the mean of the basis restraint with the smallest
              difference from the model (local minimum).
   viol   ... difference from the local minimum.
   rviol  ... relative difference from the local minimum.
   RESTR  ... the best value (global minimum).
   VIOL   ... difference from the best value.
   RVIOL  ... relative difference from the best value.


-------------------------------------------------------------------------------------------------

Feature 25                           : Phi/Psi pair of dihedral restraints     
List of the RVIOL violations larger than   :       6.5000

    #   ICSR  RESNO1/2 ATM1/2   INDATM1/2    FEAT   restr    viol   rviol   RESTR    VIOL   RVIOL
    1   5797  55P  56T C   N     400  402  -77.76  -78.10   72.16    3.09   55.90 -137.77   25.03
    1         56T  56T N   CA    402  403 -138.04  149.80                   39.50
    2   5799  57A  58P C   N     412  414  -66.54  -64.50   39.45    2.84  -58.70  143.12   12.47
    2         58P  58P N   CA    414  415 -173.40  147.20                  -30.50
    3   5800  58P  59V C   N     419  421  -52.24  -62.40   13.49    2.28  -73.50  174.03   14.56
    3         59V  59V N   CA    421  422  -33.53  -42.40                  139.20
    4   5801  59V  60E C   N     426  428  -87.39  -69.30   34.08    3.09  -63.60  155.75   19.55
    4         60E  60E N   CA    428  429  113.62  142.50                  -40.30
    5   5802  60E  61G C   N     435  437  102.07   78.70   56.34    0.84   82.20  135.60    7.57
    5         61G  61G N   CA    437  438  142.64 -166.10                    8.50
    6   5803  61G  62A C   N     439  441 -149.08 -134.00   22.06    0.69  -62.50  178.43   33.87
    6         62A  62A N   CA    441  442  163.09  147.00                  -40.90
    7   5804  62A  63E C   N     444  446 -146.99 -117.80   78.06    3.25  -63.60  138.44   22.93
    7         63E  63E N   CA    446  447 -150.81  136.80                  -40.30
    8   5805  63E  64D C   N     453  455  -63.84  -70.90   14.19    1.04  -63.30  157.39   19.46
    8         64D  64D N   CA    455  456  162.62  150.30                  -40.00
    9   5808  66V  67Q C   N     476  478  -75.55  -73.00   56.00    3.61  -63.80  123.61   18.80
    9         67Q  67Q N   CA    478  479 -163.35  140.70                  -40.30
   10   5810  68V  69S C   N     492  494  164.48 -136.60   66.02    2.03  -64.10 -165.03   23.57
   10         69S  69S N   CA    494  495 -179.02  151.20                  -35.00
   11   5811  69S  70H C   N     498  500 -100.47  -63.20   91.94   13.93  -63.20   91.94   13.93
   11         70H  70H N   CA    500  501 -126.34  -42.30                  -42.30
   12   5812  70H  71H C   N     508  510   66.35   56.30   20.05    1.52  -63.20  145.27   24.94
   12         71H  71H N   CA    510  511   23.45   40.80                  -42.30
   13   5813  71H  72L C   N     518  520 -115.19 -108.50   64.12    3.53  -63.50  121.48   14.91
   13         72L  72L N   CA    520  521   68.74  132.50                  -41.20
   14   5814  72L  73T C   N     526  528  177.66 -124.80   69.19    2.52  -63.20 -179.22   30.36
   14         73T  73T N   CA    528  529 -178.07  143.50                  -42.10
   15   5815  73T  74S C   N     533  535 -172.80 -136.60   82.21    3.25  -64.10  147.69   18.44
   15         74S  74S N   CA    535  536 -134.99  151.20                  -35.00
   16   5879 137T 138E C   N    1047 1049 -157.95 -117.80   92.37    5.07   54.60  147.88   17.94
   16        138E 138E N   CA   1049 1050   53.61  136.80                   42.40
   17   5905 163K 164I C   N    1272 1274   40.72  -97.30  144.21    7.63 -120.60  167.45   10.00
   17        164I 164I N   CA   1274 1275   85.41  127.20                  130.30
   18   5908 166L 167G C   N    1295 1297  129.46   82.20   47.77    3.43  -62.40  177.44   28.92
   18        167G 167G N   CA   1297 1298   15.49    8.50                  -41.20
   19   5934 192Q 193H C   N    1509 1511  101.53   56.30  121.63    8.73   56.30  121.63    8.73
   19        193H 193H N   CA   1511 1512  -72.11   40.80                   40.80


report______> Distribution of short non-bonded contacts:


DISTANCE1:  0.00 2.10 2.20 2.30 2.40 2.50 2.60 2.70 2.80 2.90 3.00 3.10 3.20 3.30 3.40
DISTANCE2:  2.10 2.20 2.30 2.40 2.50 2.60 2.70 2.80 2.90 3.00 3.10 3.20 3.30 3.40 3.50
FREQUENCY:     0    0    0    0    0   14   27  100  137  153  165  206  261  240  254


<< end of ENERGY.

>> Summary of successfully produced models:
Filename                          molpdf     DOPE score    GA341 score
----------------------------------------------------------------------
qseq1.B99990001.pdb           1022.91730   -23121.25391        1.00000
qseq1.B99990002.pdb           1053.24976   -23116.05078        1.00000
qseq1.B99990003.pdb            950.99738   -23461.31836        0.99997
qseq1.B99990004.pdb           1070.12378   -23245.58594        0.99999
qseq1.B99990005.pdb           1003.10345   -23420.93164        0.99994

Total CPU time [seconds]                                 :     229.68
