
                         MODELLER 9.17, 2016/07/02, r10881

     PROTEIN STRUCTURE MODELLING BY SATISFACTION OF SPATIAL RESTRAINTS


                     Copyright(c) 1989-2016 Andrej Sali
                            All Rights Reserved

                             Written by A. Sali
                               with help from
              B. Webb, M.S. Madhusudhan, M-Y. Shen, G.Q. Dong,
          M.A. Marti-Renom, N. Eswar, F. Alber, M. Topf, B. Oliva,
             A. Fiser, R. Sanchez, B. Yerkovich, A. Badretdinov,
                     F. Melo, J.P. Overington, E. Feyfant
                 University of California, San Francisco, USA
                    Rockefeller University, New York, USA
                      Harvard University, Cambridge, USA
                   Imperial Cancer Research Fund, London, UK
              Birkbeck College, University of London, London, UK


Kind, OS, HostName, Kernel, Processor: 4, Windows Vista build 7601 Service Pack 1, SAI-PC, SMP, unknown
Date and time of compilation         : 2016/07/01 22:06:57
MODELLER executable type             : x86_64-w64
Job starting time (YY/MM/DD HH:MM:SS): 2016/11/29 18:03:57


check_ali___> Checking the sequence-structure alignment. 

Implied intrachain target CA(i)-CA(i+1) distances longer than  8.0 angstroms:

ALN_POS  TMPL  RID1  RID2  NAM1  NAM2     DIST
----------------------------------------------
END OF TABLE
read_to_681_> topology.submodel read from topology file:        3
mdtrsr__446W> A potential that relies on one protein is used, yet you have at
              least one known structure available. MDT, not library, potential is used.
0 atoms in HETATM/BLK residues constrained
to protein atoms within 2.30 angstroms
and protein CA atoms within 10.00 angstroms
0 atoms in residues without defined topology
constrained to be rigid bodies
condens_443_> Restraints marked for deletion were removed.
              Total number of restraints before, now:     6891     6322
iupac_m_397W> Atoms were not swapped because of the uncertainty of how to handle the H atom.
iupac_m_397W> Atoms were not swapped because of the uncertainty of how to handle the H atom.
iupac_m_484W> Dihedral still outside +-90:      -91.0157
>> Model assessment by DOPE potential
iatmcls_286W> MODEL atom not classified:  SER:OXT  SER


>> ENERGY; Differences between the model's features and restraints:
Number of all residues in MODEL                   :       80
Number of all, selected real atoms                :      631     631
Number of all, selected pseudo atoms              :        0       0
Number of all static, selected restraints         :     6322    6322
COVALENT_CYS                                      :        F
NONBONDED_SEL_ATOMS                               :        1
Number of non-bonded pairs (excluding 1-2,1-3,1-4):    91794
Dynamic pairs routine                             : 1, NATM x NATM double loop
Atomic shift for contacts update (UPDATE_DYNAMIC) :    0.390
LENNARD_JONES_SWITCH                              :    6.500   7.500
COULOMB_JONES_SWITCH                              :    6.500   7.500
RESIDUE_SPAN_RANGE                                :        1    9999
NLOGN_USE                                         :       15
CONTACT_SHELL                                     :   15.000
DYNAMIC_PAIRS,_SPHERE,_COULOMB,_LENNARD,_MODELLER :        T       F       F       F       T
SPHERE_STDV                                       :    0.050
RADII_FACTOR                                      :    0.820
Current energy                                    :       -7287.3965




<< end of ENERGY.
DOPE score               : -7287.396484
>> Model assessment by GA341 potential

Surface library          : C:\Program Files\Modeller9.17/modlib/surf5.de
Pair library             : C:\Program Files\Modeller9.17/modlib/pair9.de
Chain identifier         : _
% sequence identity      :    94.805000
Sequence length          :           80
Compactness              :     0.298214
Native energy (pair)     :   -65.469367
Native energy (surface)  :    -5.836018
Native energy (combined) :    -5.170985
Z score (pair)           :    -4.687975
Z score (surface)        :    -4.659809
Z score (combined)       :    -6.758318
GA341 score              :     1.000000



>> ENERGY; Differences between the model's features and restraints:
Number of all residues in MODEL                   :       80
Number of all, selected real atoms                :      631     631
Number of all, selected pseudo atoms              :        0       0
Number of all static, selected restraints         :     6322    6322
COVALENT_CYS                                      :        F
NONBONDED_SEL_ATOMS                               :        1
Number of non-bonded pairs (excluding 1-2,1-3,1-4):     1529
Dynamic pairs routine                             : 2, NATM x NATM cell sorting
Atomic shift for contacts update (UPDATE_DYNAMIC) :    0.390
LENNARD_JONES_SWITCH                              :    6.500   7.500
COULOMB_JONES_SWITCH                              :    6.500   7.500
RESIDUE_SPAN_RANGE                                :        0   99999
NLOGN_USE                                         :       15
CONTACT_SHELL                                     :    4.000
DYNAMIC_PAIRS,_SPHERE,_COULOMB,_LENNARD,_MODELLER :        T       T       F       F       F
SPHERE_STDV                                       :    0.050
RADII_FACTOR                                      :    0.820
Current energy                                    :         674.8516





Summary of the restraint violations: 

   NUM     ... number of restraints.
   NUMVI   ... number of restraints with RVIOL > VIOL_REPORT_CUT[i].
   RVIOL   ... relative difference from the best value.
   NUMVP   ... number of restraints with -Ln(pdf) > VIOL_REPORT_CUT2[i].
   RMS_1   ... RMS(feature, minimally_violated_basis_restraint, NUMB).
   RMS_2   ... RMS(feature, best_value, NUMB).
   MOL.PDF ... scaled contribution to -Ln(Molecular pdf).

 #                     RESTRAINT_GROUP      NUM   NUMVI  NUMVP   RMS_1   RMS_2         MOL.PDF     S_i
------------------------------------------------------------------------------------------------------
 1 Bond length potential              :     642       0      0   0.006   0.006      6.8843       1.000
 2 Bond angle potential               :     871       0      5   2.267   2.267      83.810       1.000
 3 Stereochemical cosine torsion poten:     410       0     16  46.764  46.764      141.54       1.000
 4 Stereochemical improper torsion pot:     264       0      0   1.436   1.436      10.760       1.000
 5 Soft-sphere overlap restraints     :    1529       0      0   0.005   0.005      5.3188       1.000
 6 Lennard-Jones 6-12 potential       :       0       0      0   0.000   0.000      0.0000       1.000
 7 Coulomb point-point electrostatic p:       0       0      0   0.000   0.000      0.0000       1.000
 8 H-bonding potential                :       0       0      0   0.000   0.000      0.0000       1.000
 9 Distance restraints 1 (CA-CA)      :    1042       5      9   0.392   0.392      97.785       1.000
10 Distance restraints 2 (N-O)        :    1090       0      5   0.412   0.412      64.243       1.000
11 Mainchain Phi dihedral restraints  :       0       0      0   0.000   0.000      0.0000       1.000
12 Mainchain Psi dihedral restraints  :       0       0      0   0.000   0.000      0.0000       1.000
13 Mainchain Omega dihedral restraints:      79       0      1   4.671   4.671      20.329       1.000
14 Sidechain Chi_1 dihedral restraints:      73       0      1  55.216  55.216      10.725       1.000
15 Sidechain Chi_2 dihedral restraints:      53       0      3  73.316  73.316      25.795       1.000
16 Sidechain Chi_3 dihedral restraints:      20       0      0  70.966  70.966      11.216       1.000
17 Sidechain Chi_4 dihedral restraints:       8       0      0 100.333 100.333      5.6066       1.000
18 Disulfide distance restraints      :       0       0      0   0.000   0.000      0.0000       1.000
19 Disulfide angle restraints         :       0       0      0   0.000   0.000      0.0000       1.000
20 Disulfide dihedral angle restraints:       0       0      0   0.000   0.000      0.0000       1.000
21 Lower bound distance restraints    :       0       0      0   0.000   0.000      0.0000       1.000
22 Upper bound distance restraints    :       0       0      0   0.000   0.000      0.0000       1.000
23 Distance restraints 3 (SDCH-MNCH)  :    1198       0      0   0.415   0.415      34.582       1.000
24 Sidechain Chi_5 dihedral restraints:       0       0      0   0.000   0.000      0.0000       1.000
25 Phi/Psi pair of dihedral restraints:      78       4     10  30.098  42.405      54.228       1.000
26 Distance restraints 4 (SDCH-SDCH)  :     494       0      6   1.235   1.235      102.03       1.000
27 Distance restraints 5 (X-Y)        :       0       0      0   0.000   0.000      0.0000       1.000
28 NMR distance restraints 6 (X-Y)    :       0       0      0   0.000   0.000      0.0000       1.000
29 NMR distance restraints 7 (X-Y)    :       0       0      0   0.000   0.000      0.0000       1.000
30 Minimal distance restraints        :       0       0      0   0.000   0.000      0.0000       1.000
31 Non-bonded restraints              :       0       0      0   0.000   0.000      0.0000       1.000
32 Atomic accessibility restraints    :       0       0      0   0.000   0.000      0.0000       1.000
33 Atomic density restraints          :       0       0      0   0.000   0.000      0.0000       1.000
34 Absolute position restraints       :       0       0      0   0.000   0.000      0.0000       1.000
35 Dihedral angle difference restraint:       0       0      0   0.000   0.000      0.0000       1.000
36 GBSA implicit solvent potential    :       0       0      0   0.000   0.000      0.0000       1.000
37 EM density fitting potential       :       0       0      0   0.000   0.000      0.0000       1.000
38 SAXS restraints                    :       0       0      0   0.000   0.000      0.0000       1.000
39 Symmetry restraints                :       0       0      0   0.000   0.000      0.0000       1.000



# Heavy relative violation of each residue is written to: T0792.V99990001
# The profile is NOT normalized by the number of restraints.
# The profiles are smoothed over a window of residues:    1
# The sum of all numbers in the file:    7763.4209



List of the violated restraints:
   A restraint is violated when the relative difference
   from the best value (RVIOL) is larger than CUTOFF.

   ICSR   ... index of a restraint in the current set.
   RESNO  ... residue numbers of the first two atoms.
   ATM    ... IUPAC atom names of the first two atoms.
   FEAT   ... the value of the feature in the model.
   restr  ... the mean of the basis restraint with the smallest
              difference from the model (local minimum).
   viol   ... difference from the local minimum.
   rviol  ... relative difference from the local minimum.
   RESTR  ... the best value (global minimum).
   VIOL   ... difference from the best value.
   RVIOL  ... relative difference from the best value.


-------------------------------------------------------------------------------------------------

Feature  9                           : Distance restraints 1 (CA-CA)           
List of the RVIOL violations larger than   :       4.5000

    #   ICSR  RESNO1/2 ATM1/2   INDATM1/2    FEAT   restr    viol   rviol   RESTR    VIOL   RVIOL
    1   2543   8R  49L CA  CA     58  385   12.38    9.46    2.93    5.64    9.46    2.93    5.64
    2   2544   8R  50H CA  CA     58  393   15.59   12.47    3.12    5.00   12.47    3.12    5.00
    3   2545   8R  51D CA  CA     58  403   16.99   13.23    3.76    5.69   13.23    3.76    5.69
    4   2546   8R  53V CA  CA     58  419   17.05   13.92    3.13    5.55   13.92    3.13    5.55
    5   2547   8R  56F CA  CA     58  441   15.59   12.39    3.20    5.98   12.39    3.20    5.98

-------------------------------------------------------------------------------------------------

Feature 25                           : Phi/Psi pair of dihedral restraints     
List of the RVIOL violations larger than   :       6.5000

    #   ICSR  RESNO1/2 ATM1/2   INDATM1/2    FEAT   restr    viol   rviol   RESTR    VIOL   RVIOL
    1   2188   1E   2S C   N       8   10 -133.91 -136.60   31.65    1.66  -64.10  158.47   16.48
    1          2S   2S N   CA     10   11 -177.27  151.20                  -35.00
    2   2189   2S   3N C   N      14   16 -159.97 -119.90  110.22    4.00  -63.20  125.06   20.44
    2          3N   3N N   CA     16   17 -120.32  137.00                  -41.10
    3   2190   3N   4Y C   N      22   24 -143.41 -124.30   22.97    1.90  -63.50 -175.72   25.86
    3          4Y   4Y N   CA     24   25  122.66  135.40                  -43.40
    4   2197  10E  11Y C   N      84   86 -157.97 -124.30  127.07    8.19 -124.30  127.07    8.19
    4         11Y  11Y N   CA     86   87   12.88  135.40                  135.40


report______> Distribution of short non-bonded contacts:


DISTANCE1:  0.00 2.10 2.20 2.30 2.40 2.50 2.60 2.70 2.80 2.90 3.00 3.10 3.20 3.30 3.40
DISTANCE2:  2.10 2.20 2.30 2.40 2.50 2.60 2.70 2.80 2.90 3.00 3.10 3.20 3.30 3.40 3.50
FREQUENCY:     0    0    0    0    0    8   14   42   61   79   78   73   94  117  108


<< end of ENERGY.
iupac_m_397W> Atoms were not swapped because of the uncertainty of how to handle the H atom.
>> Model assessment by DOPE potential
iatmcls_286W> MODEL atom not classified:  SER:OXT  SER


>> ENERGY; Differences between the model's features and restraints:
Number of all residues in MODEL                   :       80
Number of all, selected real atoms                :      631     631
Number of all, selected pseudo atoms              :        0       0
Number of all static, selected restraints         :     6322    6322
COVALENT_CYS                                      :        F
NONBONDED_SEL_ATOMS                               :        1
Number of non-bonded pairs (excluding 1-2,1-3,1-4):    90165
Dynamic pairs routine                             : 1, NATM x NATM double loop
Atomic shift for contacts update (UPDATE_DYNAMIC) :    0.390
LENNARD_JONES_SWITCH                              :    6.500   7.500
COULOMB_JONES_SWITCH                              :    6.500   7.500
RESIDUE_SPAN_RANGE                                :        1    9999
NLOGN_USE                                         :       15
CONTACT_SHELL                                     :   15.000
DYNAMIC_PAIRS,_SPHERE,_COULOMB,_LENNARD,_MODELLER :        T       F       F       F       T
SPHERE_STDV                                       :    0.050
RADII_FACTOR                                      :    0.820
Current energy                                    :       -7247.0698




<< end of ENERGY.
DOPE score               : -7247.069824
>> Model assessment by GA341 potential

Surface library          : C:\Program Files\Modeller9.17/modlib/surf5.de
Pair library             : C:\Program Files\Modeller9.17/modlib/pair9.de
Chain identifier         : _
% sequence identity      :    94.805000
Sequence length          :           80
Compactness              :     0.285761
Native energy (pair)     :   -48.497597
Native energy (surface)  :    -6.341493
Native energy (combined) :    -4.974761
Z score (pair)           :    -5.320712
Z score (surface)        :    -4.734031
Z score (combined)       :    -6.604789
GA341 score              :     1.000000



>> ENERGY; Differences between the model's features and restraints:
Number of all residues in MODEL                   :       80
Number of all, selected real atoms                :      631     631
Number of all, selected pseudo atoms              :        0       0
Number of all static, selected restraints         :     6322    6322
COVALENT_CYS                                      :        F
NONBONDED_SEL_ATOMS                               :        1
Number of non-bonded pairs (excluding 1-2,1-3,1-4):     1441
Dynamic pairs routine                             : 2, NATM x NATM cell sorting
Atomic shift for contacts update (UPDATE_DYNAMIC) :    0.390
LENNARD_JONES_SWITCH                              :    6.500   7.500
COULOMB_JONES_SWITCH                              :    6.500   7.500
RESIDUE_SPAN_RANGE                                :        0   99999
NLOGN_USE                                         :       15
CONTACT_SHELL                                     :    4.000
DYNAMIC_PAIRS,_SPHERE,_COULOMB,_LENNARD,_MODELLER :        T       T       F       F       F
SPHERE_STDV                                       :    0.050
RADII_FACTOR                                      :    0.820
Current energy                                    :         651.3705





Summary of the restraint violations: 

   NUM     ... number of restraints.
   NUMVI   ... number of restraints with RVIOL > VIOL_REPORT_CUT[i].
   RVIOL   ... relative difference from the best value.
   NUMVP   ... number of restraints with -Ln(pdf) > VIOL_REPORT_CUT2[i].
   RMS_1   ... RMS(feature, minimally_violated_basis_restraint, NUMB).
   RMS_2   ... RMS(feature, best_value, NUMB).
   MOL.PDF ... scaled contribution to -Ln(Molecular pdf).

 #                     RESTRAINT_GROUP      NUM   NUMVI  NUMVP   RMS_1   RMS_2         MOL.PDF     S_i
------------------------------------------------------------------------------------------------------
 1 Bond length potential              :     642       0      0   0.009   0.009      14.492       1.000
 2 Bond angle potential               :     871       0      7   2.529   2.529      109.64       1.000
 3 Stereochemical cosine torsion poten:     410       0     14  46.808  46.808      141.98       1.000
 4 Stereochemical improper torsion pot:     264       0      0   1.432   1.432      11.249       1.000
 5 Soft-sphere overlap restraints     :    1441       0      0   0.006   0.006      7.0281       1.000
 6 Lennard-Jones 6-12 potential       :       0       0      0   0.000   0.000      0.0000       1.000
 7 Coulomb point-point electrostatic p:       0       0      0   0.000   0.000      0.0000       1.000
 8 H-bonding potential                :       0       0      0   0.000   0.000      0.0000       1.000
 9 Distance restraints 1 (CA-CA)      :    1042       0      3   0.312   0.312      57.810       1.000
10 Distance restraints 2 (N-O)        :    1090       0      7   0.424   0.424      78.245       1.000
11 Mainchain Phi dihedral restraints  :       0       0      0   0.000   0.000      0.0000       1.000
12 Mainchain Psi dihedral restraints  :       0       0      0   0.000   0.000      0.0000       1.000
13 Mainchain Omega dihedral restraints:      79       2      2   6.930   6.930      44.748       1.000
14 Sidechain Chi_1 dihedral restraints:      73       0      0  54.674  54.674      7.6641       1.000
15 Sidechain Chi_2 dihedral restraints:      53       0      0  55.517  55.517      14.128       1.000
16 Sidechain Chi_3 dihedral restraints:      20       0      0  74.595  74.595      14.826       1.000
17 Sidechain Chi_4 dihedral restraints:       8       0      0  59.325  59.325      5.6808       1.000
18 Disulfide distance restraints      :       0       0      0   0.000   0.000      0.0000       1.000
19 Disulfide angle restraints         :       0       0      0   0.000   0.000      0.0000       1.000
20 Disulfide dihedral angle restraints:       0       0      0   0.000   0.000      0.0000       1.000
21 Lower bound distance restraints    :       0       0      0   0.000   0.000      0.0000       1.000
22 Upper bound distance restraints    :       0       0      0   0.000   0.000      0.0000       1.000
23 Distance restraints 3 (SDCH-MNCH)  :    1198       0      0   0.430   0.430      34.764       1.000
24 Sidechain Chi_5 dihedral restraints:       0       0      0   0.000   0.000      0.0000       1.000
25 Phi/Psi pair of dihedral restraints:      78       6     13  29.233  50.453      54.299       1.000
26 Distance restraints 4 (SDCH-SDCH)  :     494       0      0   0.918   0.918      54.812       1.000
27 Distance restraints 5 (X-Y)        :       0       0      0   0.000   0.000      0.0000       1.000
28 NMR distance restraints 6 (X-Y)    :       0       0      0   0.000   0.000      0.0000       1.000
29 NMR distance restraints 7 (X-Y)    :       0       0      0   0.000   0.000      0.0000       1.000
30 Minimal distance restraints        :       0       0      0   0.000   0.000      0.0000       1.000
31 Non-bonded restraints              :       0       0      0   0.000   0.000      0.0000       1.000
32 Atomic accessibility restraints    :       0       0      0   0.000   0.000      0.0000       1.000
33 Atomic density restraints          :       0       0      0   0.000   0.000      0.0000       1.000
34 Absolute position restraints       :       0       0      0   0.000   0.000      0.0000       1.000
35 Dihedral angle difference restraint:       0       0      0   0.000   0.000      0.0000       1.000
36 GBSA implicit solvent potential    :       0       0      0   0.000   0.000      0.0000       1.000
37 EM density fitting potential       :       0       0      0   0.000   0.000      0.0000       1.000
38 SAXS restraints                    :       0       0      0   0.000   0.000      0.0000       1.000
39 Symmetry restraints                :       0       0      0   0.000   0.000      0.0000       1.000



# Heavy relative violation of each residue is written to: T0792.V99990002
# The profile is NOT normalized by the number of restraints.
# The profiles are smoothed over a window of residues:    1
# The sum of all numbers in the file:    7743.3145



List of the violated restraints:
   A restraint is violated when the relative difference
   from the best value (RVIOL) is larger than CUTOFF.

   ICSR   ... index of a restraint in the current set.
   RESNO  ... residue numbers of the first two atoms.
   ATM    ... IUPAC atom names of the first two atoms.
   FEAT   ... the value of the feature in the model.
   restr  ... the mean of the basis restraint with the smallest
              difference from the model (local minimum).
   viol   ... difference from the local minimum.
   rviol  ... relative difference from the local minimum.
   RESTR  ... the best value (global minimum).
   VIOL   ... difference from the best value.
   RVIOL  ... relative difference from the best value.


-------------------------------------------------------------------------------------------------

Feature 13                           : Mainchain Omega dihedral restraints     
List of the RVIOL violations larger than   :       4.5000

    #   ICSR  RESNO1/2 ATM1/2   INDATM1/2    FEAT   restr    viol   rviol   RESTR    VIOL   RVIOL
    1   2269   4Y   4Y CA  C      25   34 -152.41 -180.00   27.59    5.52 -180.00   27.59    5.52

-------------------------------------------------------------------------------------------------

Feature 25                           : Phi/Psi pair of dihedral restraints     
List of the RVIOL violations larger than   :       6.5000

    #   ICSR  RESNO1/2 ATM1/2   INDATM1/2    FEAT   restr    viol   rviol   RESTR    VIOL   RVIOL
    1   2188   1E   2S C   N       8   10 -163.92 -136.60   42.45    1.44  -64.10  173.02   19.74
    1          2S   2S N   CA     10   11 -176.32  151.20                  -35.00
    2   2189   2S   3N C   N      14   16  167.42  -63.20  138.11   22.49  -63.20  138.11   22.49
    2          3N   3N N   CA     16   17  -89.41  -41.10                  -41.10
    3   2190   3N   4Y C   N      22   24 -109.02 -124.30   20.71    1.68  -63.50  173.30   29.82
    3          4Y   4Y N   CA     24   25  149.38  135.40                  -43.40
    4   2191   4Y   5I C   N      34   36  -36.12  -63.40   27.50    4.79 -120.60 -163.57    8.40
    4          5I   5I N   CA     36   37  -47.03  -43.60                  130.30
    5   2247  60I  61P C   N     480  482  -42.47  -58.70   63.45    4.09  -64.50  122.95   10.37
    5         61P  61P N   CA    482  483  -91.84  -30.50                  147.20
    6   2248  61P  62N C   N     487  489  -88.91 -119.90   65.46    2.19   55.90  150.19   14.58
    6         62N  62N N   CA    489  490   79.33  137.00                   39.50


report______> Distribution of short non-bonded contacts:


DISTANCE1:  0.00 2.10 2.20 2.30 2.40 2.50 2.60 2.70 2.80 2.90 3.00 3.10 3.20 3.30 3.40
DISTANCE2:  2.10 2.20 2.30 2.40 2.50 2.60 2.70 2.80 2.90 3.00 3.10 3.20 3.30 3.40 3.50
FREQUENCY:     0    0    0    0    0    5    9   43   58   61   60   75  102  111  102


<< end of ENERGY.
iupac_m_397W> Atoms were not swapped because of the uncertainty of how to handle the H atom.
iupac_m_397W> Atoms were not swapped because of the uncertainty of how to handle the H atom.
iupac_m_397W> Atoms were not swapped because of the uncertainty of how to handle the H atom.
>> Model assessment by DOPE potential
iatmcls_286W> MODEL atom not classified:  SER:OXT  SER


>> ENERGY; Differences between the model's features and restraints:
Number of all residues in MODEL                   :       80
Number of all, selected real atoms                :      631     631
Number of all, selected pseudo atoms              :        0       0
Number of all static, selected restraints         :     6322    6322
COVALENT_CYS                                      :        F
NONBONDED_SEL_ATOMS                               :        1
Number of non-bonded pairs (excluding 1-2,1-3,1-4):    91279
Dynamic pairs routine                             : 1, NATM x NATM double loop
Atomic shift for contacts update (UPDATE_DYNAMIC) :    0.390
LENNARD_JONES_SWITCH                              :    6.500   7.500
COULOMB_JONES_SWITCH                              :    6.500   7.500
RESIDUE_SPAN_RANGE                                :        1    9999
NLOGN_USE                                         :       15
CONTACT_SHELL                                     :   15.000
DYNAMIC_PAIRS,_SPHERE,_COULOMB,_LENNARD,_MODELLER :        T       F       F       F       T
SPHERE_STDV                                       :    0.050
RADII_FACTOR                                      :    0.820
Current energy                                    :       -7181.5259




<< end of ENERGY.
DOPE score               : -7181.525879
>> Model assessment by GA341 potential

Surface library          : C:\Program Files\Modeller9.17/modlib/surf5.de
Pair library             : C:\Program Files\Modeller9.17/modlib/pair9.de
Chain identifier         : _
% sequence identity      :    94.805000
Sequence length          :           80
Compactness              :     0.297723
Native energy (pair)     :   -61.590305
Native energy (surface)  :    -5.891843
Native energy (combined) :    -5.473562
Z score (pair)           :    -5.515738
Z score (surface)        :    -4.470965
Z score (combined)       :    -6.370965
GA341 score              :     1.000000



>> ENERGY; Differences between the model's features and restraints:
Number of all residues in MODEL                   :       80
Number of all, selected real atoms                :      631     631
Number of all, selected pseudo atoms              :        0       0
Number of all static, selected restraints         :     6322    6322
COVALENT_CYS                                      :        F
NONBONDED_SEL_ATOMS                               :        1
Number of non-bonded pairs (excluding 1-2,1-3,1-4):     1507
Dynamic pairs routine                             : 2, NATM x NATM cell sorting
Atomic shift for contacts update (UPDATE_DYNAMIC) :    0.390
LENNARD_JONES_SWITCH                              :    6.500   7.500
COULOMB_JONES_SWITCH                              :    6.500   7.500
RESIDUE_SPAN_RANGE                                :        0   99999
NLOGN_USE                                         :       15
CONTACT_SHELL                                     :    4.000
DYNAMIC_PAIRS,_SPHERE,_COULOMB,_LENNARD,_MODELLER :        T       T       F       F       F
SPHERE_STDV                                       :    0.050
RADII_FACTOR                                      :    0.820
Current energy                                    :         631.5145





Summary of the restraint violations: 

   NUM     ... number of restraints.
   NUMVI   ... number of restraints with RVIOL > VIOL_REPORT_CUT[i].
   RVIOL   ... relative difference from the best value.
   NUMVP   ... number of restraints with -Ln(pdf) > VIOL_REPORT_CUT2[i].
   RMS_1   ... RMS(feature, minimally_violated_basis_restraint, NUMB).
   RMS_2   ... RMS(feature, best_value, NUMB).
   MOL.PDF ... scaled contribution to -Ln(Molecular pdf).

 #                     RESTRAINT_GROUP      NUM   NUMVI  NUMVP   RMS_1   RMS_2         MOL.PDF     S_i
------------------------------------------------------------------------------------------------------
 1 Bond length potential              :     642       0      0   0.008   0.008      11.438       1.000
 2 Bond angle potential               :     871       0      4   2.370   2.370      96.129       1.000
 3 Stereochemical cosine torsion poten:     410       0     13  46.951  46.951      140.19       1.000
 4 Stereochemical improper torsion pot:     264       0      0   1.410   1.410      11.272       1.000
 5 Soft-sphere overlap restraints     :    1507       0      0   0.007   0.007      8.1578       1.000
 6 Lennard-Jones 6-12 potential       :       0       0      0   0.000   0.000      0.0000       1.000
 7 Coulomb point-point electrostatic p:       0       0      0   0.000   0.000      0.0000       1.000
 8 H-bonding potential                :       0       0      0   0.000   0.000      0.0000       1.000
 9 Distance restraints 1 (CA-CA)      :    1042       0      7   0.301   0.301      61.306       1.000
10 Distance restraints 2 (N-O)        :    1090       0      4   0.347   0.347      50.397       1.000
11 Mainchain Phi dihedral restraints  :       0       0      0   0.000   0.000      0.0000       1.000
12 Mainchain Psi dihedral restraints  :       0       0      0   0.000   0.000      0.0000       1.000
13 Mainchain Omega dihedral restraints:      79       1      1   5.472   5.472      27.898       1.000
14 Sidechain Chi_1 dihedral restraints:      73       0      3  68.118  68.118      20.120       1.000
15 Sidechain Chi_2 dihedral restraints:      53       0      1  68.385  68.385      22.492       1.000
16 Sidechain Chi_3 dihedral restraints:      20       0      0  73.465  73.465      13.629       1.000
17 Sidechain Chi_4 dihedral restraints:       8       0      0  84.880  84.880      4.9133       1.000
18 Disulfide distance restraints      :       0       0      0   0.000   0.000      0.0000       1.000
19 Disulfide angle restraints         :       0       0      0   0.000   0.000      0.0000       1.000
20 Disulfide dihedral angle restraints:       0       0      0   0.000   0.000      0.0000       1.000
21 Lower bound distance restraints    :       0       0      0   0.000   0.000      0.0000       1.000
22 Upper bound distance restraints    :       0       0      0   0.000   0.000      0.0000       1.000
23 Distance restraints 3 (SDCH-MNCH)  :    1198       0      0   0.470   0.470      40.221       1.000
24 Sidechain Chi_5 dihedral restraints:       0       0      0   0.000   0.000      0.0000       1.000
25 Phi/Psi pair of dihedral restraints:      78       6     12  27.806  46.261      43.363       1.000
26 Distance restraints 4 (SDCH-SDCH)  :     494       0      1   1.100   1.100      79.993       1.000
27 Distance restraints 5 (X-Y)        :       0       0      0   0.000   0.000      0.0000       1.000
28 NMR distance restraints 6 (X-Y)    :       0       0      0   0.000   0.000      0.0000       1.000
29 NMR distance restraints 7 (X-Y)    :       0       0      0   0.000   0.000      0.0000       1.000
30 Minimal distance restraints        :       0       0      0   0.000   0.000      0.0000       1.000
31 Non-bonded restraints              :       0       0      0   0.000   0.000      0.0000       1.000
32 Atomic accessibility restraints    :       0       0      0   0.000   0.000      0.0000       1.000
33 Atomic density restraints          :       0       0      0   0.000   0.000      0.0000       1.000
34 Absolute position restraints       :       0       0      0   0.000   0.000      0.0000       1.000
35 Dihedral angle difference restraint:       0       0      0   0.000   0.000      0.0000       1.000
36 GBSA implicit solvent potential    :       0       0      0   0.000   0.000      0.0000       1.000
37 EM density fitting potential       :       0       0      0   0.000   0.000      0.0000       1.000
38 SAXS restraints                    :       0       0      0   0.000   0.000      0.0000       1.000
39 Symmetry restraints                :       0       0      0   0.000   0.000      0.0000       1.000



# Heavy relative violation of each residue is written to: T0792.V99990003
# The profile is NOT normalized by the number of restraints.
# The profiles are smoothed over a window of residues:    1
# The sum of all numbers in the file:    8076.6484



List of the violated restraints:
   A restraint is violated when the relative difference
   from the best value (RVIOL) is larger than CUTOFF.

   ICSR   ... index of a restraint in the current set.
   RESNO  ... residue numbers of the first two atoms.
   ATM    ... IUPAC atom names of the first two atoms.
   FEAT   ... the value of the feature in the model.
   restr  ... the mean of the basis restraint with the smallest
              difference from the model (local minimum).
   viol   ... difference from the local minimum.
   rviol  ... relative difference from the local minimum.
   RESTR  ... the best value (global minimum).
   VIOL   ... difference from the best value.
   RVIOL  ... relative difference from the best value.


-------------------------------------------------------------------------------------------------

Feature 25                           : Phi/Psi pair of dihedral restraints     
List of the RVIOL violations larger than   :       6.5000

    #   ICSR  RESNO1/2 ATM1/2   INDATM1/2    FEAT   restr    viol   rviol   RESTR    VIOL   RVIOL
    1   2188   1E   2S C   N       8   10 -162.04 -136.60   43.09    1.52  -64.10  170.06   19.39
    1          2S   2S N   CA     10   11 -174.02  151.20                  -35.00
    2   2189   2S   3N C   N      14   16 -173.34 -119.90   54.18    2.02  -63.20 -154.91   31.72
    2          3N   3N N   CA     16   17  145.90  137.00                  -41.10
    3   2190   3N   4Y C   N      22   24 -146.38  -63.50  105.84   20.05  -63.50  105.84   20.05
    3          4Y   4Y N   CA     24   25 -109.22  -43.40                  -43.40
    4   2191   4Y   5I C   N      34   36  -80.23  -63.40   17.45    3.24 -120.60 -176.99    8.94
    4          5I   5I N   CA     36   37  -48.20  -43.60                  130.30
    5   2192   5I   6S C   N      42   44  -88.97  -72.40   88.66    4.67  -64.10   89.04    8.17
    5          6S   6S N   CA     44   45 -120.50  152.40                  -35.00
    6   2194   7V   8R C   N      55   57  -64.50  -63.00   47.87    6.57  -63.00   47.87    6.57
    6          8R   8R N   CA     57   58  -88.95  -41.10                  -41.10


report______> Distribution of short non-bonded contacts:


DISTANCE1:  0.00 2.10 2.20 2.30 2.40 2.50 2.60 2.70 2.80 2.90 3.00 3.10 3.20 3.30 3.40
DISTANCE2:  2.10 2.20 2.30 2.40 2.50 2.60 2.70 2.80 2.90 3.00 3.10 3.20 3.30 3.40 3.50
FREQUENCY:     0    0    0    0    0    6    8   43   53   92   70   80   97  130  117


<< end of ENERGY.
iupac_m_397W> Atoms were not swapped because of the uncertainty of how to handle the H atom.
>> Model assessment by DOPE potential
iatmcls_286W> MODEL atom not classified:  SER:OXT  SER


>> ENERGY; Differences between the model's features and restraints:
Number of all residues in MODEL                   :       80
Number of all, selected real atoms                :      631     631
Number of all, selected pseudo atoms              :        0       0
Number of all static, selected restraints         :     6322    6322
COVALENT_CYS                                      :        F
NONBONDED_SEL_ATOMS                               :        1
Number of non-bonded pairs (excluding 1-2,1-3,1-4):    91023
Dynamic pairs routine                             : 1, NATM x NATM double loop
Atomic shift for contacts update (UPDATE_DYNAMIC) :    0.390
LENNARD_JONES_SWITCH                              :    6.500   7.500
COULOMB_JONES_SWITCH                              :    6.500   7.500
RESIDUE_SPAN_RANGE                                :        1    9999
NLOGN_USE                                         :       15
CONTACT_SHELL                                     :   15.000
DYNAMIC_PAIRS,_SPHERE,_COULOMB,_LENNARD,_MODELLER :        T       F       F       F       T
SPHERE_STDV                                       :    0.050
RADII_FACTOR                                      :    0.820
Current energy                                    :       -7359.9629




<< end of ENERGY.
DOPE score               : -7359.962891
>> Model assessment by GA341 potential

Surface library          : C:\Program Files\Modeller9.17/modlib/surf5.de
Pair library             : C:\Program Files\Modeller9.17/modlib/pair9.de
Chain identifier         : _
% sequence identity      :    94.805000
Sequence length          :           80
Compactness              :     0.296946
Native energy (pair)     :   -71.594216
Native energy (surface)  :    -5.913790
Native energy (combined) :    -5.865108
Z score (pair)           :    -5.673807
Z score (surface)        :    -4.468623
Z score (combined)       :    -6.457578
GA341 score              :     1.000000



>> ENERGY; Differences between the model's features and restraints:
Number of all residues in MODEL                   :       80
Number of all, selected real atoms                :      631     631
Number of all, selected pseudo atoms              :        0       0
Number of all static, selected restraints         :     6322    6322
COVALENT_CYS                                      :        F
NONBONDED_SEL_ATOMS                               :        1
Number of non-bonded pairs (excluding 1-2,1-3,1-4):     1456
Dynamic pairs routine                             : 2, NATM x NATM cell sorting
Atomic shift for contacts update (UPDATE_DYNAMIC) :    0.390
LENNARD_JONES_SWITCH                              :    6.500   7.500
COULOMB_JONES_SWITCH                              :    6.500   7.500
RESIDUE_SPAN_RANGE                                :        0   99999
NLOGN_USE                                         :       15
CONTACT_SHELL                                     :    4.000
DYNAMIC_PAIRS,_SPHERE,_COULOMB,_LENNARD,_MODELLER :        T       T       F       F       F
SPHERE_STDV                                       :    0.050
RADII_FACTOR                                      :    0.820
Current energy                                    :         612.2640





Summary of the restraint violations: 

   NUM     ... number of restraints.
   NUMVI   ... number of restraints with RVIOL > VIOL_REPORT_CUT[i].
   RVIOL   ... relative difference from the best value.
   NUMVP   ... number of restraints with -Ln(pdf) > VIOL_REPORT_CUT2[i].
   RMS_1   ... RMS(feature, minimally_violated_basis_restraint, NUMB).
   RMS_2   ... RMS(feature, best_value, NUMB).
   MOL.PDF ... scaled contribution to -Ln(Molecular pdf).

 #                     RESTRAINT_GROUP      NUM   NUMVI  NUMVP   RMS_1   RMS_2         MOL.PDF     S_i
------------------------------------------------------------------------------------------------------
 1 Bond length potential              :     642       0      0   0.008   0.008      11.156       1.000
 2 Bond angle potential               :     871       0      7   2.539   2.539      108.56       1.000
 3 Stereochemical cosine torsion poten:     410       0     16  49.027  49.027      149.08       1.000
 4 Stereochemical improper torsion pot:     264       0      0   1.565   1.565      12.779       1.000
 5 Soft-sphere overlap restraints     :    1456       0      0   0.006   0.006      6.7536       1.000
 6 Lennard-Jones 6-12 potential       :       0       0      0   0.000   0.000      0.0000       1.000
 7 Coulomb point-point electrostatic p:       0       0      0   0.000   0.000      0.0000       1.000
 8 H-bonding potential                :       0       0      0   0.000   0.000      0.0000       1.000
 9 Distance restraints 1 (CA-CA)      :    1042       0      0   0.243   0.243      39.464       1.000
10 Distance restraints 2 (N-O)        :    1090       0      1   0.322   0.322      44.950       1.000
11 Mainchain Phi dihedral restraints  :       0       0      0   0.000   0.000      0.0000       1.000
12 Mainchain Psi dihedral restraints  :       0       0      0   0.000   0.000      0.0000       1.000
13 Mainchain Omega dihedral restraints:      79       1      2   6.379   6.379      37.905       1.000
14 Sidechain Chi_1 dihedral restraints:      73       0      0  63.384  63.384      14.490       1.000
15 Sidechain Chi_2 dihedral restraints:      53       0      0  63.738  63.738      16.330       1.000
16 Sidechain Chi_3 dihedral restraints:      20       0      0  74.213  74.213      15.898       1.000
17 Sidechain Chi_4 dihedral restraints:       8       0      0  75.982  75.982      4.7298       1.000
18 Disulfide distance restraints      :       0       0      0   0.000   0.000      0.0000       1.000
19 Disulfide angle restraints         :       0       0      0   0.000   0.000      0.0000       1.000
20 Disulfide dihedral angle restraints:       0       0      0   0.000   0.000      0.0000       1.000
21 Lower bound distance restraints    :       0       0      0   0.000   0.000      0.0000       1.000
22 Upper bound distance restraints    :       0       0      0   0.000   0.000      0.0000       1.000
23 Distance restraints 3 (SDCH-MNCH)  :    1198       0      0   0.469   0.469      43.250       1.000
24 Sidechain Chi_5 dihedral restraints:       0       0      0   0.000   0.000      0.0000       1.000
25 Phi/Psi pair of dihedral restraints:      78       6     10  33.586  52.015      40.143       1.000
26 Distance restraints 4 (SDCH-SDCH)  :     494       0      0   1.013   1.013      66.781       1.000
27 Distance restraints 5 (X-Y)        :       0       0      0   0.000   0.000      0.0000       1.000
28 NMR distance restraints 6 (X-Y)    :       0       0      0   0.000   0.000      0.0000       1.000
29 NMR distance restraints 7 (X-Y)    :       0       0      0   0.000   0.000      0.0000       1.000
30 Minimal distance restraints        :       0       0      0   0.000   0.000      0.0000       1.000
31 Non-bonded restraints              :       0       0      0   0.000   0.000      0.0000       1.000
32 Atomic accessibility restraints    :       0       0      0   0.000   0.000      0.0000       1.000
33 Atomic density restraints          :       0       0      0   0.000   0.000      0.0000       1.000
34 Absolute position restraints       :       0       0      0   0.000   0.000      0.0000       1.000
35 Dihedral angle difference restraint:       0       0      0   0.000   0.000      0.0000       1.000
36 GBSA implicit solvent potential    :       0       0      0   0.000   0.000      0.0000       1.000
37 EM density fitting potential       :       0       0      0   0.000   0.000      0.0000       1.000
38 SAXS restraints                    :       0       0      0   0.000   0.000      0.0000       1.000
39 Symmetry restraints                :       0       0      0   0.000   0.000      0.0000       1.000



# Heavy relative violation of each residue is written to: T0792.V99990004
# The profile is NOT normalized by the number of restraints.
# The profiles are smoothed over a window of residues:    1
# The sum of all numbers in the file:    7839.2949



List of the violated restraints:
   A restraint is violated when the relative difference
   from the best value (RVIOL) is larger than CUTOFF.

   ICSR   ... index of a restraint in the current set.
   RESNO  ... residue numbers of the first two atoms.
   ATM    ... IUPAC atom names of the first two atoms.
   FEAT   ... the value of the feature in the model.
   restr  ... the mean of the basis restraint with the smallest
              difference from the model (local minimum).
   viol   ... difference from the local minimum.
   rviol  ... relative difference from the local minimum.
   RESTR  ... the best value (global minimum).
   VIOL   ... difference from the best value.
   RVIOL  ... relative difference from the best value.


-------------------------------------------------------------------------------------------------

Feature 25                           : Phi/Psi pair of dihedral restraints     
List of the RVIOL violations larger than   :       6.5000

    #   ICSR  RESNO1/2 ATM1/2   INDATM1/2    FEAT   restr    viol   rviol   RESTR    VIOL   RVIOL
    1   2188   1E   2S C   N       8   10 -169.25 -136.60   40.50    1.24  -64.10 -176.96   20.85
    1          2S   2S N   CA     10   11  175.17  151.20                  -35.00
    2   2189   2S   3N C   N      14   16  179.48 -119.90   84.75    2.47  -63.20  169.75   27.34
    2          3N   3N N   CA     16   17 -163.78  137.00                  -41.10
    3   2190   3N   4Y C   N      22   24 -125.19 -124.30    3.44    0.15  -63.50 -171.73   32.98
    3          4Y   4Y N   CA     24   25  138.72  135.40                  -43.40
    4   2191   4Y   5I C   N      34   36   93.64 -120.60  147.00   10.77 -120.60  147.00   10.77
    4          5I   5I N   CA     36   37  111.18  130.30                  130.30
    5   2192   5I   6S C   N      42   44  -47.04  -72.40   33.11    1.63  -64.10  166.99   13.19
    5          6S   6S N   CA     44   45  131.12  152.40                  -35.00
    6   2193   6S   7V C   N      48   50  105.85 -125.40  161.31    8.90 -125.40  161.31    8.90
    6          7V   7V N   CA     50   51   46.11  143.30                  143.30


report______> Distribution of short non-bonded contacts:


DISTANCE1:  0.00 2.10 2.20 2.30 2.40 2.50 2.60 2.70 2.80 2.90 3.00 3.10 3.20 3.30 3.40
DISTANCE2:  2.10 2.20 2.30 2.40 2.50 2.60 2.70 2.80 2.90 3.00 3.10 3.20 3.30 3.40 3.50
FREQUENCY:     0    0    0    0    0    5   11   39   49   78   89   72  107  117   89


<< end of ENERGY.
>> Model assessment by DOPE potential
iatmcls_286W> MODEL atom not classified:  SER:OXT  SER


>> ENERGY; Differences between the model's features and restraints:
Number of all residues in MODEL                   :       80
Number of all, selected real atoms                :      631     631
Number of all, selected pseudo atoms              :        0       0
Number of all static, selected restraints         :     6322    6322
COVALENT_CYS                                      :        F
NONBONDED_SEL_ATOMS                               :        1
Number of non-bonded pairs (excluding 1-2,1-3,1-4):    85535
Dynamic pairs routine                             : 1, NATM x NATM double loop
Atomic shift for contacts update (UPDATE_DYNAMIC) :    0.390
LENNARD_JONES_SWITCH                              :    6.500   7.500
COULOMB_JONES_SWITCH                              :    6.500   7.500
RESIDUE_SPAN_RANGE                                :        1    9999
NLOGN_USE                                         :       15
CONTACT_SHELL                                     :   15.000
DYNAMIC_PAIRS,_SPHERE,_COULOMB,_LENNARD,_MODELLER :        T       F       F       F       T
SPHERE_STDV                                       :    0.050
RADII_FACTOR                                      :    0.820
Current energy                                    :       -7453.2495




<< end of ENERGY.
DOPE score               : -7453.249512
>> Model assessment by GA341 potential

Surface library          : C:\Program Files\Modeller9.17/modlib/surf5.de
Pair library             : C:\Program Files\Modeller9.17/modlib/pair9.de
Chain identifier         : _
% sequence identity      :    94.805000
Sequence length          :           80
Compactness              :     0.259478
Native energy (pair)     :   -74.714539
Native energy (surface)  :    -4.831288
Native energy (combined) :    -6.382105
Z score (pair)           :    -5.721412
Z score (surface)        :    -4.858407
Z score (combined)       :    -6.525914
GA341 score              :     1.000000



>> ENERGY; Differences between the model's features and restraints:
Number of all residues in MODEL                   :       80
Number of all, selected real atoms                :      631     631
Number of all, selected pseudo atoms              :        0       0
Number of all static, selected restraints         :     6322    6322
COVALENT_CYS                                      :        F
NONBONDED_SEL_ATOMS                               :        1
Number of non-bonded pairs (excluding 1-2,1-3,1-4):     1293
Dynamic pairs routine                             : 2, NATM x NATM cell sorting
Atomic shift for contacts update (UPDATE_DYNAMIC) :    0.390
LENNARD_JONES_SWITCH                              :    6.500   7.500
COULOMB_JONES_SWITCH                              :    6.500   7.500
RESIDUE_SPAN_RANGE                                :        0   99999
NLOGN_USE                                         :       15
CONTACT_SHELL                                     :    4.000
DYNAMIC_PAIRS,_SPHERE,_COULOMB,_LENNARD,_MODELLER :        T       T       F       F       F
SPHERE_STDV                                       :    0.050
RADII_FACTOR                                      :    0.820
Current energy                                    :         495.8065





Summary of the restraint violations: 

   NUM     ... number of restraints.
   NUMVI   ... number of restraints with RVIOL > VIOL_REPORT_CUT[i].
   RVIOL   ... relative difference from the best value.
   NUMVP   ... number of restraints with -Ln(pdf) > VIOL_REPORT_CUT2[i].
   RMS_1   ... RMS(feature, minimally_violated_basis_restraint, NUMB).
   RMS_2   ... RMS(feature, best_value, NUMB).
   MOL.PDF ... scaled contribution to -Ln(Molecular pdf).

 #                     RESTRAINT_GROUP      NUM   NUMVI  NUMVP   RMS_1   RMS_2         MOL.PDF     S_i
------------------------------------------------------------------------------------------------------
 1 Bond length potential              :     642       0      0   0.005   0.005      3.8979       1.000
 2 Bond angle potential               :     871       0      2   2.047   2.047      70.666       1.000
 3 Stereochemical cosine torsion poten:     410       0     14  47.071  47.071      138.83       1.000
 4 Stereochemical improper torsion pot:     264       0      0   1.233   1.233      8.2112       1.000
 5 Soft-sphere overlap restraints     :    1293       0      0   0.003   0.003      1.2738       1.000
 6 Lennard-Jones 6-12 potential       :       0       0      0   0.000   0.000      0.0000       1.000
 7 Coulomb point-point electrostatic p:       0       0      0   0.000   0.000      0.0000       1.000
 8 H-bonding potential                :       0       0      0   0.000   0.000      0.0000       1.000
 9 Distance restraints 1 (CA-CA)      :    1042       0      2   0.254   0.254      37.729       1.000
10 Distance restraints 2 (N-O)        :    1090       0      5   0.413   0.413      62.208       1.000
11 Mainchain Phi dihedral restraints  :       0       0      0   0.000   0.000      0.0000       1.000
12 Mainchain Psi dihedral restraints  :       0       0      0   0.000   0.000      0.0000       1.000
13 Mainchain Omega dihedral restraints:      79       0      2   4.704   4.704      20.613       1.000
14 Sidechain Chi_1 dihedral restraints:      73       0      0  58.781  58.781      7.3674       1.000
15 Sidechain Chi_2 dihedral restraints:      53       0      1  57.681  57.681      14.142       1.000
16 Sidechain Chi_3 dihedral restraints:      20       0      0  68.313  68.313      12.664       1.000
17 Sidechain Chi_4 dihedral restraints:       8       0      0  95.961  95.961      4.9224       1.000
18 Disulfide distance restraints      :       0       0      0   0.000   0.000      0.0000       1.000
19 Disulfide angle restraints         :       0       0      0   0.000   0.000      0.0000       1.000
20 Disulfide dihedral angle restraints:       0       0      0   0.000   0.000      0.0000       1.000
21 Lower bound distance restraints    :       0       0      0   0.000   0.000      0.0000       1.000
22 Upper bound distance restraints    :       0       0      0   0.000   0.000      0.0000       1.000
23 Distance restraints 3 (SDCH-MNCH)  :    1198       0      0   0.383   0.383      27.914       1.000
24 Sidechain Chi_5 dihedral restraints:       0       0      0   0.000   0.000      0.0000       1.000
25 Phi/Psi pair of dihedral restraints:      78       6     10  31.558  49.591      42.398       1.000
26 Distance restraints 4 (SDCH-SDCH)  :     494       0      1   0.821   0.821      42.973       1.000
27 Distance restraints 5 (X-Y)        :       0       0      0   0.000   0.000      0.0000       1.000
28 NMR distance restraints 6 (X-Y)    :       0       0      0   0.000   0.000      0.0000       1.000
29 NMR distance restraints 7 (X-Y)    :       0       0      0   0.000   0.000      0.0000       1.000
30 Minimal distance restraints        :       0       0      0   0.000   0.000      0.0000       1.000
31 Non-bonded restraints              :       0       0      0   0.000   0.000      0.0000       1.000
32 Atomic accessibility restraints    :       0       0      0   0.000   0.000      0.0000       1.000
33 Atomic density restraints          :       0       0      0   0.000   0.000      0.0000       1.000
34 Absolute position restraints       :       0       0      0   0.000   0.000      0.0000       1.000
35 Dihedral angle difference restraint:       0       0      0   0.000   0.000      0.0000       1.000
36 GBSA implicit solvent potential    :       0       0      0   0.000   0.000      0.0000       1.000
37 EM density fitting potential       :       0       0      0   0.000   0.000      0.0000       1.000
38 SAXS restraints                    :       0       0      0   0.000   0.000      0.0000       1.000
39 Symmetry restraints                :       0       0      0   0.000   0.000      0.0000       1.000



# Heavy relative violation of each residue is written to: T0792.V99990005
# The profile is NOT normalized by the number of restraints.
# The profiles are smoothed over a window of residues:    1
# The sum of all numbers in the file:    6738.4385



List of the violated restraints:
   A restraint is violated when the relative difference
   from the best value (RVIOL) is larger than CUTOFF.

   ICSR   ... index of a restraint in the current set.
   RESNO  ... residue numbers of the first two atoms.
   ATM    ... IUPAC atom names of the first two atoms.
   FEAT   ... the value of the feature in the model.
   restr  ... the mean of the basis restraint with the smallest
              difference from the model (local minimum).
   viol   ... difference from the local minimum.
   rviol  ... relative difference from the local minimum.
   RESTR  ... the best value (global minimum).
   VIOL   ... difference from the best value.
   RVIOL  ... relative difference from the best value.


-------------------------------------------------------------------------------------------------

Feature 25                           : Phi/Psi pair of dihedral restraints     
List of the RVIOL violations larger than   :       6.5000

    #   ICSR  RESNO1/2 ATM1/2   INDATM1/2    FEAT   restr    viol   rviol   RESTR    VIOL   RVIOL
    1   2189   2S   3N C   N      14   16  142.62 -119.90  127.31    3.69  -63.20 -176.22   30.21
    1          3N   3N N   CA     16   17 -141.11  137.00                  -41.10
    2   2190   3N   4Y C   N      22   24  -40.94  -98.40   62.69    3.26  -63.50  164.69   25.01
    2          4Y   4Y N   CA     24   25  153.46  128.40                  -43.40
    3   2191   4Y   5I C   N      34   36  -61.36  -63.40    3.33    0.51 -120.60 -173.79    8.50
    3          5I   5I N   CA     36   37  -46.24  -43.60                  130.30
    4   2192   5I   6S C   N      42   44  -88.71  -72.40   28.61    2.20  -64.10  165.74   10.79
    4          6S   6S N   CA     44   45  128.90  152.40                  -35.00
    5   2194   7V   8R C   N      55   57  -64.88  -63.00   48.36    6.66  -63.00   48.36    6.66
    5          8R   8R N   CA     57   58  -89.42  -41.10                  -41.10
    6   2195   8R   9E C   N      66   68 -100.87  -63.60   45.65    7.85  -63.60   45.65    7.85
    6          9E   9E N   CA     68   69  -66.65  -40.30                  -40.30


report______> Distribution of short non-bonded contacts:


DISTANCE1:  0.00 2.10 2.20 2.30 2.40 2.50 2.60 2.70 2.80 2.90 3.00 3.10 3.20 3.30 3.40
DISTANCE2:  2.10 2.20 2.30 2.40 2.50 2.60 2.70 2.80 2.90 3.00 3.10 3.20 3.30 3.40 3.50
FREQUENCY:     0    0    0    0    1   10    5   30   45   63   56   72   85   96   84


<< end of ENERGY.

>> Summary of successfully produced models:
Filename                          molpdf     DOPE score    GA341 score
----------------------------------------------------------------------
T0792.B99990001.pdb            674.85162    -7287.39648        1.00000
T0792.B99990002.pdb            651.37048    -7247.06982        1.00000
T0792.B99990003.pdb            631.51453    -7181.52588        1.00000
T0792.B99990004.pdb            612.26398    -7359.96289        1.00000
T0792.B99990005.pdb            495.80649    -7453.24951        1.00000

Total CPU time [seconds]                                 :      79.26
