
                         MODELLER 9.17, 2016/07/02, r10881

     PROTEIN STRUCTURE MODELLING BY SATISFACTION OF SPATIAL RESTRAINTS


                     Copyright(c) 1989-2016 Andrej Sali
                            All Rights Reserved

                             Written by A. Sali
                               with help from
              B. Webb, M.S. Madhusudhan, M-Y. Shen, G.Q. Dong,
          M.A. Marti-Renom, N. Eswar, F. Alber, M. Topf, B. Oliva,
             A. Fiser, R. Sanchez, B. Yerkovich, A. Badretdinov,
                     F. Melo, J.P. Overington, E. Feyfant
                 University of California, San Francisco, USA
                    Rockefeller University, New York, USA
                      Harvard University, Cambridge, USA
                   Imperial Cancer Research Fund, London, UK
              Birkbeck College, University of London, London, UK


Kind, OS, HostName, Kernel, Processor: 4, Windows Vista build 7601 Service Pack 1, SAI-PC, SMP, unknown
Date and time of compilation         : 2016/07/01 22:06:57
MODELLER executable type             : x86_64-w64
Job starting time (YY/MM/DD HH:MM:SS): 2016/11/18 00:49:51

openf___224_> Open           $(LIB)/restyp.lib
openf___224_> Open           ${MODINSTALL9v17}/modlib/resgrp.lib
rdresgr_266_> Number of residue groups:        2
openf___224_> Open           ${MODINSTALL9v17}/modlib/sstruc.lib

Dynamically allocated memory at   amaxlibraries [B,KiB,MiB]:       191566     187.076     0.183

Dynamically allocated memory at   amaxlibraries [B,KiB,MiB]:       192094     187.592     0.183
openf___224_> Open           ${MODINSTALL9v17}/modlib/resdih.lib

Dynamically allocated memory at   amaxlibraries [B,KiB,MiB]:       240694     235.053     0.230
rdrdih__263_> Number of dihedral angle types         :        9
              Maximal number of dihedral angle optima:        3
              Dihedral angle names                   :  Alph Phi Psi Omeg chi1 chi2 chi3 chi4 chi5
openf___224_> Open           ${MODINSTALL9v17}/modlib/radii.lib

Dynamically allocated memory at   amaxlibraries [B,KiB,MiB]:       253994     248.041     0.242
openf___224_> Open           ${MODINSTALL9v17}/modlib/radii14.lib
openf___224_> Open           ${MODINSTALL9v17}/modlib/af_mnchdef.lib
rdwilmo_274_> Mainchain residue conformation classes:  APBLE
openf___224_> Open           ${MODINSTALL9v17}/modlib/mnch.lib
rdclass_257_> Number of classes:        5
openf___224_> Open           ${MODINSTALL9v17}/modlib/mnch1.lib
openf___224_> Open           ${MODINSTALL9v17}/modlib/mnch2.lib
openf___224_> Open           ${MODINSTALL9v17}/modlib/mnch3.lib
openf___224_> Open           ${MODINSTALL9v17}/modlib/xs4.mat
rdrrwgh_268_> Number of residue types:       21
openf___224_> Open           pdb_95.pir
readlinef__W> File: pdb_95.pir, Line: 414
              Modeller will only read the first 4096 characters of this line.

readlinef__W> File: pdb_95.pir, Line: 24773
              Modeller will only read the first 4096 characters of this line.

readlinef__W> File: pdb_95.pir, Line: 24783
              Modeller will only read the first 4096 characters of this line.

readlinef__W> File: pdb_95.pir, Line: 24793
              Modeller will only read the first 4096 characters of this line.

readlinef__W> File: pdb_95.pir, Line: 24800
              Modeller will only read the first 4096 characters of this line.

readlinef__W> File: pdb_95.pir, Line: 24806
              No more warnings will be printed for truncated lines in this file.


Dynamically allocated memory at amaxsequence_db [B,KiB,MiB]:       468592     457.609     0.447

Dynamically allocated memory at amaxsequence_db [B,KiB,MiB]:      3305576    3228.102     3.152

Dynamically allocated memory at   amaxalignment [B,KiB,MiB]:      3307418    3229.900     3.154

Dynamically allocated memory at   amaxalignment [B,KiB,MiB]:      3308868    3231.316     3.156

Dynamically allocated memory at   amaxalignment [B,KiB,MiB]:      3311768    3234.148     3.158

Dynamically allocated memory at amaxsequence_db [B,KiB,MiB]:     14017567   13689.030    13.368

Dynamically allocated memory at   amaxalignment [B,KiB,MiB]:     14023367   13694.694    13.374

Dynamically allocated memory at   amaxalignment [B,KiB,MiB]:     14034967   13706.022    13.385

Dynamically allocated memory at   amaxalignment [B,KiB,MiB]:     14058167   13728.679    13.407

Dynamically allocated memory at   amaxalignment [B,KiB,MiB]:     14104567   13773.991    13.451

Dynamically allocated memory at amaxsequence_db [B,KiB,MiB]:     19457467   19001.434    18.556

SEQ_DATABASE_FILE         : pdb_95.pir
SEQ_DATABASE_FORMAT       : PIR
CHAINS_LIST               : ALL
CLEAN_SEQUENCES           :            T
MINMAX_DB_SEQ_LEN         :           30        4000
Number of sequences       :        53529
Number of residues        :     13332892
Length of longest sequence:         3042


SEQ_DATABASE_FILE         : pdb_95.bin
SEQ_DATABASE_FORMAT       : BINARY
SEARCH_CHAINS_LIST        : ALL
Number of sequences       :        53529
Number of residues        :     13332892
Length of longest sequence:         3042


SEQ_DATABASE_FILE         : pdb_95.bin
SEQ_DATABASE_FORMAT       : BINARY
CHAINS_LIST               : ALL
CLEAN_SEQUENCES           :            T
MINMAX_DB_SEQ_LEN         :            0      999999
Number of sequences       :        53529
Number of residues        :     13332892
Length of longest sequence:         3042

openf___224_> Open           qseq1.ali

Dynamically allocated memory at   amaxalignment [B,KiB,MiB]:       470512     459.484     0.449

Dynamically allocated memory at   amaxalignment [B,KiB,MiB]:       471962     460.900     0.450

Dynamically allocated memory at   amaxalignment [B,KiB,MiB]:       474862     463.732     0.453

Dynamically allocated memory at   amaxalignment [B,KiB,MiB]:       480662     469.396     0.458

Dynamically allocated memory at   amaxalignment [B,KiB,MiB]:       492262     480.725     0.469

Dynamically allocated memory at    amaxsequence [B,KiB,MiB]:       493734     482.162     0.471

Read the alignment from file       : qseq1.ali
Total number of alignment positions:   369

  #  Code        #_Res #_Segm PDB_code    Name
-------------------------------------------------------------------------------
  1      qseq1     369      1       qseq1

Dynamically allocated memory at     amaxprofile [B,KiB,MiB]:       495535     483.921     0.473
openf___224_> Open           ${LIB}/blosum62.sim.mat
rdrrwgh_268_> Number of residue types:       21

Dynamically allocated memory at amaxsequence_db [B,KiB,MiB]:       824515     805.190     0.786
profile_iteration_> processing sequence:       1    369      1     0.0000000     0.0000000     0.0000000     1

Dynamically allocated memory at amaxsequence_db [B,KiB,MiB]:       834417     814.860     0.796
profile_iteration_> processing sequence:    5354    369      1    10.4208670     0.0019464     0.0000074   514
profile_iteration_> processing sequence:   10707    369      1    20.0929279     0.0018766     0.0000074   533
profile_iteration_> processing sequence:   16060    369      1    29.7805901     0.0018543     0.0000074   539
profile_iteration_> processing sequence:   21413    369      1    39.4682541     0.0018432     0.0000073   543
profile_iteration_> processing sequence:   26766    369      1    48.5475121     0.0018138     0.0000073   551
profile_iteration_> processing sequence:   32119    369      1    57.1275673     0.0017786     0.0000073   562
profile_iteration_> processing sequence:   37472    369      1    67.0804291     0.0017901     0.0000073   559
profile_iteration_> processing sequence:   42825    369      1    77.1892929     0.0018024     0.0000073   555

Dynamically allocated memory at amaxsequence_db [B,KiB,MiB]:       837709     818.075     0.799
profile_iteration_> processing sequence:   48178    369      1    87.4073639     0.0018143     0.0000073   551
 AVERAGE RESIDUAL STANDARD ERROR:    34.70156
 AVERAGE RESIDUAL STANDARD DEVIATION:    242.4303
profile_660_> Quality of the fit between observed/expected score distributions.
              [Iteration, Chi2, nbins, KS-Stat, nscores ] =        1,        0.0160,      121,        0.0092,    53529

HISTOGRAM OF Z-SCORES:

Z:         1  -3.95000   0.00000   0.00000
Z:         1  -3.85000   0.00000   0.00000
Z:         1  -3.75000   0.00000   0.00000
Z:         1  -3.65000   0.00000   0.00000
Z:         1  -3.55000   0.00000   0.00000
Z:         1  -3.45000   0.00000   0.00000
Z:         1  -3.35000   0.00000   0.00000
Z:         1  -3.25000   0.00000   0.00000
Z:         1  -3.15000   0.00000   0.00000
Z:         1  -3.05000   0.00000   0.00000
Z:         1  -2.95000   0.00000   0.00000
Z:         1  -2.85000   0.00000   0.00000
Z:         1  -2.75000   0.00019   0.00000
Z:         1  -2.65000   0.00000   0.00000
Z:         1  -2.55000   0.00000   0.00001
Z:         1  -2.45000   0.00056   0.00004
Z:         1  -2.35000   0.00075   0.00016
Z:         1  -2.25000   0.00112   0.00055
Z:         1  -2.15000   0.00205   0.00163
Z:         1  -2.05000   0.00598   0.00416
Z:         1  -1.95000   0.01420   0.00933
Z:         1  -1.85000   0.02018   0.01872
Z:         1  -1.75000   0.03904   0.03400
Z:         1  -1.65000   0.05997   0.05658
Z:         1  -1.55000   0.09808   0.08721
Z:         1  -1.45000   0.11937   0.12565
Z:         1  -1.35000   0.17168   0.17059
Z:         1  -1.25000   0.22081   0.21981
Z:         1  -1.15000   0.27107   0.27052
Z:         1  -1.05000   0.32151   0.31973
Z:         1  -0.95000   0.35999   0.36469
Z:         1  -0.85000   0.39455   0.40316
Z:         1  -0.75000   0.42127   0.43360
Z:         1  -0.65000   0.44462   0.45519
Z:         1  -0.55000   0.44275   0.46779
Z:         1  -0.45000   0.46087   0.47182
Z:         1  -0.35000   0.46367   0.46811
Z:         1  -0.25000   0.45527   0.45775
Z:         1  -0.15000   0.42314   0.44196
Z:         1  -0.05000   0.41809   0.42194
Z:         1   0.05000   0.38913   0.39889
Z:         1   0.15000   0.38652   0.37383
Z:         1   0.25000   0.34355   0.34769
Z:         1   0.35000   0.35009   0.32121
Z:         1   0.45000   0.28284   0.29500
Z:         1   0.55000   0.26677   0.26953
Z:         1   0.65000   0.24547   0.24513
Z:         1   0.75000   0.22829   0.22205
Z:         1   0.85000   0.20512   0.20043
Z:         1   0.95000   0.18495   0.18036
Z:         1   1.05000   0.15861   0.16185
Z:         1   1.15000   0.15207   0.14489
Z:         1   1.25000   0.13058   0.12944
Z:         1   1.35000   0.12068   0.11542
Z:         1   1.45000   0.10536   0.10275
Z:         1   1.55000   0.09565   0.09133
Z:         1   1.65000   0.08089   0.08109
Z:         1   1.75000   0.07902   0.07191
Z:         1   1.85000   0.06221   0.06371
Z:         1   1.95000   0.05175   0.05639
Z:         1   2.05000   0.05343   0.04988
Z:         1   2.15000   0.04988   0.04409
Z:         1   2.25000   0.03680   0.03895
Z:         1   2.35000   0.03587   0.03439
Z:         1   2.45000   0.03549   0.03035
Z:         1   2.55000   0.02709   0.02678
Z:         1   2.65000   0.02055   0.02361
Z:         1   2.75000   0.01700   0.02082
Z:         1   2.85000   0.01999   0.01835
Z:         1   2.95000   0.01644   0.01617
Z:         1   3.05000   0.01737   0.01424
Z:         1   3.15000   0.01214   0.01255
Z:         1   3.25000   0.01065   0.01105
Z:         1   3.35000   0.00897   0.00973
Z:         1   3.45000   0.00766   0.00857
Z:         1   3.55000   0.00915   0.00754
Z:         1   3.65000   0.00766   0.00664
Z:         1   3.75000   0.00729   0.00584
Z:         1   3.85000   0.00523   0.00514
Z:         1   3.95000   0.00560   0.00453
Z:         1   4.05000   0.00523   0.00398
Z:         1   4.15000   0.00318   0.00350
Z:         1   4.25000   0.00392   0.00308
Z:         1   4.35000   0.00318   0.00271
Z:         1   4.45000   0.00149   0.00239
Z:         1   4.55000   0.00262   0.00210
Z:         1   4.65000   0.00131   0.00185
Z:         1   4.75000   0.00205   0.00163
Z:         1   4.85000   0.00131   0.00143
Z:         1   4.95000   0.00205   0.00126
Z:         1   5.05000   0.00112   0.00111
Z:         1   5.15000   0.00149   0.00097
Z:         1   5.25000   0.00037   0.00086
Z:         1   5.35000   0.00056   0.00075
Z:         1   5.45000   0.00037   0.00066
Z:         1   5.55000   0.00112   0.00058
Z:         1   5.65000   0.00056   0.00051
Z:         1   5.75000   0.00037   0.00045
Z:         1   5.85000   0.00056   0.00040
Z:         1   5.95000   0.00131   0.00035
Z:         1   6.05000   0.00075   0.00031
Z:         1   6.15000   0.00037   0.00027
Z:         1   6.25000   0.00000   0.00024
Z:         1   6.35000   0.00000   0.00021
Z:         1   6.45000   0.00019   0.00018
Z:         1   6.55000   0.00019   0.00016
Z:         1   6.65000   0.00000   0.00014
Z:         1   6.75000   0.00037   0.00013
Z:         1   6.85000   0.00056   0.00011
Z:         1   6.95000   0.00056   0.00010
Z:         1   7.05000   0.00000   0.00009
Z:         1   7.15000   0.00056   0.00007
Z:         1   7.25000   0.00000   0.00007
Z:         1   7.35000   0.00000   0.00006
Z:         1   7.45000   0.00000   0.00005
Z:         1   7.55000   0.00000   0.00004
Z:         1   7.65000   0.00000   0.00004
Z:         1   7.75000   0.00019   0.00003
Z:         1   7.85000   0.00019   0.00003
Z:         1   7.95000   0.00019   0.00003
Z:         1   8.05000   0.00000   0.00002

HITS FOUND IN ITERATION:     1


Dynamically allocated memory at     amaxprofile [B,KiB,MiB]:      1149909    1122.958     1.097
> 3b8xA                      1    2850   10900     386     369   22.90     0.0           2   289    18   312    17   326
> 1b9hA                      1    2898   11850     384     369   31.67     0.0           3   237    30   277    33   272
> 3bb8A                      1    3059   13100     420     369   25.26     0.0           4   357     1   363    31   410
> 2c81A                      1    5154   11950     409     369   29.90     0.0           5   274    17   298    14   304
> 3dr4A                      1    9282   15750     364     369   33.43     0.0           6   332    16   365    13   359
> 2fnuA                      1   14270   11650     373     369   26.16     0.0           7   330     9   348     5   348
> 3frkA                      1   14510    9950     365     369   24.78     0.0           8   330    20   367    25   363
> 3ju7A                      1   23591    7000     367     369   27.99    0.26E-07       9   259     3   277     3   270
> 4k2mA                      1   24110   12050     442     369   26.90     0.0          10   319    15   358    87   428
> 5k8bA                      1   24554   12800     394     369   29.44     0.0          11   247    32   288    37   284
> 4lc3A                      1   27208   17750     378     369   32.24     0.0          12   346     3   365     4   369
> 1mdoA                      1   29425   19250     365     369   32.12     0.0          13   342     3   365     3   360
> 3nytA                      1   32539   14000     359     369   30.94     0.0          14   313    18   349    22   341
> 1o69A                      1   32956   10200     374     369   29.20     0.0          15   245    15   273     4   253
> 2ogaA                      1   33566   16000     371     369   32.84     0.0          16   333    18   366    24   364
> 4piwA                      1   35827   13100     359     369   31.21     0.0          17   328    13   365    10   355
> 2po3A                      1   36150   14050     393     369   30.43     0.0          18   333    16   366    34   378
> 4qgrA                      1   37763   12750     376     369   29.39     0.0          19   333    18   366    24   370
> 3uwcA                      1   44600   10200     371     369   25.84     0.0          20   316    30   366    34   362
> 4zahA                      1   52196   13900     370     369   31.32     0.0          21   345     2   365     2   365
> 4zasA                      1   52197   61150     368     369   62.77     0.0          22   368     2   369     1   368
> 4ztcA                      1   53167   10200     385     369   29.20     0.0          23   245    15   273    15   264
> 4zwvA                      1   53324   97150     369     369  100.00     0.0          24   369     1   369     1   369
> 4ZAS_A                     1   53527   60200     404     369   61.97     0.0          25   368     2   369    29   404
> 4ZWV_A                     1   53528   96600     372     369   99.73     0.0          26   369     1   369     3   372
> 4XAU_A                     1   53529   96400     389     369   99.73     0.0          27   368     2   369    21   389

profile_iteration__> Weight Matrix           [sec]:     0.000000
profile_iteration__> Score Collection        [sec]:    97.547424
profile_iteration__> Score Collection/Seq    [sec]:     0.001822
profile_iteration__> DP Steps per sec    [ali/sec]:   549.627441
profile_iteration__> Statistics              [sec]:     0.234002
profile_iteration__> Add to profile          [sec]:     0.202801
profile_iteration__> Overall performance    [/seq]:     0.001832
profile_iteration__> Overall performance [seq/sec]:   545.780823
openf___224_> Open           build_profile.prf

Dynamically allocated memory at   amaxalignment [B,KiB,MiB]:       909910     888.584     0.868

Dynamically allocated memory at    amaxsequence [B,KiB,MiB]:       911382     890.021     0.869

Dynamically allocated memory at    amaxsequence [B,KiB,MiB]:       912534     891.146     0.870

Dynamically allocated memory at    amaxsequence [B,KiB,MiB]:       913478     892.068     0.871

Dynamically allocated memory at    amaxsequence [B,KiB,MiB]:       914902     893.459     0.873

Dynamically allocated memory at    amaxsequence [B,KiB,MiB]:       915994     894.525     0.874

Dynamically allocated memory at    amaxsequence [B,KiB,MiB]:       917318     895.818     0.875

Dynamically allocated memory at    amaxsequence [B,KiB,MiB]:       918634     897.104     0.876

Dynamically allocated memory at    amaxsequence [B,KiB,MiB]:       919950     898.389     0.877

Dynamically allocated memory at    amaxsequence [B,KiB,MiB]:       920982     899.396     0.878

Dynamically allocated memory at    amaxsequence [B,KiB,MiB]:       922254     900.639     0.880

Dynamically allocated memory at    amaxsequence [B,KiB,MiB]:       923238     901.600     0.880

Dynamically allocated memory at    amaxsequence [B,KiB,MiB]:       924618     902.947     0.882

Dynamically allocated memory at    amaxsequence [B,KiB,MiB]:       925982     904.279     0.883

Dynamically allocated memory at    amaxsequence [B,KiB,MiB]:       927230     905.498     0.884

Dynamically allocated memory at    amaxsequence [B,KiB,MiB]:       928206     906.451     0.885

Dynamically allocated memory at    amaxsequence [B,KiB,MiB]:       929534     907.748     0.886

Dynamically allocated memory at    amaxsequence [B,KiB,MiB]:       930842     909.025     0.888

Dynamically allocated memory at    amaxsequence [B,KiB,MiB]:       932170     910.322     0.889

Dynamically allocated memory at    amaxsequence [B,KiB,MiB]:       933498     911.619     0.890

Dynamically allocated memory at    amaxsequence [B,KiB,MiB]:       934758     912.850     0.891

Dynamically allocated memory at    amaxsequence [B,KiB,MiB]:       936134     914.193     0.893

Dynamically allocated memory at    amaxsequence [B,KiB,MiB]:       937602     915.627     0.894

Dynamically allocated memory at    amaxsequence [B,KiB,MiB]:       938578     916.580     0.895

Dynamically allocated memory at    amaxsequence [B,KiB,MiB]:       940050     918.018     0.897

Dynamically allocated memory at    amaxsequence [B,KiB,MiB]:       941518     919.451     0.898

Dynamically allocated memory at    amaxsequence [B,KiB,MiB]:       942990     920.889     0.899

Dynamically allocated memory at    amaxsequence [B,KiB,MiB]:       944458     922.322     0.901
openf___224_> Open           build_profile.ali

Dynamically allocated memory at          finish [B,KiB,MiB]:       919234     897.689     0.877
Starting time                                            : 2016/11/18 00:49:51
Closing time                                             : 2016/11/18 00:52:22
Total CPU time [seconds]                                 :     136.67
