
                         MODELLER 9.17, 2016/07/02, r10881

     PROTEIN STRUCTURE MODELLING BY SATISFACTION OF SPATIAL RESTRAINTS


                     Copyright(c) 1989-2016 Andrej Sali
                            All Rights Reserved

                             Written by A. Sali
                               with help from
              B. Webb, M.S. Madhusudhan, M-Y. Shen, G.Q. Dong,
          M.A. Marti-Renom, N. Eswar, F. Alber, M. Topf, B. Oliva,
             A. Fiser, R. Sanchez, B. Yerkovich, A. Badretdinov,
                     F. Melo, J.P. Overington, E. Feyfant
                 University of California, San Francisco, USA
                    Rockefeller University, New York, USA
                      Harvard University, Cambridge, USA
                   Imperial Cancer Research Fund, London, UK
              Birkbeck College, University of London, London, UK


Kind, OS, HostName, Kernel, Processor: 4, Windows Vista build 7601 Service Pack 1, SAI-PC, SMP, unknown
Date and time of compilation         : 2016/07/01 22:06:57
MODELLER executable type             : x86_64-w64
Job starting time (YY/MM/DD HH:MM:SS): 2016/11/29 17:50:17


check_ali___> Checking the sequence-structure alignment. 

Implied intrachain target CA(i)-CA(i+1) distances longer than  8.0 angstroms:

ALN_POS  TMPL  RID1  RID2  NAM1  NAM2     DIST
----------------------------------------------
END OF TABLE
read_to_681_> topology.submodel read from topology file:        3
mdtrsr__446W> A potential that relies on one protein is used, yet you have at
              least one known structure available. MDT, not library, potential is used.
0 atoms in HETATM/BLK residues constrained
to protein atoms within 2.30 angstroms
and protein CA atoms within 10.00 angstroms
0 atoms in residues without defined topology
constrained to be rigid bodies
condens_443_> Restraints marked for deletion were removed.
              Total number of restraints before, now:     6099     5530
iupac_m_397W> Atoms were not swapped because of the uncertainty of how to handle the H atom.
>> Model assessment by DOPE potential
iatmcls_286W> MODEL atom not classified:  SER:OXT  SER


>> ENERGY; Differences between the model's features and restraints:
Number of all residues in MODEL                   :       80
Number of all, selected real atoms                :      631     631
Number of all, selected pseudo atoms              :        0       0
Number of all static, selected restraints         :     5530    5530
COVALENT_CYS                                      :        F
NONBONDED_SEL_ATOMS                               :        1
Number of non-bonded pairs (excluding 1-2,1-3,1-4):    89227
Dynamic pairs routine                             : 1, NATM x NATM double loop
Atomic shift for contacts update (UPDATE_DYNAMIC) :    0.390
LENNARD_JONES_SWITCH                              :    6.500   7.500
COULOMB_JONES_SWITCH                              :    6.500   7.500
RESIDUE_SPAN_RANGE                                :        1    9999
NLOGN_USE                                         :       15
CONTACT_SHELL                                     :   15.000
DYNAMIC_PAIRS,_SPHERE,_COULOMB,_LENNARD,_MODELLER :        T       F       F       F       T
SPHERE_STDV                                       :    0.050
RADII_FACTOR                                      :    0.820
Current energy                                    :       -7028.2656




<< end of ENERGY.
DOPE score               : -7028.265625
>> Model assessment by GA341 potential

Surface library          : C:\Program Files\Modeller9.17/modlib/surf5.de
Pair library             : C:\Program Files\Modeller9.17/modlib/pair9.de
Chain identifier         : _
% sequence identity      :    30.768999
Sequence length          :           80
Compactness              :     0.209486
Native energy (pair)     :   -82.207846
Native energy (surface)  :    -5.949659
Native energy (combined) :    -6.331336
Z score (pair)           :    -4.169733
Z score (surface)        :    -5.101826
Z score (combined)       :    -6.536644
GA341 score              :     1.000000



>> ENERGY; Differences between the model's features and restraints:
Number of all residues in MODEL                   :       80
Number of all, selected real atoms                :      631     631
Number of all, selected pseudo atoms              :        0       0
Number of all static, selected restraints         :     5530    5530
COVALENT_CYS                                      :        F
NONBONDED_SEL_ATOMS                               :        1
Number of non-bonded pairs (excluding 1-2,1-3,1-4):     1382
Dynamic pairs routine                             : 2, NATM x NATM cell sorting
Atomic shift for contacts update (UPDATE_DYNAMIC) :    0.390
LENNARD_JONES_SWITCH                              :    6.500   7.500
COULOMB_JONES_SWITCH                              :    6.500   7.500
RESIDUE_SPAN_RANGE                                :        0   99999
NLOGN_USE                                         :       15
CONTACT_SHELL                                     :    4.000
DYNAMIC_PAIRS,_SPHERE,_COULOMB,_LENNARD,_MODELLER :        T       T       F       F       F
SPHERE_STDV                                       :    0.050
RADII_FACTOR                                      :    0.820
Current energy                                    :         393.6165





Summary of the restraint violations: 

   NUM     ... number of restraints.
   NUMVI   ... number of restraints with RVIOL > VIOL_REPORT_CUT[i].
   RVIOL   ... relative difference from the best value.
   NUMVP   ... number of restraints with -Ln(pdf) > VIOL_REPORT_CUT2[i].
   RMS_1   ... RMS(feature, minimally_violated_basis_restraint, NUMB).
   RMS_2   ... RMS(feature, best_value, NUMB).
   MOL.PDF ... scaled contribution to -Ln(Molecular pdf).

 #                     RESTRAINT_GROUP      NUM   NUMVI  NUMVP   RMS_1   RMS_2         MOL.PDF     S_i
------------------------------------------------------------------------------------------------------
 1 Bond length potential              :     642       0      0   0.004   0.004      2.4698       1.000
 2 Bond angle potential               :     871       0      0   1.632   1.632      44.421       1.000
 3 Stereochemical cosine torsion poten:     410       0      8  45.559  45.559      134.20       1.000
 4 Stereochemical improper torsion pot:     264       0      0   1.086   1.086      6.2691       1.000
 5 Soft-sphere overlap restraints     :    1382       0      0   0.003   0.003      1.2421       1.000
 6 Lennard-Jones 6-12 potential       :       0       0      0   0.000   0.000      0.0000       1.000
 7 Coulomb point-point electrostatic p:       0       0      0   0.000   0.000      0.0000       1.000
 8 H-bonding potential                :       0       0      0   0.000   0.000      0.0000       1.000
 9 Distance restraints 1 (CA-CA)      :    1094       0      0   0.431   0.431      28.638       1.000
10 Distance restraints 2 (N-O)        :    1181       0      2   0.602   0.602      62.181       1.000
11 Mainchain Phi dihedral restraints  :       0       0      0   0.000   0.000      0.0000       1.000
12 Mainchain Psi dihedral restraints  :       0       0      0   0.000   0.000      0.0000       1.000
13 Mainchain Omega dihedral restraints:      79       0      0   3.514   3.514      11.504       1.000
14 Sidechain Chi_1 dihedral restraints:      73       0      0  77.207  77.207      16.700       1.000
15 Sidechain Chi_2 dihedral restraints:      53       0      0  73.189  73.189      17.831       1.000
16 Sidechain Chi_3 dihedral restraints:      20       0      0  80.039  80.039      13.941       1.000
17 Sidechain Chi_4 dihedral restraints:       8       0      0  87.967  87.967      4.3727       1.000
18 Disulfide distance restraints      :       0       0      0   0.000   0.000      0.0000       1.000
19 Disulfide angle restraints         :       0       0      0   0.000   0.000      0.0000       1.000
20 Disulfide dihedral angle restraints:       0       0      0   0.000   0.000      0.0000       1.000
21 Lower bound distance restraints    :       0       0      0   0.000   0.000      0.0000       1.000
22 Upper bound distance restraints    :       0       0      0   0.000   0.000      0.0000       1.000
23 Distance restraints 3 (SDCH-MNCH)  :     622       0      0   0.483   0.483      11.212       1.000
24 Sidechain Chi_5 dihedral restraints:       0       0      0   0.000   0.000      0.0000       1.000
25 Phi/Psi pair of dihedral restraints:      78      12      9  31.628  62.962      36.251       1.000
26 Distance restraints 4 (SDCH-SDCH)  :     135       0      0   0.462   0.462      2.3865       1.000
27 Distance restraints 5 (X-Y)        :       0       0      0   0.000   0.000      0.0000       1.000
28 NMR distance restraints 6 (X-Y)    :       0       0      0   0.000   0.000      0.0000       1.000
29 NMR distance restraints 7 (X-Y)    :       0       0      0   0.000   0.000      0.0000       1.000
30 Minimal distance restraints        :       0       0      0   0.000   0.000      0.0000       1.000
31 Non-bonded restraints              :       0       0      0   0.000   0.000      0.0000       1.000
32 Atomic accessibility restraints    :       0       0      0   0.000   0.000      0.0000       1.000
33 Atomic density restraints          :       0       0      0   0.000   0.000      0.0000       1.000
34 Absolute position restraints       :       0       0      0   0.000   0.000      0.0000       1.000
35 Dihedral angle difference restraint:       0       0      0   0.000   0.000      0.0000       1.000
36 GBSA implicit solvent potential    :       0       0      0   0.000   0.000      0.0000       1.000
37 EM density fitting potential       :       0       0      0   0.000   0.000      0.0000       1.000
38 SAXS restraints                    :       0       0      0   0.000   0.000      0.0000       1.000
39 Symmetry restraints                :       0       0      0   0.000   0.000      0.0000       1.000



# Heavy relative violation of each residue is written to: T0792.V99990001
# The profile is NOT normalized by the number of restraints.
# The profiles are smoothed over a window of residues:    1
# The sum of all numbers in the file:    8029.0625



List of the violated restraints:
   A restraint is violated when the relative difference
   from the best value (RVIOL) is larger than CUTOFF.

   ICSR   ... index of a restraint in the current set.
   RESNO  ... residue numbers of the first two atoms.
   ATM    ... IUPAC atom names of the first two atoms.
   FEAT   ... the value of the feature in the model.
   restr  ... the mean of the basis restraint with the smallest
              difference from the model (local minimum).
   viol   ... difference from the local minimum.
   rviol  ... relative difference from the local minimum.
   RESTR  ... the best value (global minimum).
   VIOL   ... difference from the best value.
   RVIOL  ... relative difference from the best value.


-------------------------------------------------------------------------------------------------

Feature 25                           : Phi/Psi pair of dihedral restraints     
List of the RVIOL violations larger than   :       6.5000

    #   ICSR  RESNO1/2 ATM1/2   INDATM1/2    FEAT   restr    viol   rviol   RESTR    VIOL   RVIOL
    1   2193   6S   7V C   N      48   50  -64.42  -62.40    2.39    0.30 -125.40 -174.13   10.40
    1          7V   7V N   CA     50   51  -41.12  -42.40                  143.30
    2   2194   7V   8R C   N      55   57  -77.98  -72.10   46.98    3.48  -63.00  131.25   18.76
    2          8R   8R N   CA     57   58 -171.49  141.90                  -41.10
    3   2195   8R   9E C   N      66   68  -57.49  -69.30   11.81    0.88  -63.60  177.66   23.36
    3          9E   9E N   CA     68   69  142.15  142.50                  -40.30
    4   2214  27Q  28N C   N     219  221 -139.33 -119.90   19.43    0.80  -63.20 -166.19   21.08
    4         28N  28N N   CA    221  222  137.13  137.00                  -41.10
    5   2215  28N  29G C   N     227  229  -65.77 -167.20  101.86    2.17   78.70  144.81    7.53
    5         29G  29G N   CA    229  230 -176.02  174.60                 -166.10
    6   2234  47F  48P C   N     375  377  -72.49  -64.50   30.36    2.70  -58.70  149.05   11.23
    6         48P  48P N   CA    377  378  117.91  147.20                  -30.50
    7   2235  48P  49L C   N     382  384 -146.31  -63.50   82.83   14.20  -63.50   82.83   14.20
    7         49L  49L N   CA    384  385  -39.29  -41.20                  -41.20
    8   2236  49L  50H C   N     390  392   61.72   56.30   16.69    1.20  -63.20  141.90   24.37
    8         50H  50H N   CA    392  393   25.02   40.80                  -42.30
    9   2237  50H  51D C   N     400  402 -148.83  -96.50   93.62    3.93  -63.30  154.09   24.45
    9         51D  51D N   CA    402  403 -168.17  114.20                  -40.00
   10   2241  54T  55D C   N     430  432  -68.67  -96.50   63.43    2.63  -63.30  148.90   18.71
   10         55D  55D N   CA    432  433  171.20  114.20                  -40.00
   11   2242  55D  56F C   N     438  440   78.50  -63.20  142.99   21.88  -63.20  142.99   21.88
   11         56F  56F N   CA    440  441  -63.44  -44.30                  -44.30
   12   2246  59T  60I C   N     472  474  -95.72 -120.60   45.89    1.89  -63.40  139.15   21.79
   12         60I  60I N   CA    474  475   91.74  130.30                  -43.60


report______> Distribution of short non-bonded contacts:


DISTANCE1:  0.00 2.10 2.20 2.30 2.40 2.50 2.60 2.70 2.80 2.90 3.00 3.10 3.20 3.30 3.40
DISTANCE2:  2.10 2.20 2.30 2.40 2.50 2.60 2.70 2.80 2.90 3.00 3.10 3.20 3.30 3.40 3.50
FREQUENCY:     0    0    0    0    0    7   15   42   68   69   62   72   93   98  107


<< end of ENERGY.
iupac_m_397W> Atoms were not swapped because of the uncertainty of how to handle the H atom.
iupac_m_397W> Atoms were not swapped because of the uncertainty of how to handle the H atom.
iupac_m_397W> Atoms were not swapped because of the uncertainty of how to handle the H atom.
>> Model assessment by DOPE potential
iatmcls_286W> MODEL atom not classified:  SER:OXT  SER


>> ENERGY; Differences between the model's features and restraints:
Number of all residues in MODEL                   :       80
Number of all, selected real atoms                :      631     631
Number of all, selected pseudo atoms              :        0       0
Number of all static, selected restraints         :     5530    5530
COVALENT_CYS                                      :        F
NONBONDED_SEL_ATOMS                               :        1
Number of non-bonded pairs (excluding 1-2,1-3,1-4):    89608
Dynamic pairs routine                             : 1, NATM x NATM double loop
Atomic shift for contacts update (UPDATE_DYNAMIC) :    0.390
LENNARD_JONES_SWITCH                              :    6.500   7.500
COULOMB_JONES_SWITCH                              :    6.500   7.500
RESIDUE_SPAN_RANGE                                :        1    9999
NLOGN_USE                                         :       15
CONTACT_SHELL                                     :   15.000
DYNAMIC_PAIRS,_SPHERE,_COULOMB,_LENNARD,_MODELLER :        T       F       F       F       T
SPHERE_STDV                                       :    0.050
RADII_FACTOR                                      :    0.820
Current energy                                    :       -7069.3691




<< end of ENERGY.
DOPE score               : -7069.369141
>> Model assessment by GA341 potential

Surface library          : C:\Program Files\Modeller9.17/modlib/surf5.de
Pair library             : C:\Program Files\Modeller9.17/modlib/pair9.de
Chain identifier         : _
% sequence identity      :    30.768999
Sequence length          :           80
Compactness              :     0.213436
Native energy (pair)     :   -58.259375
Native energy (surface)  :    -5.682408
Native energy (combined) :    -5.768609
Z score (pair)           :    -4.653573
Z score (surface)        :    -4.755337
Z score (combined)       :    -5.670814
GA341 score              :     0.999308



>> ENERGY; Differences between the model's features and restraints:
Number of all residues in MODEL                   :       80
Number of all, selected real atoms                :      631     631
Number of all, selected pseudo atoms              :        0       0
Number of all static, selected restraints         :     5530    5530
COVALENT_CYS                                      :        F
NONBONDED_SEL_ATOMS                               :        1
Number of non-bonded pairs (excluding 1-2,1-3,1-4):     1397
Dynamic pairs routine                             : 2, NATM x NATM cell sorting
Atomic shift for contacts update (UPDATE_DYNAMIC) :    0.390
LENNARD_JONES_SWITCH                              :    6.500   7.500
COULOMB_JONES_SWITCH                              :    6.500   7.500
RESIDUE_SPAN_RANGE                                :        0   99999
NLOGN_USE                                         :       15
CONTACT_SHELL                                     :    4.000
DYNAMIC_PAIRS,_SPHERE,_COULOMB,_LENNARD,_MODELLER :        T       T       F       F       F
SPHERE_STDV                                       :    0.050
RADII_FACTOR                                      :    0.820
Current energy                                    :         432.3058





Summary of the restraint violations: 

   NUM     ... number of restraints.
   NUMVI   ... number of restraints with RVIOL > VIOL_REPORT_CUT[i].
   RVIOL   ... relative difference from the best value.
   NUMVP   ... number of restraints with -Ln(pdf) > VIOL_REPORT_CUT2[i].
   RMS_1   ... RMS(feature, minimally_violated_basis_restraint, NUMB).
   RMS_2   ... RMS(feature, best_value, NUMB).
   MOL.PDF ... scaled contribution to -Ln(Molecular pdf).

 #                     RESTRAINT_GROUP      NUM   NUMVI  NUMVP   RMS_1   RMS_2         MOL.PDF     S_i
------------------------------------------------------------------------------------------------------
 1 Bond length potential              :     642       0      0   0.004   0.004      2.5373       1.000
 2 Bond angle potential               :     871       0      2   1.992   1.992      64.391       1.000
 3 Stereochemical cosine torsion poten:     410       0     11  47.079  47.079      138.97       1.000
 4 Stereochemical improper torsion pot:     264       0      0   1.131   1.131      6.8206       1.000
 5 Soft-sphere overlap restraints     :    1397       0      0   0.003   0.003      1.2184       1.000
 6 Lennard-Jones 6-12 potential       :       0       0      0   0.000   0.000      0.0000       1.000
 7 Coulomb point-point electrostatic p:       0       0      0   0.000   0.000      0.0000       1.000
 8 H-bonding potential                :       0       0      0   0.000   0.000      0.0000       1.000
 9 Distance restraints 1 (CA-CA)      :    1094       0      1   0.559   0.559      48.271       1.000
10 Distance restraints 2 (N-O)        :    1181       0      2   0.598   0.598      54.872       1.000
11 Mainchain Phi dihedral restraints  :       0       0      0   0.000   0.000      0.0000       1.000
12 Mainchain Psi dihedral restraints  :       0       0      0   0.000   0.000      0.0000       1.000
13 Mainchain Omega dihedral restraints:      79       0      1   4.470   4.470      18.612       1.000
14 Sidechain Chi_1 dihedral restraints:      73       0      0  84.748  84.748      19.966       1.000
15 Sidechain Chi_2 dihedral restraints:      53       0      0  84.991  84.991      22.479       1.000
16 Sidechain Chi_3 dihedral restraints:      20       0      0  78.640  78.640      11.119       1.000
17 Sidechain Chi_4 dihedral restraints:       8       0      0  87.427  87.427      5.1495       1.000
18 Disulfide distance restraints      :       0       0      0   0.000   0.000      0.0000       1.000
19 Disulfide angle restraints         :       0       0      0   0.000   0.000      0.0000       1.000
20 Disulfide dihedral angle restraints:       0       0      0   0.000   0.000      0.0000       1.000
21 Lower bound distance restraints    :       0       0      0   0.000   0.000      0.0000       1.000
22 Upper bound distance restraints    :       0       0      0   0.000   0.000      0.0000       1.000
23 Distance restraints 3 (SDCH-MNCH)  :     622       0      0   0.516   0.516      13.109       1.000
24 Sidechain Chi_5 dihedral restraints:       0       0      0   0.000   0.000      0.0000       1.000
25 Phi/Psi pair of dihedral restraints:      78      12      6  26.297  64.924     -1.0112       1.000
26 Distance restraints 4 (SDCH-SDCH)  :     135       0      2   1.259   1.259      25.803       1.000
27 Distance restraints 5 (X-Y)        :       0       0      0   0.000   0.000      0.0000       1.000
28 NMR distance restraints 6 (X-Y)    :       0       0      0   0.000   0.000      0.0000       1.000
29 NMR distance restraints 7 (X-Y)    :       0       0      0   0.000   0.000      0.0000       1.000
30 Minimal distance restraints        :       0       0      0   0.000   0.000      0.0000       1.000
31 Non-bonded restraints              :       0       0      0   0.000   0.000      0.0000       1.000
32 Atomic accessibility restraints    :       0       0      0   0.000   0.000      0.0000       1.000
33 Atomic density restraints          :       0       0      0   0.000   0.000      0.0000       1.000
34 Absolute position restraints       :       0       0      0   0.000   0.000      0.0000       1.000
35 Dihedral angle difference restraint:       0       0      0   0.000   0.000      0.0000       1.000
36 GBSA implicit solvent potential    :       0       0      0   0.000   0.000      0.0000       1.000
37 EM density fitting potential       :       0       0      0   0.000   0.000      0.0000       1.000
38 SAXS restraints                    :       0       0      0   0.000   0.000      0.0000       1.000
39 Symmetry restraints                :       0       0      0   0.000   0.000      0.0000       1.000



# Heavy relative violation of each residue is written to: T0792.V99990002
# The profile is NOT normalized by the number of restraints.
# The profiles are smoothed over a window of residues:    1
# The sum of all numbers in the file:    8741.7549



List of the violated restraints:
   A restraint is violated when the relative difference
   from the best value (RVIOL) is larger than CUTOFF.

   ICSR   ... index of a restraint in the current set.
   RESNO  ... residue numbers of the first two atoms.
   ATM    ... IUPAC atom names of the first two atoms.
   FEAT   ... the value of the feature in the model.
   restr  ... the mean of the basis restraint with the smallest
              difference from the model (local minimum).
   viol   ... difference from the local minimum.
   rviol  ... relative difference from the local minimum.
   RESTR  ... the best value (global minimum).
   VIOL   ... difference from the best value.
   RVIOL  ... relative difference from the best value.


-------------------------------------------------------------------------------------------------

Feature 25                           : Phi/Psi pair of dihedral restraints     
List of the RVIOL violations larger than   :       6.5000

    #   ICSR  RESNO1/2 ATM1/2   INDATM1/2    FEAT   restr    viol   rviol   RESTR    VIOL   RVIOL
    1   2189   2S   3N C   N      14   16  -64.67  -63.20    2.59    0.40 -119.90 -171.94    9.63
    1          3N   3N N   CA     16   17  -43.23  -41.10                  137.00
    2   2193   6S   7V C   N      48   50  -60.41  -62.40    8.68    1.00 -125.40  178.13   10.04
    2          7V   7V N   CA     50   51  -50.85  -42.40                  143.30
    3   2195   8R   9E C   N      66   68 -177.82 -117.80   67.83    1.98  -63.60 -170.42   31.40
    3          9E   9E N   CA     68   69  168.40  136.80                  -40.30
    4   2233  46P  47F C   N     364  366  -62.03  -63.20    2.53    0.43 -124.20 -174.62    9.94
    4         47F  47F N   CA    366  367  -42.06  -44.30                  143.30
    5   2234  47F  48P C   N     375  377  -37.46  -64.50   35.70    2.38  -58.70  155.85   14.63
    5         48P  48P N   CA    377  378  123.90  147.20                  -30.50
    6   2235  48P  49L C   N     382  384 -104.69 -108.50   89.81    4.81  -63.50   93.53   11.47
    6         49L  49L N   CA    384  385   42.77  132.50                  -41.20
    7   2236  49L  50H C   N     390  392   49.45   56.30    6.85    1.08  -63.20  139.90   23.92
    7         50H  50H N   CA    392  393   40.66   40.80                  -42.30
    8   2237  50H  51D C   N     400  402 -150.29  -96.50  104.64    4.40  -63.30  145.02   23.37
    8         51D  51D N   CA    402  403 -156.04  114.20                  -40.00
    9   2246  59T  60I C   N     472  474 -110.47 -120.60   18.92    0.78  -63.40  164.79   25.59
    9         60I  60I N   CA    474  475  114.32  130.30                  -43.60
   10   2247  60I  61P C   N     480  482  -68.56  -64.50   25.60    1.71  -58.70  157.34   13.81
   10         61P  61P N   CA    482  483  172.48  147.20                  -30.50
   11   2248  61P  62N C   N     487  489   68.23   55.90   28.05    1.34  -63.20  142.63   23.32
   11         62N  62N N   CA    489  490   14.31   39.50                  -41.10
   12   2264  77L  78K C   N     609  611 -147.68 -118.00   79.40    4.11  -62.90  135.94   16.00
   12         78K  78K N   CA    611  612   65.46  139.10                  -40.80


report______> Distribution of short non-bonded contacts:


DISTANCE1:  0.00 2.10 2.20 2.30 2.40 2.50 2.60 2.70 2.80 2.90 3.00 3.10 3.20 3.30 3.40
DISTANCE2:  2.10 2.20 2.30 2.40 2.50 2.60 2.70 2.80 2.90 3.00 3.10 3.20 3.30 3.40 3.50
FREQUENCY:     0    0    0    0    0    3   11   34   53   78   62   72  103  114  102


<< end of ENERGY.
iupac_m_397W> Atoms were not swapped because of the uncertainty of how to handle the H atom.
>> Model assessment by DOPE potential
iatmcls_286W> MODEL atom not classified:  SER:OXT  SER


>> ENERGY; Differences between the model's features and restraints:
Number of all residues in MODEL                   :       80
Number of all, selected real atoms                :      631     631
Number of all, selected pseudo atoms              :        0       0
Number of all static, selected restraints         :     5530    5530
COVALENT_CYS                                      :        F
NONBONDED_SEL_ATOMS                               :        1
Number of non-bonded pairs (excluding 1-2,1-3,1-4):    91727
Dynamic pairs routine                             : 1, NATM x NATM double loop
Atomic shift for contacts update (UPDATE_DYNAMIC) :    0.390
LENNARD_JONES_SWITCH                              :    6.500   7.500
COULOMB_JONES_SWITCH                              :    6.500   7.500
RESIDUE_SPAN_RANGE                                :        1    9999
NLOGN_USE                                         :       15
CONTACT_SHELL                                     :   15.000
DYNAMIC_PAIRS,_SPHERE,_COULOMB,_LENNARD,_MODELLER :        T       F       F       F       T
SPHERE_STDV                                       :    0.050
RADII_FACTOR                                      :    0.820
Current energy                                    :       -6780.0239




<< end of ENERGY.
DOPE score               : -6780.023926
>> Model assessment by GA341 potential

Surface library          : C:\Program Files\Modeller9.17/modlib/surf5.de
Pair library             : C:\Program Files\Modeller9.17/modlib/pair9.de
Chain identifier         : _
% sequence identity      :    30.768999
Sequence length          :           80
Compactness              :     0.278919
Native energy (pair)     :   -61.127622
Native energy (surface)  :    -3.898839
Native energy (combined) :    -5.079475
Z score (pair)           :    -4.428035
Z score (surface)        :    -4.238506
Z score (combined)       :    -5.323698
GA341 score              :     0.996938



>> ENERGY; Differences between the model's features and restraints:
Number of all residues in MODEL                   :       80
Number of all, selected real atoms                :      631     631
Number of all, selected pseudo atoms              :        0       0
Number of all static, selected restraints         :     5530    5530
COVALENT_CYS                                      :        F
NONBONDED_SEL_ATOMS                               :        1
Number of non-bonded pairs (excluding 1-2,1-3,1-4):     1481
Dynamic pairs routine                             : 2, NATM x NATM cell sorting
Atomic shift for contacts update (UPDATE_DYNAMIC) :    0.390
LENNARD_JONES_SWITCH                              :    6.500   7.500
COULOMB_JONES_SWITCH                              :    6.500   7.500
RESIDUE_SPAN_RANGE                                :        0   99999
NLOGN_USE                                         :       15
CONTACT_SHELL                                     :    4.000
DYNAMIC_PAIRS,_SPHERE,_COULOMB,_LENNARD,_MODELLER :        T       T       F       F       F
SPHERE_STDV                                       :    0.050
RADII_FACTOR                                      :    0.820
Current energy                                    :         407.5287





Summary of the restraint violations: 

   NUM     ... number of restraints.
   NUMVI   ... number of restraints with RVIOL > VIOL_REPORT_CUT[i].
   RVIOL   ... relative difference from the best value.
   NUMVP   ... number of restraints with -Ln(pdf) > VIOL_REPORT_CUT2[i].
   RMS_1   ... RMS(feature, minimally_violated_basis_restraint, NUMB).
   RMS_2   ... RMS(feature, best_value, NUMB).
   MOL.PDF ... scaled contribution to -Ln(Molecular pdf).

 #                     RESTRAINT_GROUP      NUM   NUMVI  NUMVP   RMS_1   RMS_2         MOL.PDF     S_i
------------------------------------------------------------------------------------------------------
 1 Bond length potential              :     642       0      0   0.004   0.004      2.1214       1.000
 2 Bond angle potential               :     871       0      0   1.715   1.715      49.150       1.000
 3 Stereochemical cosine torsion poten:     410       0      6  45.252  45.252      131.28       1.000
 4 Stereochemical improper torsion pot:     264       0      0   1.163   1.163      7.0964       1.000
 5 Soft-sphere overlap restraints     :    1481       0      0   0.002   0.002     0.82813       1.000
 6 Lennard-Jones 6-12 potential       :       0       0      0   0.000   0.000      0.0000       1.000
 7 Coulomb point-point electrostatic p:       0       0      0   0.000   0.000      0.0000       1.000
 8 H-bonding potential                :       0       0      0   0.000   0.000      0.0000       1.000
 9 Distance restraints 1 (CA-CA)      :    1094       0      0   0.530   0.530      36.371       1.000
10 Distance restraints 2 (N-O)        :    1181       0      0   0.663   0.663      50.458       1.000
11 Mainchain Phi dihedral restraints  :       0       0      0   0.000   0.000      0.0000       1.000
12 Mainchain Psi dihedral restraints  :       0       0      0   0.000   0.000      0.0000       1.000
13 Mainchain Omega dihedral restraints:      79       0      0   3.558   3.558      11.794       1.000
14 Sidechain Chi_1 dihedral restraints:      73       0      0  84.176  84.176      28.040       1.000
15 Sidechain Chi_2 dihedral restraints:      53       0      1  82.823  82.823      27.187       1.000
16 Sidechain Chi_3 dihedral restraints:      20       0      0  89.097  89.097      13.710       1.000
17 Sidechain Chi_4 dihedral restraints:       8       0      0  95.205  95.205      4.7012       1.000
18 Disulfide distance restraints      :       0       0      0   0.000   0.000      0.0000       1.000
19 Disulfide angle restraints         :       0       0      0   0.000   0.000      0.0000       1.000
20 Disulfide dihedral angle restraints:       0       0      0   0.000   0.000      0.0000       1.000
21 Lower bound distance restraints    :       0       0      0   0.000   0.000      0.0000       1.000
22 Upper bound distance restraints    :       0       0      0   0.000   0.000      0.0000       1.000
23 Distance restraints 3 (SDCH-MNCH)  :     622       0      0   0.506   0.506      15.881       1.000
24 Sidechain Chi_5 dihedral restraints:       0       0      0   0.000   0.000      0.0000       1.000
25 Phi/Psi pair of dihedral restraints:      78      12     10  30.494  62.871      16.362       1.000
26 Distance restraints 4 (SDCH-SDCH)  :     135       0      0   0.943   0.943      12.548       1.000
27 Distance restraints 5 (X-Y)        :       0       0      0   0.000   0.000      0.0000       1.000
28 NMR distance restraints 6 (X-Y)    :       0       0      0   0.000   0.000      0.0000       1.000
29 NMR distance restraints 7 (X-Y)    :       0       0      0   0.000   0.000      0.0000       1.000
30 Minimal distance restraints        :       0       0      0   0.000   0.000      0.0000       1.000
31 Non-bonded restraints              :       0       0      0   0.000   0.000      0.0000       1.000
32 Atomic accessibility restraints    :       0       0      0   0.000   0.000      0.0000       1.000
33 Atomic density restraints          :       0       0      0   0.000   0.000      0.0000       1.000
34 Absolute position restraints       :       0       0      0   0.000   0.000      0.0000       1.000
35 Dihedral angle difference restraint:       0       0      0   0.000   0.000      0.0000       1.000
36 GBSA implicit solvent potential    :       0       0      0   0.000   0.000      0.0000       1.000
37 EM density fitting potential       :       0       0      0   0.000   0.000      0.0000       1.000
38 SAXS restraints                    :       0       0      0   0.000   0.000      0.0000       1.000
39 Symmetry restraints                :       0       0      0   0.000   0.000      0.0000       1.000



# Heavy relative violation of each residue is written to: T0792.V99990003
# The profile is NOT normalized by the number of restraints.
# The profiles are smoothed over a window of residues:    1
# The sum of all numbers in the file:    8477.6816



List of the violated restraints:
   A restraint is violated when the relative difference
   from the best value (RVIOL) is larger than CUTOFF.

   ICSR   ... index of a restraint in the current set.
   RESNO  ... residue numbers of the first two atoms.
   ATM    ... IUPAC atom names of the first two atoms.
   FEAT   ... the value of the feature in the model.
   restr  ... the mean of the basis restraint with the smallest
              difference from the model (local minimum).
   viol   ... difference from the local minimum.
   rviol  ... relative difference from the local minimum.
   RESTR  ... the best value (global minimum).
   VIOL   ... difference from the best value.
   RVIOL  ... relative difference from the best value.


-------------------------------------------------------------------------------------------------

Feature 25                           : Phi/Psi pair of dihedral restraints     
List of the RVIOL violations larger than   :       6.5000

    #   ICSR  RESNO1/2 ATM1/2   INDATM1/2    FEAT   restr    viol   rviol   RESTR    VIOL   RVIOL
    1   2189   2S   3N C   N      14   16  -68.81  -63.20    5.70    0.90 -119.90 -173.78    7.19
    1          3N   3N N   CA     16   17  -42.08  -41.10                  137.00
    2   2190   3N   4Y C   N      22   24   69.05   55.90   89.57    7.26 -124.30  166.81   12.76
    2          4Y   4Y N   CA     24   25  128.10   39.50                  135.40
    3   2192   5I   6S C   N      42   44  -88.65  -72.40   72.25    4.81  -64.10  119.55    7.56
    3          6S   6S N   CA     44   45   82.00  152.40                  -35.00
    4   2194   7V   8R C   N      55   57  -72.37  -72.10   46.82    3.61  -63.00  136.50   17.83
    4          8R   8R N   CA     57   58   95.08  141.90                  -41.10
    5   2195   8R   9E C   N      66   68  -96.72 -117.80   21.13    0.74  -63.60  178.78   22.18
    5          9E   9E N   CA     68   69  135.39  136.80                  -40.30
    6   2197  10E  11Y C   N      84   86 -118.22  -63.50   68.14   12.91  -63.50   68.14   12.91
    6         11Y  11Y N   CA     86   87  -84.00  -43.40                  -43.40
    7   2214  27Q  28N C   N     219  221 -121.40 -119.90   14.03    0.67  -63.20  174.17   19.20
    7         28N  28N N   CA    221  222  123.05  137.00                  -41.10
    8   2215  28N  29G C   N     227  229  -67.37 -167.20  100.03    2.06   78.70  146.65    7.68
    8         29G  29G N   CA    229  230 -179.19  174.60                 -166.10
    9   2234  47F  48P C   N     375  377  -60.14  -64.50   10.74    0.63  -58.70  167.89   13.76
    9         48P  48P N   CA    377  378  137.38  147.20                  -30.50
   10   2235  48P  49L C   N     382  384 -124.74 -108.50   63.08    3.22  -63.50  139.50   23.16
   10         49L  49L N   CA    384  385 -166.54  132.50                  -41.20
   11   2236  49L  50H C   N     390  392 -157.09 -125.60  102.16    3.23  -63.20  124.47   21.10
   11         50H  50H N   CA    392  393 -124.01  138.80                  -42.30
   12   2246  59T  60I C   N     472  474  -93.51 -120.60   42.50    1.76  -63.40  144.33   22.70
   12         60I  60I N   CA    474  475   97.55  130.30                  -43.60


report______> Distribution of short non-bonded contacts:


DISTANCE1:  0.00 2.10 2.20 2.30 2.40 2.50 2.60 2.70 2.80 2.90 3.00 3.10 3.20 3.30 3.40
DISTANCE2:  2.10 2.20 2.30 2.40 2.50 2.60 2.70 2.80 2.90 3.00 3.10 3.20 3.30 3.40 3.50
FREQUENCY:     0    0    0    0    0    6   13   47   62   93   75   89  107  102  100


<< end of ENERGY.
iupac_m_397W> Atoms were not swapped because of the uncertainty of how to handle the H atom.
iupac_m_397W> Atoms were not swapped because of the uncertainty of how to handle the H atom.
iupac_m_397W> Atoms were not swapped because of the uncertainty of how to handle the H atom.
>> Model assessment by DOPE potential
iatmcls_286W> MODEL atom not classified:  SER:OXT  SER


>> ENERGY; Differences between the model's features and restraints:
Number of all residues in MODEL                   :       80
Number of all, selected real atoms                :      631     631
Number of all, selected pseudo atoms              :        0       0
Number of all static, selected restraints         :     5530    5530
COVALENT_CYS                                      :        F
NONBONDED_SEL_ATOMS                               :        1
Number of non-bonded pairs (excluding 1-2,1-3,1-4):    89454
Dynamic pairs routine                             : 1, NATM x NATM double loop
Atomic shift for contacts update (UPDATE_DYNAMIC) :    0.390
LENNARD_JONES_SWITCH                              :    6.500   7.500
COULOMB_JONES_SWITCH                              :    6.500   7.500
RESIDUE_SPAN_RANGE                                :        1    9999
NLOGN_USE                                         :       15
CONTACT_SHELL                                     :   15.000
DYNAMIC_PAIRS,_SPHERE,_COULOMB,_LENNARD,_MODELLER :        T       F       F       F       T
SPHERE_STDV                                       :    0.050
RADII_FACTOR                                      :    0.820
Current energy                                    :       -7164.9614




<< end of ENERGY.
DOPE score               : -7164.961426
>> Model assessment by GA341 potential

Surface library          : C:\Program Files\Modeller9.17/modlib/surf5.de
Pair library             : C:\Program Files\Modeller9.17/modlib/pair9.de
Chain identifier         : _
% sequence identity      :    30.768999
Sequence length          :           80
Compactness              :     0.230878
Native energy (pair)     :   -63.780304
Native energy (surface)  :    -4.412786
Native energy (combined) :    -5.465746
Z score (pair)           :    -4.678814
Z score (surface)        :    -4.399751
Z score (combined)       :    -5.537523
GA341 score              :     0.998614



>> ENERGY; Differences between the model's features and restraints:
Number of all residues in MODEL                   :       80
Number of all, selected real atoms                :      631     631
Number of all, selected pseudo atoms              :        0       0
Number of all static, selected restraints         :     5530    5530
COVALENT_CYS                                      :        F
NONBONDED_SEL_ATOMS                               :        1
Number of non-bonded pairs (excluding 1-2,1-3,1-4):     1392
Dynamic pairs routine                             : 2, NATM x NATM cell sorting
Atomic shift for contacts update (UPDATE_DYNAMIC) :    0.390
LENNARD_JONES_SWITCH                              :    6.500   7.500
COULOMB_JONES_SWITCH                              :    6.500   7.500
RESIDUE_SPAN_RANGE                                :        0   99999
NLOGN_USE                                         :       15
CONTACT_SHELL                                     :    4.000
DYNAMIC_PAIRS,_SPHERE,_COULOMB,_LENNARD,_MODELLER :        T       T       F       F       F
SPHERE_STDV                                       :    0.050
RADII_FACTOR                                      :    0.820
Current energy                                    :         384.9236





Summary of the restraint violations: 

   NUM     ... number of restraints.
   NUMVI   ... number of restraints with RVIOL > VIOL_REPORT_CUT[i].
   RVIOL   ... relative difference from the best value.
   NUMVP   ... number of restraints with -Ln(pdf) > VIOL_REPORT_CUT2[i].
   RMS_1   ... RMS(feature, minimally_violated_basis_restraint, NUMB).
   RMS_2   ... RMS(feature, best_value, NUMB).
   MOL.PDF ... scaled contribution to -Ln(Molecular pdf).

 #                     RESTRAINT_GROUP      NUM   NUMVI  NUMVP   RMS_1   RMS_2         MOL.PDF     S_i
------------------------------------------------------------------------------------------------------
 1 Bond length potential              :     642       0      0   0.004   0.004      2.1624       1.000
 2 Bond angle potential               :     871       0      0   1.722   1.722      48.697       1.000
 3 Stereochemical cosine torsion poten:     410       0      7  45.315  45.315      128.51       1.000
 4 Stereochemical improper torsion pot:     264       0      0   1.154   1.154      6.7374       1.000
 5 Soft-sphere overlap restraints     :    1392       0      0   0.002   0.002     0.62552       1.000
 6 Lennard-Jones 6-12 potential       :       0       0      0   0.000   0.000      0.0000       1.000
 7 Coulomb point-point electrostatic p:       0       0      0   0.000   0.000      0.0000       1.000
 8 H-bonding potential                :       0       0      0   0.000   0.000      0.0000       1.000
 9 Distance restraints 1 (CA-CA)      :    1094       0      0   0.549   0.549      38.045       1.000
10 Distance restraints 2 (N-O)        :    1181       0      0   0.646   0.646      47.155       1.000
11 Mainchain Phi dihedral restraints  :       0       0      0   0.000   0.000      0.0000       1.000
12 Mainchain Psi dihedral restraints  :       0       0      0   0.000   0.000      0.0000       1.000
13 Mainchain Omega dihedral restraints:      79       0      0   3.382   3.382      10.658       1.000
14 Sidechain Chi_1 dihedral restraints:      73       0      2  83.877  83.877      26.796       1.000
15 Sidechain Chi_2 dihedral restraints:      53       0      0  84.768  84.768      21.812       1.000
16 Sidechain Chi_3 dihedral restraints:      20       0      0  72.903  72.903      15.725       1.000
17 Sidechain Chi_4 dihedral restraints:       8       0      0 129.997 129.997      7.4969       1.000
18 Disulfide distance restraints      :       0       0      0   0.000   0.000      0.0000       1.000
19 Disulfide angle restraints         :       0       0      0   0.000   0.000      0.0000       1.000
20 Disulfide dihedral angle restraints:       0       0      0   0.000   0.000      0.0000       1.000
21 Lower bound distance restraints    :       0       0      0   0.000   0.000      0.0000       1.000
22 Upper bound distance restraints    :       0       0      0   0.000   0.000      0.0000       1.000
23 Distance restraints 3 (SDCH-MNCH)  :     622       0      0   0.498   0.498      13.602       1.000
24 Sidechain Chi_5 dihedral restraints:       0       0      0   0.000   0.000      0.0000       1.000
25 Phi/Psi pair of dihedral restraints:      78       8      6  24.167  53.151      2.1426       1.000
26 Distance restraints 4 (SDCH-SDCH)  :     135       0      0   0.996   0.996      14.756       1.000
27 Distance restraints 5 (X-Y)        :       0       0      0   0.000   0.000      0.0000       1.000
28 NMR distance restraints 6 (X-Y)    :       0       0      0   0.000   0.000      0.0000       1.000
29 NMR distance restraints 7 (X-Y)    :       0       0      0   0.000   0.000      0.0000       1.000
30 Minimal distance restraints        :       0       0      0   0.000   0.000      0.0000       1.000
31 Non-bonded restraints              :       0       0      0   0.000   0.000      0.0000       1.000
32 Atomic accessibility restraints    :       0       0      0   0.000   0.000      0.0000       1.000
33 Atomic density restraints          :       0       0      0   0.000   0.000      0.0000       1.000
34 Absolute position restraints       :       0       0      0   0.000   0.000      0.0000       1.000
35 Dihedral angle difference restraint:       0       0      0   0.000   0.000      0.0000       1.000
36 GBSA implicit solvent potential    :       0       0      0   0.000   0.000      0.0000       1.000
37 EM density fitting potential       :       0       0      0   0.000   0.000      0.0000       1.000
38 SAXS restraints                    :       0       0      0   0.000   0.000      0.0000       1.000
39 Symmetry restraints                :       0       0      0   0.000   0.000      0.0000       1.000



# Heavy relative violation of each residue is written to: T0792.V99990004
# The profile is NOT normalized by the number of restraints.
# The profiles are smoothed over a window of residues:    1
# The sum of all numbers in the file:    8276.4590



List of the violated restraints:
   A restraint is violated when the relative difference
   from the best value (RVIOL) is larger than CUTOFF.

   ICSR   ... index of a restraint in the current set.
   RESNO  ... residue numbers of the first two atoms.
   ATM    ... IUPAC atom names of the first two atoms.
   FEAT   ... the value of the feature in the model.
   restr  ... the mean of the basis restraint with the smallest
              difference from the model (local minimum).
   viol   ... difference from the local minimum.
   rviol  ... relative difference from the local minimum.
   RESTR  ... the best value (global minimum).
   VIOL   ... difference from the best value.
   RVIOL  ... relative difference from the best value.


-------------------------------------------------------------------------------------------------

Feature 25                           : Phi/Psi pair of dihedral restraints     
List of the RVIOL violations larger than   :       6.5000

    #   ICSR  RESNO1/2 ATM1/2   INDATM1/2    FEAT   restr    viol   rviol   RESTR    VIOL   RVIOL
    1   2192   5I   6S C   N      42   44 -114.89 -136.60   23.25    0.74  -64.10 -175.01   11.44
    1          6S   6S N   CA     44   45  142.88  151.20                  -35.00
    2   2195   8R   9E C   N      66   68  -76.76  -69.30    7.98    0.50  -63.60  174.87   24.04
    2          9E   9E N   CA     68   69  145.33  142.50                  -40.30
    3   2235  48P  49L C   N     382  384  -59.24  -70.70   40.51    2.68  -63.50  144.01   20.24
    3         49L  49L N   CA    384  385  102.75  141.60                  -41.20
    4   2237  50H  51D C   N     400  402  -74.72  -96.50   87.73    3.66  -63.30  121.35   15.69
    4         51D  51D N   CA    402  403 -160.81  114.20                  -40.00
    5   2246  59T  60I C   N     472  474  -83.76 -120.60   50.85    2.20  -63.40  140.34   22.33
    5         60I  60I N   CA    474  475   95.25  130.30                  -43.60
    6   2247  60I  61P C   N     480  482  -60.49  -64.50   13.52    1.23  -58.70  169.40   14.14
    6         61P  61P N   CA    482  483  160.11  147.20                  -30.50
    7   2248  61P  62N C   N     487  489   71.46   55.90   32.71    1.57  -63.20  144.28   23.52
    7         62N  62N N   CA    489  490   10.73   39.50                  -41.10
    8   2264  77L  78K C   N     609  611 -130.61  -62.90   87.98   15.17  -62.90   87.98   15.17
    8         78K  78K N   CA    611  612  -96.98  -40.80                  -40.80


report______> Distribution of short non-bonded contacts:


DISTANCE1:  0.00 2.10 2.20 2.30 2.40 2.50 2.60 2.70 2.80 2.90 3.00 3.10 3.20 3.30 3.40
DISTANCE2:  2.10 2.20 2.30 2.40 2.50 2.60 2.70 2.80 2.90 3.00 3.10 3.20 3.30 3.40 3.50
FREQUENCY:     0    0    0    0    0    3    8   32   56   76   76   92  103   99   89


<< end of ENERGY.
iupac_m_397W> Atoms were not swapped because of the uncertainty of how to handle the H atom.
>> Model assessment by DOPE potential
iatmcls_286W> MODEL atom not classified:  SER:OXT  SER


>> ENERGY; Differences between the model's features and restraints:
Number of all residues in MODEL                   :       80
Number of all, selected real atoms                :      631     631
Number of all, selected pseudo atoms              :        0       0
Number of all static, selected restraints         :     5530    5530
COVALENT_CYS                                      :        F
NONBONDED_SEL_ATOMS                               :        1
Number of non-bonded pairs (excluding 1-2,1-3,1-4):    89903
Dynamic pairs routine                             : 1, NATM x NATM double loop
Atomic shift for contacts update (UPDATE_DYNAMIC) :    0.390
LENNARD_JONES_SWITCH                              :    6.500   7.500
COULOMB_JONES_SWITCH                              :    6.500   7.500
RESIDUE_SPAN_RANGE                                :        1    9999
NLOGN_USE                                         :       15
CONTACT_SHELL                                     :   15.000
DYNAMIC_PAIRS,_SPHERE,_COULOMB,_LENNARD,_MODELLER :        T       F       F       F       T
SPHERE_STDV                                       :    0.050
RADII_FACTOR                                      :    0.820
Current energy                                    :       -7109.6592




<< end of ENERGY.
DOPE score               : -7109.659180
>> Model assessment by GA341 potential

Surface library          : C:\Program Files\Modeller9.17/modlib/surf5.de
Pair library             : C:\Program Files\Modeller9.17/modlib/pair9.de
Chain identifier         : _
% sequence identity      :    30.768999
Sequence length          :           80
Compactness              :     0.250386
Native energy (pair)     :   -62.681408
Native energy (surface)  :    -4.122177
Native energy (combined) :    -5.221605
Z score (pair)           :    -4.941094
Z score (surface)        :    -4.054219
Z score (combined)       :    -5.718194
GA341 score              :     0.999717



>> ENERGY; Differences between the model's features and restraints:
Number of all residues in MODEL                   :       80
Number of all, selected real atoms                :      631     631
Number of all, selected pseudo atoms              :        0       0
Number of all static, selected restraints         :     5530    5530
COVALENT_CYS                                      :        F
NONBONDED_SEL_ATOMS                               :        1
Number of non-bonded pairs (excluding 1-2,1-3,1-4):     1376
Dynamic pairs routine                             : 2, NATM x NATM cell sorting
Atomic shift for contacts update (UPDATE_DYNAMIC) :    0.390
LENNARD_JONES_SWITCH                              :    6.500   7.500
COULOMB_JONES_SWITCH                              :    6.500   7.500
RESIDUE_SPAN_RANGE                                :        0   99999
NLOGN_USE                                         :       15
CONTACT_SHELL                                     :    4.000
DYNAMIC_PAIRS,_SPHERE,_COULOMB,_LENNARD,_MODELLER :        T       T       F       F       F
SPHERE_STDV                                       :    0.050
RADII_FACTOR                                      :    0.820
Current energy                                    :         388.9069





Summary of the restraint violations: 

   NUM     ... number of restraints.
   NUMVI   ... number of restraints with RVIOL > VIOL_REPORT_CUT[i].
   RVIOL   ... relative difference from the best value.
   NUMVP   ... number of restraints with -Ln(pdf) > VIOL_REPORT_CUT2[i].
   RMS_1   ... RMS(feature, minimally_violated_basis_restraint, NUMB).
   RMS_2   ... RMS(feature, best_value, NUMB).
   MOL.PDF ... scaled contribution to -Ln(Molecular pdf).

 #                     RESTRAINT_GROUP      NUM   NUMVI  NUMVP   RMS_1   RMS_2         MOL.PDF     S_i
------------------------------------------------------------------------------------------------------
 1 Bond length potential              :     642       0      0   0.003   0.003      1.9004       1.000
 2 Bond angle potential               :     871       0      0   1.652   1.652      45.759       1.000
 3 Stereochemical cosine torsion poten:     410       0      8  45.347  45.347      133.10       1.000
 4 Stereochemical improper torsion pot:     264       0      0   0.928   0.928      4.6932       1.000
 5 Soft-sphere overlap restraints     :    1376       0      0   0.002   0.002     0.39790       1.000
 6 Lennard-Jones 6-12 potential       :       0       0      0   0.000   0.000      0.0000       1.000
 7 Coulomb point-point electrostatic p:       0       0      0   0.000   0.000      0.0000       1.000
 8 H-bonding potential                :       0       0      0   0.000   0.000      0.0000       1.000
 9 Distance restraints 1 (CA-CA)      :    1094       0      0   0.489   0.489      33.581       1.000
10 Distance restraints 2 (N-O)        :    1181       0      0   0.644   0.644      51.746       1.000
11 Mainchain Phi dihedral restraints  :       0       0      0   0.000   0.000      0.0000       1.000
12 Mainchain Psi dihedral restraints  :       0       0      0   0.000   0.000      0.0000       1.000
13 Mainchain Omega dihedral restraints:      79       0      0   3.712   3.712      12.835       1.000
14 Sidechain Chi_1 dihedral restraints:      73       0      1  82.589  82.589      29.769       1.000
15 Sidechain Chi_2 dihedral restraints:      53       0      0  81.002  81.002      25.447       1.000
16 Sidechain Chi_3 dihedral restraints:      20       0      0  80.321  80.321      15.867       1.000
17 Sidechain Chi_4 dihedral restraints:       8       0      0 117.814 117.814      5.7825       1.000
18 Disulfide distance restraints      :       0       0      0   0.000   0.000      0.0000       1.000
19 Disulfide angle restraints         :       0       0      0   0.000   0.000      0.0000       1.000
20 Disulfide dihedral angle restraints:       0       0      0   0.000   0.000      0.0000       1.000
21 Lower bound distance restraints    :       0       0      0   0.000   0.000      0.0000       1.000
22 Upper bound distance restraints    :       0       0      0   0.000   0.000      0.0000       1.000
23 Distance restraints 3 (SDCH-MNCH)  :     622       0      0   0.466   0.466      10.418       1.000
24 Sidechain Chi_5 dihedral restraints:       0       0      0   0.000   0.000      0.0000       1.000
25 Phi/Psi pair of dihedral restraints:      78      10      8  29.391  60.710      5.6041       1.000
26 Distance restraints 4 (SDCH-SDCH)  :     135       0      0   0.928   0.928      12.004       1.000
27 Distance restraints 5 (X-Y)        :       0       0      0   0.000   0.000      0.0000       1.000
28 NMR distance restraints 6 (X-Y)    :       0       0      0   0.000   0.000      0.0000       1.000
29 NMR distance restraints 7 (X-Y)    :       0       0      0   0.000   0.000      0.0000       1.000
30 Minimal distance restraints        :       0       0      0   0.000   0.000      0.0000       1.000
31 Non-bonded restraints              :       0       0      0   0.000   0.000      0.0000       1.000
32 Atomic accessibility restraints    :       0       0      0   0.000   0.000      0.0000       1.000
33 Atomic density restraints          :       0       0      0   0.000   0.000      0.0000       1.000
34 Absolute position restraints       :       0       0      0   0.000   0.000      0.0000       1.000
35 Dihedral angle difference restraint:       0       0      0   0.000   0.000      0.0000       1.000
36 GBSA implicit solvent potential    :       0       0      0   0.000   0.000      0.0000       1.000
37 EM density fitting potential       :       0       0      0   0.000   0.000      0.0000       1.000
38 SAXS restraints                    :       0       0      0   0.000   0.000      0.0000       1.000
39 Symmetry restraints                :       0       0      0   0.000   0.000      0.0000       1.000



# Heavy relative violation of each residue is written to: T0792.V99990005
# The profile is NOT normalized by the number of restraints.
# The profiles are smoothed over a window of residues:    1
# The sum of all numbers in the file:    8315.6592



List of the violated restraints:
   A restraint is violated when the relative difference
   from the best value (RVIOL) is larger than CUTOFF.

   ICSR   ... index of a restraint in the current set.
   RESNO  ... residue numbers of the first two atoms.
   ATM    ... IUPAC atom names of the first two atoms.
   FEAT   ... the value of the feature in the model.
   restr  ... the mean of the basis restraint with the smallest
              difference from the model (local minimum).
   viol   ... difference from the local minimum.
   rviol  ... relative difference from the local minimum.
   RESTR  ... the best value (global minimum).
   VIOL   ... difference from the best value.
   RVIOL  ... relative difference from the best value.


-------------------------------------------------------------------------------------------------

Feature 25                           : Phi/Psi pair of dihedral restraints     
List of the RVIOL violations larger than   :       6.5000

    #   ICSR  RESNO1/2 ATM1/2   INDATM1/2    FEAT   restr    viol   rviol   RESTR    VIOL   RVIOL
    1   2192   5I   6S C   N      42   44  -64.13  -72.40   25.58    1.25  -64.10  163.20   11.82
    1          6S   6S N   CA     44   45  128.20  152.40                  -35.00
    2   2194   7V   8R C   N      55   57  -58.01  -72.10   22.23    1.45  -63.00  165.88   22.74
    2          8R   8R N   CA     57   58  124.70  141.90                  -41.10
    3   2195   8R   9E C   N      66   68   60.76  -69.30  132.64    9.10  -63.60 -159.93   33.29
    3          9E   9E N   CA     68   69  116.42  142.50                  -40.30
    4   2214  27Q  28N C   N     219  221 -109.77 -119.90   19.27    0.62  -63.20  168.28   18.86
    4         28N  28N N   CA    221  222  120.61  137.00                  -41.10
    5   2215  28N  29G C   N     227  229  -63.15 -167.20  104.62    2.27   78.70  142.10    7.36
    5         29G  29G N   CA    229  230 -174.53  174.60                 -166.10
    6   2235  48P  49L C   N     382  384  -49.67  -70.70   22.73    2.27  -63.50  169.13   22.73
    6         49L  49L N   CA    384  385  150.24  141.60                  -41.20
    7   2236  49L  50H C   N     390  392 -103.56  -63.20   76.38   12.14  -63.20   76.38   12.14
    7         50H  50H N   CA    392  393 -107.14  -42.30                  -42.30
    8   2246  59T  60I C   N     472  474 -104.42 -120.60   38.15    1.64  -63.40  145.27   22.57
    8         60I  60I N   CA    474  475   95.76  130.30                  -43.60
    9   2247  60I  61P C   N     480  482  -67.37  -64.50   27.78    1.93  -58.70  154.91   13.51
    9         61P  61P N   CA    482  483  174.83  147.20                  -30.50
   10   2248  61P  62N C   N     487  489   74.01   55.90   36.99    1.78  -63.20  145.48   23.65
   10         62N  62N N   CA    489  490    7.25   39.50                  -41.10


report______> Distribution of short non-bonded contacts:


DISTANCE1:  0.00 2.10 2.20 2.30 2.40 2.50 2.60 2.70 2.80 2.90 3.00 3.10 3.20 3.30 3.40
DISTANCE2:  2.10 2.20 2.30 2.40 2.50 2.60 2.70 2.80 2.90 3.00 3.10 3.20 3.30 3.40 3.50
FREQUENCY:     0    0    0    0    0    7    8   46   46   70   57   93   95   94  108


<< end of ENERGY.

>> Summary of successfully produced models:
Filename                          molpdf     DOPE score    GA341 score
----------------------------------------------------------------------
T0792.B99990001.pdb            393.61655    -7028.26563        1.00000
T0792.B99990002.pdb            432.30579    -7069.36914        0.99931
T0792.B99990003.pdb            407.52872    -6780.02393        0.99694
T0792.B99990004.pdb            384.92361    -7164.96143        0.99861
T0792.B99990005.pdb            388.90686    -7109.65918        0.99972

Total CPU time [seconds]                                 :      72.01
