
                         MODELLER 9.17, 2016/07/02, r10881

     PROTEIN STRUCTURE MODELLING BY SATISFACTION OF SPATIAL RESTRAINTS


                     Copyright(c) 1989-2016 Andrej Sali
                            All Rights Reserved

                             Written by A. Sali
                               with help from
              B. Webb, M.S. Madhusudhan, M-Y. Shen, G.Q. Dong,
          M.A. Marti-Renom, N. Eswar, F. Alber, M. Topf, B. Oliva,
             A. Fiser, R. Sanchez, B. Yerkovich, A. Badretdinov,
                     F. Melo, J.P. Overington, E. Feyfant
                 University of California, San Francisco, USA
                    Rockefeller University, New York, USA
                      Harvard University, Cambridge, USA
                   Imperial Cancer Research Fund, London, UK
              Birkbeck College, University of London, London, UK


Kind, OS, HostName, Kernel, Processor: 4, Windows Vista build 7601 Service Pack 1, SAI-PC, SMP, unknown
Date and time of compilation         : 2016/07/01 22:06:57
MODELLER executable type             : x86_64-w64
Job starting time (YY/MM/DD HH:MM:SS): 2016/11/18 01:41:32

openf___224_> Open           $(LIB)/restyp.lib
openf___224_> Open           ${MODINSTALL9v17}/modlib/resgrp.lib
rdresgr_266_> Number of residue groups:        2
openf___224_> Open           ${MODINSTALL9v17}/modlib/sstruc.lib

Dynamically allocated memory at   amaxlibraries [B,KiB,MiB]:       191566     187.076     0.183

Dynamically allocated memory at   amaxlibraries [B,KiB,MiB]:       192094     187.592     0.183
openf___224_> Open           ${MODINSTALL9v17}/modlib/resdih.lib

Dynamically allocated memory at   amaxlibraries [B,KiB,MiB]:       240694     235.053     0.230
rdrdih__263_> Number of dihedral angle types         :        9
              Maximal number of dihedral angle optima:        3
              Dihedral angle names                   :  Alph Phi Psi Omeg chi1 chi2 chi3 chi4 chi5
openf___224_> Open           ${MODINSTALL9v17}/modlib/radii.lib

Dynamically allocated memory at   amaxlibraries [B,KiB,MiB]:       253994     248.041     0.242
openf___224_> Open           ${MODINSTALL9v17}/modlib/radii14.lib
openf___224_> Open           ${MODINSTALL9v17}/modlib/af_mnchdef.lib
rdwilmo_274_> Mainchain residue conformation classes:  APBLE
openf___224_> Open           ${MODINSTALL9v17}/modlib/mnch.lib
rdclass_257_> Number of classes:        5
openf___224_> Open           ${MODINSTALL9v17}/modlib/mnch1.lib
openf___224_> Open           ${MODINSTALL9v17}/modlib/mnch2.lib
openf___224_> Open           ${MODINSTALL9v17}/modlib/mnch3.lib
openf___224_> Open           ${MODINSTALL9v17}/modlib/xs4.mat
rdrrwgh_268_> Number of residue types:       21
openf___224_> Open           $(LIB)/top_heav.lib
read_to_681_> topology.submodel read from topology file:        3
openf___224_> Open           $(LIB)/par.lib

Dynamically allocated memory at  amaxparameters [B,KiB,MiB]:       393430     384.209     0.375

Dynamically allocated memory at  amaxparameters [B,KiB,MiB]:       395030     385.771     0.377

Dynamically allocated memory at  amaxparameters [B,KiB,MiB]:       399010     389.658     0.381

Dynamically allocated memory at  amaxparameters [B,KiB,MiB]:       401010     391.611     0.382

Dynamically allocated memory at  amaxparameters [B,KiB,MiB]:       404010     394.541     0.385

Dynamically allocated memory at  amaxparameters [B,KiB,MiB]:       408510     398.936     0.390

Dynamically allocated memory at  amaxparameters [B,KiB,MiB]:       414082     404.377     0.395

Dynamically allocated memory at  amaxparameters [B,KiB,MiB]:       416882     407.111     0.398

Dynamically allocated memory at  amaxparameters [B,KiB,MiB]:       421082     411.213     0.402

Dynamically allocated memory at  amaxparameters [B,KiB,MiB]:       427382     417.365     0.408

Dynamically allocated memory at  amaxparameters [B,KiB,MiB]:       430154     420.072     0.410

Dynamically allocated memory at  amaxparameters [B,KiB,MiB]:       431554     421.439     0.412
read_pa_232_> parameters    BONDS   ANGLS  DIHEDS IMPROPS    MODE
                              227     561     661     112       0
openf___224_> Open           qseq1.B99990003.pdb

Dynamically allocated memory at amaxcoordinates [B,KiB,MiB]:       442527     432.155     0.422

Dynamically allocated memory at    amaxsequence [B,KiB,MiB]:       442603     432.229     0.422

Dynamically allocated memory at amaxcoordinates [B,KiB,MiB]:       442774     432.396     0.422

Dynamically allocated memory at amaxcoordinates [B,KiB,MiB]:       443624     433.227     0.423

Dynamically allocated memory at amaxcoordinates [B,KiB,MiB]:       444882     434.455     0.424

Dynamically allocated memory at amaxcoordinates [B,KiB,MiB]:       446786     436.314     0.426

Dynamically allocated memory at    amaxsequence [B,KiB,MiB]:       446826     436.354     0.426

Dynamically allocated memory at amaxcoordinates [B,KiB,MiB]:       446916     436.441     0.426

Dynamically allocated memory at amaxcoordinates [B,KiB,MiB]:       449772     439.230     0.429

Dynamically allocated memory at    amaxsequence [B,KiB,MiB]:       449832     439.289     0.429

Dynamically allocated memory at amaxcoordinates [B,KiB,MiB]:       449967     439.421     0.429

Dynamically allocated memory at amaxcoordinates [B,KiB,MiB]:       454251     443.604     0.433

Dynamically allocated memory at    amaxsequence [B,KiB,MiB]:       454339     443.690     0.433

Dynamically allocated memory at amaxcoordinates [B,KiB,MiB]:       454537     443.884     0.433

Dynamically allocated memory at amaxcoordinates [B,KiB,MiB]:       460963     450.159     0.440

Dynamically allocated memory at    amaxsequence [B,KiB,MiB]:       461095     450.288     0.440

Dynamically allocated memory at amaxcoordinates [B,KiB,MiB]:       461392     450.578     0.440

Dynamically allocated memory at amaxcoordinates [B,KiB,MiB]:       471014     459.975     0.449

Dynamically allocated memory at    amaxsequence [B,KiB,MiB]:       471214     460.170     0.449

Dynamically allocated memory at amaxcoordinates [B,KiB,MiB]:       471664     460.609     0.450

Dynamically allocated memory at amaxcoordinates [B,KiB,MiB]:       486114     474.721     0.464

Dynamically allocated memory at    amaxsequence [B,KiB,MiB]:       486414     475.014     0.464

Dynamically allocated memory at amaxcoordinates [B,KiB,MiB]:       487089     475.673     0.465

Dynamically allocated memory at amaxcoordinates [B,KiB,MiB]:       508747     496.823     0.485

Dynamically allocated memory at    amaxsequence [B,KiB,MiB]:       509195     497.261     0.486

Dynamically allocated memory at amaxcoordinates [B,KiB,MiB]:       510203     498.245     0.487

Dynamically allocated memory at amaxcoordinates [B,KiB,MiB]:       542707     529.987     0.518

Dynamically allocated memory at    amaxsequence [B,KiB,MiB]:       543379     530.644     0.518

Dynamically allocated memory at amaxcoordinates [B,KiB,MiB]:       544891     532.120     0.520

Dynamically allocated memory at amaxcoordinates [B,KiB,MiB]:       593647     579.733     0.566

Dynamically allocated memory at       amaxmodel [B,KiB,MiB]:       941487     919.421     0.898
read_mo_297_> Segments, residues, atoms:        1      369     2885
read_mo_298_> Segment:        1     1   369     2885

Dynamically allocated memory at   amaxalignment [B,KiB,MiB]:       952740     930.410     0.909

Dynamically allocated memory at   amaxstructure [B,KiB,MiB]:      1166339    1139.003     1.112

Dynamically allocated memory at   amaxalignment [B,KiB,MiB]:      1169836    1142.418     1.116

Dynamically allocated memory at   amaxstructure [B,KiB,MiB]:      1383435    1351.011     1.319

Dynamically allocated memory at       amaxmodel [B,KiB,MiB]:      1426531    1393.097     1.360

mkilst______> segment topology constructed from sequence and RTF:
              segments residues atoms bonds angles dihedrals impropers:
                     1      369  2884  2951      0         0      1218

Dynamically allocated memory at       amaxmodel [B,KiB,MiB]:      1550143    1513.812     1.478

patch_______> segment topology patched using RTF:     1  ;  ALA  ;  NTER
              segments residues atoms bonds angles dihedrals impropers:
                     1      369  2884  2951   4014      4717      1218


Dynamically allocated memory at       amaxmodel [B,KiB,MiB]:      1682719    1643.280     1.605
patch_______> segment topology patched using RTF:   369  ;  TRP  ;  CTER
              segments residues atoms bonds angles dihedrals impropers:
                     1      369  2885  2952   4016      4719      1219

genseg______> segment topology constructed from sequence and RTF:
              segments residues atoms bonds angles dihedrals impropers:
                     1      369  2885  2952   4016      4719      1219
transfe_506_> MODEL is an average of all templates.
transfe_511_> Number of templates for coordinate transfer:        1
              After transferring coordinates of the equivalent template atoms,
              there are defined, undefined atoms in MODEL:     2885        0
openf___224_> Open           ${LIB}/atmcls-mf.lib

Dynamically allocated memory at amaxgroup_restr [B,KiB,MiB]:      1241191    1212.101     1.184

Dynamically allocated memory at amaxgroup_restr [B,KiB,MiB]:      1241255    1212.163     1.184

Dynamically allocated memory at amaxgroup_restr [B,KiB,MiB]:      1241313    1212.220     1.184

Dynamically allocated memory at amaxgroup_restr [B,KiB,MiB]:      1241377    1212.282     1.184

Dynamically allocated memory at amaxgroup_restr [B,KiB,MiB]:      1241443    1212.347     1.184

Dynamically allocated memory at amaxgroup_restr [B,KiB,MiB]:      1241507    1212.409     1.184

Dynamically allocated memory at amaxgroup_restr [B,KiB,MiB]:      1241663    1212.562     1.184

Dynamically allocated memory at amaxgroup_restr [B,KiB,MiB]:      1241791    1212.687     1.184

Dynamically allocated memory at amaxgroup_restr [B,KiB,MiB]:      1242085    1212.974     1.185

Dynamically allocated memory at amaxgroup_restr [B,KiB,MiB]:      1242277    1213.161     1.185

Dynamically allocated memory at amaxgroup_restr [B,KiB,MiB]:      1242781    1213.653     1.185

Dynamically allocated memory at amaxgroup_restr [B,KiB,MiB]:      1243037    1213.903     1.185

Dynamically allocated memory at amaxgroup_restr [B,KiB,MiB]:      1244033    1214.876     1.186

Dynamically allocated memory at amaxgroup_restr [B,KiB,MiB]:      1244417    1215.251     1.187

Dynamically allocated memory at amaxgroup_restr [B,KiB,MiB]:      1244993    1215.813     1.187

Dynamically allocated memory at amaxgroup_restr [B,KiB,MiB]:      1247027    1217.800     1.189

Dynamically allocated memory at amaxgroup_restr [B,KiB,MiB]:      1247923    1218.675     1.190

Dynamically allocated memory at amaxgroup_restr [B,KiB,MiB]:      1252375    1223.022     1.194

Dynamically allocated memory at amaxgroup_restr [B,KiB,MiB]:      1253719    1224.335     1.196

Dynamically allocated memory at amaxgroup_restr [B,KiB,MiB]:      1263337    1233.728     1.205

Dynamically allocated memory at amaxgroup_restr [B,KiB,MiB]:      1265321    1235.665     1.207

Dynamically allocated memory at amaxgroup_restr [B,KiB,MiB]:      1285967    1255.827     1.226

Dynamically allocated memory at amaxgroup_restr [B,KiB,MiB]:      1288975    1258.765     1.229

Dynamically allocated memory at amaxgroup_restr [B,KiB,MiB]:      1334941    1303.653     1.273

Dynamically allocated memory at amaxgroup_restr [B,KiB,MiB]:      1339421    1308.028     1.277

Dynamically allocated memory at amaxgroup_restr [B,KiB,MiB]:      1440641    1406.876     1.374
openf___224_> Open           ${LIB}/dist-mf.lib

Dynamically allocated memory at amaxgroup_restr [B,KiB,MiB]:      1441037    1407.263     1.374

Dynamically allocated memory at amaxgroup_restr [B,KiB,MiB]:      1441833    1408.040     1.375

Dynamically allocated memory at amaxgroup_restr [B,KiB,MiB]:      1442629    1408.817     1.376

Dynamically allocated memory at amaxgroup_restr [B,KiB,MiB]:      1443817    1409.978     1.377

Dynamically allocated memory at amaxgroup_restr [B,KiB,MiB]:      1444217    1410.368     1.377

Dynamically allocated memory at amaxgroup_restr [B,KiB,MiB]:      1444817    1410.954     1.378

Dynamically allocated memory at amaxgroup_restr [B,KiB,MiB]:      1445717    1411.833     1.379

Dynamically allocated memory at amaxgroup_restr [B,KiB,MiB]:      1447065    1413.149     1.380

Dynamically allocated memory at amaxgroup_restr [B,KiB,MiB]:      1447265    1413.345     1.380

Dynamically allocated memory at amaxgroup_restr [B,KiB,MiB]:      1449289    1415.321     1.382

Dynamically allocated memory at amaxgroup_restr [B,KiB,MiB]:      1449589    1415.614     1.382

Dynamically allocated memory at amaxgroup_restr [B,KiB,MiB]:      1452625    1418.579     1.385

Dynamically allocated memory at amaxgroup_restr [B,KiB,MiB]:      1453073    1419.017     1.386

Dynamically allocated memory at amaxgroup_restr [B,KiB,MiB]:      1457625    1423.462     1.390

Dynamically allocated memory at amaxgroup_restr [B,KiB,MiB]:      1458297    1424.118     1.391

Dynamically allocated memory at amaxgroup_restr [B,KiB,MiB]:      1465125    1430.786     1.397

Dynamically allocated memory at amaxgroup_restr [B,KiB,MiB]:      1466133    1431.771     1.398

Dynamically allocated memory at amaxgroup_restr [B,KiB,MiB]:      1476377    1441.774     1.408

Dynamically allocated memory at amaxgroup_restr [B,KiB,MiB]:      1476977    1442.360     1.409

Dynamically allocated memory at amaxgroup_restr [B,KiB,MiB]:      1477377    1442.751     1.409

Dynamically allocated memory at amaxgroup_restr [B,KiB,MiB]:      1478889    1444.228     1.410

Dynamically allocated memory at amaxgroup_restr [B,KiB,MiB]:      1494253    1459.231     1.425

Dynamically allocated memory at amaxgroup_restr [B,KiB,MiB]:      1495153    1460.110     1.426

Dynamically allocated memory at amaxgroup_restr [B,KiB,MiB]:      1495753    1460.696     1.426

Dynamically allocated memory at amaxgroup_restr [B,KiB,MiB]:      1498021    1462.911     1.429

Dynamically allocated memory at amaxgroup_restr [B,KiB,MiB]:      1521069    1485.419     1.451

Dynamically allocated memory at amaxgroup_restr [B,KiB,MiB]:      1522413    1486.731     1.452

Dynamically allocated memory at amaxgroup_restr [B,KiB,MiB]:      1523313    1487.610     1.453

Dynamically allocated memory at amaxgroup_restr [B,KiB,MiB]:      1526717    1490.935     1.456

Dynamically allocated memory at amaxgroup_restr [B,KiB,MiB]:      1561289    1524.696     1.489

Dynamically allocated memory at amaxgroup_restr [B,KiB,MiB]:      1563305    1526.665     1.491

Dynamically allocated memory at amaxgroup_restr [B,KiB,MiB]:      1564653    1527.981     1.492

Dynamically allocated memory at amaxgroup_restr [B,KiB,MiB]:      1569757    1532.966     1.497

Dynamically allocated memory at amaxgroup_restr [B,KiB,MiB]:      1621613    1583.606     1.546

Dynamically allocated memory at amaxgroup_restr [B,KiB,MiB]:      1624637    1586.560     1.549

Dynamically allocated memory at amaxgroup_restr [B,KiB,MiB]:      1626661    1588.536     1.551

Dynamically allocated memory at amaxgroup_restr [B,KiB,MiB]:      1634317    1596.013     1.559

Dynamically allocated memory at amaxgroup_restr [B,KiB,MiB]:      1712101    1671.974     1.633

Dynamically allocated memory at amaxgroup_restr [B,KiB,MiB]:      1716637    1676.403     1.637

Dynamically allocated memory at amaxgroup_restr [B,KiB,MiB]:      1719673    1679.368     1.640

Dynamically allocated memory at amaxgroup_restr [B,KiB,MiB]:      1731157    1690.583     1.651

Dynamically allocated memory at amaxgroup_restr [B,KiB,MiB]:      1847833    1804.524     1.762

Dynamically allocated memory at amaxgroup_restr [B,KiB,MiB]:      1854637    1811.169     1.769

Dynamically allocated memory at amaxgroup_restr [B,KiB,MiB]:      1859189    1815.614     1.773

Dynamically allocated memory at amaxgroup_restr [B,KiB,MiB]:      1876417    1832.438     1.789

Dynamically allocated memory at amaxgroup_restr [B,KiB,MiB]:      2051433    2003.353     1.956

Dynamically allocated memory at amaxgroup_restr [B,KiB,MiB]:      2061645    2013.325     1.966

Dynamically allocated memory at amaxgroup_restr [B,KiB,MiB]:      2068473    2019.993     1.973

Dynamically allocated memory at amaxgroup_restr [B,KiB,MiB]:      2094313    2045.228     1.997

Dynamically allocated memory at amaxgroup_restr [B,KiB,MiB]:      2356837    2301.599     2.248

Dynamically allocated memory at amaxgroup_restr [B,KiB,MiB]:      2372149    2316.552     2.262

Dynamically allocated memory at amaxgroup_restr [B,KiB,MiB]:      2382393    2326.556     2.272

Dynamically allocated memory at amaxgroup_restr [B,KiB,MiB]:      2421153    2364.407     2.309

Dynamically allocated memory at amaxgroup_restr [B,KiB,MiB]:      2814937    2748.962     2.685

Dynamically allocated memory at amaxgroup_restr [B,KiB,MiB]:      2837905    2771.392     2.706

Dynamically allocated memory at amaxgroup_restr [B,KiB,MiB]:      2853269    2786.396     2.721

Dynamically allocated memory at amaxgroup_restr [B,KiB,MiB]:      2911409    2843.173     2.777

Dynamically allocated memory at amaxgroup_restr [B,KiB,MiB]:      3502085    3420.005     3.340

Dynamically allocated memory at amaxgroup_restr [B,KiB,MiB]:      3536537    3453.649     3.373

Dynamically allocated memory at amaxgroup_restr [B,KiB,MiB]:      3559585    3476.157     3.395

Dynamically allocated memory at amaxgroup_restr [B,KiB,MiB]:      3646797    3561.325     3.478

Dynamically allocated memory at amaxgroup_restr [B,KiB,MiB]:      4532813    4426.575     4.323

Dynamically allocated memory at amaxgroup_restr [B,KiB,MiB]:      4584497    4477.048     4.372

Dynamically allocated memory at amaxgroup_restr [B,KiB,MiB]:      4619069    4510.810     4.405

Dynamically allocated memory at amaxgroup_restr [B,KiB,MiB]:      4749885    4638.560     4.530

Dynamically allocated memory at amaxgroup_restr [B,KiB,MiB]:      6078909    5936.435     5.797
read_pa_232_> parameters    BONDS   ANGLS  DIHEDS IMPROPS    MODE
                                0       0       0       0   12561
>> Model assessment by DOPE potential
iatmcls_286W> MODEL atom not classified:  TRP:OXT  TRP
preppdf_453W> No fixed restraints selected; there may be some dynamic ones.
preppdf_454W> Restraints file was probably not read; use restraints.append().

Dynamically allocated memory at amaxhash_contac [B,KiB,MiB]:      6909913    6747.962     6.590

Dynamically allocated memory at  amaxrestraints [B,KiB,MiB]:      7271757    7101.325     6.935

Dynamically allocated memory at  amaxrestraints [B,KiB,MiB]:      7340997    7168.942     7.001

Dynamically allocated memory at  amaxrestraints [B,KiB,MiB]:      7479477    7304.177     7.133

Dynamically allocated memory at  amaxrestraints [B,KiB,MiB]:      7756437    7574.646     7.397

Dynamically allocated memory at  amaxrestraints [B,KiB,MiB]:      8310357    8115.583     7.925

Dynamically allocated memory at  amaxrestraints [B,KiB,MiB]:      9418197    9197.458     8.982

Dynamically allocated memory at  amaxrestraints [B,KiB,MiB]:     11633877   11361.208    11.095

Dynamically allocated memory at  amaxrestraints [B,KiB,MiB]:     16065237   15688.708    15.321


>> ENERGY; Differences between the model's features and restraints:
Number of all residues in MODEL                   :      369
Number of all, selected real atoms                :     2885    2885
Number of all, selected pseudo atoms              :        0       0
Number of all static, selected restraints         :        0       0
COVALENT_CYS                                      :        F
NONBONDED_SEL_ATOMS                               :        1
Number of non-bonded pairs (excluding 1-2,1-3,1-4):   594199
Dynamic pairs routine                             : 1, NATM x NATM double loop
Atomic shift for contacts update (UPDATE_DYNAMIC) :    0.390
LENNARD_JONES_SWITCH                              :    6.500   7.500
COULOMB_JONES_SWITCH                              :    6.500   7.500
RESIDUE_SPAN_RANGE                                :        1    9999
NLOGN_USE                                         :       15
CONTACT_SHELL                                     :   15.000
DYNAMIC_PAIRS,_SPHERE,_COULOMB,_LENNARD,_MODELLER :        T       F       F       F       T
SPHERE_STDV                                       :    0.050
RADII_FACTOR                                      :    0.820
Current energy                                    :      -45152.8281





Summary of the restraint violations: 

   NUM     ... number of restraints.
   NUMVI   ... number of restraints with RVIOL > VIOL_REPORT_CUT[i].
   RVIOL   ... relative difference from the best value.
   NUMVP   ... number of restraints with -Ln(pdf) > VIOL_REPORT_CUT2[i].
   RMS_1   ... RMS(feature, minimally_violated_basis_restraint, NUMB).
   RMS_2   ... RMS(feature, best_value, NUMB).
   MOL.PDF ... scaled contribution to -Ln(Molecular pdf).

 #                     RESTRAINT_GROUP      NUM   NUMVI  NUMVP   RMS_1   RMS_2         MOL.PDF     S_i
------------------------------------------------------------------------------------------------------
 1 Bond length potential              :       0       0      0   0.000   0.000      0.0000       0.000
 2 Bond angle potential               :       0       0      0   0.000   0.000      0.0000       0.000
 3 Stereochemical cosine torsion poten:       0       0      0   0.000   0.000      0.0000       0.000
 4 Stereochemical improper torsion pot:       0       0      0   0.000   0.000      0.0000       0.000
 5 Soft-sphere overlap restraints     :       0       0      0   0.000   0.000      0.0000       0.000
 6 Lennard-Jones 6-12 potential       :       0       0      0   0.000   0.000      0.0000       0.000
 7 Coulomb point-point electrostatic p:       0       0      0   0.000   0.000      0.0000       0.000
 8 H-bonding potential                :       0       0      0   0.000   0.000      0.0000       0.000
 9 Distance restraints 1 (CA-CA)      :       0       0      0   0.000   0.000      0.0000       0.000
10 Distance restraints 2 (N-O)        :       0       0      0   0.000   0.000      0.0000       0.000
11 Mainchain Phi dihedral restraints  :       0       0      0   0.000   0.000      0.0000       0.000
12 Mainchain Psi dihedral restraints  :       0       0      0   0.000   0.000      0.0000       0.000
13 Mainchain Omega dihedral restraints:       0       0      0   0.000   0.000      0.0000       0.000
14 Sidechain Chi_1 dihedral restraints:       0       0      0   0.000   0.000      0.0000       0.000
15 Sidechain Chi_2 dihedral restraints:       0       0      0   0.000   0.000      0.0000       0.000
16 Sidechain Chi_3 dihedral restraints:       0       0      0   0.000   0.000      0.0000       0.000
17 Sidechain Chi_4 dihedral restraints:       0       0      0   0.000   0.000      0.0000       0.000
18 Disulfide distance restraints      :       0       0      0   0.000   0.000      0.0000       0.000
19 Disulfide angle restraints         :       0       0      0   0.000   0.000      0.0000       0.000
20 Disulfide dihedral angle restraints:       0       0      0   0.000   0.000      0.0000       0.000
21 Lower bound distance restraints    :       0       0      0   0.000   0.000      0.0000       0.000
22 Upper bound distance restraints    :       0       0      0   0.000   0.000      0.0000       0.000
23 Distance restraints 3 (SDCH-MNCH)  :       0       0      0   0.000   0.000      0.0000       0.000
24 Sidechain Chi_5 dihedral restraints:       0       0      0   0.000   0.000      0.0000       0.000
25 Phi/Psi pair of dihedral restraints:       0       0      0   0.000   0.000      0.0000       0.000
26 Distance restraints 4 (SDCH-SDCH)  :       0       0      0   0.000   0.000      0.0000       0.000
27 Distance restraints 5 (X-Y)        :       0       0      0   0.000   0.000      0.0000       0.000
28 NMR distance restraints 6 (X-Y)    :       0       0      0   0.000   0.000      0.0000       0.000
29 NMR distance restraints 7 (X-Y)    :       0       0      0   0.000   0.000      0.0000       0.000
30 Minimal distance restraints        :       0       0      0   0.000   0.000      0.0000       0.000
31 Non-bonded restraints              :  593972       0    458   6.806   6.806     -45153.       1.000
32 Atomic accessibility restraints    :       0       0      0   0.000   0.000      0.0000       0.000
33 Atomic density restraints          :       0       0      0   0.000   0.000      0.0000       0.000
34 Absolute position restraints       :       0       0      0   0.000   0.000      0.0000       0.000
35 Dihedral angle difference restraint:       0       0      0   0.000   0.000      0.0000       0.000
36 GBSA implicit solvent potential    :       0       0      0   0.000   0.000      0.0000       0.000
37 EM density fitting potential       :       0       0      0   0.000   0.000      0.0000       0.000
38 SAXS restraints                    :       0       0      0   0.000   0.000      0.0000       0.000
39 Symmetry restraints                :       0       0      0   0.000   0.000      0.0000       0.000
do_prof_492W> Are you sure you want to calculate a normalized energy profile!



openf___224_> Open           qseq1.profile
# Energy of each residue is written to: qseq1.profile
# The profile IS normalized by the number of restraints.
# The profiles are smoothed over a window of residues:   13
# The sum of all numbers in the file:     -14.2870

<< end of ENERGY.
DOPE score               : -45152.828125

Dynamically allocated memory at          finish [B,KiB,MiB]:     15772465   15402.798    15.042
Starting time                                            : 2016/11/18 01:41:32
Closing time                                             : 2016/11/18 01:41:52
Total CPU time [seconds]                                 :      19.33
