
                         MODELLER 9.17, 2016/07/02, r10881

     PROTEIN STRUCTURE MODELLING BY SATISFACTION OF SPATIAL RESTRAINTS


                     Copyright(c) 1989-2016 Andrej Sali
                            All Rights Reserved

                             Written by A. Sali
                               with help from
              B. Webb, M.S. Madhusudhan, M-Y. Shen, G.Q. Dong,
          M.A. Marti-Renom, N. Eswar, F. Alber, M. Topf, B. Oliva,
             A. Fiser, R. Sanchez, B. Yerkovich, A. Badretdinov,
                     F. Melo, J.P. Overington, E. Feyfant
                 University of California, San Francisco, USA
                    Rockefeller University, New York, USA
                      Harvard University, Cambridge, USA
                   Imperial Cancer Research Fund, London, UK
              Birkbeck College, University of London, London, UK


Kind, OS, HostName, Kernel, Processor: 4, Windows Vista build 7601 Service Pack 1, SAI-PC, SMP, unknown
Date and time of compilation         : 2016/07/01 22:06:57
MODELLER executable type             : x86_64-w64
Job starting time (YY/MM/DD HH:MM:SS): 2016/11/25 04:04:02

openf___224_> Open           $(LIB)/restyp.lib
openf___224_> Open           ${MODINSTALL9v17}/modlib/resgrp.lib
rdresgr_266_> Number of residue groups:        2
openf___224_> Open           ${MODINSTALL9v17}/modlib/sstruc.lib

Dynamically allocated memory at   amaxlibraries [B,KiB,MiB]:       191566     187.076     0.183

Dynamically allocated memory at   amaxlibraries [B,KiB,MiB]:       192094     187.592     0.183
openf___224_> Open           ${MODINSTALL9v17}/modlib/resdih.lib

Dynamically allocated memory at   amaxlibraries [B,KiB,MiB]:       240694     235.053     0.230
rdrdih__263_> Number of dihedral angle types         :        9
              Maximal number of dihedral angle optima:        3
              Dihedral angle names                   :  Alph Phi Psi Omeg chi1 chi2 chi3 chi4 chi5
openf___224_> Open           ${MODINSTALL9v17}/modlib/radii.lib

Dynamically allocated memory at   amaxlibraries [B,KiB,MiB]:       253994     248.041     0.242
openf___224_> Open           ${MODINSTALL9v17}/modlib/radii14.lib
openf___224_> Open           ${MODINSTALL9v17}/modlib/af_mnchdef.lib
rdwilmo_274_> Mainchain residue conformation classes:  APBLE
openf___224_> Open           ${MODINSTALL9v17}/modlib/mnch.lib
rdclass_257_> Number of classes:        5
openf___224_> Open           ${MODINSTALL9v17}/modlib/mnch1.lib
openf___224_> Open           ${MODINSTALL9v17}/modlib/mnch2.lib
openf___224_> Open           ${MODINSTALL9v17}/modlib/mnch3.lib
openf___224_> Open           ${MODINSTALL9v17}/modlib/xs4.mat
rdrrwgh_268_> Number of residue types:       21
openf___224_> Open           pdb_95.pir
readlinef__W> File: pdb_95.pir, Line: 414
              Modeller will only read the first 4096 characters of this line.

readlinef__W> File: pdb_95.pir, Line: 24773
              Modeller will only read the first 4096 characters of this line.

readlinef__W> File: pdb_95.pir, Line: 24783
              Modeller will only read the first 4096 characters of this line.

readlinef__W> File: pdb_95.pir, Line: 24793
              Modeller will only read the first 4096 characters of this line.

readlinef__W> File: pdb_95.pir, Line: 24800
              Modeller will only read the first 4096 characters of this line.

readlinef__W> File: pdb_95.pir, Line: 24806
              No more warnings will be printed for truncated lines in this file.


Dynamically allocated memory at amaxsequence_db [B,KiB,MiB]:       468628     457.645     0.447

Dynamically allocated memory at amaxsequence_db [B,KiB,MiB]:      3306089    3228.603     3.153

Dynamically allocated memory at   amaxalignment [B,KiB,MiB]:      3307931    3230.401     3.155

Dynamically allocated memory at   amaxalignment [B,KiB,MiB]:      3309381    3231.817     3.156

Dynamically allocated memory at   amaxalignment [B,KiB,MiB]:      3312281    3234.649     3.159

Dynamically allocated memory at amaxsequence_db [B,KiB,MiB]:     14019880   13691.289    13.370

Dynamically allocated memory at   amaxalignment [B,KiB,MiB]:     14025680   13696.953    13.376

Dynamically allocated memory at   amaxalignment [B,KiB,MiB]:     14037280   13708.281    13.387

Dynamically allocated memory at   amaxalignment [B,KiB,MiB]:     14060480   13730.938    13.409

Dynamically allocated memory at   amaxalignment [B,KiB,MiB]:     14106880   13776.250    13.453

Dynamically allocated memory at amaxsequence_db [B,KiB,MiB]:     19460680   19004.570    18.559

SEQ_DATABASE_FILE         : pdb_95.pir
SEQ_DATABASE_FORMAT       : PIR
CHAINS_LIST               : ALL
CLEAN_SEQUENCES           :            T
MINMAX_DB_SEQ_LEN         :           30        4000
Number of sequences       :        53538
Number of residues        :     13337422
Length of longest sequence:         3042


SEQ_DATABASE_FILE         : pdb_95.bin
SEQ_DATABASE_FORMAT       : BINARY
SEARCH_CHAINS_LIST        : ALL
Number of sequences       :        53538
Number of residues        :     13337422
Length of longest sequence:         3042


SEQ_DATABASE_FILE         : pdb_95.bin
SEQ_DATABASE_FORMAT       : BINARY
CHAINS_LIST               : ALL
CLEAN_SEQUENCES           :            T
MINMAX_DB_SEQ_LEN         :            0      999999
Number of sequences       :        53538
Number of residues        :     13337422
Length of longest sequence:         3042

openf___224_> Open           T0837.ali

Dynamically allocated memory at   amaxalignment [B,KiB,MiB]:       470548     459.520     0.449

Dynamically allocated memory at   amaxalignment [B,KiB,MiB]:       471998     460.936     0.450

Dynamically allocated memory at   amaxalignment [B,KiB,MiB]:       474898     463.768     0.453

Dynamically allocated memory at   amaxalignment [B,KiB,MiB]:       480698     469.432     0.458

Dynamically allocated memory at   amaxalignment [B,KiB,MiB]:       492298     480.760     0.469

Dynamically allocated memory at   amaxalignment [B,KiB,MiB]:       515498     503.416     0.492

Dynamically allocated memory at    amaxsequence [B,KiB,MiB]:       516006     503.912     0.492

Read the alignment from file       : T0837.ali
Total number of alignment positions:   128

  #  Code        #_Res #_Segm PDB_code    Name
-------------------------------------------------------------------------------
  1      T0837     128      1       T0837

Dynamically allocated memory at     amaxprofile [B,KiB,MiB]:       516843     504.729     0.493
openf___224_> Open           ${LIB}/blosum62.sim.mat
rdrrwgh_268_> Number of residue types:       21

Dynamically allocated memory at amaxsequence_db [B,KiB,MiB]:       845823     825.999     0.807
profile_iteration_> processing sequence:       1    128      1     0.0000000     0.0000000     0.0000000     1

Dynamically allocated memory at amaxsequence_db [B,KiB,MiB]:       855725     835.669     0.816
profile_iteration_> processing sequence:    5355    128      1     3.6348233     0.0006788     0.0000026  1473
profile_iteration_> processing sequence:   10709    128      1     6.9888449     0.0006526     0.0000026  1532
profile_iteration_> processing sequence:   16063    128      1    10.1868649     0.0006342     0.0000025  1577
profile_iteration_> processing sequence:   21417    128      1    13.9308891     0.0006505     0.0000026  1537
profile_iteration_> processing sequence:   26771    128      1    16.9417095     0.0006328     0.0000025  1580
profile_iteration_> processing sequence:   32125    128      1    20.0149288     0.0006230     0.0000026  1605
profile_iteration_> processing sequence:   37479    128      1    23.6497517     0.0006310     0.0000026  1585
profile_iteration_> processing sequence:   42833    128      1    27.4093761     0.0006399     0.0000026  1563

Dynamically allocated memory at amaxsequence_db [B,KiB,MiB]:       859017     838.884     0.819
profile_iteration_> processing sequence:   48187    128      1    31.1690006     0.0006468     0.0000026  1546
 AVERAGE RESIDUAL STANDARD ERROR:    28.52029
 AVERAGE RESIDUAL STANDARD DEVIATION:    224.6452
profile_660_> Quality of the fit between observed/expected score distributions.
              [Iteration, Chi2, nbins, KS-Stat, nscores ] =        1,        0.0172,      121,        0.0061,    53538

HISTOGRAM OF Z-SCORES:

Z:         1  -3.95000   0.00000   0.00000
Z:         1  -3.85000   0.00000   0.00000
Z:         1  -3.75000   0.00000   0.00000
Z:         1  -3.65000   0.00000   0.00000
Z:         1  -3.55000   0.00000   0.00000
Z:         1  -3.45000   0.00000   0.00000
Z:         1  -3.35000   0.00000   0.00000
Z:         1  -3.25000   0.00019   0.00000
Z:         1  -3.15000   0.00000   0.00000
Z:         1  -3.05000   0.00019   0.00000
Z:         1  -2.95000   0.00000   0.00000
Z:         1  -2.85000   0.00000   0.00000
Z:         1  -2.75000   0.00000   0.00000
Z:         1  -2.65000   0.00019   0.00000
Z:         1  -2.55000   0.00000   0.00001
Z:         1  -2.45000   0.00019   0.00004
Z:         1  -2.35000   0.00037   0.00016
Z:         1  -2.25000   0.00112   0.00055
Z:         1  -2.15000   0.00243   0.00163
Z:         1  -2.05000   0.00635   0.00416
Z:         1  -1.95000   0.01364   0.00933
Z:         1  -1.85000   0.02204   0.01872
Z:         1  -1.75000   0.03493   0.03400
Z:         1  -1.65000   0.06070   0.05658
Z:         1  -1.55000   0.08872   0.08721
Z:         1  -1.45000   0.12402   0.12565
Z:         1  -1.35000   0.18249   0.17059
Z:         1  -1.25000   0.21088   0.21981
Z:         1  -1.15000   0.26691   0.27052
Z:         1  -1.05000   0.31865   0.31973
Z:         1  -0.95000   0.35321   0.36469
Z:         1  -0.85000   0.39785   0.40316
Z:         1  -0.75000   0.40588   0.43360
Z:         1  -0.65000   0.47574   0.45519
Z:         1  -0.55000   0.45463   0.46779
Z:         1  -0.45000   0.49404   0.47182
Z:         1  -0.35000   0.46827   0.46811
Z:         1  -0.25000   0.43147   0.45775
Z:         1  -0.15000   0.41335   0.44196
Z:         1  -0.05000   0.42475   0.42194
Z:         1   0.05000   0.40065   0.39889
Z:         1   0.15000   0.37861   0.37383
Z:         1   0.25000   0.35115   0.34769
Z:         1   0.35000   0.32482   0.32121
Z:         1   0.45000   0.29512   0.29500
Z:         1   0.55000   0.28484   0.26953
Z:         1   0.65000   0.23647   0.24513
Z:         1   0.75000   0.22582   0.22205
Z:         1   0.85000   0.18902   0.20043
Z:         1   0.95000   0.17576   0.18036
Z:         1   1.05000   0.15933   0.16185
Z:         1   1.15000   0.14775   0.14489
Z:         1   1.25000   0.12645   0.12944
Z:         1   1.35000   0.12272   0.11542
Z:         1   1.45000   0.11300   0.10275
Z:         1   1.55000   0.09433   0.09133
Z:         1   1.65000   0.08218   0.08109
Z:         1   1.75000   0.06818   0.07191
Z:         1   1.85000   0.06575   0.06371
Z:         1   1.95000   0.06164   0.05639
Z:         1   2.05000   0.05062   0.04988
Z:         1   2.15000   0.04576   0.04409
Z:         1   2.25000   0.03904   0.03895
Z:         1   2.35000   0.03399   0.03439
Z:         1   2.45000   0.03399   0.03035
Z:         1   2.55000   0.03213   0.02678
Z:         1   2.65000   0.02503   0.02361
Z:         1   2.75000   0.02241   0.02082
Z:         1   2.85000   0.02167   0.01835
Z:         1   2.95000   0.01382   0.01617
Z:         1   3.05000   0.01420   0.01424
Z:         1   3.15000   0.01083   0.01255
Z:         1   3.25000   0.01102   0.01105
Z:         1   3.35000   0.00859   0.00973
Z:         1   3.45000   0.01139   0.00857
Z:         1   3.55000   0.00710   0.00754
Z:         1   3.65000   0.00691   0.00664
Z:         1   3.75000   0.00579   0.00584
Z:         1   3.85000   0.00542   0.00514
Z:         1   3.95000   0.00336   0.00453
Z:         1   4.05000   0.00486   0.00398
Z:         1   4.15000   0.00318   0.00350
Z:         1   4.25000   0.00411   0.00308
Z:         1   4.35000   0.00336   0.00271
Z:         1   4.45000   0.00131   0.00239
Z:         1   4.55000   0.00318   0.00210
Z:         1   4.65000   0.00093   0.00185
Z:         1   4.75000   0.00280   0.00163
Z:         1   4.85000   0.00187   0.00143
Z:         1   4.95000   0.00168   0.00126
Z:         1   5.05000   0.00131   0.00111
Z:         1   5.15000   0.00149   0.00097
Z:         1   5.25000   0.00075   0.00086
Z:         1   5.35000   0.00093   0.00075
Z:         1   5.45000   0.00131   0.00066
Z:         1   5.55000   0.00056   0.00058
Z:         1   5.65000   0.00187   0.00051
Z:         1   5.75000   0.00019   0.00045
Z:         1   5.85000   0.00037   0.00040
Z:         1   5.95000   0.00000   0.00035
Z:         1   6.05000   0.00112   0.00031
Z:         1   6.15000   0.00019   0.00027
Z:         1   6.25000   0.00075   0.00024
Z:         1   6.35000   0.00000   0.00021
Z:         1   6.45000   0.00037   0.00018
Z:         1   6.55000   0.00019   0.00016
Z:         1   6.65000   0.00000   0.00014
Z:         1   6.75000   0.00056   0.00013
Z:         1   6.85000   0.00000   0.00011
Z:         1   6.95000   0.00000   0.00010
Z:         1   7.05000   0.00000   0.00009
Z:         1   7.15000   0.00019   0.00007
Z:         1   7.25000   0.00000   0.00007
Z:         1   7.35000   0.00000   0.00006
Z:         1   7.45000   0.00000   0.00005
Z:         1   7.55000   0.00000   0.00004
Z:         1   7.65000   0.00000   0.00004
Z:         1   7.75000   0.00000   0.00003
Z:         1   7.85000   0.00000   0.00003
Z:         1   7.95000   0.00000   0.00003
Z:         1   8.05000   0.00000   0.00002

HITS FOUND IN ITERATION:     1


Dynamically allocated memory at     amaxprofile [B,KiB,MiB]:       978417     955.485     0.933
> 5tf3A                      1   42390   32950     131     128  100.00     0.0           2   128     1   128     4   131
> T0837                      1   53534   32950     128     128  100.00     0.0           3   128     1   128     1   128

profile_iteration__> Weight Matrix           [sec]:     0.000000
profile_iteration__> Score Collection        [sec]:    34.757023
profile_iteration__> Score Collection/Seq    [sec]:     0.000649
profile_iteration__> DP Steps per sec    [ali/sec]:  1552.194092
profile_iteration__> Statistics              [sec]:     0.202801
profile_iteration__> Add to profile          [sec]:     0.000000
profile_iteration__> Overall performance    [/seq]:     0.000655
profile_iteration__> Overall performance [seq/sec]:  1526.646484
openf___224_> Open           build_profile.prf

Dynamically allocated memory at   amaxalignment [B,KiB,MiB]:       643163     628.089     0.613

Dynamically allocated memory at    amaxsequence [B,KiB,MiB]:       643671     628.585     0.614

Dynamically allocated memory at    amaxsequence [B,KiB,MiB]:       644179     629.081     0.614

Dynamically allocated memory at    amaxsequence [B,KiB,MiB]:       644687     629.577     0.615
openf___224_> Open           build_profile.ali

Dynamically allocated memory at          finish [B,KiB,MiB]:       597227     583.229     0.570
Starting time                                            : 2016/11/25 04:04:02
Closing time                                             : 2016/11/25 04:05:50
Total CPU time [seconds]                                 :      73.32
