
                         MODELLER 9.17, 2016/07/02, r10881

     PROTEIN STRUCTURE MODELLING BY SATISFACTION OF SPATIAL RESTRAINTS


                     Copyright(c) 1989-2016 Andrej Sali
                            All Rights Reserved

                             Written by A. Sali
                               with help from
              B. Webb, M.S. Madhusudhan, M-Y. Shen, G.Q. Dong,
          M.A. Marti-Renom, N. Eswar, F. Alber, M. Topf, B. Oliva,
             A. Fiser, R. Sanchez, B. Yerkovich, A. Badretdinov,
                     F. Melo, J.P. Overington, E. Feyfant
                 University of California, San Francisco, USA
                    Rockefeller University, New York, USA
                      Harvard University, Cambridge, USA
                   Imperial Cancer Research Fund, London, UK
              Birkbeck College, University of London, London, UK


Kind, OS, HostName, Kernel, Processor: 4, Windows Vista build 7601 Service Pack 1, SAI-PC, SMP, unknown
Date and time of compilation         : 2016/07/01 22:06:57
MODELLER executable type             : x86_64-w64
Job starting time (YY/MM/DD HH:MM:SS): 2016/11/19 02:55:56

openf___224_> Open           $(LIB)/restyp.lib
openf___224_> Open           ${MODINSTALL9v17}/modlib/resgrp.lib
rdresgr_266_> Number of residue groups:        2
openf___224_> Open           ${MODINSTALL9v17}/modlib/sstruc.lib

Dynamically allocated memory at   amaxlibraries [B,KiB,MiB]:       191566     187.076     0.183

Dynamically allocated memory at   amaxlibraries [B,KiB,MiB]:       192094     187.592     0.183
openf___224_> Open           ${MODINSTALL9v17}/modlib/resdih.lib

Dynamically allocated memory at   amaxlibraries [B,KiB,MiB]:       240694     235.053     0.230
rdrdih__263_> Number of dihedral angle types         :        9
              Maximal number of dihedral angle optima:        3
              Dihedral angle names                   :  Alph Phi Psi Omeg chi1 chi2 chi3 chi4 chi5
openf___224_> Open           ${MODINSTALL9v17}/modlib/radii.lib

Dynamically allocated memory at   amaxlibraries [B,KiB,MiB]:       253994     248.041     0.242
openf___224_> Open           ${MODINSTALL9v17}/modlib/radii14.lib
openf___224_> Open           ${MODINSTALL9v17}/modlib/af_mnchdef.lib
rdwilmo_274_> Mainchain residue conformation classes:  APBLE
openf___224_> Open           ${MODINSTALL9v17}/modlib/mnch.lib
rdclass_257_> Number of classes:        5
openf___224_> Open           ${MODINSTALL9v17}/modlib/mnch1.lib
openf___224_> Open           ${MODINSTALL9v17}/modlib/mnch2.lib
openf___224_> Open           ${MODINSTALL9v17}/modlib/mnch3.lib
openf___224_> Open           ${MODINSTALL9v17}/modlib/xs4.mat
rdrrwgh_268_> Number of residue types:       21
openf___224_> Open           pdb_95.pir
readlinef__W> File: pdb_95.pir, Line: 414
              Modeller will only read the first 4096 characters of this line.

readlinef__W> File: pdb_95.pir, Line: 24773
              Modeller will only read the first 4096 characters of this line.

readlinef__W> File: pdb_95.pir, Line: 24783
              Modeller will only read the first 4096 characters of this line.

readlinef__W> File: pdb_95.pir, Line: 24793
              Modeller will only read the first 4096 characters of this line.

readlinef__W> File: pdb_95.pir, Line: 24800
              Modeller will only read the first 4096 characters of this line.

readlinef__W> File: pdb_95.pir, Line: 24806
              No more warnings will be printed for truncated lines in this file.


Dynamically allocated memory at amaxsequence_db [B,KiB,MiB]:       468608     457.625     0.447

Dynamically allocated memory at amaxsequence_db [B,KiB,MiB]:      3305804    3228.324     3.153

Dynamically allocated memory at   amaxalignment [B,KiB,MiB]:      3307646    3230.123     3.154

Dynamically allocated memory at   amaxalignment [B,KiB,MiB]:      3309096    3231.539     3.156

Dynamically allocated memory at   amaxalignment [B,KiB,MiB]:      3311996    3234.371     3.159

Dynamically allocated memory at amaxsequence_db [B,KiB,MiB]:     14018595   13690.034    13.369

Dynamically allocated memory at   amaxalignment [B,KiB,MiB]:     14024395   13695.698    13.375

Dynamically allocated memory at   amaxalignment [B,KiB,MiB]:     14035995   13707.026    13.386

Dynamically allocated memory at   amaxalignment [B,KiB,MiB]:     14059195   13729.683    13.408

Dynamically allocated memory at   amaxalignment [B,KiB,MiB]:     14105595   13774.995    13.452

Dynamically allocated memory at amaxsequence_db [B,KiB,MiB]:     19458895   19002.828    18.557

SEQ_DATABASE_FILE         : pdb_95.pir
SEQ_DATABASE_FORMAT       : PIR
CHAINS_LIST               : ALL
CLEAN_SEQUENCES           :            T
MINMAX_DB_SEQ_LEN         :           30        4000
Number of sequences       :        53533
Number of residues        :     13333904
Length of longest sequence:         3042


SEQ_DATABASE_FILE         : pdb_95.bin
SEQ_DATABASE_FORMAT       : BINARY
SEARCH_CHAINS_LIST        : ALL
Number of sequences       :        53533
Number of residues        :     13333904
Length of longest sequence:         3042


SEQ_DATABASE_FILE         : pdb_95.bin
SEQ_DATABASE_FORMAT       : BINARY
CHAINS_LIST               : ALL
CLEAN_SEQUENCES           :            T
MINMAX_DB_SEQ_LEN         :            0      999999
Number of sequences       :        53533
Number of residues        :     13333904
Length of longest sequence:         3042

openf___224_> Open           qseq1.ali

Dynamically allocated memory at   amaxalignment [B,KiB,MiB]:       470528     459.500     0.449

Dynamically allocated memory at   amaxalignment [B,KiB,MiB]:       471978     460.916     0.450

Dynamically allocated memory at   amaxalignment [B,KiB,MiB]:       474878     463.748     0.453

Dynamically allocated memory at   amaxalignment [B,KiB,MiB]:       480678     469.412     0.458

Dynamically allocated memory at   amaxalignment [B,KiB,MiB]:       492278     480.740     0.469

Dynamically allocated memory at    amaxsequence [B,KiB,MiB]:       493054     481.498     0.470

Read the alignment from file       : qseq1.ali
Total number of alignment positions:   195

  #  Code        #_Res #_Segm PDB_code    Name
-------------------------------------------------------------------------------
  1      qseq1     195      1       qseq1

Dynamically allocated memory at     amaxprofile [B,KiB,MiB]:       494159     482.577     0.471
openf___224_> Open           ${LIB}/blosum62.sim.mat
rdrrwgh_268_> Number of residue types:       21

Dynamically allocated memory at amaxsequence_db [B,KiB,MiB]:       823139     803.847     0.785
profile_iteration_> processing sequence:       1    195      1     0.0000000     0.0000000     0.0000000     1

Dynamically allocated memory at amaxsequence_db [B,KiB,MiB]:       833041     813.517     0.794
profile_iteration_> processing sequence:    5354    195      1     4.8048310     0.0008974     0.0000034  1114
profile_iteration_> processing sequence:   10707    195      1    10.2024651     0.0009529     0.0000037  1049
profile_iteration_> processing sequence:   16060    195      1    14.6016932     0.0009092     0.0000036  1100
profile_iteration_> processing sequence:   21413    195      1    18.8449211     0.0008801     0.0000035  1136
profile_iteration_> processing sequence:   26766    195      1    23.9149532     0.0008935     0.0000036  1119
profile_iteration_> processing sequence:   32119    195      1    28.5013828     0.0008874     0.0000036  1127
profile_iteration_> processing sequence:   37472    195      1    31.7462044     0.0008472     0.0000035  1180
profile_iteration_> processing sequence:   42825    195      1    37.2062378     0.0008688     0.0000035  1151

Dynamically allocated memory at amaxsequence_db [B,KiB,MiB]:       836333     816.731     0.798
profile_iteration_> processing sequence:   48178    195      1    42.7598724     0.0008875     0.0000036  1127
profile_iteration_> processing sequence:   53531    195      1    46.5038986     0.0008687     0.0000035  1151
 AVERAGE RESIDUAL STANDARD ERROR:    34.74342
 AVERAGE RESIDUAL STANDARD DEVIATION:    225.8858
profile_660_> Quality of the fit between observed/expected score distributions.
              [Iteration, Chi2, nbins, KS-Stat, nscores ] =        1,        0.0384,      121,        0.0086,    53533

HISTOGRAM OF Z-SCORES:

Z:         1  -3.95000   0.00000   0.00000
Z:         1  -3.85000   0.00000   0.00000
Z:         1  -3.75000   0.00000   0.00000
Z:         1  -3.65000   0.00000   0.00000
Z:         1  -3.55000   0.00000   0.00000
Z:         1  -3.45000   0.00000   0.00000
Z:         1  -3.35000   0.00000   0.00000
Z:         1  -3.25000   0.00000   0.00000
Z:         1  -3.15000   0.00019   0.00000
Z:         1  -3.05000   0.00000   0.00000
Z:         1  -2.95000   0.00000   0.00000
Z:         1  -2.85000   0.00019   0.00000
Z:         1  -2.75000   0.00019   0.00000
Z:         1  -2.65000   0.00019   0.00000
Z:         1  -2.55000   0.00075   0.00001
Z:         1  -2.45000   0.00000   0.00004
Z:         1  -2.35000   0.00019   0.00016
Z:         1  -2.25000   0.00336   0.00055
Z:         1  -2.15000   0.00523   0.00163
Z:         1  -2.05000   0.00841   0.00416
Z:         1  -1.95000   0.01214   0.00933
Z:         1  -1.85000   0.02167   0.01872
Z:         1  -1.75000   0.03867   0.03400
Z:         1  -1.65000   0.05660   0.05658
Z:         1  -1.55000   0.08724   0.08721
Z:         1  -1.45000   0.13057   0.12565
Z:         1  -1.35000   0.17036   0.17059
Z:         1  -1.25000   0.23163   0.21981
Z:         1  -1.15000   0.26712   0.27052
Z:         1  -1.05000   0.30280   0.31973
Z:         1  -0.95000   0.36351   0.36469
Z:         1  -0.85000   0.38574   0.40316
Z:         1  -0.75000   0.43730   0.43360
Z:         1  -0.65000   0.44664   0.45519
Z:         1  -0.55000   0.47690   0.46779
Z:         1  -0.45000   0.46476   0.47182
Z:         1  -0.35000   0.45486   0.46811
Z:         1  -0.25000   0.46028   0.45775
Z:         1  -0.15000   0.45393   0.44196
Z:         1  -0.05000   0.42591   0.42194
Z:         1   0.05000   0.39041   0.39889
Z:         1   0.15000   0.37155   0.37383
Z:         1   0.25000   0.33960   0.34769
Z:         1   0.35000   0.30972   0.32121
Z:         1   0.45000   0.29832   0.29500
Z:         1   0.55000   0.29496   0.26953
Z:         1   0.65000   0.22192   0.24513
Z:         1   0.75000   0.21389   0.22205
Z:         1   0.85000   0.18680   0.20043
Z:         1   0.95000   0.16924   0.18036
Z:         1   1.05000   0.14346   0.16185
Z:         1   1.15000   0.13562   0.14489
Z:         1   1.25000   0.12721   0.12944
Z:         1   1.35000   0.18419   0.11542
Z:         1   1.45000   0.10872   0.10275
Z:         1   1.55000   0.08985   0.09133
Z:         1   1.65000   0.07846   0.08109
Z:         1   1.75000   0.07211   0.07191
Z:         1   1.85000   0.06687   0.06371
Z:         1   1.95000   0.04857   0.05639
Z:         1   2.05000   0.05062   0.04988
Z:         1   2.15000   0.04502   0.04409
Z:         1   2.25000   0.03960   0.03895
Z:         1   2.35000   0.03250   0.03439
Z:         1   2.45000   0.03643   0.03035
Z:         1   2.55000   0.02148   0.02678
Z:         1   2.65000   0.03232   0.02361
Z:         1   2.75000   0.02092   0.02082
Z:         1   2.85000   0.01924   0.01835
Z:         1   2.95000   0.01569   0.01617
Z:         1   3.05000   0.01308   0.01424
Z:         1   3.15000   0.01569   0.01255
Z:         1   3.25000   0.00971   0.01105
Z:         1   3.35000   0.00841   0.00973
Z:         1   3.45000   0.00934   0.00857
Z:         1   3.55000   0.00598   0.00754
Z:         1   3.65000   0.00822   0.00664
Z:         1   3.75000   0.00560   0.00584
Z:         1   3.85000   0.00542   0.00514
Z:         1   3.95000   0.00710   0.00453
Z:         1   4.05000   0.00374   0.00398
Z:         1   4.15000   0.00336   0.00350
Z:         1   4.25000   0.00299   0.00308
Z:         1   4.35000   0.00318   0.00271
Z:         1   4.45000   0.00262   0.00239
Z:         1   4.55000   0.00224   0.00210
Z:         1   4.65000   0.00224   0.00185
Z:         1   4.75000   0.00168   0.00163
Z:         1   4.85000   0.00168   0.00143
Z:         1   4.95000   0.00224   0.00126
Z:         1   5.05000   0.00149   0.00111
Z:         1   5.15000   0.00149   0.00097
Z:         1   5.25000   0.00168   0.00086
Z:         1   5.35000   0.00056   0.00075
Z:         1   5.45000   0.00075   0.00066
Z:         1   5.55000   0.00056   0.00058
Z:         1   5.65000   0.00075   0.00051
Z:         1   5.75000   0.00037   0.00045
Z:         1   5.85000   0.00000   0.00040
Z:         1   5.95000   0.00075   0.00035
Z:         1   6.05000   0.00037   0.00031
Z:         1   6.15000   0.00019   0.00027
Z:         1   6.25000   0.00000   0.00024
Z:         1   6.35000   0.00019   0.00021
Z:         1   6.45000   0.00037   0.00018
Z:         1   6.55000   0.00019   0.00016
Z:         1   6.65000   0.00000   0.00014
Z:         1   6.75000   0.00019   0.00013
Z:         1   6.85000   0.00019   0.00011
Z:         1   6.95000   0.00019   0.00010
Z:         1   7.05000   0.00019   0.00009
Z:         1   7.15000   0.00056   0.00007
Z:         1   7.25000   0.00000   0.00007
Z:         1   7.35000   0.00000   0.00006
Z:         1   7.45000   0.00019   0.00005
Z:         1   7.55000   0.00000   0.00004
Z:         1   7.65000   0.00000   0.00004
Z:         1   7.75000   0.00000   0.00003
Z:         1   7.85000   0.00000   0.00003
Z:         1   7.95000   0.00000   0.00003
Z:         1   8.05000   0.00000   0.00002

HITS FOUND IN ITERATION:     1


Dynamically allocated memory at     amaxprofile [B,KiB,MiB]:      1009333     985.677     0.963
> 3ux4A                      1   44660   47600     180     195  100.00     0.0           2   180     1   195     1   180
> 3napA                      1   53533   51850     201     195   97.01     0.0           3   195     1   195     1   201

profile_iteration__> Weight Matrix           [sec]:     0.000000
profile_iteration__> Score Collection        [sec]:    46.503899
profile_iteration__> Score Collection/Seq    [sec]:     0.000869
profile_iteration__> DP Steps per sec    [ali/sec]:  1154.248413
profile_iteration__> Statistics              [sec]:     0.202801
profile_iteration__> Add to profile          [sec]:     0.015600
profile_iteration__> Overall performance    [/seq]:     0.000875
profile_iteration__> Overall performance [seq/sec]:  1143.479004
openf___224_> Open           build_profile.prf

Dynamically allocated memory at   amaxalignment [B,KiB,MiB]:       677228     661.355     0.646

Dynamically allocated memory at    amaxsequence [B,KiB,MiB]:       678004     662.113     0.647

Dynamically allocated memory at    amaxsequence [B,KiB,MiB]:       678720     662.812     0.647

Dynamically allocated memory at    amaxsequence [B,KiB,MiB]:       679496     663.570     0.648
openf___224_> Open           build_profile.ali

Dynamically allocated memory at          finish [B,KiB,MiB]:       654968     639.617     0.625
Starting time                                            : 2016/11/19 02:55:56
Closing time                                             : 2016/11/19 02:57:36
Total CPU time [seconds]                                 :      84.08
