
                         MODELLER 9.17, 2016/07/02, r10881

     PROTEIN STRUCTURE MODELLING BY SATISFACTION OF SPATIAL RESTRAINTS


                     Copyright(c) 1989-2016 Andrej Sali
                            All Rights Reserved

                             Written by A. Sali
                               with help from
              B. Webb, M.S. Madhusudhan, M-Y. Shen, G.Q. Dong,
          M.A. Marti-Renom, N. Eswar, F. Alber, M. Topf, B. Oliva,
             A. Fiser, R. Sanchez, B. Yerkovich, A. Badretdinov,
                     F. Melo, J.P. Overington, E. Feyfant
                 University of California, San Francisco, USA
                    Rockefeller University, New York, USA
                      Harvard University, Cambridge, USA
                   Imperial Cancer Research Fund, London, UK
              Birkbeck College, University of London, London, UK


Kind, OS, HostName, Kernel, Processor: 4, Windows Vista build 7601 Service Pack 1, SAI-PC, SMP, unknown
Date and time of compilation         : 2016/07/01 22:06:57
MODELLER executable type             : x86_64-w64
Job starting time (YY/MM/DD HH:MM:SS): 2016/11/18 21:31:52


Multiple dynamic programming alignment (MALIGN):
  Residue-residue metric  : $(LIB)/as1.sim.mat
  ALIGN_BLOCK             :            1
  Gap introduction penalty:    -900.0000
  Gap extension penalty   :     -50.0000
  Length of alignment     :          264
fndatmi_285W> Only      177 residues out of      178 contain atoms of type  CA
              (This is usually caused by non-standard residues, such
              as ligands, or by PDB files with missing atoms.)
mkfrw___326W> No selected atoms for frw position:      178
mkfrw___326W> No selected atoms for frw position:      178
mkfrw___326W> No selected atoms for frw position:      276
mkfrw___326W> No selected atoms for frw position:      276
# Sequence alignment of the structurally conserved regions
# [average distance and standard deviation are with respect
#  to the framework (i.e., average structure)]
#
#  N av ds st dv   1cwrAA 1qxnAA 2ifdAA 4f67AA 
# =============================================
   1 1.277 0.311   T 405  S  26  T 405  H  73  
# =============================================
   2 1.217 0.260   C 426  R  46  C 426  F 226  
# =============================================
   3 1.450 0.524   R 427  L  51  R 427  R 229  
# =============================================
mkfrw___326W> No selected atoms for frw position:      178
mkfrw___326W> No selected atoms for frw position:      279
mkfrw___326W> No selected atoms for frw position:      280
# Sequence alignment of the structurally conserved regions
# [average distance and standard deviation are with respect
#  to the framework (i.e., average structure)]
#
#  N av ds st dv   1cwrAA 1qxnAA 2ifdAA 4f67AA 
# =============================================
   1 1.163 0.615   I 379  A  17  I 379  E  43  
# =============================================
   2 1.232 0.236   F 386  A  20  F 386  G  44  
# =============================================
   3 0.399 0.236   T 405  S  26  T 405  H  73  
# =============================================
   4 1.355 0.398   M 406  P  27  M 406  K  75  
# =============================================
   5 0.997 0.049   C 426  R  46  C 426  F 226  
# =============================================
   6 0.935 0.160   R 427  L  51  R 427  R 229  
# =============================================
   7 1.492 0.275   C 484  A  93  C 484  R 251  
# =============================================
mkfrw___326W> No selected atoms for frw position:      178
mkfrw___326W> No selected atoms for frw position:      276
mkfrw___326W> No selected atoms for frw position:      276
# Sequence alignment of the structurally conserved regions
# [average distance and standard deviation are with respect
#  to the framework (i.e., average structure)]
#
#  N av ds st dv   1cwrAA 1qxnAA 2ifdAA 4f67AA 
# =============================================
   1 0.843 0.218   I 379  A  17  I 379  E  43  
# =============================================
   2 1.132 0.384   F 386  A  20  F 386  G  44  
# =============================================
   3 0.609 0.222   T 405  S  26  T 405  H  73  
# =============================================
   4 0.925 0.229   M 406  P  27  M 406  K  75  
# =============================================
   5 1.315 0.031   C 426  R  46  C 426  F 226  
# =============================================
   6 0.698 0.256   R 427  L  51  R 427  R 229  
# =============================================
   7 0.870 0.193   C 484  A  93  C 484  R 251  
# =============================================

Least-squares dynamic programming alignment:
     FIT_ATOMS atoms for alignment     : CA
     Max dist from frw for equivalence :    3.5000
     Gap introduction penalty          :    0.0000
     Gap extension penalty             :    1.7500
     Numb of residues in framework     :         7
fndatmi_285W> Only      177 residues out of      178 contain atoms of type  CA
              (This is usually caused by non-standard residues, such
              as ligands, or by PDB files with missing atoms.)




COMPARISON OF SEVERAL 3D STRUCTURES:


  #  ALGNMT CODE      ATOM FILE                          

  1  1cwrAA
  2  1qxnAA
  3  2ifdAA
  4  4f67AA



Variability at a given position is calculated as: 
VAR = 1/Nij * sum_ij (feat_i - feat_j)
sum runs over all pairs of proteins with residues present.
compare_349W> Some residues are without DISTANCE_ATOMS[1] atom. NALN, position:      516      516



>> Least-squares superposition (FIT)           :       T

   Atom types for superposition/RMS (FIT_ATOMS): CA
   Atom type for position average/variability (VARATOM): CA


   Position comparison (FIT_ATOMS): 

       Cutoff for RMS calculation:     3.5000

       Upper = RMS, Lower = numb equiv positions

        1cwrAA  1qxnAA  2ifdAA  4f67AA  
1cwrAA     0.000   2.003   0.351   2.010
1qxnAA        39   0.000   2.048   2.054
2ifdAA       175      39   0.000   2.035
4f67AA        20      10      20   0.000



   Distance comparison (FIT_ATOMS): 

       Cutoff for rms calculation:     3.5000

       Upper = Distance RMS, Lower = numb equiv distances

        1cwrAA  1qxnAA  2ifdAA  4f67AA  
1cwrAA     0.000   1.440   0.284   1.480
1qxnAA       715   0.000   1.454   1.265
2ifdAA     15225     716   0.000   1.411
4f67AA       186      55     185   0.000

>> Sequence comparison: 

       Diag=numb res, Upper=numb equiv res, Lower = % seq ID


           1cwrAA  1qxnAA  2ifdAA  4f67AA
1cwrAA        178       4     173       1
1qxnAA          3     137       4       0
2ifdAA         99       3     175       1
4f67AA          1       0       1     264


>> Dihedral angle comparison: Alph


       Cutoff for rms comparison:    60.0000

       Upper = RMS Alph, Lower = numb of equiv angles

        1cwrAA  1qxnAA  2ifdAA  4f67AA  
1cwrAA     0.000  29.660   5.757  34.001
1qxnAA        18   0.000  30.455  28.196
2ifdAA       172      17   0.000  34.920
4f67AA         6       4       6   0.000


>> Dihedral angle comparison: Phi 


       Cutoff for rms comparison:    60.0000

       Upper = RMS Phi , Lower = numb of equiv angles

        1cwrAA  1qxnAA  2ifdAA  4f67AA  
1cwrAA     0.000  24.051   6.542  25.752
1qxnAA        28   0.000  25.577  22.428
2ifdAA       174      29   0.000  28.112
4f67AA        16       8      16   0.000


>> Dihedral angle comparison: Psi 


       Cutoff for rms comparison:    15.0000

       Upper = RMS Psi , Lower = numb of equiv angles

        1cwrAA  1qxnAA  2ifdAA  4f67AA  
1cwrAA     0.000   8.625   5.399   8.130
1qxnAA         9   0.000  10.092   8.307
2ifdAA       164      10   0.000   0.000
4f67AA         1       4       0   0.000


>> Dihedral angle comparison: Omeg


       Cutoff for rms comparison:    60.0000

       Upper = RMS Omeg, Lower = numb of equiv angles

        1cwrAA  1qxnAA  2ifdAA  4f67AA  
1cwrAA     0.000   5.076   2.435   7.566
1qxnAA        39   0.000   3.897   6.571
2ifdAA       174      39   0.000   6.917
4f67AA        18      11      18   0.000


>> Dihedral angle comparison: chi1


       Cutoff for rms comparison:    60.0000

       Upper = RMS chi1, Lower = numb of equiv angles

        1cwrAA  1qxnAA  2ifdAA  4f67AA  
1cwrAA     0.000  36.970  12.312  15.781
1qxnAA        11   0.000  39.219  49.616
2ifdAA       151      11   0.000  11.755
4f67AA         4       2       5   0.000


>> Dihedral angle comparison: chi2


       Cutoff for rms comparison:    60.0000

       Upper = RMS chi2, Lower = numb of equiv angles

        1cwrAA  1qxnAA  2ifdAA  4f67AA  
1cwrAA     0.000  47.359  14.886  20.821
1qxnAA         3   0.000  49.246  31.649
2ifdAA       121       2   0.000   4.184
4f67AA         4       1       3   0.000


>> Dihedral angle comparison: chi3


       Cutoff for rms comparison:    60.0000

       Upper = RMS chi3, Lower = numb of equiv angles

        1cwrAA  1qxnAA  2ifdAA  4f67AA  
1cwrAA     0.000  14.297  21.466  38.765
1qxnAA         1   0.000  32.599  42.250
2ifdAA        49       1   0.000  16.179
4f67AA         4       1       2   0.000


>> Dihedral angle comparison: chi4


       Cutoff for rms comparison:    60.0000

       Upper = RMS chi4, Lower = numb of equiv angles

        1cwrAA  1qxnAA  2ifdAA  4f67AA  
1cwrAA     0.000  16.790  22.153  18.722
1qxnAA         1   0.000   8.895   0.000
2ifdAA        17       1   0.000  14.763
4f67AA         1       0       1   0.000


>> Dihedral angle comparison: chi5


       Cutoff for rms comparison:    60.0000

       Upper = RMS chi5, Lower = numb of equiv angles

        1cwrAA  1qxnAA  2ifdAA  4f67AA  
1cwrAA     0.000   0.000   0.000   0.000
1qxnAA         0   0.000   0.000   0.000
2ifdAA         0       0   0.000   0.000
4f67AA         0       0       0   0.000



>> Ramachandran mainchain class substitution
   prot 1 --> prot 2; class on vert --> class on horiz

              A      P      B      L      E      U
      A     134     10     12      3      0      3
      P      12     24      6      0      0      1
      B       6      5     70      4      0      0
      L       3      0      2      5      0      0
      E       0      0      2      0      2      0
      U       0      0      0      0      0      0


   Summary (% does not count undefined):

   CODE   # ID # NID # TOT   % ID  % NID  % TOT
      A    134    28   162   44.1    9.2   53.3
      P     24    19    43    7.9    6.2   14.1
      B     70    15    85   23.0    4.9   28.0
      L      5     5    10    1.6    1.6    3.3
      E      2     2     4    0.7    0.7    1.3
   --------------------------------------------
   SUMS    235    69   304   77.3   22.7  100.0
   --------------------------------------------
      U      0     0     0    0.0    0.0    0.0



>> Dihedral class substitution: Alph
   prot 1 --> prot 2; class on vert --> class on horiz

              1      2      3      4
      1      11      3      5      0
      2       7    119     26      4
      3       7     23     96      1
      4       0      0      0      2


   Summary (% does not count undefined):

   CODE   # ID # NID # TOT   % ID  % NID  % TOT
      1     11     8    19    3.6    2.6    6.3
      2    119    37   156   39.4   12.3   51.7
      3     96    31   127   31.8   10.3   42.1
   --------------------------------------------
   SUMS    226    76   302   74.8   25.2  100.0
   --------------------------------------------
      4      2     0     2    0.7    0.0    0.7



>> Dihedral class substitution: Phi 
   prot 1 --> prot 2; class on vert --> class on horiz

              1      2      3      4
      1     149      1     27      0
      2       1      6      4      0
      3      21      6     88      1
      4       0      0      0      0


   Summary (% does not count undefined):

   CODE   # ID # NID # TOT   % ID  % NID  % TOT
      1    149    28   177   49.0    9.2   58.2
      2      6     5    11    2.0    1.6    3.6
      3     88    28   116   28.9    9.2   38.2
   --------------------------------------------
   SUMS    243    61   304   79.9   20.1  100.0
   --------------------------------------------
      4      0     0     0    0.0    0.0    0.0



>> Dihedral class substitution: Psi 
   prot 1 --> prot 2; class on vert --> class on horiz

              1      2      3      4
      1     118      5     22      3
      2       5     23      5      0
      3      15     12     96      0
      4       0      0      0      0


   Summary (% does not count undefined):

   CODE   # ID # NID # TOT   % ID  % NID  % TOT
      1    118    30   148   38.8    9.9   48.7
      2     23    10    33    7.6    3.3   10.9
      3     96    27   123   31.6    8.9   40.5
   --------------------------------------------
   SUMS    237    67   304   78.0   22.0  100.0
   --------------------------------------------
      4      0     0     0    0.0    0.0    0.0



>> Dihedral class substitution: Omeg
   prot 1 --> prot 2; class on vert --> class on horiz

              1      2      3      4
      1     297      2      0      2
      2       0      2      0      0
      3       0      0      0      0
      4       0      0      0      1


   Summary (% does not count undefined):

   CODE   # ID # NID # TOT   % ID  % NID  % TOT
      1    297     4   301   98.0    1.3   99.3
      2      2     0     2    0.7    0.0    0.7
      3      0     0     0    0.0    0.0    0.0
   --------------------------------------------
   SUMS    299     4   303   98.7    1.3  100.0
   --------------------------------------------
      4      1     0     1    0.3    0.0    0.3



>> Dihedral class substitution: chi1
   prot 1 --> prot 2; class on vert --> class on horiz

              1      2      3      4
      1     108     20      7     10
      2      22     59      8      4
      3       7      8     16      3
      4      10      4      2     16


   Summary (% does not count undefined):

   CODE   # ID # NID # TOT   % ID  % NID  % TOT
      1    108    37   145   39.7   13.6   53.3
      2     59    34    93   21.7   12.5   34.2
      3     16    18    34    5.9    6.6   12.5
   --------------------------------------------
   SUMS    183    89   272   67.3   32.7  100.0
   --------------------------------------------
      4     16    16    32    5.3    5.3   10.5



>> Dihedral class substitution: chi2
   prot 1 --> prot 2; class on vert --> class on horiz

              1      2      3      4
      1     116     10      5     17
      2      16     32      0     14
      3       5      4      5      0
      4      18      8      3     51


   Summary (% does not count undefined):

   CODE   # ID # NID # TOT   % ID  % NID  % TOT
      1    116    32   148   51.8   14.3   66.1
      2     32    30    62   14.3   13.4   27.7
      3      5     9    14    2.2    4.0    6.2
   --------------------------------------------
   SUMS    153    71   224   68.3   31.7  100.0
   --------------------------------------------
      4     51    29    80   16.8    9.5   26.3



>> Dihedral class substitution: chi3
   prot 1 --> prot 2; class on vert --> class on horiz

              1      2      3      4
      1      42      5      2     15
      2       5     16      2      8
      3       3      2      3      2
      4      14     10      1    174


   Summary (% does not count undefined):

   CODE   # ID # NID # TOT   % ID  % NID  % TOT
      1     42    22    64   40.0   21.0   61.0
      2     16    15    31   15.2   14.3   29.5
      3      3     7    10    2.9    6.7    9.5
   --------------------------------------------
   SUMS     61    44   105   58.1   41.9  100.0
   --------------------------------------------
      4    174    25   199   57.2    8.2   65.5



>> Dihedral class substitution: chi4
   prot 1 --> prot 2; class on vert --> class on horiz

              1      2      3      4
      1      17      1      0      9
      2       2      2      2      5
      3       3      1      2      2
      4      12      2      3    241


   Summary (% does not count undefined):

   CODE   # ID # NID # TOT   % ID  % NID  % TOT
      1     17    10    27   37.0   21.7   58.7
      2      2     9    11    4.3   19.6   23.9
      3      2     6     8    4.3   13.0   17.4
   --------------------------------------------
   SUMS     21    25    46   45.7   54.3  100.0
   --------------------------------------------
      4    241    17   258   79.3    5.6   84.9



>> Dihedral class substitution: chi5
   prot 1 --> prot 2; class on vert --> class on horiz

              1      2      3      4
      1       0      0      0      3
      2       0      0      0      0
      3       0      0      0      1
      4       0      0      0    300


   Summary (% does not count undefined):

   CODE   # ID # NID # TOT   % ID  % NID  % TOT
      1      0     3     3    0.0   75.0   75.0
      2      0     0     0    0.0    0.0    0.0
      3      0     1     1    0.0   25.0   25.0
   --------------------------------------------
   SUMS      0     4     4    0.0  100.0  100.0
   --------------------------------------------
      4    300     0   300   98.7    0.0   98.7



>> Detailed comparison:


       Structure :  2
       Structure :  3
       Structure :  4
       ALN      ... alignment position
       RESID... ... residue numbers 1/2/3
       AAA      ... amino acid types 1/2/3
       MNC      ... mainchain classes 1/2/3
       ALP...   ... dihedral angle classes (alpha,phi,psi,...)

ALN RESIDUE_NUMBERS AAA MNC ALP PHI PSI OMG CH1 CH2 CH3 CH4 CH5 
---------------------------------------------------------------
  1  ---- ----  -9  --G --U --4 --4 --2 --1 --4 --4 --4 --4 --4
  2  ---- ----  -8  --H --L --2 --2 --1 --1 --3 --1 --4 --4 --4
  3  ---- ----  -7  --H --A --2 --3 --2 --1 --1 --1 --4 --4 --4
  4  ---- ----  -6  --H --B --3 --3 --3 --1 --1 --2 --4 --4 --4
  5  ---- ----  -5  --H --P --3 --1 --3 --1 --2 --2 --4 --4 --4
  6  ---- ----  -4  --H --B --3 --3 --3 --1 --2 --2 --4 --4 --4
  7  ---- ----  -3  --H --P --3 --1 --3 --1 --2 --1 --4 --4 --4
  8  ---- ----  -2  --S --P --3 --1 --3 --1 --3 --4 --4 --4 --4
  9  ---- ----  -1  --H --A --2 --1 --1 --1 --3 --1 --4 --4 --4
 10  ---- ----   0  --M --B --3 --3 --3 --1 --1 --1 --2 --4 --4
 11  ---- ----   1  --V --A --2 --1 --1 --1 --3 --4 --4 --4 --4
 12  ---- ----   2  --K --B --3 --3 --3 --1 --1 --1 --1 --2 --4
 13  ---- ----   3  --D --A --2 --3 --2 --1 --3 --1 --4 --4 --4
 14  ---- ----   4  --I --P --3 --3 --3 --1 --1 --2 --4 --4 --4
 15  ---- ----   5  --I --P --3 --3 --3 --1 --1 --1 --4 --4 --4
 16  ---- ----   6  --I --B --3 --3 --3 --1 --1 --1 --4 --4 --4
 17  ---- ----   7  --A --B --3 --3 --3 --1 --4 --4 --4 --4 --4
 18  ---- ----   8  --S --B --3 --3 --3 --1 --3 --4 --4 --4 --4
 19  ---- ----   9  --F --B --3 --3 --3 --1 --3 --1 --4 --4 --4
 20  ---- ----  10  --Y --B --3 --3 --3 --1 --3 --1 --4 --4 --4
 21  ---- ----  11  --K --B --3 --3 --3 --1 --2 --1 --1 --1 --4
 22  ---- ----  12  --F --B --3 --3 --3 --1 --1 --2 --4 --4 --4
 23  ---- ----  13  --I --B --3 --3 --3 --1 --3 --1 --4 --4 --4
 24  ---- ----  14  --P --P --3 --1 --2 --1 --1 --2 --1 --4 --4
 25  ---- ----  15  --L --B --3 --3 --3 --1 --1 --1 --4 --4 --4
 26  ---- ----  16  --N --A --2 --1 --1 --1 --3 --1 --4 --4 --4
 27  ---- ----  17  --D --A --3 --3 --2 --1 --3 --1 --4 --4 --4
 28  ---- ----  18  --F --A --2 --1 --1 --1 --3 --1 --4 --4 --4
 29    1  ---- ---- A-- U-- 4-- 4-- 2-- 1-- 4-- 4-- 4-- 4-- 4--
 30    2  ---- ---- D-- A-- 3-- 3-- 2-- 1-- 3-- 1-- 4-- 4-- 4--
 31    3  ---- ---- M-- A-- 2-- 1-- 2-- 1-- 1-- 3-- 2-- 4-- 4--
 32    4  ---- ---- G-- A-- 2-- 1-- 1-- 1-- 4-- 4-- 4-- 4-- 4--
 33    5  ---- ---- E-- A-- 2-- 1-- 1-- 1-- 2-- 1-- 1-- 4-- 4--
 34    6  ---- ---- K-- A-- 2-- 1-- 1-- 1-- 1-- 2-- 1-- 1-- 4--
 35    7  ---- ---- F-- A-- 2-- 1-- 1-- 1-- 3-- 2-- 4-- 4-- 4--
 36    8  ---- ---- D-- A-- 2-- 1-- 1-- 1-- 2-- 2-- 4-- 4-- 4--
 37    9  ---- ---- A-- A-- 2-- 1-- 1-- 1-- 4-- 4-- 4-- 4-- 4--
 38   10  ---- ---- T-- A-- 2-- 1-- 1-- 1-- 2-- 4-- 4-- 4-- 4--
 39   11  ---- ---- F-- A-- 2-- 1-- 1-- 1-- 2-- 1-- 4-- 4-- 4--
 40   12  ----  19  K-R A-A 2-2 1-1 1-1 1-1 2-1 3-1 1-1 2-3 4-4
 41  ---- ----  20  --S --A --2 --1 --1 --1 --1 --4 --4 --4 --4
 42  ---- ----  21  --L --A --2 --1 --1 --1 --1 --1 --4 --4 --4
 43  ---- ----  22  --R --A --2 --1 --1 --1 --2 --1 --1 --2 --4
 44  ---- ----  23  --E --A --2 --1 --1 --1 --2 --3 --1 --4 --4
 45  ---- ----  24  --P --A --2 --1 --1 --1 --1 --2 --1 --4 --4
 46  ---- ----  25  --I --A --2 --1 --1 --1 --1 --1 --4 --4 --4
 47  ---- ----  26  --L --A --2 --1 --1 --1 --2 --1 --4 --4 --4
 48  ---- ----  27  --T --A --2 --1 --1 --1 --1 --4 --4 --4 --4
 49  ---- ----  28  --K --A --2 --1 --1 --1 --1 --2 --1 --2 --4
 50  ---- ----  29  --M --A --2 --1 --1 --1 --1 --1 --2 --4 --4
 51  ---- ----  30  --H --A --2 --1 --1 --1 --1 --1 --4 --4 --4
 52  ---- ----  31  --E --A --2 --1 --1 --1 --1 --1 --1 --4 --4
 53  ---- ----  32  --I --A --3 --1 --1 --1 --1 --1 --4 --4 --4
 54  ---- ----  33  --G --L --3 --2 --2 --1 --4 --4 --4 --4 --4
 55  ---- ----  34  --I --P --3 --1 --3 --1 --1 --2 --4 --4 --4
 56  ---- ----  35  --K --B --2 --3 --3 --1 --1 --1 --2 --1 --4
 57  ---- ----  36  --G --B --1 --3 --3 --1 --4 --4 --4 --4 --4
 58  ---- ----  37  --T --B --3 --3 --3 --1 --1 --4 --4 --4 --4
 59  ---- ----  38  --I --B --3 --3 --3 --1 --1 --1 --4 --4 --4
 60  ---- ----  39  --I --B --3 --3 --3 --1 --1 --1 --4 --4 --4
 61  ---- ----  40  --L --B --3 --3 --3 --1 --1 --1 --4 --4 --4
 62   13  ---- ---- A-- A-- 2-- 1-- 1-- 1-- 4-- 4-- 4-- 4-- 4--
 63   14  ---- ---- Q-- A-- 2-- 1-- 1-- 1-- 1-- 1-- 1-- 4-- 4--
 64   15  ---- ---- V-- A-- 2-- 1-- 1-- 1-- 1-- 4-- 4-- 4-- 4--
 65   16  ----  41  K-A A-B 2-3 1-3 1-3 1-1 1-4 1-4 3-4 1-4 4-4
 66  ---- ---- ---- --- --- --- --- --- --- --- --- --- --- ---
 67  ---- ---- ---- --- --- --- --- --- --- --- --- --- --- ---
 68  ---- 376  ---- -M- -U- -4- -4- -3- -1- -2- -1- -2- -4- -4-
 69  ---- 377  ---- -E- -P- -3- -1- -3- -1- -3- -2- -1- -4- -4-
 70  ---- 378   42  -LH -PA -32 -31 -31 -11 -12 -11 -44 -44 -44
 71   17  379   43  AIE APA 211 111 131 111 423 411 441 444 444
 72   18  ---- ---- A-- A-- 2-- 1-- 1-- 1-- 4-- 4-- 4-- 4-- 4--
 73   19  ---- ---- K-- A-- 2-- 1-- 1-- 1-- 3-- 1-- 1-- 3-- 4--
 74  ---- 380  ---- -G- -A- -2- -1- -1- -1- -4- -4- -4- -4- -4-
 75  ---- 381  ---- -D- -A- -3- -3- -2- -1- -3- -1- -4- -4- -4-
 76  ---- 382  ---- -Y- -L- -3- -2- -2- -1- -1- -1- -4- -4- -4-
 77  ---- 383  ---- -S- -A- -1- -1- -1- -1- -1- -4- -4- -4- -4-
 78  ---- 384  ---- -K- -B- -1- -3- -3- -1- -3- -1- -3- -3- -4-
 79  ---- 385  ---- -A- -P- -3- -1- -3- -1- -4- -4- -4- -4- -4-
 80   20  386   44  AFG APB 231 113 133 111 414 414 444 444 444
 81  ---- ----  45  --V --B --3 --3 --3 --1 --3 --4 --4 --4 --4
 82  ---- ----  46  --N --B --3 --3 --3 --1 --2 --1 --4 --4 --4
 83  ---- ----  47  --G --B --3 --3 --3 --1 --4 --4 --4 --4 --4
 84  ---- ----  48  --G --B --3 --3 --3 --1 --4 --4 --4 --4 --4
 85  ---- ----  49  --F --B --3 --3 --3 --1 --3 --2 --4 --4 --4
 86  ---- ----  50  --A --B --3 --3 --3 --1 --4 --4 --4 --4 --4
 87  ---- ----  51  --G --B --1 --3 --3 --1 --4 --4 --4 --4 --4
 88  ---- ----  52  --N --P --3 --1 --3 --1 --3 --1 --4 --4 --4
 89  ---- ----  53  --R --A --2 --1 --1 --1 --2 --3 --3 --1 --4
 90  ---- ----  54  --E --A --2 --1 --1 --1 --1 --1 --1 --4 --4
 91  ---- ----  55  --Q --A --2 --1 --1 --1 --1 --1 --1 --4 --4
 92  ---- ----  56  --M --A --2 --1 --1 --1 --1 --2 --1 --4 --4
 93  ---- ----  57  --N --A --2 --1 --1 --1 --1 --1 --4 --4 --4
 94  ---- ----  58  --V --A --2 --1 --1 --1 --1 --4 --4 --4 --4
 95  ---- ----  59  --F --A --2 --1 --1 --1 --2 --2 --4 --4 --4
 96  ---- ----  60  --Y --A --2 --1 --1 --1 --1 --2 --4 --4 --4
 97  ---- ----  61  --D --A --2 --1 --1 --1 --2 --2 --4 --4 --4
 98  ---- ----  62  --Y --A --2 --1 --1 --1 --2 --2 --4 --4 --4
 99  ---- ----  63  --L --A --2 --1 --1 --1 --1 --1 --4 --4 --4
100  ---- ----  64  --R --A --2 --1 --1 --1 --1 --1 --1 --1 --4
101  ---- ----  65  --S --A --2 --1 --1 --1 --1 --4 --4 --4 --4
102  ---- ----  66  --D --P --3 --1 --3 --1 --2 --1 --4 --4 --4
103  ---- ----  67  --S --A --2 --1 --1 --1 --1 --4 --4 --4 --4
104  ---- ----  68  --R --A --2 --1 --1 --1 --1 --1 --2 --1 --4
105   21  ---- ---- D-- A-- 2-- 1-- 1-- 1-- 2-- 1-- 4-- 4-- 4--
106   22  ---- ---- M-- P-- 1-- 3-- 3-- 1-- 3-- 1-- 1-- 4-- 4--
107   23  ---- ---- V-- B-- 3-- 1-- 3-- 1-- 1-- 4-- 4-- 4-- 4--
108  ---- 387  ---- -L- -A- -2- -1- -1- -1- -2- -2- -4- -4- -4-
109   24  388  ---- ML- BP- 33- 33- 33- 11- 11- 21- 24- 44- 44-
110   25  ---- ---- L-- P-- 3-- 3-- 3-- 1-- 1-- 1-- 4-- 4-- 4--
111  ---- 389   69  -QF -PA -32 -13 -32 -11 -11 -11 -14 -44 -44
112  ---- ----  70  --A --A --2 --1 --1 --1 --4 --4 --4 --4 --4
113  ---- ----  71  --D --A --3 --3 --2 --1 --3 --1 --4 --4 --4
114  ---- ----  72  --L --P --3 --1 --3 --1 --1 --1 --4 --4 --4
115  ---- 390  ---- -T- -B- -3- -3- -3- -1- -2- -4- -4- -4- -4-
116  ---- 391  ---- -V- -B- -1- -3- -3- -1- -2- -4- -4- -4- -4-
117  ---- 392  ---- -D- -P- -3- -1- -3- -1- -2- -1- -4- -4- -4-
118  ---- 393  ---- -G- -B- -3- -3- -3- -1- -4- -4- -4- -4- -4-
119  ---- 394  ---- -K- -A- -2- -1- -1- -1- -2- -1- -1- -1- -4-
120  ---- 395  ---- -H- -B- -3- -1- -3- -1- -1- -1- -4- -4- -4-
121  ---- 396  ---- -Q- -A- -2- -1- -1- -1- -1- -2- -1- -4- -4-
122  ---- 397  ---- -D- -A- -2- -3- -1- -1- -3- -1- -4- -4- -4-
123  ---- 398  ---- -L- -P- -3- -3- -3- -1- -1- -1- -4- -4- -4-
124  ---- 399  ---- -K- -B- -3- -3- -3- -1- -1- -2- -1- -2- -4-
125  ---- 400  ---- -Y- -B- -3- -3- -3- -1- -1- -2- -4- -4- -4-
126  ---- 401  ---- -I- -B- -3- -3- -3- -1- -2- -1- -4- -4- -4-
127  ---- 402  ---- -S- -P- -3- -3- -3- -1- -1- -4- -4- -4- -4-
128  ---- 403  ---- -P- -A- -2- -1- -1- -1- -1- -2- -1- -4- -4-
129  ---- 404  ---- -E- -A- -2- -1- -1- -1- -2- -1- -1- -4- -4-
130   26  405   73  STH BAB 323 313 313 111 212 443 444 444 444
131  ---- ----  74  --F --B --3 --3 --3 --1 --1 --1 --4 --4 --4
132   27  406   75  PMK AAB 223 111 113 111 321 131 212 441 444
133  ---- ----  76  --E --B --3 --3 --3 --1 --1 --1 --1 --4 --4
134  ---- ----  77  --T --B --3 --3 --3 --1 --2 --4 --4 --4 --4
135  ---- ----  78  --Y --B --3 --3 --3 --1 --1 --1 --4 --4 --4
136  ---- ----  79  --D --B --3 --3 --3 --1 --2 --1 --4 --4 --4
137  ---- ----  80  --N --A --2 --3 --2 --1 --3 --2 --4 --4 --4
138  ---- ----  81  --K --B --3 --3 --3 --1 --1 --1 --1 --1 --4
139  ---- ----  82  --N --B --3 --1 --3 --1 --2 --1 --4 --4 --4
140  ---- ----  83  --P --A --2 --1 --1 --1 --2 --1 --2 --4 --4
141  ---- ----  84  --F --B --3 --3 --3 --1 --1 --1 --4 --4 --4
142  ---- ----  85  --D --A --1 --3 --1 --1 --1 --1 --4 --4 --4
143  ---- ----  86  --K --B --1 --3 --3 --1 --3 --1 --2 --1 --4
144  ---- ----  87  --A --B --3 --3 --3 --1 --4 --4 --4 --4 --4
145  ---- ----  88  --K --B --3 --3 --3 --1 --1 --1 --1 --1 --4
146  ---- ----  89  --V --B --3 --3 --3 --1 --1 --4 --4 --4 --4
147  ---- ----  90  --K --B --3 --3 --3 --1 --1 --1 --1 --2 --4
148  ---- ----  91  --L --B --3 --3 --3 --1 --1 --1 --4 --4 --4
149  ---- ----  92  --R --B --3 --3 --3 --1 --1 --2 --1 --2 --4
150  ---- ----  93  --K --A --2 --1 --1 --1 --1 --1 --2 --2 --4
151  ---- ----  94  --E --B --3 --3 --3 --1 --1 --1 --1 --4 --4
152  ---- ----  95  --I --A --2 --1 --1 --1 --2 --1 --4 --4 --4
153  ---- ----  96  --V --B --3 --3 --3 --1 --3 --4 --4 --4 --4
154  ---- ----  97  --T --B --3 --3 --3 --1 --1 --4 --4 --4 --4
155  ---- ----  98  --M --A --3 --3 --1 --1 --2 --1 --2 --4 --4
156  ---- ----  99  --G --L --3 --2 --2 --1 --4 --4 --4 --4 --4
157  ---- ---- 100  --V --B --3 --3 --3 --1 --1 --4 --4 --4 --4
158  ---- ---- 101  --Q --A --2 --1 --1 --1 --1 --2 --1 --4 --4
159  ---- ---- 102  --K --A --3 --3 --2 --1 --3 --1 --1 --1 --4
160  ---- ---- 103  --V --B --3 --3 --3 --1 --1 --4 --4 --4 --4
161  ---- ---- 104  --D --B --3 --3 --3 --1 --2 --1 --4 --4 --4
162  ---- ---- 105  --P --A --2 --1 --1 --1 --1 --2 --1 --4 --4
163  ---- ---- 106  --S --P --2 --1 --3 --1 --2 --4 --4 --4 --4
164  ---- ---- 107  --Y --L --2 --2 --2 --1 --1 --1 --4 --4 --4
165  ---- ---- 108  --N --A --3 --3 --2 --1 --1 --1 --4 --4 --4
166  ---- ---- 109  --A --P --2 --1 --3 --1 --4 --4 --4 --4 --4
167  ---- ---- 110  --G --L --2 --2 --2 --1 --4 --4 --4 --4 --4
168  ---- ---- 111  --T --A --2 --3 --1 --1 --2 --4 --4 --4 --4
169  ---- ---- 112  --Y --P --3 --1 --3 --1 --1 --2 --4 --4 --4
170  ---- ---- 113  --L --B --3 --3 --3 --1 --1 --1 --4 --4 --4
171  ---- ---- 114  --S --P --3 --1 --3 --1 --1 --4 --4 --4 --4
172   28  407  ---- KV- AA- 22- 11- 11- 11- 11- 14- 24- 24- 44-
173   29  408  ---- DA- AA- 22- 11- 11- 11- 14- 24- 44- 44- 44-
174  ---- 409  ---- -L- -A- -2- -1- -1- -1- -1- -1- -4- -4- -4-
175   30  410  ---- AL- AA- 22- 11- 11- 11- 41- 41- 44- 44- 44-
176   31  ---- ---- Y-- A-- 2-- 1-- 1-- 1-- 2-- 2-- 4-- 4-- 4--
177   32  ---- ---- K-- A-- 2-- 1-- 1-- 1-- 2-- 3-- 1-- 1-- 4--
178   33  411  ---- LT- AA- 23- 13- 12- 11- 32- 24- 44- 44- 44-
179   34  ---- ---- L-- A-- 2-- 1-- 1-- 1-- 1-- 1-- 4-- 4-- 4--
180   35  ---- ---- Q-- A-- 2-- 1-- 1-- 1-- 3-- 1-- 1-- 4-- 4--
181   36  ---- ---- E-- A-- 2-- 1-- 1-- 1-- 2-- 1-- 1-- 4-- 4--
182   37  ---- ---- N-- B-- 3-- 3-- 3-- 1-- 1-- 1-- 4-- 4-- 4--
183   38  ---- ---- P-- A-- 2-- 1-- 1-- 1-- 2-- 1-- 2-- 4-- 4--
184   39  ---- 115  D-P A-A 2-2 3-1 1-1 1-1 2-1 1-2 4-1 4-4 4-4
185  ---- ---- 116  --E --A --2 --1 --1 --1 --1 --3 --1 --4 --4
186  ---- ---- 117  --E --A --2 --1 --1 --1 --1 --1 --1 --4 --4
187  ---- ---- 118  --W --A --2 --1 --1 --1 --2 --2 --4 --4 --4
188  ---- ---- 119  --H --A --2 --1 --1 --1 --2 --2 --4 --4 --4
189  ---- ---- 120  --Q --A --2 --1 --1 --1 --1 --2 --1 --4 --4
190  ---- ---- 121  --F --A --2 --1 --1 --1 --2 --2 --4 --4 --4
191  ---- ---- 122  --I --A --2 --1 --2 --1 --2 --1 --4 --4 --4
192  ---- ---- 123  --Q --A --2 --1 --1 --1 --1 --1 --1 --4 --4
193  ---- ---- 124  --D --B --3 --1 --3 --1 --2 --1 --4 --4 --4
194  ---- ---- 125  --P --A --2 --1 --1 --1 --2 --1 --2 --4 --4
195  ---- ---- 126  --N --A --2 --1 --1 --1 --1 --1 --4 --4 --4
196  ---- ---- 127  --V --P --3 --1 --3 --1 --1 --4 --4 --4 --4
197  ---- ---- 128  --I --B --3 --3 --3 --1 --1 --1 --4 --4 --4
198  ---- ---- 129  --L --B --3 --3 --3 --1 --2 --2 --4 --4 --4
199  ---- ---- 130  --L --B --3 --3 --3 --1 --2 --2 --4 --4 --4
200  ---- ---- 131  --D --P --3 --1 --3 --1 --2 --1 --4 --4 --4
201  ---- ---- 132  --T --A --2 --3 --2 --1 --2 --4 --4 --4 --4
202  ---- ---- 133  --R --P --3 --1 --3 --1 --1 --1 --2 --1 --4
203  ---- ---- 134  --N --P --3 --1 --3 --1 --1 --1 --4 --4 --4
204  ---- ---- 135  --D --A --2 --1 --1 --1 --3 --1 --4 --4 --4
205  ---- ---- 136  --Y --A --2 --1 --1 --1 --3 --1 --4 --4 --4
206  ---- ---- 137  --E --A --2 --1 --1 --1 --1 --1 --1 --4 --4
207  ---- ---- 138  --Y --A --2 --1 --1 --1 --2 --1 --4 --4 --4
208  ---- ---- 139  --E --A --2 --1 --1 --1 --1 --2 --1 --4 --4
209  ---- ---- 140  --L --A --1 --1 --1 --1 --1 --1 --4 --4 --4
210  ---- ---- 141  --G --B --3 --3 --3 --1 --4 --4 --4 --4 --4
211  ---- ---- 142  --T --B --1 --3 --3 --1 --3 --4 --4 --4 --4
212  ---- ---- 143  --F --P --3 --1 --3 --1 --1 --1 --4 --4 --4
213  ---- ---- 144  --K --P --2 --1 --3 --1 --2 --1 --1 --1 --4
214  ---- ---- 145  --N --L --3 --2 --2 --1 --1 --1 --4 --4 --4
215  ---- ---- 146  --A --P --3 --1 --3 --1 --4 --4 --4 --4 --4
216  ---- ---- 147  --I --P --3 --1 --3 --1 --1 --1 --4 --4 --4
217  ---- ---- 148  --N --B --3 --3 --3 --1 --2 --1 --4 --4 --4
218  ---- ---- 149  --P --A --3 --1 --1 --1 --2 --1 --2 --4 --4
219  ---- ---- 150  --D --L --3 --2 --2 --1 --2 --1 --4 --4 --4
220  ---- ---- 151  --I --P --3 --3 --3 --1 --2 --1 --4 --4 --4
221  ---- ---- 152  --E --A --2 --3 --1 --1 --1 --1 --2 --4 --4
222  ---- ---- 153  --N --B --3 --3 --3 --1 --1 --1 --4 --4 --4
223  ---- ---- 154  --F --A --2 --1 --1 --1 --2 --2 --4 --4 --4
224  ---- ---- 155  --R --A --2 --1 --1 --1 --3 --1 --3 --3 --4
225  ---- ---- 156  --E --A --2 --1 --1 --1 --1 --1 --1 --4 --4
226  ---- ---- 157  --F --A --2 --1 --1 --1 --2 --2 --4 --4 --4
227  ---- ---- 158  --P --A --2 --1 --1 --1 --1 --2 --1 --4 --4
228  ---- ---- 159  --D --A --2 --1 --1 --1 --1 --1 --4 --4 --4
229  ---- ---- 160  --Y --A --2 --1 --1 --1 --2 --2 --4 --4 --4
230  ---- ---- 161  --V --A --2 --1 --1 --1 --1 --4 --4 --4 --4
231  ---- ---- 162  --Q --A --2 --1 --1 --1 --1 --2 --1 --4 --4
232  ---- ---- 163  --R --A --2 --3 --1 --1 --3 --1 --3 --1 --4
233  ---- ---- 164  --N --A --2 --3 --1 --1 --1 --2 --4 --4 --4
234  ---- ---- 165  --L --A --2 --3 --2 --1 --1 --1 --4 --4 --4
235  ---- ---- 166  --I --A --2 --1 --1 --1 --1 --2 --4 --4 --4
236  ---- ---- 167  --D --A --2 --1 --2 --1 --3 --2 --4 --4 --4
237  ---- ---- 168  --K --A --3 --3 --2 --1 --1 --1 --1 --3 --4
238  ---- ---- 169  --K --A --2 --1 --1 --1 --1 --1 --1 --1 --4
239  ---- ---- 170  --D --A --2 --3 --2 --1 --3 --1 --4 --4 --4
240  ---- ---- 171  --K --B --3 --3 --3 --1 --1 --2 --1 --2 --4
241  ---- ---- 172  --K --P --3 --1 --3 --1 --1 --1 --1 --2 --4
242  ---- ---- 173  --I --B --3 --3 --3 --1 --1 --1 --4 --4 --4
243  ---- ---- 174  --A --B --3 --3 --3 --1 --4 --4 --4 --4 --4
244  ---- ---- 175  --M --B --3 --3 --3 --1 --1 --1 --1 --4 --4
245  ---- ---- 176  --F --B --3 --3 --3 --1 --3 --1 --4 --4 --4
246  ---- ---- 177  --C --B --1 --3 --3 --1 --3 --4 --4 --4 --4
247  ---- ---- 178  --T --A --1 --1 --1 --1 --1 --4 --4 --4 --4
248  ---- ---- 179  --G --A --3 --3 --2 --1 --4 --4 --4 --4 --4
249   40  ---- ---- I-- B-- 3-- 1-- 3-- 1-- 1-- 1-- 4-- 4-- 4--
250   41  ---- ---- T-- P-- 3-- 3-- 3-- 1-- 1-- 4-- 4-- 4-- 4--
251   42  ---- ---- L-- B-- 3-- 3-- 3-- 1-- 2-- 2-- 4-- 4-- 4--
252  ---- 412  ---- -G- -L- -3- -2- -2- -1- -4- -4- -4- -4- -4-
253  ---- 413  ---- -K- -A- -2- -1- -1- -1- -2- -1- -1- -1- -4-
254  ---- 414  ---- -F- -A- -3- -3- -2- -1- -1- -1- -4- -4- -4-
255  ---- 415  ---- -S- -A- -2- -1- -1- -1- -1- -4- -4- -4- -4-
256  ---- 416  ---- -N- -A- -2- -1- -1- -1- -3- -1- -4- -4- -4-
257  ---- 417  ---- -I- -A- -2- -3- -1- -1- -1- -1- -4- -4- -4-
258  ---- 418  ---- -V- -B- -3- -3- -3- -1- -1- -4- -4- -4- -4-
259  ---- 419  ---- -D- -A- -2- -1- -1- -1- -2- -1- -4- -4- -4-
260  ---- 420  ---- -K- -B- -3- -3- -3- -1- -1- -1- -1- -1- -4-
261  ---- 421  180  -FG -BL -32 -32 -32 -11 -34 -14 -44 -44 -44
262  ---- ---- 181  --I --A --2 --1 --1 --1 --3 --1 --4 --4 --4
263  ---- ---- 182  --R --A --2 --1 --1 --1 --1 --1 --2 --1 --4
264  ---- ---- 183  --C --A --2 --1 --1 --1 --1 --4 --4 --4 --4
265  ---- ---- 184  --E --A --2 --1 --1 --1 --1 --2 --1 --4 --4
266  ---- ---- 185  --K --A --2 --1 --1 --1 --1 --1 --1 --1 --4
267  ---- ---- 186  --T --A --2 --1 --1 --1 --2 --4 --4 --4 --4
268  ---- ---- 187  --T --A --2 --1 --1 --1 --1 --4 --4 --4 --4
269  ---- ---- 188  --A --A --2 --1 --1 --1 --4 --4 --4 --4 --4
270  ---- ---- 189  --Y --A --2 --1 --1 --1 --2 --2 --4 --4 --4
271  ---- ---- 190  --M --A --2 --1 --1 --1 --1 --1 --2 --4 --4
272  ---- ---- 191  --K --A --2 --1 --1 --1 --2 --3 --3 --1 --4
273  ---- ---- 192  --E --A --2 --1 --1 --1 --2 --3 --1 --4 --4
274  ---- ---- 193  --L --A --3 --1 --1 --1 --1 --1 --4 --4 --4
275  ---- ---- 194  --G --L --3 --2 --2 --1 --4 --4 --4 --4 --4
276  ---- ---- 195  --F --P --3 --1 --3 --1 --1 --2 --4 --4 --4
277  ---- ---- 196  --E --A --2 --3 --1 --1 --1 --2 --1 --4 --4
278  ---- ---- 197  --H --A --3 --3 --2 --1 --1 --2 --4 --4 --4
279  ---- ---- 198  --V --B --3 --3 --3 --1 --2 --4 --4 --4 --4
280  ---- ---- 199  --Y --B --3 --3 --3 --1 --1 --2 --4 --4 --4
281  ---- ---- 200  --Q --B --3 --3 --3 --1 --3 --1 --1 --4 --4
282  ---- ---- 201  --L --B --3 --1 --3 --1 --2 --2 --4 --4 --4
283  ---- ---- 202  --H --P --1 --1 --3 --1 --2 --1 --4 --4 --4
284  ---- ---- 203  --D --L --3 --2 --2 --1 --1 --1 --4 --4 --4
285  ---- ---- 204  --G --E --1 --2 --3 --1 --4 --4 --4 --4 --4
286  ---- ---- 205  --I --A --2 --1 --1 --1 --1 --1 --4 --4 --4
287  ---- ---- 206  --L --A --2 --1 --1 --1 --1 --1 --4 --4 --4
288  ---- ---- 207  --N --A --2 --1 --1 --1 --2 --1 --4 --4 --4
289  ---- ---- 208  --Y --A --2 --1 --1 --1 --2 --1 --4 --4 --4
290  ---- ---- 209  --L --A --2 --1 --1 --1 --1 --1 --4 --4 --4
291  ---- ---- 210  --E --A --2 --1 --1 --1 --2 --3 --1 --4 --4
292  ---- ---- 211  --S --A --2 --3 --1 --1 --2 --4 --4 --4 --4
293  ---- ---- 212  --I --B --3 --3 --3 --1 --1 --2 --4 --4 --4
294  ---- ---- 213  --P --P --3 --1 --2 --1 --2 --1 --2 --4 --4
295  ---- ---- 214  --E --A --2 --1 --1 --1 --2 --1 --1 --4 --4
296  ---- ---- 215  --S --A --2 --1 --1 --1 --1 --4 --4 --4 --4
297  ---- ---- 216  --E --A --3 --3 --1 --1 --1 --1 --1 --4 --4
298  ---- ---- 217  --S --P --3 --1 --3 --1 --3 --4 --4 --4 --4
299  ---- ---- 218  --L --A --2 --3 --2 --1 --1 --1 --4 --4 --4
300  ---- ---- 219  --W --P --3 --1 --3 --1 --2 --2 --4 --4 --4
301  ---- ---- 220  --E --B --1 --3 --3 --1 --1 --1 --1 --4 --4
302  ---- ---- 221  --G --E --1 --2 --3 --1 --4 --4 --4 --4 --4
303  ---- ---- 222  --K --B --3 --3 --3 --1 --1 --1 --1 --1 --4
304  ---- ---- 223  --C --B --3 --3 --3 --1 --2 --4 --4 --4 --4
305  ---- ---- 224  --F --P --3 --1 --3 --1 --2 --1 --4 --4 --4
306   43  422  ---- IV- BB- 33- 33- 33- 11- 11- 14- 44- 44- 44-
307   44  423  ---- DI- BB- 33- 33- 33- 11- 21- 11- 44- 44- 44-
308   45  424  ---- VV- BB- 23- 33- 33- 11- 11- 44- 44- 44- 44-
309  ---- 425  225  -DV -BB -33 -33 -33 -11 -22 -14 -44 -44 -44
310   46  426  226  RCF BAA 322 331 322 111 211 242 244 144 444
311  ---- ---- 227  --D --B --1 --3 --3 --1 --3 --1 --4 --4 --4
312   47  ---- ---- D-- P-- 3-- 1-- 3-- 1-- 1-- 1-- 4-- 4-- 4--
313   48  ---- ---- P-- A-- 2-- 1-- 1-- 1-- 2-- 1-- 2-- 4-- 4--
314   49  ---- ---- D-- A-- 2-- 1-- 1-- 1-- 2-- 1-- 4-- 4-- 4--
315   50  ---- 228  E-D A-A 2-2 1-1 1-1 1-1 2-1 1-1 1-4 4-4 4-4
316   51  427  229  LRR APA 213 111 131 111 111 211 422 411 444
317  ---- ---- 230  --V --L --2 --2 --1 --1 --1 --4 --4 --4 --4
318  ---- ---- 231  --A --B --3 --3 --3 --1 --4 --4 --4 --4 --4
319   52  428  ---- KY- AP- 23- 11- 13- 11- 21- 11- 34- 14- 44-
320   53  ---- ---- A-- A-- 2-- 1-- 1-- 1-- 4-- 4-- 4-- 4-- 4--
321   54  ---- ---- M-- A-- 3-- 3-- 1-- 1-- 1-- 2-- 1-- 4-- 4--
322   55  ---- ---- G-- E-- 3-- 2-- 3-- 1-- 4-- 4-- 4-- 4-- 4--
323   56  ---- ---- K-- B-- 1-- 3-- 3-- 1-- 3-- 3-- 1-- 2-- 4--
324   57  ---- ---- P-- P-- 3-- 1-- 2-- 1-- 2-- 1-- 2-- 4-- 4--
325  ---- 429  ---- -P- -A- -2- -1- -1- -1- -1- -2- -1- -4- -4-
326  ---- 430  ---- -Y- -A- -2- -1- -1- -1- -3- -1- -4- -4- -4-
327  ---- 431  ---- -E- -A- -2- -1- -1- -1- -1- -1- -1- -4- -4-
328  ---- 432  232  -YV -AB -23 -13 -13 -11 -22 -24 -44 -44 -44
329  ---- 433  233  -ED -AP -21 -13 -13 -11 -13 -11 -14 -44 -44
330  ---- ---- 234  --Q --A --2 --1 --1 --1 --1 --1 --1 --4 --4
331  ---- ---- 235  --K --A --3 --3 --2 --1 --1 --1 --1 --3 --4
332  ---- ---- 236  --L --L --3 --2 --2 --1 --1 --1 --4 --4 --4
333  ---- 434  ---- -G- -A- -1- -1- -2- -1- -4- -4- -4- -4- -4-
334  ---- 435  237  -GD -EB -33 -33 -33 -11 -41 -41 -44 -44 -44
335  ---- ---- 238  --R --P --3 --1 --3 --1 --2 --1 --2 --2 --4
336  ---- ---- 239  --V --P --3 --1 --3 --1 --1 --4 --4 --4 --4
337  ---- ---- 240  --Y --B --2 --3 --3 --2 --2 --2 --4 --4 --4
338  ---- ---- 241  --P --P --3 --1 --2 --1 --2 --1 --2 --4 --4
339  ---- ---- 242  --Q --P --3 --1 --3 --1 --2 --3 --1 --4 --4
340  ---- ---- 243  --L --P --1 --1 --3 --1 --1 --1 --4 --4 --4
341  ---- ---- 244  --P --P --3 --1 --2 --1 --1 --2 --1 --4 --4
342  ---- ---- 245  --Q --A --2 --3 --2 --1 --1 --1 --1 --4 --4
343  ---- ---- 246  --D --A --3 --3 --2 --1 --3 --2 --4 --4 --4
344   58  436  ---- DH- BB- 31- 33- 33- 11- 23- 11- 44- 44- 44-
345  ---- 437  ---- -I- -P- -3- -1- -3- -1- -1- -1- -4- -4- -4-
346   59  438  ---- VK- BP- 32- 31- 33- 11- 21- 41- 41- 41- 44-
347   60  ---- ---- K-- A-- 2-- 1-- 1-- 1-- 3-- 1-- 3-- 2-- 4--
348   61  ---- ---- N-- B-- 3-- 3-- 3-- 1-- 3-- 1-- 4-- 4-- 4--
349   62  439  ---- YT- BL- 33- 32- 31- 11- 22- 24- 44- 44- 44-
350   63  ---- ---- K-- B-- 3-- 3-- 3-- 1-- 1-- 1-- 2-- 1-- 4--
351  ---- 440  ---- -A- -P- -3- -1- -3- -1- -4- -4- -4- -4- -4-
352   64  441  ---- HV- BB- 33- 33- 33- 11- 21- 14- 44- 44- 44-
353   65  ---- ---- M-- B-- 3-- 3-- 3-- 1-- 1-- 3-- 1-- 4-- 4--
354  ---- 442  ---- -N- -B- -3- -1- -3- -1- -2- -2- -4- -4- -4-
355  ---- 443  ---- -L- -B- -3- -3- -2- -1- -1- -1- -4- -4- -4-
356  ---- 444  ---- -P- -A- -2- -1- -1- -1- -2- -1- -2- -4- -4-
357  ---- 445  247  -LY -BA -33 -31 -31 -12 -13 -11 -44 -44 -44
358  ---- 446  248  -EK -AP -23 -11 -13 -11 -11 -11 -13 -41 -44
359  ---- ---- 249  --Y --A --2 --3 --1 --1 --3 --1 --4 --4 --4
360  ---- 447  ---- -R- -A- -2- -1- -1- -1- -3- -1- -1- -2- -4-
361  ---- 448  ---- -D- -A- -2- -1- -1- -1- -1- -1- -4- -4- -4-
362   66  449  ---- SA- AA- 22- 31- 11- 11- 14- 44- 44- 44- 44-
363   67  ---- ---- R-- E-- 1-- 2-- 3-- 1-- 2-- 3-- 2-- 1-- 4--
364   68  450  ---- GE- AA- 12- 11- 11- 11- 42- 41- 41- 44- 44-
365   69  ---- ---- K-- A-- 3-- 3-- 2-- 1-- 1-- 2-- 3-- 3-- 4--
366  ---- 451  ---- -S- -A- -2- -1- -1- -1- -3- -4- -4- -4- -4-
367  ---- 452  ---- -F- -A- -2- -1- -1- -1- -2- -1- -4- -4- -4-
368   70  453  ---- LL- LA- 32- 23- 21- 11- 31- 21- 44- 44- 44-
369   71  454  ---- EL- AA- 22- 13- 11- 11- 11- 31- 14- 44- 44-
370   72  455  ---- PK- AA- 22- 11- 11- 11- 32- 21- 11- 41- 44-
371   73  ---- ---- L-- A-- 2-- 3-- 1-- 1-- 1-- 3-- 4-- 4-- 4--
372   74  ---- ---- L-- A-- 2-- 1-- 1-- 1-- 2-- 2-- 4-- 4-- 4--
373   75  ---- ---- A-- A-- 2-- 1-- 1-- 1-- 4-- 4-- 4-- 4-- 4--
374   76  ---- ---- K-- A-- 2-- 1-- 1-- 1-- 1-- 1-- 1-- 2-- 4--
375   77  ---- ---- S-- A-- 3-- 1-- 1-- 1-- 1-- 4-- 4-- 4-- 4--
376   78  ---- ---- G-- L-- 3-- 2-- 2-- 1-- 4-- 4-- 4-- 4-- 4--
377   79  ---- ---- L-- B-- 3-- 3-- 3-- 1-- 1-- 1-- 4-- 4-- 4--
378   80  ---- ---- D-- B-- 3-- 3-- 3-- 1-- 2-- 1-- 4-- 4-- 4--
379  ---- 456  ---- -S- -B- -3- -3- -3- -1- -3- -4- -4- -4- -4-
380  ---- 457  ---- -P- -P- -3- -1- -2- -1- -1- -2- -1- -4- -4-
381  ---- 458  ---- -I- -B- -3- -1- -3- -1- -1- -3- -4- -4- -4-
382  ---- 459  ---- -A- -B- -3- -3- -3- -1- -4- -4- -4- -4- -4-
383  ---- 460  ---- -P- -P- -3- -1- -2- -1- -2- -1- -2- -4- -4-
384   81  461  ---- PC- AA- 22- 11- 11- 11- 21- 14- 24- 44- 44-
385   82  ---- ---- E-- A-- 2-- 3-- 2-- 1-- 3-- 1-- 1-- 4-- 4--
386   83  ---- ---- K-- B-- 3-- 3-- 3-- 1-- 1-- 2-- 3-- 2-- 4--
387   84  ---- ---- P-- P-- 3-- 1-- 2-- 1-- 3-- 2-- 1-- 4-- 4--
388   85  ---- ---- V-- B-- 3-- 3-- 3-- 1-- 2-- 4-- 4-- 4-- 4--
389   86  ---- ---- V-- B-- 3-- 3-- 3-- 1-- 3-- 4-- 4-- 4-- 4--
390   87  ---- ---- V-- B-- 3-- 3-- 3-- 1-- 2-- 4-- 4-- 4-- 4--
391  ---- 462  ---- -S- -B- -3- -3- -3- -1- -1- -4- -4- -4- -4-
392  ---- 463  ---- -L- -A- -2- -1- -1- -1- -1- -1- -4- -4- -4-
393  ---- 464  ---- -D- -A- -2- -3- -1- -1- -1- -1- -4- -4- -4-
394  ---- 465  ---- -K- -B- -3- -3- -3- -1- -1- -1- -3- -1- -4-
395  ---- 466  ---- -R- -B- -3- -3- -3- -1- -1- -1- -1- -1- -4-
396  ---- 467  ---- -V- -B- -3- -3- -3- -1- -1- -4- -4- -4- -4-
397  ---- 468  ---- -I- -B- -3- -3- -3- -1- -1- -1- -4- -4- -4-
398  ---- 469  ---- -L- -B- -3- -3- -3- -1- -1- -1- -4- -4- -4-
399   88  470  ---- FI- BB- 23- 33- 33- 11- 21- 22- 44- 44- 44-
400   89  471  ---- CF- LB- 33- 23- 23- 11- 11- 42- 44- 44- 44-
401   90  ---- ---- K-- A-- 2-- 1-- 1-- 1-- 3-- 3-- 1-- 3-- 4--
402   91  ---- ---- T-- A-- 2-- 1-- 1-- 1-- 1-- 4-- 4-- 4-- 4--
403  ---- 472  ---- -H- -B- -3- -3- -3- -1- -3- -2- -4- -4- -4-
404  ---- 473  ---- -C- -P- -1- -3- -3- -1- -3- -4- -4- -4- -4-
405  ---- 474  ---- -E- -A- -2- -1- -1- -1- -2- -1- -1- -4- -4-
406  ---- 475  ---- -F- -A- -3- -3- -1- -1- -1- -1- -4- -4- -4-
407  ---- 476  ---- -S- -L- -2- -2- -2- -1- -2- -4- -4- -4- -4-
408  ---- 477  ---- -S- -A- -1- -3- -1- -1- -3- -4- -4- -4- -4-
409  ---- 478  ---- -E- -A- -2- -3- -1- -1- -1- -2- -1- -4- -4-
410  ---- 479  ---- -R- -A- -2- -1- -1- -1- -1- -1- -2- -1- -4-
411  ---- 480  ---- -G- -A- -2- -1- -1- -1- -4- -4- -4- -4- -4-
412   92  481  ---- AP- AA- 22- 11- 11- 11- 41- 42- 41- 44- 44-
413  ---- 482  ---- -R- -A- -2- -1- -1- -1- -2- -1- -3- -1- -4-
414  ---- 483  250  -ME -AP -23 -11 -13 -11 -21 -32 -21 -44 -44
415   93  484  251  ACR AAA 322 111 111 111 421 441 441 443 444
416   94  ---- ---- R-- L-- 3-- 2-- 2-- 1-- 1-- 2-- 3-- 1-- 4--
417   95  ---- ---- A-- A-- 2-- 1-- 1-- 1-- 4-- 4-- 4-- 4-- 4--
418  ---- 485  252  -RE -AA -22 -11 -11 -11 -12 -13 -11 -34 -44
419  ---- 486  253  -FQ -AA -24 -11 -11 -11 -21 -21 -42 -44 -44
420  ---- 487  254  -IK -AU -24 -11 -14 -14 -12 -21 -42 -41 -44
421  ---- 488  ---- -R- -A- -2- -1- -1- -1- -2- -3- -3- -3- -4-
422  ---- 489  ---- -E- -A- -2- -1- -1- -1- -2- -1- -1- -4- -4-
423  ---- 490  ---- -R- -A- -2- -1- -1- -1- -1- -2- -2- -1- -4-
424  ---- 491  ---- -D- -A- -2- -1- -1- -1- -2- -1- -4- -4- -4-
425  ---- 492  ---- -L- -A- -2- -1- -1- -1- -1- -1- -4- -4- -4-
426  ---- 493  ---- -A- -A- -2- -1- -1- -1- -4- -4- -4- -4- -4-
427  ---- 494  ---- -V- -A- -2- -3- -2- -1- -2- -4- -4- -4- -4-
428  ---- 495  ---- -N- -B- -3- -3- -3- -1- -1- -1- -4- -4- -4-
429  ---- 496  ---- -D- -B- -1- -3- -3- -1- -1- -1- -4- -4- -4-
430  ---- 497  ---- -Y- -P- -2- -1- -3- -2- -2- -1- -4- -4- -4-
431  ---- 498  ---- -P- -A- -2- -1- -1- -1- -2- -1- -2- -4- -4-
432  ---- 499  ---- -S- -P- -3- -1- -3- -1- -2- -4- -4- -4- -4-
433  ---- 500  ---- -L- -B- -3- -3- -3- -1- -1- -1- -4- -4- -4-
434  ---- 501  ---- -Y- -A- -2- -1- -1- -1- -1- -1- -4- -4- -4-
435  ---- 502  ---- -Y- -B- -3- -3- -2- -1- -1- -1- -4- -4- -4-
436  ---- 503  ---- -P- -A- -2- -1- -1- -1- -2- -1- -2- -4- -4-
437  ---- 504  ---- -E- -B- -3- -3- -3- -1- -2- -1- -1- -4- -4-
438   96  505  ---- AM- AB- 23- 13- 13- 11- 41- 41- 41- 44- 44-
439   97  ---- ---- L-- A-- 2-- 1-- 1-- 1-- 1-- 3-- 4-- 4-- 4--
440   98  ---- ---- A-- A-- 2-- 1-- 1-- 1-- 4-- 4-- 4-- 4-- 4--
441   99  ---- ---- G-- A-- 2-- 1-- 1-- 1-- 4-- 4-- 4-- 4-- 4--
442  100  ---- ---- K-- A-- 2-- 1-- 1-- 1-- 3-- 1-- 1-- 3-- 4--
443  101  ---- ---- T-- A-- 2-- 1-- 1-- 1-- 2-- 4-- 4-- 4-- 4--
444  102  ---- ---- L-- A-- 2-- 1-- 1-- 1-- 1-- 1-- 4-- 4-- 4--
445  103  ---- ---- R-- A-- 2-- 1-- 1-- 1-- 3-- 1-- 2-- 3-- 4--
446  104  ---- ---- E-- A-- 2-- 1-- 1-- 1-- 1-- 1-- 1-- 4-- 4--
447  105  ---- ---- Y-- A-- 1-- 3-- 1-- 1-- 1-- 1-- 4-- 4-- 4--
448  106  ---- ---- G-- L-- 3-- 3-- 2-- 1-- 4-- 4-- 4-- 4-- 4--
449  107  ---- ---- F-- B-- 3-- 3-- 3-- 1-- 1-- 2-- 4-- 4-- 4--
450  108  ---- ---- K-- A-- 2-- 1-- 1-- 1-- 1-- 1-- 3-- 1-- 4--
451  109  ---- ---- T-- B-- 3-- 3-- 3-- 1-- 1-- 4-- 4-- 4-- 4--
452  110  ---- ---- I-- B-- 3-- 3-- 3-- 1-- 3-- 1-- 4-- 4-- 4--
453  111  ---- ---- Y-- B-- 3-- 3-- 3-- 1-- 1-- 2-- 4-- 4-- 4--
454  112  ---- ---- N-- B-- 3-- 3-- 3-- 1-- 2-- 1-- 4-- 4-- 4--
455  113  ---- ---- S-- B-- 3-- 3-- 3-- 1-- 2-- 4-- 4-- 4-- 4--
456  114  ---- ---- E-- P-- 2-- 1-- 3-- 1-- 2-- 3-- 1-- 4-- 4--
457  115  ---- ---- G-- E-- 3-- 2-- 3-- 1-- 4-- 4-- 4-- 4-- 4--
458  ---- 506  ---- -Y- -B- -3- -3- -3- -1- -1- -1- -4- -4- -4-
459  ---- 507  ---- -I- -B- -3- -3- -3- -1- -1- -2- -4- -4- -4-
460  116  508  ---- GL- BB- 13- 31- 33- 11- 42- 42- 44- 44- 44-
461  117  ---- ---- M-- A-- 2-- 1-- 1-- 1-- 2-- 3-- 2-- 4-- 4--
462  ---- 509  ---- -K- -P- -2- -1- -3- -1- -2- -3- -1- -2- -4-
463  118  510  ---- DG- AL- 23- 12- 12- 11- 34- 14- 44- 44- 44-
464  119  ---- ---- K-- A-- 2-- 1-- 1-- 1-- 1-- 3-- 1-- 3-- 4--
465  120  ---- ---- W-- A-- 2-- 1-- 1-- 1-- 2-- 2-- 4-- 4-- 4--
466  ---- 511  ---- -G- -E- -1- -2- -3- -1- -4- -4- -4- -4- -4-
467  ---- 512  ---- -Y- -A- -2- -1- -1- -1- -2- -2- -4- -4- -4-
468  121  513  ---- LK- AA- 22- 11- 11- 11- 12- 12- 41- 42- 44-
469  122  514  ---- EE- AA- 22- 13- 11- 11- 31- 12- 11- 44- 44-
470  123  ---- ---- E-- A-- 3-- 1-- 2-- 1-- 1-- 2-- 1-- 4-- 4--
471  ---- 515  ---- -F- -A- -2- -1- -1- -1- -2- -2- -4- -4- -4-
472  ---- 516  ---- -F- -A- -2- -1- -1- -1- -2- -2- -4- -4- -4-
473  ---- 517  ---- -P- -A- -2- -1- -1- -1- -2- -1- -2- -4- -4-
474  124  518  ---- GQ- LA- 32- 23- 21- 11- 41- 42- 41- 44- 44-
475  125  519  ---- LH- PB- 13- 13- 32- 11- 11- 11- 44- 44- 44-
476  ---- 520  ---- -P- -A- -2- -1- -1- -1- -2- -1- -2- -4- -4-
477  ---- 521  ---- -N- -A- -2- -1- -2- -1- -2- -1- -4- -4- -4-
478  ---- 522  ---- -F- -A- -2- -3- -2- -1- -1- -2- -4- -4- -4-
479  126  523  ---- PC- PB- 33- 13- 23- 11- 21- 14- 24- 44- 44-
480  127  ---- ---- S-- B-- 3-- 3-- 3-- 1-- 1-- 4-- 4-- 4-- 4--
481  128  ---- ---- L-- B-- 3-- 3-- 3-- 1-- 1-- 1-- 4-- 4-- 4--
482  ---- 524  ---- -E- -B- -2- -3- -3- -2- -3- -1- -1- -4- -4-
483  ---- 525  ---- -P- -P- -3- -1- -2- -1- -2- -1- -2- -4- -4-
484  ---- 526  ---- -Q- -B- -2- -1- -2- -1- -1- -1- -1- -4- -4-
485  ---- 527  ---- -D- -B- -3- -3- -3- -1- -2- -1- -4- -4- -4-
486  129  528  ---- DY- BB- 33- 33- 33- 11- 32- 12- 44- 44- 44-
487  130  529  ---- RR- BB- 33- 13- 23- 11- 22- 11- 32- 11- 44-
488  131  ---- ---- S-- P-- 3-- 1-- 3-- 1-- 2-- 4-- 4-- 4-- 4--
489  132  ---- ---- H-- B-- 3-- 3-- 3-- 1-- 3-- 1-- 4-- 4-- 4--
490  133  ---- ---- H-- A-- 2-- 3-- 1-- 1-- 2-- 1-- 4-- 4-- 4--
491  134  ---- ---- H-- B-- 2-- 1-- 2-- 1-- 2-- 2-- 4-- 4-- 4--
492  135  ---- ---- H-- B-- 3-- 3-- 3-- 1-- 2-- 2-- 4-- 4-- 4--
493  136  ---- ---- H-- A-- 4-- 3-- 1-- 1-- 1-- 2-- 4-- 4-- 4--
494  137  ---- ---- H-- U-- 4-- 3-- 4-- 4-- 1-- 1-- 4-- 4-- 4--
495  ---- 530  ---- -P- -P- -3- -1- -2- -1- -1- -2- -1- -4- -4-
496  ---- 531  ---- -M- -A- -2- -1- -1- -1- -2- -1- -2- -4- -4-
497  ---- 532  ---- -N- -A- -3- -1- -2- -1- -3- -1- -4- -4- -4-
498  ---- 533  ---- -H- -P- -3- -1- -3- -1- -2- -1- -4- -4- -4-
499  ---- 534  ---- -E- -A- -2- -1- -1- -1- -1- -1- -2- -4- -4-
500  ---- 535  ---- -A- -A- -2- -1- -2- -1- -4- -4- -4- -4- -4-
501  ---- 536  ---- -F- -A- -2- -3- -2- -1- -1- -2- -4- -4- -4-
502  ---- 537  ---- -K- -A- -2- -1- -1- -1- -1- -1- -1- -1- -4-
503  ---- 538  ---- -D- -A- -2- -1- -1- -1- -1- -1- -4- -4- -4-
504  ---- 539  ---- -E- -A- -2- -1- -1- -1- -1- -3- -1- -4- -4-
505  ---- 540  ---- -L- -A- -2- -1- -1- -1- -2- -1- -4- -4- -4-
506  ---- 541  ---- -K- -A- -2- -1- -1- -1- -1- -1- -1- -1- -4-
507  ---- 542  ---- -T- -A- -2- -1- -1- -1- -1- -4- -4- -4- -4-
508  ---- 543  ---- -F- -A- -2- -1- -1- -1- -2- -2- -4- -4- -4-
509  ---- 544  ---- -R- -A- -2- -1- -1- -1- -1- -1- -1- -1- -4-
510  ---- 545  ---- -L- -A- -2- -1- -2- -1- -1- -1- -4- -4- -4-
511  ---- 546  ---- -K- -A- -2- -3- -1- -1- -1- -1- -1- -1- -4-
512  ---- 547  ---- -T- -P- -3- -1- -3- -1- -2- -4- -4- -4- -4-
513  ---- 548  ---- -R- -A- -2- -1- -1- -1- -1- -1- -1- -1- -4-
514  ---- 549  ---- -S- -B- -4- -3- -3- -1- -3- -4- -4- -4- -4-
515  ---- 550  ---- -W- -U- -4- -3- -4- -4- -3- -1- -4- -4- -4-
516  ---- ---- ---- --- --- --- --- --- --- --- --- --- --- ---

Sequence identity comparison (ID_TABLE):

   Diagonal       ... number of residues;
   Upper triangle ... number of identical residues;
   Lower triangle ... % sequence identity, id/min(length).

         1cwrAA@21qxnAA@12ifdAA@24f67AA@1
1cwrAA@2      178       4     173       1
1qxnAA@1        3     137       4       0
2ifdAA@2       99       3     175       1
4f67AA@1        1       0       1     264


Weighted pair-group average clustering based on a distance matrix:


                                                               .--- 1cwrAA@2.1     1.0000
                                                               |
         .--------------------------------------------------------- 2ifdAA@2.0    97.0000
         |
        .---------------------------------------------------------- 1qxnAA@1.0    99.5000
        |
      .------------------------------------------------------------ 4f67AA@1.8

      +----+----+----+----+----+----+----+----+----+----+----+----+
   103.4400   85.7100   67.9800   50.2500   32.5200   14.7900   -2.9400
         94.5750   76.8450   59.1150   41.3850   23.6550    5.9250



Total CPU time [seconds]                                 :       1.48
