
                         MODELLER 9.17, 2016/07/02, r10881

     PROTEIN STRUCTURE MODELLING BY SATISFACTION OF SPATIAL RESTRAINTS


                     Copyright(c) 1989-2016 Andrej Sali
                            All Rights Reserved

                             Written by A. Sali
                               with help from
              B. Webb, M.S. Madhusudhan, M-Y. Shen, G.Q. Dong,
          M.A. Marti-Renom, N. Eswar, F. Alber, M. Topf, B. Oliva,
             A. Fiser, R. Sanchez, B. Yerkovich, A. Badretdinov,
                     F. Melo, J.P. Overington, E. Feyfant
                 University of California, San Francisco, USA
                    Rockefeller University, New York, USA
                      Harvard University, Cambridge, USA
                   Imperial Cancer Research Fund, London, UK
              Birkbeck College, University of London, London, UK


Kind, OS, HostName, Kernel, Processor: 4, Windows Vista build 7601 Service Pack 1, SAI-PC, SMP, unknown
Date and time of compilation         : 2016/07/01 22:06:57
MODELLER executable type             : x86_64-w64
Job starting time (YY/MM/DD HH:MM:SS): 2016/11/29 17:47:21


Multiple dynamic programming alignment (MALIGN):
  Residue-residue metric  : $(LIB)/as1.sim.mat
  ALIGN_BLOCK             :            1
  Gap introduction penalty:    -900.0000
  Gap extension penalty   :     -50.0000
  Length of alignment     :           91
# Sequence alignment of the structurally conserved regions
# [average distance and standard deviation are with respect
#  to the framework (i.e., average structure)]
#
#  N av ds st dv   5a48A  5a49A  5a49B  2lh9A  5cd7A  
# ====================================================
   1 1.681 0.677   E 151  E 151  E 151  L  35  R 150  
# ====================================================
   2 1.177 0.492   Y 153  Y 153  Y 153  E  36  Y 153  
# ====================================================
   3 0.852 0.470   D 155  D 155  D 155  L  39  D 155  
   4 0.724 0.393   I 156  I 156  I 156  V  40  I 156  
   5 0.795 0.360   D 157  D 157  D 157  S  41  D 157  
   6 0.693 0.304   S 158  S 158  S 158  K  42  S 158  
   7 0.373 0.147   E 159  E 159  E 159  M  43  E 159  
   8 0.370 0.113   V 160  V 160  V 160  L  44  V 160  
   9 0.495 0.060 * R 161  R 161  R 161  R  45  R 161  
  10 0.548 0.178 * A 162  A 162  A 162  A  46  A 162  
  11 0.495 0.196   I 163  I 163  I 163  V  47  I 163  
  12 0.518 0.155 * L 164  L 164  L 164  L  48  L 164  
  13 0.595 0.231   L 165  L 165  L 165  Q  49  L 165  
  14 0.831 0.355 * S 166  S 166  S 166  S  50  S 166  
# ====================================================
  15 0.928 0.400   A 168  Q 169  A 168  K  52  A 168  
# ====================================================
  16 0.676 0.467 * G 171  G 171  G 171  G  54  G 171  
  17 0.555 0.337 * I 172  I 172  I 172  I  55  I 172  
  18 0.671 0.479   T 173  T 173  T 173  V  56  T 173  
  19 0.729 0.465   I 174  I 174  I 174  L  57  I 174  
  20 0.580 0.239   S 175  S 175  S 175  P  58  S 175  
  21 0.598 0.181   S 176  S 176  S 176  R  59  S 176  
  22 0.629 0.285   I 177  I 177  I 177  L  60  I 177  
  23 0.608 0.257   K 178  K 178  K 178  Q  61  K 178  
  24 0.574 0.186   S 179  S 179  S 179  G  62  S 179  
  25 0.411 0.168 * E 180  E 180  E 180  E  63  E 180  
  26 0.688 0.471 * Y 181  Y 181  Y 181  Y  64  Y 181  
  27 0.791 0.538 * R 182  R 182  R 182  R  65  R 182  
  28 0.675 0.389   K 183  K 183  K 183  S  66  K 183  
  29 0.720 0.413 * L 184  L 184  L 184  L  67  L 184  
  30 1.088 0.782 * T 185  T 185  T 185  T  68  T 185  
# ====================================================
  31 0.807 0.444   N 187  N 187  N 187  G  69  N 187  
  32 0.911 0.556   P 188  P 188  P 188  D  70  P 188  
  33 0.696 0.305   F 189  F 189  F 189  W  71  F 189  
# ====================================================
  34 0.631 0.120   L 191  L 191  L 191  P  73  L 191  
# ====================================================
  35 1.241 0.567   D 193  D 193  D 193  K  75  D 193  
# ====================================================
  36 1.090 0.550   N 194  N 194  N 194  Y  79  N 194  
# ====================================================
  37 0.837 0.405   V 195  V 195  V 195  Y  85  V 195  
  38 0.967 0.648   T 196  T 196  T 196  L  86  T 196  
# ====================================================
  39 0.962 0.558   D 197  D 197  D 197  S  88  D 197  
# ====================================================
  40 0.878 0.553   L 200  L 200  L 200  V  89  L 200  
# ====================================================
  41 0.942 0.387   P 203  P 203  P 203  A  91  P 203  
# ====================================================
  42 0.939 0.629 * V 205  V 205  V 205  V  93  V 205  
  43 0.806 0.548   T 206  T 206  T 206  R  94  T 206  
  44 0.729 0.390   A 207  A 207  A 207  I  95  A 207  
  45 0.816 0.572 * E 208  E 208  E 208  E  96  E 208  
  46 0.795 0.323   C 209  C 209  C 209  A  97  C 209  
  47 0.759 0.320 * S 210  S 210  S 210  S  98  S 210  
  48 1.196 0.357   E 211  E 211  E 211  R  99  E 211  
  49 1.126 0.558 * S 212  S 212  S 212  S 100  S 212  
  50 0.909 0.275 * G 213  G 213  G 213  G 101  G 213  
  51 0.529 0.090   K 214  K 214  K 214  E 102  K 214  
  52 0.519 0.329   R 215  R 215  R 215  I 103  R 215  
  53 0.540 0.407   I 216  I 216  I 216  V 104  I 216  
  54 0.560 0.357   F 217  F 217  F 217  C 105  F 217  
  55 0.624 0.299   N 218  N 218  N 218  Y 106  N 218  
  56 0.961 0.702   L 219  L 219  L 219  A 107  L 219  
# ====================================================
# Sequence alignment of the structurally conserved regions
# [average distance and standard deviation are with respect
#  to the framework (i.e., average structure)]
#
#  N av ds st dv   5a48A  5a49A  5a49B  2lh9A  5cd7A  
# ====================================================
   1 1.942 0.809   E 151  E 151  E 151  L  35  R 150  
# ====================================================
   2 1.323 0.503   Y 153  Y 153  Y 153  E  36  Y 153  
# ====================================================
   3 0.926 0.381   D 155  D 155  D 155  L  39  D 155  
   4 0.774 0.388   I 156  I 156  I 156  V  40  I 156  
   5 0.834 0.391   D 157  D 157  D 157  S  41  D 157  
   6 0.710 0.263   S 158  S 158  S 158  K  42  S 158  
   7 0.375 0.098   E 159  E 159  E 159  M  43  E 159  
   8 0.389 0.127   V 160  V 160  V 160  L  44  V 160  
   9 0.523 0.071 * R 161  R 161  R 161  R  45  R 161  
  10 0.539 0.107 * A 162  A 162  A 162  A  46  A 162  
  11 0.451 0.121   I 163  I 163  I 163  V  47  I 163  
  12 0.509 0.156 * L 164  L 164  L 164  L  48  L 164  
  13 0.607 0.154   L 165  L 165  L 165  Q  49  L 165  
  14 0.816 0.239 * S 166  S 166  S 166  S  50  S 166  
# ====================================================
  15 0.896 0.463   A 168  Q 169  A 168  K  52  A 168  
# ====================================================
  16 0.619 0.332 * G 171  G 171  G 171  G  54  G 171  
  17 0.535 0.292 * I 172  I 172  I 172  I  55  I 172  
  18 0.701 0.462   T 173  T 173  T 173  V  56  T 173  
  19 0.746 0.487   I 174  I 174  I 174  L  57  I 174  
  20 0.596 0.281   S 175  S 175  S 175  P  58  S 175  
  21 0.635 0.244   S 176  S 176  S 176  R  59  S 176  
  22 0.659 0.353   I 177  I 177  I 177  L  60  I 177  
  23 0.587 0.334   K 178  K 178  K 178  Q  61  K 178  
  24 0.544 0.225   S 179  S 179  S 179  G  62  S 179  
  25 0.417 0.224 * E 180  E 180  E 180  E  63  E 180  
  26 0.680 0.492 * Y 181  Y 181  Y 181  Y  64  Y 181  
  27 0.751 0.449 * R 182  R 182  R 182  R  65  R 182  
  28 0.627 0.300   K 183  K 183  K 183  S  66  K 183  
  29 0.660 0.331 * L 184  L 184  L 184  L  67  L 184  
  30 1.035 0.696 * T 185  T 185  T 185  T  68  T 185  
# ====================================================
  31 0.830 0.433   N 187  N 187  N 187  G  69  N 187  
  32 0.844 0.507   P 188  P 188  P 188  D  70  P 188  
  33 0.644 0.396   F 189  F 189  F 189  W  71  F 189  
# ====================================================
  34 0.510 0.087   L 191  L 191  L 191  P  73  L 191  
  35 1.258 0.688   H 192  H 192  H 192  F  74  H 192  
  36 1.201 0.566   D 193  D 193  D 193  K  75  D 193  
# ====================================================
  37 1.020 0.585   N 194  N 194  N 194  Y  79  N 194  
# ====================================================
  38 0.719 0.392   V 195  V 195  V 195  Y  85  V 195  
  39 0.887 0.615   T 196  T 196  T 196  L  86  T 196  
# ====================================================
  40 0.816 0.567   D 197  D 197  D 197  S  88  D 197  
# ====================================================
  41 0.848 0.503   L 200  L 200  L 200  V  89  L 200  
# ====================================================
  42 0.906 0.342   P 203  P 203  P 203  A  91  P 203  
# ====================================================
  43 0.907 0.539 * V 205  V 205  V 205  V  93  V 205  
  44 0.727 0.457   T 206  T 206  T 206  R  94  T 206  
  45 0.615 0.326   A 207  A 207  A 207  I  95  A 207  
  46 0.674 0.471 * E 208  E 208  E 208  E  96  E 208  
  47 0.681 0.255   C 209  C 209  C 209  A  97  C 209  
  48 0.700 0.198 * S 210  S 210  S 210  S  98  S 210  
  49 1.129 0.416   E 211  E 211  E 211  R  99  E 211  
  50 1.029 0.400 * S 212  S 212  S 212  S 100  S 212  
  51 0.850 0.235 * G 213  G 213  G 213  G 101  G 213  
  52 0.462 0.069   K 214  K 214  K 214  E 102  K 214  
  53 0.395 0.268   R 215  R 215  R 215  I 103  R 215  
  54 0.466 0.343   I 216  I 216  I 216  V 104  I 216  
  55 0.540 0.319   F 217  F 217  F 217  C 105  F 217  
  56 0.560 0.212   N 218  N 218  N 218  Y 106  N 218  
  57 0.897 0.629   L 219  L 219  L 219  A 107  L 219  
# ====================================================
# Sequence alignment of the structurally conserved regions
# [average distance and standard deviation are with respect
#  to the framework (i.e., average structure)]
#
#  N av ds st dv   5a48A  5a49A  5a49B  2lh9A  5cd7A  
# ====================================================
   1 1.330 0.490   Y 153  Y 153  Y 153  E  36  Y 153  
# ====================================================
   2 0.945 0.392   D 155  D 155  D 155  L  39  D 155  
   3 0.794 0.405   I 156  I 156  I 156  V  40  I 156  
   4 0.853 0.406   D 157  D 157  D 157  S  41  D 157  
   5 0.726 0.277   S 158  S 158  S 158  K  42  S 158  
   6 0.380 0.096   E 159  E 159  E 159  M  43  E 159  
   7 0.398 0.132   V 160  V 160  V 160  L  44  V 160  
   8 0.536 0.081 * R 161  R 161  R 161  R  45  R 161  
   9 0.546 0.111 * A 162  A 162  A 162  A  46  A 162  
  10 0.450 0.121   I 163  I 163  I 163  V  47  I 163  
  11 0.505 0.159 * L 164  L 164  L 164  L  48  L 164  
  12 0.621 0.153   L 165  L 165  L 165  Q  49  L 165  
  13 0.825 0.251 * S 166  S 166  S 166  S  50  S 166  
# ====================================================
  14 0.889 0.476   A 168  Q 169  A 168  K  52  A 168  
# ====================================================
  15 0.619 0.327 * G 171  G 171  G 171  G  54  G 171  
  16 0.539 0.291 * I 172  I 172  I 172  I  55  I 172  
  17 0.706 0.467   T 173  T 173  T 173  V  56  T 173  
  18 0.748 0.493   I 174  I 174  I 174  L  57  I 174  
  19 0.602 0.294   S 175  S 175  S 175  P  58  S 175  
  20 0.641 0.253   S 176  S 176  S 176  R  59  S 176  
  21 0.658 0.356   I 177  I 177  I 177  L  60  I 177  
  22 0.586 0.340   K 178  K 178  K 178  Q  61  K 178  
  23 0.548 0.235   S 179  S 179  S 179  G  62  S 179  
  24 0.419 0.229 * E 180  E 180  E 180  E  63  E 180  
  25 0.673 0.485 * Y 181  Y 181  Y 181  Y  64  Y 181  
  26 0.740 0.428 * R 182  R 182  R 182  R  65  R 182  
  27 0.616 0.287   K 183  K 183  K 183  S  66  K 183  
  28 0.652 0.321 * L 184  L 184  L 184  L  67  L 184  
  29 1.023 0.678 * T 185  T 185  T 185  T  68  T 185  
# ====================================================
  30 0.846 0.438   N 187  N 187  N 187  G  69  N 187  
  31 0.831 0.496   P 188  P 188  P 188  D  70  P 188  
  32 0.666 0.426   F 189  F 189  F 189  W  71  F 189  
# ====================================================
  33 0.504 0.099   L 191  L 191  L 191  P  73  L 191  
  34 1.199 0.658   H 192  H 192  H 192  F  74  H 192  
  35 1.199 0.576   D 193  D 193  D 193  K  75  D 193  
# ====================================================
  36 1.002 0.591   N 194  N 194  N 194  Y  79  N 194  
# ====================================================
  37 0.674 0.361   V 195  V 195  V 195  Y  85  V 195  
  38 0.866 0.602   T 196  T 196  T 196  L  86  T 196  
# ====================================================
  39 0.767 0.532   D 197  D 197  D 197  S  88  D 197  
# ====================================================
  40 0.840 0.518   L 200  L 200  L 200  V  89  L 200  
# ====================================================
  41 0.920 0.362   P 203  P 203  P 203  A  91  P 203  
# ====================================================
  42 0.914 0.558 * V 205  V 205  V 205  V  93  V 205  
  43 0.725 0.467   T 206  T 206  T 206  R  94  T 206  
  44 0.606 0.324   A 207  A 207  A 207  I  95  A 207  
  45 0.669 0.459 * E 208  E 208  E 208  E  96  E 208  
  46 0.693 0.256   C 209  C 209  C 209  A  97  C 209  
  47 0.706 0.200 * S 210  S 210  S 210  S  98  S 210  
  48 1.127 0.423   E 211  E 211  E 211  R  99  E 211  
  49 1.018 0.408 * S 212  S 212  S 212  S 100  S 212  
  50 0.856 0.241 * G 213  G 213  G 213  G 101  G 213  
  51 0.468 0.078   K 214  K 214  K 214  E 102  K 214  
  52 0.391 0.272   R 215  R 215  R 215  I 103  R 215  
  53 0.466 0.344   I 216  I 216  I 216  V 104  I 216  
  54 0.542 0.324   F 217  F 217  F 217  C 105  F 217  
  55 0.561 0.220   N 218  N 218  N 218  Y 106  N 218  
  56 0.902 0.644   L 219  L 219  L 219  A 107  L 219  
# ====================================================
# Sequence alignment of the structurally conserved regions
# [average distance and standard deviation are with respect
#  to the framework (i.e., average structure)]
#
#  N av ds st dv   5a48A  5a49A  5a49B  2lh9A  5cd7A  
# ====================================================
   1 1.361 0.538   Y 153  Y 153  Y 153  E  36  Y 153  
# ====================================================
   2 0.952 0.320   D 155  D 155  D 155  L  39  D 155  
   3 0.803 0.352   I 156  I 156  I 156  V  40  I 156  
   4 0.838 0.365   D 157  D 157  D 157  S  41  D 157  
   5 0.699 0.227   S 158  S 158  S 158  K  42  S 158  
   6 0.371 0.112   E 159  E 159  E 159  M  43  E 159  
   7 0.389 0.131   V 160  V 160  V 160  L  44  V 160  
   8 0.514 0.074 * R 161  R 161  R 161  R  45  R 161  
   9 0.533 0.089 * A 162  A 162  A 162  A  46  A 162  
  10 0.462 0.125   I 163  I 163  I 163  V  47  I 163  
  11 0.517 0.150 * L 164  L 164  L 164  L  48  L 164  
  12 0.609 0.138   L 165  L 165  L 165  Q  49  L 165  
  13 0.824 0.220 * S 166  S 166  S 166  S  50  S 166  
# ====================================================
  14 0.900 0.493   A 168  Q 169  A 168  K  52  A 168  
# ====================================================
  15 0.616 0.315 * G 171  G 171  G 171  G  54  G 171  
  16 0.538 0.291 * I 172  I 172  I 172  I  55  I 172  
  17 0.703 0.459   T 173  T 173  T 173  V  56  T 173  
  18 0.732 0.490   I 174  I 174  I 174  L  57  I 174  
  19 0.584 0.297   S 175  S 175  S 175  P  58  S 175  
  20 0.637 0.262   S 176  S 176  S 176  R  59  S 176  
  21 0.650 0.362   I 177  I 177  I 177  L  60  I 177  
  22 0.564 0.355   K 178  K 178  K 178  Q  61  K 178  
  23 0.545 0.237   S 179  S 179  S 179  G  62  S 179  
  24 0.428 0.240 * E 180  E 180  E 180  E  63  E 180  
  25 0.673 0.480 * Y 181  Y 181  Y 181  Y  64  Y 181  
  26 0.730 0.401 * R 182  R 182  R 182  R  65  R 182  
  27 0.606 0.265   K 183  K 183  K 183  S  66  K 183  
  28 0.627 0.296 * L 184  L 184  L 184  L  67  L 184  
  29 0.990 0.645 * T 185  T 185  T 185  T  68  T 185  
# ====================================================
  30 0.877 0.461   N 187  N 187  N 187  G  69  N 187  
  31 0.843 0.524   P 188  P 188  P 188  D  70  P 188  
  32 0.645 0.431   F 189  F 189  F 189  W  71  F 189  
# ====================================================
  33 0.484 0.143   L 191  L 191  L 191  P  73  L 191  
  34 1.164 0.700   H 192  H 192  H 192  F  74  H 192  
  35 1.178 0.567   D 193  D 193  D 193  K  75  D 193  
# ====================================================
  36 0.968 0.597   N 194  N 194  N 194  Y  79  N 194  
# ====================================================
  37 0.645 0.398   V 195  V 195  V 195  Y  85  V 195  
  38 0.891 0.621   T 196  T 196  T 196  L  86  T 196  
# ====================================================
  39 0.772 0.584   D 197  D 197  D 197  S  88  D 197  
# ====================================================
  40 0.868 0.543   L 200  L 200  L 200  V  89  L 200  
# ====================================================
  41 0.879 0.302   P 203  P 203  P 203  A  91  P 203  
# ====================================================
  42 0.917 0.540 * V 205  V 205  V 205  V  93  V 205  
  43 0.739 0.454   T 206  T 206  T 206  R  94  T 206  
  44 0.613 0.322   A 207  A 207  A 207  I  95  A 207  
  45 0.665 0.447 * E 208  E 208  E 208  E  96  E 208  
  46 0.703 0.266   C 209  C 209  C 209  A  97  C 209  
  47 0.723 0.200 * S 210  S 210  S 210  S  98  S 210  
  48 1.144 0.467   E 211  E 211  E 211  R  99  E 211  
  49 1.023 0.379 * S 212  S 212  S 212  S 100  S 212  
  50 0.851 0.265 * G 213  G 213  G 213  G 101  G 213  
  51 0.451 0.091   K 214  K 214  K 214  E 102  K 214  
  52 0.356 0.261   R 215  R 215  R 215  I 103  R 215  
  53 0.457 0.334   I 216  I 216  I 216  V 104  I 216  
  54 0.551 0.322   F 217  F 217  F 217  C 105  F 217  
  55 0.564 0.213   N 218  N 218  N 218  Y 106  N 218  
  56 0.893 0.632   L 219  L 219  L 219  A 107  L 219  
# ====================================================

Least-squares dynamic programming alignment:
     FIT_ATOMS atoms for alignment     : CA
     Max dist from frw for equivalence :    3.5000
     Gap introduction penalty          :    0.0000
     Gap extension penalty             :    1.7500
     Numb of residues in framework     :        56




COMPARISON OF SEVERAL 3D STRUCTURES:


  #  ALGNMT CODE      ATOM FILE                          

  1  5a48A
  2  5a49A
  3  5a49B
  4  2lh9A
  5  5cd7A



Variability at a given position is calculated as: 
VAR = 1/Nij * sum_ij (feat_i - feat_j)
sum runs over all pairs of proteins with residues present.



>> Least-squares superposition (FIT)           :       T

   Atom types for superposition/RMS (FIT_ATOMS): CA
   Atom type for position average/variability (VARATOM): CA


   Position comparison (FIT_ATOMS): 

       Cutoff for RMS calculation:     3.5000

       Upper = RMS, Lower = numb equiv positions

        5a48A   5a49A   5a49B   2lh9A   5cd7A   
5a48A      0.000   1.135   0.633   1.825   1.204
5a49A         72   0.000   1.133   1.684   0.825
5a49B         74      69   0.000   1.789   1.231
2lh9A         58      57      58   0.000   1.871
5cd7A         71      68      70      57   0.000



   Distance comparison (FIT_ATOMS): 

       Cutoff for rms calculation:     3.5000

       Upper = Distance RMS, Lower = numb equiv distances

        5a48A   5a49A   5a49B   2lh9A   5cd7A   
5a48A      0.000   0.768   0.397   1.377   0.808
5a49A       2552   0.000   0.745   1.404   0.596
5a49B       2701    2344   0.000   1.309   0.816
2lh9A       1625    1566    1633   0.000   1.349
5cd7A       2485    2346    2415    1543   0.000

>> Sequence comparison: 

       Diag=numb res, Upper=numb equiv res, Lower = % seq ID


            5a48A   5a49A   5a49B   2lh9A   5cd7A
5a48A          84      66      72      16      69
5a49A          88      75      65      17      66
5a49B          97      88      74      16      68
2lh9A          21      23      22      78      16
5cd7A          90      88      92      21      77


>> Dihedral angle comparison: Alph


       Cutoff for rms comparison:    60.0000

       Upper = RMS Alph, Lower = numb of equiv angles

        5a48A   5a49A   5a49B   2lh9A   5cd7A   
5a48A      0.000  10.904   6.817  15.120   9.823
5a49A         69   0.000  11.908  18.102  12.331
5a49B         71      66   0.000  13.825   9.596
2lh9A         49      50      49   0.000  15.256
5cd7A         69      67      68      47   0.000


>> Dihedral angle comparison: Phi 


       Cutoff for rms comparison:    60.0000

       Upper = RMS Phi , Lower = numb of equiv angles

        5a48A   5a49A   5a49B   2lh9A   5cd7A   
5a48A      0.000  10.516   7.630  20.022  13.687
5a49A         70   0.000   8.524  20.350  12.451
5a49B         73      68   0.000  18.517  12.766
2lh9A         53      52      52   0.000  19.678
5cd7A         70      69      70      52   0.000


>> Dihedral angle comparison: Psi 


       Cutoff for rms comparison:    15.0000

       Upper = RMS Psi , Lower = numb of equiv angles

        5a48A   5a49A   5a49B   2lh9A   5cd7A   
5a48A      0.000   5.793   5.929   7.502   6.830
5a49A         59   0.000   5.731   8.126   7.001
5a49B         67      60   0.000   7.843   6.690
2lh9A         30      37      35   0.000   7.011
5cd7A         52      60      53      28   0.000


>> Dihedral angle comparison: Omeg


       Cutoff for rms comparison:    60.0000

       Upper = RMS Omeg, Lower = numb of equiv angles

        5a48A   5a49A   5a49B   2lh9A   5cd7A   
5a48A      0.000   4.419   3.309   7.393   4.674
5a49A         71   0.000   4.252   6.788   4.705
5a49B         73      68   0.000   6.913   4.112
2lh9A         58      57      58   0.000   7.157
5cd7A         70      68      69      57   0.000


>> Dihedral angle comparison: chi1


       Cutoff for rms comparison:    60.0000

       Upper = RMS chi1, Lower = numb of equiv angles

        5a48A   5a49A   5a49B   2lh9A   5cd7A   
5a48A      0.000  10.630  11.300  21.974  14.439
5a49A         47   0.000   6.010  15.129  10.762
5a49B         50      48   0.000  21.559  11.631
2lh9A         16      21      25   0.000  19.237
5cd7A         48      48      52      20   0.000


>> Dihedral angle comparison: chi2


       Cutoff for rms comparison:    60.0000

       Upper = RMS chi2, Lower = numb of equiv angles

        5a48A   5a49A   5a49B   2lh9A   5cd7A   
5a48A      0.000  11.028  11.604  34.540  18.052
5a49A         31   0.000  14.588  32.431  16.003
5a49B         37      36   0.000  21.293  14.855
2lh9A         12      15      13   0.000  18.194
5cd7A         27      34      29      11   0.000


>> Dihedral angle comparison: chi3


       Cutoff for rms comparison:    60.0000

       Upper = RMS chi3, Lower = numb of equiv angles

        5a48A   5a49A   5a49B   2lh9A   5cd7A   
5a48A      0.000  17.779  18.401   7.321  26.881
5a49A          9   0.000  22.526  24.014  28.271
5a49B         12      14   0.000  16.387  20.829
2lh9A          3       5       4   0.000  24.710
5cd7A         11       8      11       3   0.000


>> Dihedral angle comparison: chi4


       Cutoff for rms comparison:    60.0000

       Upper = RMS chi4, Lower = numb of equiv angles

        5a48A   5a49A   5a49B   2lh9A   5cd7A   
5a48A      0.000  27.103  10.247   6.266   7.315
5a49A          5   0.000   8.779   3.506   8.848
5a49B          6       5   0.000   0.000   6.575
2lh9A          1       1       0   0.000   0.000
5cd7A          3       4       3       0   0.000


>> Dihedral angle comparison: chi5


       Cutoff for rms comparison:    60.0000

       Upper = RMS chi5, Lower = numb of equiv angles

        5a48A   5a49A   5a49B   2lh9A   5cd7A   
5a48A      0.000   0.000   0.000   0.000   0.000
5a49A          0   0.000   0.000   0.000   0.000
5a49B          0       0   0.000   0.000   0.000
2lh9A          0       0       0   0.000   0.000
5cd7A          0       0       0       0   0.000



>> Ramachandran mainchain class substitution
   prot 1 --> prot 2; class on vert --> class on horiz

              A      P      B      L      E      U
      A     381      3      4      0      0      2
      P       3     55     13      1      0      2
      B       9     15    117      3      0      1
      L       0      3      1     28      0      0
      E       0      0      0      0     10      0
      U       0      4      0      0      0      0


   Summary (% does not count undefined):

   CODE   # ID # NID # TOT   % ID  % NID  % TOT
      A    381     9   390   58.5    1.4   59.9
      P     55    19    74    8.4    2.9   11.4
      B    117    28   145   18.0    4.3   22.3
      L     28     4    32    4.3    0.6    4.9
      E     10     0    10    1.5    0.0    1.5
   --------------------------------------------
   SUMS    591    60   651   90.8    9.2  100.0
   --------------------------------------------
      U      0     4     4    0.0    0.6    0.6



>> Dihedral class substitution: Alph
   prot 1 --> prot 2; class on vert --> class on horiz

              1      2      3      4
      1       0      0      7      0
      2       0    368     11      2
      3       4     11    238      4
      4       0      0      8      2


   Summary (% does not count undefined):

   CODE   # ID # NID # TOT   % ID  % NID  % TOT
      1      0     7     7    0.0    1.1    1.1
      2    368    13   381   57.1    2.0   59.1
      3    238    19   257   36.9    2.9   39.8
   --------------------------------------------
   SUMS    606    39   645   94.0    6.0  100.0
   --------------------------------------------
      4      2     8    10    0.3    1.2    1.5



>> Dihedral class substitution: Phi 
   prot 1 --> prot 2; class on vert --> class on horiz

              1      2      3      4
      1     373      1     20      2
      2       3     38      1      0
      3      58      3    155      1
      4       0      0      0      0


   Summary (% does not count undefined):

   CODE   # ID # NID # TOT   % ID  % NID  % TOT
      1    373    23   396   56.9    3.5   60.5
      2     38     4    42    5.8    0.6    6.4
      3    155    62   217   23.7    9.5   33.1
   --------------------------------------------
   SUMS    566    89   655   86.4   13.6  100.0
   --------------------------------------------
      4      0     0     0    0.0    0.0    0.0



>> Dihedral class substitution: Psi 
   prot 1 --> prot 2; class on vert --> class on horiz

              1      2      3      4
      1     326     19      4      0
      2      21     63      7      0
      3       9      8    192      2
      4       0      0      4      0


   Summary (% does not count undefined):

   CODE   # ID # NID # TOT   % ID  % NID  % TOT
      1    326    23   349   50.1    3.5   53.6
      2     63    28    91    9.7    4.3   14.0
      3    192    19   211   29.5    2.9   32.4
   --------------------------------------------
   SUMS    581    70   651   89.2   10.8  100.0
   --------------------------------------------
      4      0     4     4    0.0    0.6    0.6



>> Dihedral class substitution: Omeg
   prot 1 --> prot 2; class on vert --> class on horiz

              1      2      3      4
      1     649      0      0      2
      2       0      0      0      0
      3       0      0      0      0
      4       4      0      0      0


   Summary (% does not count undefined):

   CODE   # ID # NID # TOT   % ID  % NID  % TOT
      1    649     2   651   99.7    0.3  100.0
      2      0     0     0    0.0    0.0    0.0
      3      0     0     0    0.0    0.0    0.0
   --------------------------------------------
   SUMS    649     2   651   99.7    0.3  100.0
   --------------------------------------------
      4      0     4     4    0.0    0.6    0.6



>> Dihedral class substitution: chi1
   prot 1 --> prot 2; class on vert --> class on horiz

              1      2      3      4
      1     224     67     19     11
      2      67    138      7      7
      3      12     15     19      2
      4      11      8      0     48


   Summary (% does not count undefined):

   CODE   # ID # NID # TOT   % ID  % NID  % TOT
      1    224    97   321   38.1   16.5   54.6
      2    138    81   219   23.5   13.8   37.2
      3     19    29    48    3.2    4.9    8.2
   --------------------------------------------
   SUMS    381   207   588   64.8   35.2  100.0
   --------------------------------------------
      4     48    19    67    7.3    2.9   10.2



>> Dihedral class substitution: chi2
   prot 1 --> prot 2; class on vert --> class on horiz

              1      2      3      4
      1     214     54      7     34
      2      36     52      1     14
      3       3      9      2      1
      4      33     13      4    178


   Summary (% does not count undefined):

   CODE   # ID # NID # TOT   % ID  % NID  % TOT
      1    214    95   309   50.1   22.2   72.4
      2     52    51   103   12.2   11.9   24.1
      3      2    13    15    0.5    3.0    3.5
   --------------------------------------------
   SUMS    268   159   427   62.8   37.2  100.0
   --------------------------------------------
      4    178    50   228   27.2    7.6   34.8



>> Dihedral class substitution: chi3
   prot 1 --> prot 2; class on vert --> class on horiz

              1      2      3      4
      1      64      0      9     15
      2      14     25      3     11
      3       7      2      2      1
      4      29      8      7    458


   Summary (% does not count undefined):

   CODE   # ID # NID # TOT   % ID  % NID  % TOT
      1     64    24    88   41.8   15.7   57.5
      2     25    28    53   16.3   18.3   34.6
      3      2    10    12    1.3    6.5    7.8
   --------------------------------------------
   SUMS     91    62   153   59.5   40.5  100.0
   --------------------------------------------
      4    458    44   502   69.9    6.7   76.6



>> Dihedral class substitution: chi4
   prot 1 --> prot 2; class on vert --> class on horiz

              1      2      3      4
      1      24      6      6     14
      2       3      1      2      2
      3       3      2      1      2
      4      11      9      7    562


   Summary (% does not count undefined):

   CODE   # ID # NID # TOT   % ID  % NID  % TOT
      1     24    26    50   36.4   39.4   75.8
      2      1     7     8    1.5   10.6   12.1
      3      1     7     8    1.5   10.6   12.1
   --------------------------------------------
   SUMS     26    40    66   39.4   60.6  100.0
   --------------------------------------------
      4    562    27   589   85.8    4.1   89.9



>> Dihedral class substitution: chi5
   prot 1 --> prot 2; class on vert --> class on horiz

              1      2      3      4
      1       0      0      0      0
      2       0      0      0      0
      3       0      0      0      0
      4       0      0      0    655


   Summary (% does not count undefined):

   CODE   # ID # NID # TOT   % ID  % NID  % TOT
      1      0     0     0    0.0    0.0    0.0
      2      0     0     0    0.0    0.0    0.0
      3      0     0     0    0.0    0.0    0.0
   --------------------------------------------
   SUMS      0     0     0    0.0    0.0    0.0
   --------------------------------------------
      4    655     0   655  100.0    0.0  100.0



>> Detailed comparison:


       Structure :  3
       Structure :  4
       Structure :  5
       ALN      ... alignment position
       RESID... ... residue numbers 1/2/3
       AAA      ... amino acid types 1/2/3
       MNC      ... mainchain classes 1/2/3
       ALP...   ... dihedral angle classes (alpha,phi,psi,...)

ALN RESIDUE_NUMBERS AAA MNC ALP PHI PSI OMG CH1 CH2 CH3 CH4 CH5 
---------------------------------------------------------------
  1  ---- ---- 148  --G --U --4 --4 --3 --1 --4 --4 --4 --4 --4
  2  ---- ---- 149  --S --A --2 --3 --2 --1 --1 --4 --4 --4 --4
  3  ----  -2  ---- -G- -U- -4- -4- -3- -1- -4- -4- -4- -4- -4-
  4  ----  -1  ---- -H- -B- -1- -3- -3- -1- -2- -1- -4- -4- -4-
  5  ----  34  ---- -M- -P- -3- -1- -3- -1- -1- -3- -2- -4- -4-
  6  ---- ---- ---- --- --- --- --- --- --- --- --- --- --- ---
  7  ---- ---- ---- --- --- --- --- --- --- --- --- --- --- ---
  8  ---- ---- ---- --- --- --- --- --- --- --- --- --- --- ---
  9  ---- ---- ---- --- --- --- --- --- --- --- --- --- --- ---
 10  ---- ---- ---- --- --- --- --- --- --- --- --- --- --- ---
 11  ---- ---- ---- --- --- --- --- --- --- --- --- --- --- ---
 12  ---- ---- ---- --- --- --- --- --- --- --- --- --- --- ---
 13  ---- ---- ---- --- --- --- --- --- --- --- --- --- --- ---
 14  147  ---- ---- I-- U-- 4-- 4-- 1-- 1-- 3-- 1-- 4-- 4-- 4--
 15  ---- ---- ---- --- --- --- --- --- --- --- --- --- --- ---
 16  148  ---- ---- S-- A-- 2-- 1-- 2-- 1-- 1-- 4-- 4-- 4-- 4--
 17  ---- ---- ---- --- --- --- --- --- --- --- --- --- --- ---
 18  149  ---- 150  V-R A-A 2-2 1-1 1-1 1-1 3-2 4-3 4-3 4-2 4-4
 19  150  ---- ---- R-- A-- 2-- 1-- 1-- 1-- 1-- 1-- 1-- 3-- 4--
 20  151   35  ---- EL- AP- 23- 11- 13- 11- 11- 11- 14- 44- 44-
 21  152  ---- 151  E-E A-A 2-2 1-1 1-1 1-1 2-2 1-1 1-1 4-4 4-4
 22  ---- ---- 152  --E --A --2 --3 --1 --1 --2 --1 --1 --4 --4
 23  153   36  153  YEY BAB 323 313 312 111 121 211 414 444 444
 24  ----  37  ---- -A- -A- -2- -1- -1- -1- -4- -4- -4- -4- -4-
 25  ----  38  ---- -D- -A- -2- -1- -1- -1- -2- -1- -4- -4- -4-
 26  154  ---- 154  P-P A-A 2-2 1-1 1-1 1-1 2-2 1-1 2-2 4-4 4-4
 27  155   39  155  DLD AAA 222 313 212 111 221 111 444 444 444
 28  156   40  156  IVI AAA 222 111 111 111 323 143 444 444 444
 29  157   41  157  DSD AAA 222 111 111 111 121 142 444 444 444
 30  158   42  158  SKS AAA 222 111 111 111 211 414 414 434 444
 31  159   43  159  EME AAA 222 111 111 111 111 111 131 444 444
 32  160   44  160  VLV AAA 222 111 111 111 121 424 444 444 444
 33  161   45  161  RRR AAA 222 111 111 111 221 121 111 213 444
 34  162   46  162  AAA AAA 222 111 111 111 444 444 444 444 444
 35  163   47  163  IVI AAA 222 111 111 111 111 141 444 444 444
 36  164   48  164  LLL AAA 222 111 111 111 111 111 444 444 444
 37  165   49  165  LQL AAA 222 111 111 111 212 222 414 444 444
 38  166   50  166  SSS AAA 222 111 111 111 122 444 444 444 444
 39  ----  51  ---- -H- -B- -3- -3- -2- -1- -1- -2- -4- -4- -4-
 40  167  ---- 167  H-H A-A 3-3 3-3 2-2 1-1 1-1 1-1 4-4 4-4 4-4
 41  168   52  168  AKA AAA 222 111 111 111 414 424 414 424 444
 42  169   53  169  QNQ AAA 232 111 111 111 222 113 141 444 444
 43  170  ---- 170  N-N A-A 3-3 3-3 1-2 1-1 1-1 1-2 4-4 4-4 4-4
 44  171   54  171  GGG EEE 333 222 333 111 444 444 444 444 444
 45  172   55  172  III BBB 333 333 333 111 323 111 444 444 444
 46  173   56  173  TVT PPP 333 111 333 111 222 444 444 444 444
 47  174   57  174  ILI AAA 222 111 111 111 131 112 444 444 444
 48  175   58  175  SPS AAA 222 111 111 111 121 414 424 444 444
 49  176   59  176  SRS AAA 222 111 111 111 222 414 414 414 444
 50  177   60  177  ILI AAA 222 111 111 111 121 121 444 444 444
 51  178   61  178  KQK AAA 222 111 111 111 111 121 311 141 444
 52  179   62  179  SGS AAA 222 111 111 111 141 444 444 444 444
 53  180   63  180  EEE AAA 222 111 111 111 111 222 111 444 444
 54  181   64  181  YYY AAA 222 111 111 111 222 211 444 444 444
 55  182   65  182  RRR AAA 222 111 111 111 222 123 231 312 444
 56  183   66  183  KSK AAA 222 111 111 111 222 141 143 141 444
 57  184   67  184  LLL AAA 222 111 111 111 222 222 444 444 444
 58  185   68  185  TTT AAA 333 313 111 111 222 444 444 444 444
 59  186  ---- 186  G-G L-L 2-2 2-2 2-2 1-1 4-4 4-4 4-4 4-4 4-4
 60  187   69  187  NGN BLB 323 323 323 111 141 141 444 444 444
 61  188   70  188  PDP PBP 333 131 232 111 221 112 241 444 444
 62  189   71  189  FWF PPP 313 111 333 111 212 212 444 444 444
 63  ----  72  ---- -I- -P- -3- -1- -3- -1- -1- -2- -4- -4- -4-
 64  190  ---- 190  P-P A-A 2-2 1-1 1-1 1-1 2-2 1-1 2-2 4-4 4-4
 65  191   73  191  LPL BAB 333 311 313 111 121 111 424 444 444
 66  192   74  192  HFH AAA 222 313 111 111 131 111 444 444 444
 67  193   75  193  DKD BAB 222 313 313 111 221 111 414 414 444
 68  ----  76  ---- -Q- -A- -2- -1- -1- -1- -1- -3- -1- -4- -4-
 69  ----  77  ---- -L- -A- -3- -1- -1- -1- -1- -1- -4- -4- -4-
 70  ----  78  ---- -G- -L- -3- -2- -2- -1- -4- -4- -4- -4- -4-
 71  194   79  194  NYN LPL 333 212 232 111 111 111 444 444 444
 72  ----  80  ---- -P- -A- -2- -1- -1- -1- -2- -1- -2- -4- -4-
 73  ----  81  ---- -T- -B- -3- -3- -3- -1- -2- -4- -4- -4- -4-
 74  ----  82  ---- -L- -A- -2- -1- -1- -1- -1- -3- -4- -4- -4-
 75  ----  83  ---- -E- -A- -2- -1- -1- -1- -3- -1- -1- -4- -4-
 76  ----  84  ---- -A- -A- -2- -1- -1- -1- -4- -4- -4- -4- -4-
 77  195   85  195  VYV AAA 222 111 111 111 121 424 444 444 444
 78  196   86  196  TLT AAA 222 111 111 111 111 414 444 444 444
 79  ----  87  ---- -R- -A- -2- -1- -1- -1- -1- -3- -1- -3- -4-
 80  197   88  197  DSD AAA 222 111 121 111 122 142 444 444 444
 81  198  ---- 198  F-F A-A 2-2 1-1 1-1 1-1 2-2 2-2 4-4 4-4 4-4
 82  199  ---- 199  L-M A-A 2-2 1-1 1-1 1-1 1-1 1-2 4-1 4-4 4-4
 83  200   89  200  LVL AAA 232 131 222 111 131 141 444 444 444
 84  ----  90  ---- -P- -A- -2- -1- -1- -1- -2- -1- -2- -4- -4-
 85  201  ---- 201  T-T A-A 2-2 3-1 2-1 1-1 2-1 4-4 4-4 4-4 4-4
 86  202  ---- 202  I-I P-P 3-3 3-3 3-3 1-1 1-1 1-1 4-4 4-4 4-4
 87  203   91  203  PAP PAP 222 111 212 111 141 242 141 444 444
 88  ----  92  ---- -V- -A- -2- -3- -1- -1- -1- -4- -4- -4- -4-
 89  204  ---- 204  N-N L-L 3-3 2-2 1-2 1-1 1-2 1-1 4-4 4-4 4-4
 90  205   93  205  VVV PBB 333 133 333 111 111 444 444 444 444
 91  206   94  206  TRT BBB 333 333 333 111 222 414 434 434 444
 92  207   95  207  AIA BBB 333 333 333 111 424 414 444 444 444
 93  208   96  208  EEE BBB 333 333 333 111 313 111 111 444 444
 94  209   97  209  CAC BPB 333 313 333 111 241 444 444 444 444
 95  210   98  210  SSS PPP 333 111 333 111 131 444 444 444 444
 96  211   99  211  ERE AAA 222 111 111 111 132 221 111 424 444
 97  212  100  212  SSS AAA 333 113 112 111 121 444 444 444 444
 98  213  101  213  GGG LLL 323 222 222 111 444 444 444 444 444
 99  214  102  214  KEK PPB 333 111 333 111 111 122 211 142 444
100  215  103  215  RIR BBB 333 331 333 111 232 121 242 141 444
101  216  104  216  IVI BBB 333 333 333 111 111 241 444 444 444
102  217  105  217  FCF BBB 333 333 333 111 111 242 444 444 444
103  218  106  218  NYN BBB 333 333 333 111 212 111 444 444 444
104  219  107  219  LAL BPP 433 331 333 111 241 241 444 444 444
105  ---- 108  ---- -V- -A- -4- -3- -1- -1- -1- -4- -4- -4- -4-
106  ---- 109  ---- -A- -U- -4- -3- -4- -4- -4- -4- -4- -4- -4-
107  220  ---- 220  K-K U-P 4-3 1-1 4-3 4-1 1-1 2-1 1-3 3-1 4-4
108  ---- ---- 221  --A --P --3 --1 --3 --1 --4 --4 --4 --4 --4
109  ---- ---- 222  --S --P --3 --1 --3 --1 --2 --4 --4 --4 --4
110  ---- ---- 223  --L --B --4 --3 --3 --1 --3 --1 --4 --4 --4
111  ---- ---- 224  --K --U --4 --3 --4 --4 --3 --1 --3 --3 --4

Sequence identity comparison (ID_TABLE):

   Diagonal       ... number of residues;
   Upper triangle ... number of identical residues;
   Lower triangle ... % sequence identity, id/min(length).

         5a48A @25a49A @25a49B @22lh9A @15cd7A @2
5a48A @2       84      66      72      16      69
5a49A @2       88      75      65      17      66
5a49B @2       97      88      74      16      68
2lh9A @1       21      23      22      78      16
5cd7A @2       90      88      92      21      77


Weighted pair-group average clustering based on a distance matrix:


                                                               .--- 5a48A @2.3     3.0000
                                                               |
                                                           .------- 5a49B @2.1     9.0000
                                                           |
                                                         .--------- 5cd7A @2.5    12.0000
                                                         |
        .---------------------------------------------------------- 5a49A @2.1    77.8750
        |
      .------------------------------------------------------------ 2lh9A @1.0

      +----+----+----+----+----+----+----+----+----+----+----+----+
    80.8700   67.3925   53.9150   40.4375   26.9600   13.4825    0.0050
         74.1313   60.6538   47.1763   33.6987   20.2212    6.7437



Total CPU time [seconds]                                 :       1.40
