
                         MODELLER 9.17, 2016/07/02, r10881

     PROTEIN STRUCTURE MODELLING BY SATISFACTION OF SPATIAL RESTRAINTS


                     Copyright(c) 1989-2016 Andrej Sali
                            All Rights Reserved

                             Written by A. Sali
                               with help from
              B. Webb, M.S. Madhusudhan, M-Y. Shen, G.Q. Dong,
          M.A. Marti-Renom, N. Eswar, F. Alber, M. Topf, B. Oliva,
             A. Fiser, R. Sanchez, B. Yerkovich, A. Badretdinov,
                     F. Melo, J.P. Overington, E. Feyfant
                 University of California, San Francisco, USA
                    Rockefeller University, New York, USA
                      Harvard University, Cambridge, USA
                   Imperial Cancer Research Fund, London, UK
              Birkbeck College, University of London, London, UK


Kind, OS, HostName, Kernel, Processor: 4, Windows Vista build 7601 Service Pack 1, SAI-PC, SMP, unknown
Date and time of compilation         : 2016/07/01 22:06:57
MODELLER executable type             : x86_64-w64
Job starting time (YY/MM/DD HH:MM:SS): 2016/12/02 00:32:14


Multiple dynamic programming alignment (MALIGN):
  Residue-residue metric  : $(LIB)/as1.sim.mat
  ALIGN_BLOCK             :            1
  Gap introduction penalty:    -900.0000
  Gap extension penalty   :     -50.0000
  Length of alignment     :          154
malign3_327W> Only one structure; nothing done.




COMPARISON OF SEVERAL 3D STRUCTURES:


  #  ALGNMT CODE      ATOM FILE                          

  1  4epzA



Variability at a given position is calculated as: 
VAR = 1/Nij * sum_ij (feat_i - feat_j)
sum runs over all pairs of proteins with residues present.



>> Least-squares superposition (FIT)           :       T

   Atom types for superposition/RMS (FIT_ATOMS): CA
   Atom type for position average/variability (VARATOM): CA


   Position comparison (FIT_ATOMS): 

       Cutoff for RMS calculation:     3.5000

       Upper = RMS, Lower = numb equiv positions

        4epzA   
4epzA      0.000



   Distance comparison (FIT_ATOMS): 

       Cutoff for rms calculation:     3.5000

       Upper = Distance RMS, Lower = numb equiv distances

        4epzA   
4epzA      0.000

>> Sequence comparison: 

       Diag=numb res, Upper=numb equiv res, Lower = % seq ID


            4epzA
4epzA           3


>> Dihedral angle comparison: Alph


       Cutoff for rms comparison:    60.0000

       Upper = RMS Alph, Lower = numb of equiv angles

        4epzA   
4epzA      0.000


>> Dihedral angle comparison: Phi 


       Cutoff for rms comparison:    60.0000

       Upper = RMS Phi , Lower = numb of equiv angles

        4epzA   
4epzA      0.000


>> Dihedral angle comparison: Psi 


       Cutoff for rms comparison:    15.0000

       Upper = RMS Psi , Lower = numb of equiv angles

        4epzA   
4epzA      0.000


>> Dihedral angle comparison: Omeg


       Cutoff for rms comparison:    60.0000

       Upper = RMS Omeg, Lower = numb of equiv angles

        4epzA   
4epzA      0.000


>> Dihedral angle comparison: chi1


       Cutoff for rms comparison:    60.0000

       Upper = RMS chi1, Lower = numb of equiv angles

        4epzA   
4epzA      0.000


>> Dihedral angle comparison: chi2


       Cutoff for rms comparison:    60.0000

       Upper = RMS chi2, Lower = numb of equiv angles

        4epzA   
4epzA      0.000


>> Dihedral angle comparison: chi3


       Cutoff for rms comparison:    60.0000

       Upper = RMS chi3, Lower = numb of equiv angles

        4epzA   
4epzA      0.000


>> Dihedral angle comparison: chi4


       Cutoff for rms comparison:    60.0000

       Upper = RMS chi4, Lower = numb of equiv angles

        4epzA   
4epzA      0.000


>> Dihedral angle comparison: chi5


       Cutoff for rms comparison:    60.0000

       Upper = RMS chi5, Lower = numb of equiv angles

        4epzA   
4epzA      0.000



>> Ramachandran mainchain class substitution
   prot 1 --> prot 2; class on vert --> class on horiz

              A      P      B      L      E      U
      A       0      0      0      0      0      0
      P       0      0      0      0      0      0
      B       0      0      0      0      0      0
      L       0      0      0      0      0      0
      E       0      0      0      0      0      0
      U       0      0      0      0      0      0


   Summary (% does not count undefined):

   CODE   # ID # NID # TOT   % ID  % NID  % TOT
      A      0     0     0    0.0    0.0    0.0
      P      0     0     0    0.0    0.0    0.0
      B      0     0     0    0.0    0.0    0.0
      L      0     0     0    0.0    0.0    0.0
      E      0     0     0    0.0    0.0    0.0
   --------------------------------------------
   SUMS      0     0     0    0.0    0.0    0.0
   --------------------------------------------
      U      0     0     0    0.0    0.0    0.0



>> Dihedral class substitution: Alph
   prot 1 --> prot 2; class on vert --> class on horiz

              1      2      3      4
      1       0      0      0      0
      2       0      0      0      0
      3       0      0      0      0
      4       0      0      0      0


   Summary (% does not count undefined):

   CODE   # ID # NID # TOT   % ID  % NID  % TOT
      1      0     0     0    0.0    0.0    0.0
      2      0     0     0    0.0    0.0    0.0
      3      0     0     0    0.0    0.0    0.0
   --------------------------------------------
   SUMS      0     0     0    0.0    0.0    0.0
   --------------------------------------------
      4      0     0     0    0.0    0.0    0.0



>> Dihedral class substitution: Phi 
   prot 1 --> prot 2; class on vert --> class on horiz

              1      2      3      4
      1       0      0      0      0
      2       0      0      0      0
      3       0      0      0      0
      4       0      0      0      0


   Summary (% does not count undefined):

   CODE   # ID # NID # TOT   % ID  % NID  % TOT
      1      0     0     0    0.0    0.0    0.0
      2      0     0     0    0.0    0.0    0.0
      3      0     0     0    0.0    0.0    0.0
   --------------------------------------------
   SUMS      0     0     0    0.0    0.0    0.0
   --------------------------------------------
      4      0     0     0    0.0    0.0    0.0



>> Dihedral class substitution: Psi 
   prot 1 --> prot 2; class on vert --> class on horiz

              1      2      3      4
      1       0      0      0      0
      2       0      0      0      0
      3       0      0      0      0
      4       0      0      0      0


   Summary (% does not count undefined):

   CODE   # ID # NID # TOT   % ID  % NID  % TOT
      1      0     0     0    0.0    0.0    0.0
      2      0     0     0    0.0    0.0    0.0
      3      0     0     0    0.0    0.0    0.0
   --------------------------------------------
   SUMS      0     0     0    0.0    0.0    0.0
   --------------------------------------------
      4      0     0     0    0.0    0.0    0.0



>> Dihedral class substitution: Omeg
   prot 1 --> prot 2; class on vert --> class on horiz

              1      2      3      4
      1       0      0      0      0
      2       0      0      0      0
      3       0      0      0      0
      4       0      0      0      0


   Summary (% does not count undefined):

   CODE   # ID # NID # TOT   % ID  % NID  % TOT
      1      0     0     0    0.0    0.0    0.0
      2      0     0     0    0.0    0.0    0.0
      3      0     0     0    0.0    0.0    0.0
   --------------------------------------------
   SUMS      0     0     0    0.0    0.0    0.0
   --------------------------------------------
      4      0     0     0    0.0    0.0    0.0



>> Dihedral class substitution: chi1
   prot 1 --> prot 2; class on vert --> class on horiz

              1      2      3      4
      1       0      0      0      0
      2       0      0      0      0
      3       0      0      0      0
      4       0      0      0      0


   Summary (% does not count undefined):

   CODE   # ID # NID # TOT   % ID  % NID  % TOT
      1      0     0     0    0.0    0.0    0.0
      2      0     0     0    0.0    0.0    0.0
      3      0     0     0    0.0    0.0    0.0
   --------------------------------------------
   SUMS      0     0     0    0.0    0.0    0.0
   --------------------------------------------
      4      0     0     0    0.0    0.0    0.0



>> Dihedral class substitution: chi2
   prot 1 --> prot 2; class on vert --> class on horiz

              1      2      3      4
      1       0      0      0      0
      2       0      0      0      0
      3       0      0      0      0
      4       0      0      0      0


   Summary (% does not count undefined):

   CODE   # ID # NID # TOT   % ID  % NID  % TOT
      1      0     0     0    0.0    0.0    0.0
      2      0     0     0    0.0    0.0    0.0
      3      0     0     0    0.0    0.0    0.0
   --------------------------------------------
   SUMS      0     0     0    0.0    0.0    0.0
   --------------------------------------------
      4      0     0     0    0.0    0.0    0.0



>> Dihedral class substitution: chi3
   prot 1 --> prot 2; class on vert --> class on horiz

              1      2      3      4
      1       0      0      0      0
      2       0      0      0      0
      3       0      0      0      0
      4       0      0      0      0


   Summary (% does not count undefined):

   CODE   # ID # NID # TOT   % ID  % NID  % TOT
      1      0     0     0    0.0    0.0    0.0
      2      0     0     0    0.0    0.0    0.0
      3      0     0     0    0.0    0.0    0.0
   --------------------------------------------
   SUMS      0     0     0    0.0    0.0    0.0
   --------------------------------------------
      4      0     0     0    0.0    0.0    0.0



>> Dihedral class substitution: chi4
   prot 1 --> prot 2; class on vert --> class on horiz

              1      2      3      4
      1       0      0      0      0
      2       0      0      0      0
      3       0      0      0      0
      4       0      0      0      0


   Summary (% does not count undefined):

   CODE   # ID # NID # TOT   % ID  % NID  % TOT
      1      0     0     0    0.0    0.0    0.0
      2      0     0     0    0.0    0.0    0.0
      3      0     0     0    0.0    0.0    0.0
   --------------------------------------------
   SUMS      0     0     0    0.0    0.0    0.0
   --------------------------------------------
      4      0     0     0    0.0    0.0    0.0



>> Dihedral class substitution: chi5
   prot 1 --> prot 2; class on vert --> class on horiz

              1      2      3      4
      1       0      0      0      0
      2       0      0      0      0
      3       0      0      0      0
      4       0      0      0      0


   Summary (% does not count undefined):

   CODE   # ID # NID # TOT   % ID  % NID  % TOT
      1      0     0     0    0.0    0.0    0.0
      2      0     0     0    0.0    0.0    0.0
      3      0     0     0    0.0    0.0    0.0
   --------------------------------------------
   SUMS      0     0     0    0.0    0.0    0.0
   --------------------------------------------
      4      0     0     0    0.0    0.0    0.0



>> Detailed comparison:


       Structure :  1
       ALN      ... alignment position
       RESID... ... residue numbers 1/2/3
       AAA      ... amino acid types 1/2/3
       MNC      ... mainchain classes 1/2/3
       ALP...   ... dihedral angle classes (alpha,phi,psi,...)

ALN RESIDUE_NUMBERS AAA MNC ALP PHI PSI OMG CH1 CH2 CH3 CH4 CH5 
---------------------------------------------------------------

Sequence identity comparison (ID_TABLE):

   Diagonal       ... number of residues;
   Upper triangle ... number of identical residues;
   Lower triangle ... % sequence identity, id/min(length).

         4epzA @1
4epzA @1      154


Weighted pair-group average clustering based on a distance matrix:


prndnd__247E> Internal error:
