
                         MODELLER 9.17, 2016/07/02, r10881

     PROTEIN STRUCTURE MODELLING BY SATISFACTION OF SPATIAL RESTRAINTS


                     Copyright(c) 1989-2016 Andrej Sali
                            All Rights Reserved

                             Written by A. Sali
                               with help from
              B. Webb, M.S. Madhusudhan, M-Y. Shen, G.Q. Dong,
          M.A. Marti-Renom, N. Eswar, F. Alber, M. Topf, B. Oliva,
             A. Fiser, R. Sanchez, B. Yerkovich, A. Badretdinov,
                     F. Melo, J.P. Overington, E. Feyfant
                 University of California, San Francisco, USA
                    Rockefeller University, New York, USA
                      Harvard University, Cambridge, USA
                   Imperial Cancer Research Fund, London, UK
              Birkbeck College, University of London, London, UK


Kind, OS, HostName, Kernel, Processor: 4, Windows Vista build 7601 Service Pack 1, SAI-PC, SMP, unknown
Date and time of compilation         : 2016/07/01 22:06:57
MODELLER executable type             : x86_64-w64
Job starting time (YY/MM/DD HH:MM:SS): 2016/12/02 00:36:45


check_ali___> Checking the sequence-structure alignment. 

Implied intrachain target CA(i)-CA(i+1) distances longer than  8.0 angstroms:

ALN_POS  TMPL  RID1  RID2  NAM1  NAM2     DIST
----------------------------------------------
     21     1   21    28      L     D   11.544
END OF TABLE
read_to_681_> topology.submodel read from topology file:        3
mdtrsr__446W> A potential that relies on one protein is used, yet you have at
              least one known structure available. MDT, not library, potential is used.
0 atoms in HETATM/BLK residues constrained
to protein atoms within 2.30 angstroms
and protein CA atoms within 10.00 angstroms
0 atoms in residues without defined topology
constrained to be rigid bodies
condens_443_> Restraints marked for deletion were removed.
              Total number of restraints before, now:    15683    14525
iupac_m_397W> Atoms were not swapped because of the uncertainty of how to handle the H atom.
iupac_m_397W> Atoms were not swapped because of the uncertainty of how to handle the H atom.
iupac_m_397W> Atoms were not swapped because of the uncertainty of how to handle the H atom.
>> Model assessment by DOPE potential
iatmcls_286W> MODEL atom not classified:  GLU:OXT  GLU


>> ENERGY; Differences between the model's features and restraints:
Number of all residues in MODEL                   :      161
Number of all, selected real atoms                :     1331    1331
Number of all, selected pseudo atoms              :        0       0
Number of all static, selected restraints         :    14525   14525
COVALENT_CYS                                      :        F
NONBONDED_SEL_ATOMS                               :        1
Number of non-bonded pairs (excluding 1-2,1-3,1-4):   225000
Dynamic pairs routine                             : 1, NATM x NATM double loop
Atomic shift for contacts update (UPDATE_DYNAMIC) :    0.390
LENNARD_JONES_SWITCH                              :    6.500   7.500
COULOMB_JONES_SWITCH                              :    6.500   7.500
RESIDUE_SPAN_RANGE                                :        1    9999
NLOGN_USE                                         :       15
CONTACT_SHELL                                     :   15.000
DYNAMIC_PAIRS,_SPHERE,_COULOMB,_LENNARD,_MODELLER :        T       F       F       F       T
SPHERE_STDV                                       :    0.050
RADII_FACTOR                                      :    0.820
Current energy                                    :      -18270.3984




<< end of ENERGY.
DOPE score               : -18270.398438
>> Model assessment by GA341 potential

Surface library          : C:\Program Files\Modeller9.17/modlib/surf5.de
Pair library             : C:\Program Files\Modeller9.17/modlib/pair9.de
Chain identifier         : _
% sequence identity      :    99.350998
Sequence length          :          161
Compactness              :     0.251166
Native energy (pair)     :  -421.331456
Native energy (surface)  :   -10.612517
Native energy (combined) :   -16.780059
Z score (pair)           :    -7.567052
Z score (surface)        :    -5.752912
Z score (combined)       :    -9.714324
GA341 score              :     1.000000



>> ENERGY; Differences between the model's features and restraints:
Number of all residues in MODEL                   :      161
Number of all, selected real atoms                :     1331    1331
Number of all, selected pseudo atoms              :        0       0
Number of all static, selected restraints         :    14525   14525
COVALENT_CYS                                      :        F
NONBONDED_SEL_ATOMS                               :        1
Number of non-bonded pairs (excluding 1-2,1-3,1-4):     3014
Dynamic pairs routine                             : 2, NATM x NATM cell sorting
Atomic shift for contacts update (UPDATE_DYNAMIC) :    0.390
LENNARD_JONES_SWITCH                              :    6.500   7.500
COULOMB_JONES_SWITCH                              :    6.500   7.500
RESIDUE_SPAN_RANGE                                :        0   99999
NLOGN_USE                                         :       15
CONTACT_SHELL                                     :    4.000
DYNAMIC_PAIRS,_SPHERE,_COULOMB,_LENNARD,_MODELLER :        T       T       F       F       F
SPHERE_STDV                                       :    0.050
RADII_FACTOR                                      :    0.820
Current energy                                    :         643.5692





Summary of the restraint violations: 

   NUM     ... number of restraints.
   NUMVI   ... number of restraints with RVIOL > VIOL_REPORT_CUT[i].
   RVIOL   ... relative difference from the best value.
   NUMVP   ... number of restraints with -Ln(pdf) > VIOL_REPORT_CUT2[i].
   RMS_1   ... RMS(feature, minimally_violated_basis_restraint, NUMB).
   RMS_2   ... RMS(feature, best_value, NUMB).
   MOL.PDF ... scaled contribution to -Ln(Molecular pdf).

 #                     RESTRAINT_GROUP      NUM   NUMVI  NUMVP   RMS_1   RMS_2         MOL.PDF     S_i
------------------------------------------------------------------------------------------------------
 1 Bond length potential              :    1353       0      0   0.005   0.005      7.7378       1.000
 2 Bond angle potential               :    1828       0      3   1.721   1.721      107.54       1.000
 3 Stereochemical cosine torsion poten:     828       0      9  41.608  41.608      230.37       1.000
 4 Stereochemical improper torsion pot:     558       0      0   1.166   1.166      14.551       1.000
 5 Soft-sphere overlap restraints     :    3014       0      0   0.001   0.001     0.55081       1.000
 6 Lennard-Jones 6-12 potential       :       0       0      0   0.000   0.000      0.0000       1.000
 7 Coulomb point-point electrostatic p:       0       0      0   0.000   0.000      0.0000       1.000
 8 H-bonding potential                :       0       0      0   0.000   0.000      0.0000       1.000
 9 Distance restraints 1 (CA-CA)      :    2655       0      1   0.214   0.214      41.008       1.000
10 Distance restraints 2 (N-O)        :    2723       0      4   0.268   0.268      66.581       1.000
11 Mainchain Phi dihedral restraints  :       0       0      0   0.000   0.000      0.0000       1.000
12 Mainchain Psi dihedral restraints  :       0       0      0   0.000   0.000      0.0000       1.000
13 Mainchain Omega dihedral restraints:     160       0      2   3.717   3.717      25.295       1.000
14 Sidechain Chi_1 dihedral restraints:     149       0      0  55.451  55.451      15.051       1.000
15 Sidechain Chi_2 dihedral restraints:     124       0      3  56.215  56.215      35.143       1.000
16 Sidechain Chi_3 dihedral restraints:      54       0      0  65.673  65.673      39.254       1.000
17 Sidechain Chi_4 dihedral restraints:      14       0      0  96.435  96.435      9.2731       1.000
18 Disulfide distance restraints      :       0       0      0   0.000   0.000      0.0000       1.000
19 Disulfide angle restraints         :       0       0      0   0.000   0.000      0.0000       1.000
20 Disulfide dihedral angle restraints:       0       0      0   0.000   0.000      0.0000       1.000
21 Lower bound distance restraints    :       0       0      0   0.000   0.000      0.0000       1.000
22 Upper bound distance restraints    :       0       0      0   0.000   0.000      0.0000       1.000
23 Distance restraints 3 (SDCH-MNCH)  :    2306       0      0   0.382   0.382      48.084       1.000
24 Sidechain Chi_5 dihedral restraints:       0       0      0   0.000   0.000      0.0000       1.000
25 Phi/Psi pair of dihedral restraints:     159       7      8  16.917  35.203     -112.03       1.000
26 Distance restraints 4 (SDCH-SDCH)  :    1614       0      1   0.757   0.757      115.17       1.000
27 Distance restraints 5 (X-Y)        :       0       0      0   0.000   0.000      0.0000       1.000
28 NMR distance restraints 6 (X-Y)    :       0       0      0   0.000   0.000      0.0000       1.000
29 NMR distance restraints 7 (X-Y)    :       0       0      0   0.000   0.000      0.0000       1.000
30 Minimal distance restraints        :       0       0      0   0.000   0.000      0.0000       1.000
31 Non-bonded restraints              :       0       0      0   0.000   0.000      0.0000       1.000
32 Atomic accessibility restraints    :       0       0      0   0.000   0.000      0.0000       1.000
33 Atomic density restraints          :       0       0      0   0.000   0.000      0.0000       1.000
34 Absolute position restraints       :       0       0      0   0.000   0.000      0.0000       1.000
35 Dihedral angle difference restraint:       0       0      0   0.000   0.000      0.0000       1.000
36 GBSA implicit solvent potential    :       0       0      0   0.000   0.000      0.0000       1.000
37 EM density fitting potential       :       0       0      0   0.000   0.000      0.0000       1.000
38 SAXS restraints                    :       0       0      0   0.000   0.000      0.0000       1.000
39 Symmetry restraints                :       0       0      0   0.000   0.000      0.0000       1.000



# Heavy relative violation of each residue is written to: T0678.V99990001
# The profile is NOT normalized by the number of restraints.
# The profiles are smoothed over a window of residues:    1
# The sum of all numbers in the file:   12453.0400



List of the violated restraints:
   A restraint is violated when the relative difference
   from the best value (RVIOL) is larger than CUTOFF.

   ICSR   ... index of a restraint in the current set.
   RESNO  ... residue numbers of the first two atoms.
   ATM    ... IUPAC atom names of the first two atoms.
   FEAT   ... the value of the feature in the model.
   restr  ... the mean of the basis restraint with the smallest
              difference from the model (local minimum).
   viol   ... difference from the local minimum.
   rviol  ... relative difference from the local minimum.
   RESTR  ... the best value (global minimum).
   VIOL   ... difference from the best value.
   RVIOL  ... relative difference from the best value.


-------------------------------------------------------------------------------------------------

Feature 25                           : Phi/Psi pair of dihedral restraints     
List of the RVIOL violations larger than   :       6.5000

    #   ICSR  RESNO1/2 ATM1/2   INDATM1/2    FEAT   restr    viol   rviol   RESTR    VIOL   RVIOL
    1   4568   1M   2N C   N       7    9  -63.63  -71.20   27.21    1.55  -63.20  157.76   19.70
    1          2N   2N N   CA      9   10  116.67  142.80                  -41.10
    2   4590  23T  24N C   N     187  189  -78.93  -71.20   31.49    1.82  -63.20  146.42   19.19
    2         24N  24N N   CA    189  190  173.33  142.80                  -41.10
    3   4592  25G  26S C   N     199  201  -66.74  -72.40    7.54    0.37  -64.10  177.60   13.03
    3         26S  26S N   CA    201  202  147.41  152.40                  -35.00
    4   4593  26S  27P C   N     205  207  -75.34  -58.70   30.50    1.83  -64.50  152.52   11.96
    4         27P  27P N   CA    207  208   -4.94  -30.50                  147.20
    5   4642  75D  76N C   N     595  597  -80.73 -119.90   83.28    4.45  -63.20  109.82   14.72
    5         76N  76N N   CA    597  598 -149.51  137.00                  -41.10
    6   4643  76N  77G C   N     603  605  -78.07  -62.40   16.80    2.70   82.20  166.12   12.43
    6         77G  77G N   CA    605  606  -35.17  -41.20                    8.50
    7   4718 151E 152N C   N    1236 1238 -106.68 -119.90   90.37    3.79  -63.20   98.78   10.67
    7        152N 152N N   CA   1238 1239   47.60  137.00                  -41.10


report______> Distribution of short non-bonded contacts:


DISTANCE1:  0.00 2.10 2.20 2.30 2.40 2.50 2.60 2.70 2.80 2.90 3.00 3.10 3.20 3.30 3.40
DISTANCE2:  2.10 2.20 2.30 2.40 2.50 2.60 2.70 2.80 2.90 3.00 3.10 3.20 3.30 3.40 3.50
FREQUENCY:     0    0    0    0    0    6    9   48  115  136  116  162  239  265  207


<< end of ENERGY.
iupac_m_397W> Atoms were not swapped because of the uncertainty of how to handle the H atom.
>> Model assessment by DOPE potential
iatmcls_286W> MODEL atom not classified:  GLU:OXT  GLU


>> ENERGY; Differences between the model's features and restraints:
Number of all residues in MODEL                   :      161
Number of all, selected real atoms                :     1331    1331
Number of all, selected pseudo atoms              :        0       0
Number of all static, selected restraints         :    14525   14525
COVALENT_CYS                                      :        F
NONBONDED_SEL_ATOMS                               :        1
Number of non-bonded pairs (excluding 1-2,1-3,1-4):   222288
Dynamic pairs routine                             : 1, NATM x NATM double loop
Atomic shift for contacts update (UPDATE_DYNAMIC) :    0.390
LENNARD_JONES_SWITCH                              :    6.500   7.500
COULOMB_JONES_SWITCH                              :    6.500   7.500
RESIDUE_SPAN_RANGE                                :        1    9999
NLOGN_USE                                         :       15
CONTACT_SHELL                                     :   15.000
DYNAMIC_PAIRS,_SPHERE,_COULOMB,_LENNARD,_MODELLER :        T       F       F       F       T
SPHERE_STDV                                       :    0.050
RADII_FACTOR                                      :    0.820
Current energy                                    :      -18336.4805




<< end of ENERGY.
DOPE score               : -18336.480469
>> Model assessment by GA341 potential

Surface library          : C:\Program Files\Modeller9.17/modlib/surf5.de
Pair library             : C:\Program Files\Modeller9.17/modlib/pair9.de
Chain identifier         : _
% sequence identity      :    99.350998
Sequence length          :          161
Compactness              :     0.233250
Native energy (pair)     :  -416.824784
Native energy (surface)  :   -10.992248
Native energy (combined) :   -19.453377
Z score (pair)           :    -8.315762
Z score (surface)        :    -5.930313
Z score (combined)       :    -8.819835
GA341 score              :     1.000000



>> ENERGY; Differences between the model's features and restraints:
Number of all residues in MODEL                   :      161
Number of all, selected real atoms                :     1331    1331
Number of all, selected pseudo atoms              :        0       0
Number of all static, selected restraints         :    14525   14525
COVALENT_CYS                                      :        F
NONBONDED_SEL_ATOMS                               :        1
Number of non-bonded pairs (excluding 1-2,1-3,1-4):     2918
Dynamic pairs routine                             : 2, NATM x NATM cell sorting
Atomic shift for contacts update (UPDATE_DYNAMIC) :    0.390
LENNARD_JONES_SWITCH                              :    6.500   7.500
COULOMB_JONES_SWITCH                              :    6.500   7.500
RESIDUE_SPAN_RANGE                                :        0   99999
NLOGN_USE                                         :       15
CONTACT_SHELL                                     :    4.000
DYNAMIC_PAIRS,_SPHERE,_COULOMB,_LENNARD,_MODELLER :        T       T       F       F       F
SPHERE_STDV                                       :    0.050
RADII_FACTOR                                      :    0.820
Current energy                                    :         613.7346





Summary of the restraint violations: 

   NUM     ... number of restraints.
   NUMVI   ... number of restraints with RVIOL > VIOL_REPORT_CUT[i].
   RVIOL   ... relative difference from the best value.
   NUMVP   ... number of restraints with -Ln(pdf) > VIOL_REPORT_CUT2[i].
   RMS_1   ... RMS(feature, minimally_violated_basis_restraint, NUMB).
   RMS_2   ... RMS(feature, best_value, NUMB).
   MOL.PDF ... scaled contribution to -Ln(Molecular pdf).

 #                     RESTRAINT_GROUP      NUM   NUMVI  NUMVP   RMS_1   RMS_2         MOL.PDF     S_i
------------------------------------------------------------------------------------------------------
 1 Bond length potential              :    1353       0      0   0.005   0.005      8.6174       1.000
 2 Bond angle potential               :    1828       0      2   1.742   1.742      107.46       1.000
 3 Stereochemical cosine torsion poten:     828       0     11  41.852  41.852      231.80       1.000
 4 Stereochemical improper torsion pot:     558       0      0   1.134   1.134      13.595       1.000
 5 Soft-sphere overlap restraints     :    2918       0      0   0.001   0.001     0.57048       1.000
 6 Lennard-Jones 6-12 potential       :       0       0      0   0.000   0.000      0.0000       1.000
 7 Coulomb point-point electrostatic p:       0       0      0   0.000   0.000      0.0000       1.000
 8 H-bonding potential                :       0       0      0   0.000   0.000      0.0000       1.000
 9 Distance restraints 1 (CA-CA)      :    2655       2      3   0.268   0.268      58.028       1.000
10 Distance restraints 2 (N-O)        :    2723       0      2   0.290   0.290      50.324       1.000
11 Mainchain Phi dihedral restraints  :       0       0      0   0.000   0.000      0.0000       1.000
12 Mainchain Psi dihedral restraints  :       0       0      0   0.000   0.000      0.0000       1.000
13 Mainchain Omega dihedral restraints:     160       1      1  14.025  14.025      25.506       1.000
14 Sidechain Chi_1 dihedral restraints:     149       0      0  50.082  50.082      14.831       1.000
15 Sidechain Chi_2 dihedral restraints:     124       0      2  53.236  53.236      33.026       1.000
16 Sidechain Chi_3 dihedral restraints:      54       0      1  69.099  69.099      43.066       1.000
17 Sidechain Chi_4 dihedral restraints:      14       0      0 107.931 107.931      9.6923       1.000
18 Disulfide distance restraints      :       0       0      0   0.000   0.000      0.0000       1.000
19 Disulfide angle restraints         :       0       0      0   0.000   0.000      0.0000       1.000
20 Disulfide dihedral angle restraints:       0       0      0   0.000   0.000      0.0000       1.000
21 Lower bound distance restraints    :       0       0      0   0.000   0.000      0.0000       1.000
22 Upper bound distance restraints    :       0       0      0   0.000   0.000      0.0000       1.000
23 Distance restraints 3 (SDCH-MNCH)  :    2306       0      0   0.326   0.326      35.257       1.000
24 Sidechain Chi_5 dihedral restraints:       0       0      0   0.000   0.000      0.0000       1.000
25 Phi/Psi pair of dihedral restraints:     159       6      5  18.029  32.065     -114.69       1.000
26 Distance restraints 4 (SDCH-SDCH)  :    1614       0      0   0.706   0.706      96.651       1.000
27 Distance restraints 5 (X-Y)        :       0       0      0   0.000   0.000      0.0000       1.000
28 NMR distance restraints 6 (X-Y)    :       0       0      0   0.000   0.000      0.0000       1.000
29 NMR distance restraints 7 (X-Y)    :       0       0      0   0.000   0.000      0.0000       1.000
30 Minimal distance restraints        :       0       0      0   0.000   0.000      0.0000       1.000
31 Non-bonded restraints              :       0       0      0   0.000   0.000      0.0000       1.000
32 Atomic accessibility restraints    :       0       0      0   0.000   0.000      0.0000       1.000
33 Atomic density restraints          :       0       0      0   0.000   0.000      0.0000       1.000
34 Absolute position restraints       :       0       0      0   0.000   0.000      0.0000       1.000
35 Dihedral angle difference restraint:       0       0      0   0.000   0.000      0.0000       1.000
36 GBSA implicit solvent potential    :       0       0      0   0.000   0.000      0.0000       1.000
37 EM density fitting potential       :       0       0      0   0.000   0.000      0.0000       1.000
38 SAXS restraints                    :       0       0      0   0.000   0.000      0.0000       1.000
39 Symmetry restraints                :       0       0      0   0.000   0.000      0.0000       1.000



# Heavy relative violation of each residue is written to: T0678.V99990002
# The profile is NOT normalized by the number of restraints.
# The profiles are smoothed over a window of residues:    1
# The sum of all numbers in the file:   12296.9385



List of the violated restraints:
   A restraint is violated when the relative difference
   from the best value (RVIOL) is larger than CUTOFF.

   ICSR   ... index of a restraint in the current set.
   RESNO  ... residue numbers of the first two atoms.
   ATM    ... IUPAC atom names of the first two atoms.
   FEAT   ... the value of the feature in the model.
   restr  ... the mean of the basis restraint with the smallest
              difference from the model (local minimum).
   viol   ... difference from the local minimum.
   rviol  ... relative difference from the local minimum.
   RESTR  ... the best value (global minimum).
   VIOL   ... difference from the best value.
   RVIOL  ... relative difference from the best value.


-------------------------------------------------------------------------------------------------

Feature 13                           : Mainchain Omega dihedral restraints     
List of the RVIOL violations larger than   :       4.5000

    #   ICSR  RESNO1/2 ATM1/2   INDATM1/2    FEAT   restr    viol   rviol   RESTR    VIOL   RVIOL
    1   4747  21L  21L CA  C     167  172   -7.78 -179.18  171.41   39.84 -179.18  171.41   39.84

-------------------------------------------------------------------------------------------------

Feature 25                           : Phi/Psi pair of dihedral restraints     
List of the RVIOL violations larger than   :       6.5000

    #   ICSR  RESNO1/2 ATM1/2   INDATM1/2    FEAT   restr    viol   rviol   RESTR    VIOL   RVIOL
    1   4568   1M   2N C   N       7    9  -78.80  -71.20   21.86    1.61  -63.20  164.14   19.70
    1          2N   2N N   CA      9   10  122.30  142.80                  -41.10
    2   4587  20Y  21L C   N     164  166  -71.07  -70.70  119.49    9.04  -70.70  119.49    9.04
    2         21L  21L N   CA    166  167  -98.91  141.60                  141.60
    3   4589  22D  23T C   N     180  182 -160.66 -124.80   67.14    2.08  -63.20  152.76   25.53
    3         23T  23T N   CA    182  183 -159.74  143.50                  -42.10
    4   4591  24N  25G C   N     195  197 -150.79 -167.20   33.00    0.97   82.20 -172.84   14.24
    4         25G  25G N   CA    197  198  145.97  174.60                    8.50
    5   4593  26S  27P C   N     205  207  -70.51  -58.70   18.93    1.21  -64.50  163.01   12.48
    5         27P  27P N   CA    207  208  -15.70  -30.50                  147.20
    6   4718 151E 152N C   N    1236 1238 -102.85 -119.90   87.01    3.54  -63.20  100.89   10.97
    6        152N 152N N   CA   1238 1239   51.67  137.00                  -41.10


report______> Distribution of short non-bonded contacts:


DISTANCE1:  0.00 2.10 2.20 2.30 2.40 2.50 2.60 2.70 2.80 2.90 3.00 3.10 3.20 3.30 3.40
DISTANCE2:  2.10 2.20 2.30 2.40 2.50 2.60 2.70 2.80 2.90 3.00 3.10 3.20 3.30 3.40 3.50
FREQUENCY:     0    0    0    0    0    1   10   36  109  146  110  163  237  238  205


<< end of ENERGY.
iupac_m_397W> Atoms were not swapped because of the uncertainty of how to handle the H atom.
>> Model assessment by DOPE potential
iatmcls_286W> MODEL atom not classified:  GLU:OXT  GLU


>> ENERGY; Differences between the model's features and restraints:
Number of all residues in MODEL                   :      161
Number of all, selected real atoms                :     1331    1331
Number of all, selected pseudo atoms              :        0       0
Number of all static, selected restraints         :    14525   14525
COVALENT_CYS                                      :        F
NONBONDED_SEL_ATOMS                               :        1
Number of non-bonded pairs (excluding 1-2,1-3,1-4):   230184
Dynamic pairs routine                             : 1, NATM x NATM double loop
Atomic shift for contacts update (UPDATE_DYNAMIC) :    0.390
LENNARD_JONES_SWITCH                              :    6.500   7.500
COULOMB_JONES_SWITCH                              :    6.500   7.500
RESIDUE_SPAN_RANGE                                :        1    9999
NLOGN_USE                                         :       15
CONTACT_SHELL                                     :   15.000
DYNAMIC_PAIRS,_SPHERE,_COULOMB,_LENNARD,_MODELLER :        T       F       F       F       T
SPHERE_STDV                                       :    0.050
RADII_FACTOR                                      :    0.820
Current energy                                    :      -17304.2422




<< end of ENERGY.
DOPE score               : -17304.242188
>> Model assessment by GA341 potential

Surface library          : C:\Program Files\Modeller9.17/modlib/surf5.de
Pair library             : C:\Program Files\Modeller9.17/modlib/pair9.de
Chain identifier         : _
% sequence identity      :    99.350998
Sequence length          :          161
Compactness              :     0.272853
Native energy (pair)     :  -322.688233
Native energy (surface)  :    -9.872627
Native energy (combined) :   -14.958417
Z score (pair)           :    -9.250697
Z score (surface)        :    -6.113693
Z score (combined)       :    -9.471411
GA341 score              :     1.000000



>> ENERGY; Differences between the model's features and restraints:
Number of all residues in MODEL                   :      161
Number of all, selected real atoms                :     1331    1331
Number of all, selected pseudo atoms              :        0       0
Number of all static, selected restraints         :    14525   14525
COVALENT_CYS                                      :        F
NONBONDED_SEL_ATOMS                               :        1
Number of non-bonded pairs (excluding 1-2,1-3,1-4):     3299
Dynamic pairs routine                             : 2, NATM x NATM cell sorting
Atomic shift for contacts update (UPDATE_DYNAMIC) :    0.390
LENNARD_JONES_SWITCH                              :    6.500   7.500
COULOMB_JONES_SWITCH                              :    6.500   7.500
RESIDUE_SPAN_RANGE                                :        0   99999
NLOGN_USE                                         :       15
CONTACT_SHELL                                     :    4.000
DYNAMIC_PAIRS,_SPHERE,_COULOMB,_LENNARD,_MODELLER :        T       T       F       F       F
SPHERE_STDV                                       :    0.050
RADII_FACTOR                                      :    0.820
Current energy                                    :        1147.8118





Summary of the restraint violations: 

   NUM     ... number of restraints.
   NUMVI   ... number of restraints with RVIOL > VIOL_REPORT_CUT[i].
   RVIOL   ... relative difference from the best value.
   NUMVP   ... number of restraints with -Ln(pdf) > VIOL_REPORT_CUT2[i].
   RMS_1   ... RMS(feature, minimally_violated_basis_restraint, NUMB).
   RMS_2   ... RMS(feature, best_value, NUMB).
   MOL.PDF ... scaled contribution to -Ln(Molecular pdf).

 #                     RESTRAINT_GROUP      NUM   NUMVI  NUMVP   RMS_1   RMS_2         MOL.PDF     S_i
------------------------------------------------------------------------------------------------------
 1 Bond length potential              :    1353       1      3   0.010   0.010      40.114       1.000
 2 Bond angle potential               :    1828       5     22   2.604   2.604      233.10       1.000
 3 Stereochemical cosine torsion poten:     828       0     16  43.801  43.801      250.49       1.000
 4 Stereochemical improper torsion pot:     558       0      1   1.586   1.586      30.039       1.000
 5 Soft-sphere overlap restraints     :    3299       0      5   0.009   0.009      30.755       1.000
 6 Lennard-Jones 6-12 potential       :       0       0      0   0.000   0.000      0.0000       1.000
 7 Coulomb point-point electrostatic p:       0       0      0   0.000   0.000      0.0000       1.000
 8 H-bonding potential                :       0       0      0   0.000   0.000      0.0000       1.000
 9 Distance restraints 1 (CA-CA)      :    2655       1     11   0.419   0.419      147.58       1.000
10 Distance restraints 2 (N-O)        :    2723       2     19   0.490   0.490      176.15       1.000
11 Mainchain Phi dihedral restraints  :       0       0      0   0.000   0.000      0.0000       1.000
12 Mainchain Psi dihedral restraints  :       0       0      0   0.000   0.000      0.0000       1.000
13 Mainchain Omega dihedral restraints:     160       2      4   5.222   5.222      50.725       1.000
14 Sidechain Chi_1 dihedral restraints:     149       0      0  53.762  53.762      15.596       1.000
15 Sidechain Chi_2 dihedral restraints:     124       0      2  48.126  48.126      30.332       1.000
16 Sidechain Chi_3 dihedral restraints:      54       0      0  63.481  63.481      43.996       1.000
17 Sidechain Chi_4 dihedral restraints:      14       0      0  97.226  97.226      8.7369       1.000
18 Disulfide distance restraints      :       0       0      0   0.000   0.000      0.0000       1.000
19 Disulfide angle restraints         :       0       0      0   0.000   0.000      0.0000       1.000
20 Disulfide dihedral angle restraints:       0       0      0   0.000   0.000      0.0000       1.000
21 Lower bound distance restraints    :       0       0      0   0.000   0.000      0.0000       1.000
22 Upper bound distance restraints    :       0       0      0   0.000   0.000      0.0000       1.000
23 Distance restraints 3 (SDCH-MNCH)  :    2306       0      0   0.361   0.361      42.266       1.000
24 Sidechain Chi_5 dihedral restraints:       0       0      0   0.000   0.000      0.0000       1.000
25 Phi/Psi pair of dihedral restraints:     159       8     13  24.751  38.095     -60.477       1.000
26 Distance restraints 4 (SDCH-SDCH)  :    1614       0      0   0.815   0.815      108.40       1.000
27 Distance restraints 5 (X-Y)        :       0       0      0   0.000   0.000      0.0000       1.000
28 NMR distance restraints 6 (X-Y)    :       0       0      0   0.000   0.000      0.0000       1.000
29 NMR distance restraints 7 (X-Y)    :       0       0      0   0.000   0.000      0.0000       1.000
30 Minimal distance restraints        :       0       0      0   0.000   0.000      0.0000       1.000
31 Non-bonded restraints              :       0       0      0   0.000   0.000      0.0000       1.000
32 Atomic accessibility restraints    :       0       0      0   0.000   0.000      0.0000       1.000
33 Atomic density restraints          :       0       0      0   0.000   0.000      0.0000       1.000
34 Absolute position restraints       :       0       0      0   0.000   0.000      0.0000       1.000
35 Dihedral angle difference restraint:       0       0      0   0.000   0.000      0.0000       1.000
36 GBSA implicit solvent potential    :       0       0      0   0.000   0.000      0.0000       1.000
37 EM density fitting potential       :       0       0      0   0.000   0.000      0.0000       1.000
38 SAXS restraints                    :       0       0      0   0.000   0.000      0.0000       1.000
39 Symmetry restraints                :       0       0      0   0.000   0.000      0.0000       1.000



# Heavy relative violation of each residue is written to: T0678.V99990003
# The profile is NOT normalized by the number of restraints.
# The profiles are smoothed over a window of residues:    1
# The sum of all numbers in the file:   13875.7637



List of the violated restraints:
   A restraint is violated when the relative difference
   from the best value (RVIOL) is larger than CUTOFF.

   ICSR   ... index of a restraint in the current set.
   RESNO  ... residue numbers of the first two atoms.
   ATM    ... IUPAC atom names of the first two atoms.
   FEAT   ... the value of the feature in the model.
   restr  ... the mean of the basis restraint with the smallest
              difference from the model (local minimum).
   viol   ... difference from the local minimum.
   rviol  ... relative difference from the local minimum.
   RESTR  ... the best value (global minimum).
   VIOL   ... difference from the best value.
   RVIOL  ... relative difference from the best value.


-------------------------------------------------------------------------------------------------

Feature  1                           : Bond length potential                   
List of the RVIOL violations larger than   :       4.5000

    #   ICSR  RESNO1/2 ATM1/2   INDATM1/2    FEAT   restr    viol   rviol   RESTR    VIOL   RVIOL
    1    212  27P  27P N   CA    207  208    1.57    1.43    0.14    4.63    1.43    0.14    4.63

-------------------------------------------------------------------------------------------------

Feature  2                           : Bond angle potential                    
List of the RVIOL violations larger than   :       4.5000

    #   ICSR  RESNO1/2 ATM1/2   INDATM1/2    FEAT   restr    viol   rviol   RESTR    VIOL   RVIOL
    1   1631  26S  27P C   N     205  207  140.75  117.00   23.75    5.91  117.00   23.75    5.91
    2   1634  27P  27P N   CA    207  208  143.14  108.20   34.94    7.94  108.20   34.94    7.94
    3   1752  36L  37N C   N     291  293  145.59  120.00   25.59    5.82  120.00   25.59    5.82
    4   1755  37N  37N N   CA    293  294  125.75  107.00   18.75    5.39  107.00   18.75    5.39

-------------------------------------------------------------------------------------------------

Feature 10                           : Distance restraints 2 (N-O)             
List of the RVIOL violations larger than   :       4.5000

    #   ICSR  RESNO1/2 ATM1/2   INDATM1/2    FEAT   restr    viol   rviol   RESTR    VIOL   RVIOL
    1   8352  39E  35R N   O     310  284    5.34    2.76    2.58    5.39    2.76    2.58    5.39

-------------------------------------------------------------------------------------------------

Feature 13                           : Mainchain Omega dihedral restraints     
List of the RVIOL violations larger than   :       4.5000

    #   ICSR  RESNO1/2 ATM1/2   INDATM1/2    FEAT   restr    viol   rviol   RESTR    VIOL   RVIOL
    1   4752  26S  26S CA  C     202  205 -152.50 -180.00   27.50    5.50 -180.00   27.50    5.50
    2   4756  30S  30S CA  C     235  238 -152.63 -180.00   27.37    5.47 -180.00   27.37    5.47

-------------------------------------------------------------------------------------------------

Feature 25                           : Phi/Psi pair of dihedral restraints     
List of the RVIOL violations larger than   :       6.5000

    #   ICSR  RESNO1/2 ATM1/2   INDATM1/2    FEAT   restr    viol   rviol   RESTR    VIOL   RVIOL
    1   4589  22D  23T C   N     180  182 -104.19 -124.80   74.65    2.63  -63.20  121.00   13.27
    1         23T  23T N   CA    182  183   71.75  143.50                  -42.10
    2   4590  23T  24N C   N     187  189 -147.49 -119.90   42.30    1.26  -63.20  171.93   26.20
    2         24N  24N N   CA    189  190  169.06  137.00                  -41.10
    3   4592  25G  26S C   N     199  201 -166.33 -136.60   72.47    4.09  -64.10  157.72   11.92
    3         26S  26S N   CA    201  202   85.11  151.20                  -35.00
    4   4594  27P  28I C   N     212  214  143.39 -120.60   96.01    6.64 -120.60   96.01    6.64
    4         28I  28I N   CA    214  215  131.07  130.30                  130.30
    5   4642  75D  76N C   N     595  597  -81.79 -119.90   84.00    4.47  -63.20  108.64   14.63
    5         76N  76N N   CA    597  598 -148.13  137.00                  -41.10
    6   4643  76N  77G C   N     603  605  -78.71  -62.40   17.46    2.81   82.20  166.67   12.46
    6         77G  77G N   CA    605  606  -34.95  -41.20                    8.50
    7   4718 151E 152N C   N    1236 1238 -108.91 -119.90   92.35    3.93  -63.20   97.75   10.52
    7        152N 152N N   CA   1238 1239   45.31  137.00                  -41.10
    8   4725 158E 159V C   N    1304 1306  -64.05  -62.40    4.78    0.71  -73.50  174.18   15.00
    8        159V 159V N   CA   1306 1307  -46.88  -42.40                  139.20


report______> Distribution of short non-bonded contacts:


DISTANCE1:  0.00 2.10 2.20 2.30 2.40 2.50 2.60 2.70 2.80 2.90 3.00 3.10 3.20 3.30 3.40
DISTANCE2:  2.10 2.20 2.30 2.40 2.50 2.60 2.70 2.80 2.90 3.00 3.10 3.20 3.30 3.40 3.50
FREQUENCY:     0    0    0    0    1   18   20   73  123  166  124  182  263  287  241


<< end of ENERGY.
iupac_m_397W> Atoms were not swapped because of the uncertainty of how to handle the H atom.
iupac_m_397W> Atoms were not swapped because of the uncertainty of how to handle the H atom.
>> Model assessment by DOPE potential
iatmcls_286W> MODEL atom not classified:  GLU:OXT  GLU


>> ENERGY; Differences between the model's features and restraints:
Number of all residues in MODEL                   :      161
Number of all, selected real atoms                :     1331    1331
Number of all, selected pseudo atoms              :        0       0
Number of all static, selected restraints         :    14525   14525
COVALENT_CYS                                      :        F
NONBONDED_SEL_ATOMS                               :        1
Number of non-bonded pairs (excluding 1-2,1-3,1-4):   224568
Dynamic pairs routine                             : 1, NATM x NATM double loop
Atomic shift for contacts update (UPDATE_DYNAMIC) :    0.390
LENNARD_JONES_SWITCH                              :    6.500   7.500
COULOMB_JONES_SWITCH                              :    6.500   7.500
RESIDUE_SPAN_RANGE                                :        1    9999
NLOGN_USE                                         :       15
CONTACT_SHELL                                     :   15.000
DYNAMIC_PAIRS,_SPHERE,_COULOMB,_LENNARD,_MODELLER :        T       F       F       F       T
SPHERE_STDV                                       :    0.050
RADII_FACTOR                                      :    0.820
Current energy                                    :      -18572.1836




<< end of ENERGY.
DOPE score               : -18572.183594
>> Model assessment by GA341 potential

Surface library          : C:\Program Files\Modeller9.17/modlib/surf5.de
Pair library             : C:\Program Files\Modeller9.17/modlib/pair9.de
Chain identifier         : _
% sequence identity      :    99.350998
Sequence length          :          161
Compactness              :     0.207500
Native energy (pair)     :  -430.089906
Native energy (surface)  :   -12.717331
Native energy (combined) :   -19.842547
Z score (pair)           :    -8.616509
Z score (surface)        :    -6.384312
Z score (combined)       :    -9.248937
GA341 score              :     1.000000



>> ENERGY; Differences between the model's features and restraints:
Number of all residues in MODEL                   :      161
Number of all, selected real atoms                :     1331    1331
Number of all, selected pseudo atoms              :        0       0
Number of all static, selected restraints         :    14525   14525
COVALENT_CYS                                      :        F
NONBONDED_SEL_ATOMS                               :        1
Number of non-bonded pairs (excluding 1-2,1-3,1-4):     3030
Dynamic pairs routine                             : 2, NATM x NATM cell sorting
Atomic shift for contacts update (UPDATE_DYNAMIC) :    0.390
LENNARD_JONES_SWITCH                              :    6.500   7.500
COULOMB_JONES_SWITCH                              :    6.500   7.500
RESIDUE_SPAN_RANGE                                :        0   99999
NLOGN_USE                                         :       15
CONTACT_SHELL                                     :    4.000
DYNAMIC_PAIRS,_SPHERE,_COULOMB,_LENNARD,_MODELLER :        T       T       F       F       F
SPHERE_STDV                                       :    0.050
RADII_FACTOR                                      :    0.820
Current energy                                    :         595.5109





Summary of the restraint violations: 

   NUM     ... number of restraints.
   NUMVI   ... number of restraints with RVIOL > VIOL_REPORT_CUT[i].
   RVIOL   ... relative difference from the best value.
   NUMVP   ... number of restraints with -Ln(pdf) > VIOL_REPORT_CUT2[i].
   RMS_1   ... RMS(feature, minimally_violated_basis_restraint, NUMB).
   RMS_2   ... RMS(feature, best_value, NUMB).
   MOL.PDF ... scaled contribution to -Ln(Molecular pdf).

 #                     RESTRAINT_GROUP      NUM   NUMVI  NUMVP   RMS_1   RMS_2         MOL.PDF     S_i
------------------------------------------------------------------------------------------------------
 1 Bond length potential              :    1353       0      0   0.005   0.005      7.8858       1.000
 2 Bond angle potential               :    1828       0      2   1.602   1.602      93.572       1.000
 3 Stereochemical cosine torsion poten:     828       0     12  42.688  42.688      238.58       1.000
 4 Stereochemical improper torsion pot:     558       0      0   1.143   1.143      13.809       1.000
 5 Soft-sphere overlap restraints     :    3030       0      0   0.002   0.002     0.83302       1.000
 6 Lennard-Jones 6-12 potential       :       0       0      0   0.000   0.000      0.0000       1.000
 7 Coulomb point-point electrostatic p:       0       0      0   0.000   0.000      0.0000       1.000
 8 H-bonding potential                :       0       0      0   0.000   0.000      0.0000       1.000
 9 Distance restraints 1 (CA-CA)      :    2655       0      3   0.263   0.263      37.626       1.000
10 Distance restraints 2 (N-O)        :    2723       0      4   0.330   0.330      59.037       1.000
11 Mainchain Phi dihedral restraints  :       0       0      0   0.000   0.000      0.0000       1.000
12 Mainchain Psi dihedral restraints  :       0       0      0   0.000   0.000      0.0000       1.000
13 Mainchain Omega dihedral restraints:     160       0      2   3.567   3.567      23.230       1.000
14 Sidechain Chi_1 dihedral restraints:     149       0      0  47.647  47.647      5.8006       1.000
15 Sidechain Chi_2 dihedral restraints:     124       0      0  57.480  57.480      26.881       1.000
16 Sidechain Chi_3 dihedral restraints:      54       0      0  61.426  61.426      38.698       1.000
17 Sidechain Chi_4 dihedral restraints:      14       0      0  74.958  74.958      7.7706       1.000
18 Disulfide distance restraints      :       0       0      0   0.000   0.000      0.0000       1.000
19 Disulfide angle restraints         :       0       0      0   0.000   0.000      0.0000       1.000
20 Disulfide dihedral angle restraints:       0       0      0   0.000   0.000      0.0000       1.000
21 Lower bound distance restraints    :       0       0      0   0.000   0.000      0.0000       1.000
22 Upper bound distance restraints    :       0       0      0   0.000   0.000      0.0000       1.000
23 Distance restraints 3 (SDCH-MNCH)  :    2306       0      0   0.352   0.352      41.574       1.000
24 Sidechain Chi_5 dihedral restraints:       0       0      0   0.000   0.000      0.0000       1.000
25 Phi/Psi pair of dihedral restraints:     159       4      6  19.964  34.037     -109.67       1.000
26 Distance restraints 4 (SDCH-SDCH)  :    1614       0      1   0.748   0.748      109.89       1.000
27 Distance restraints 5 (X-Y)        :       0       0      0   0.000   0.000      0.0000       1.000
28 NMR distance restraints 6 (X-Y)    :       0       0      0   0.000   0.000      0.0000       1.000
29 NMR distance restraints 7 (X-Y)    :       0       0      0   0.000   0.000      0.0000       1.000
30 Minimal distance restraints        :       0       0      0   0.000   0.000      0.0000       1.000
31 Non-bonded restraints              :       0       0      0   0.000   0.000      0.0000       1.000
32 Atomic accessibility restraints    :       0       0      0   0.000   0.000      0.0000       1.000
33 Atomic density restraints          :       0       0      0   0.000   0.000      0.0000       1.000
34 Absolute position restraints       :       0       0      0   0.000   0.000      0.0000       1.000
35 Dihedral angle difference restraint:       0       0      0   0.000   0.000      0.0000       1.000
36 GBSA implicit solvent potential    :       0       0      0   0.000   0.000      0.0000       1.000
37 EM density fitting potential       :       0       0      0   0.000   0.000      0.0000       1.000
38 SAXS restraints                    :       0       0      0   0.000   0.000      0.0000       1.000
39 Symmetry restraints                :       0       0      0   0.000   0.000      0.0000       1.000



# Heavy relative violation of each residue is written to: T0678.V99990004
# The profile is NOT normalized by the number of restraints.
# The profiles are smoothed over a window of residues:    1
# The sum of all numbers in the file:   11576.6396



List of the violated restraints:
   A restraint is violated when the relative difference
   from the best value (RVIOL) is larger than CUTOFF.

   ICSR   ... index of a restraint in the current set.
   RESNO  ... residue numbers of the first two atoms.
   ATM    ... IUPAC atom names of the first two atoms.
   FEAT   ... the value of the feature in the model.
   restr  ... the mean of the basis restraint with the smallest
              difference from the model (local minimum).
   viol   ... difference from the local minimum.
   rviol  ... relative difference from the local minimum.
   RESTR  ... the best value (global minimum).
   VIOL   ... difference from the best value.
   RVIOL  ... relative difference from the best value.


-------------------------------------------------------------------------------------------------

Feature 25                           : Phi/Psi pair of dihedral restraints     
List of the RVIOL violations larger than   :       6.5000

    #   ICSR  RESNO1/2 ATM1/2   INDATM1/2    FEAT   restr    viol   rviol   RESTR    VIOL   RVIOL
    1   4568   1M   2N C   N       7    9  -67.51  -71.20   34.04    2.08  -63.20  150.12   18.54
    1          2N   2N N   CA      9   10  108.96  142.80                  -41.10
    2   4589  22D  23T C   N     180  182  -32.39  -78.10   77.97    2.62  -63.20  132.37   19.03
    2         23T  23T N   CA    182  183   86.63  149.80                  -42.10
    3   4590  23T  24N C   N     187  189  126.59 -119.90  123.98    3.94  -63.20 -144.58   35.27
    3         24N  24N N   CA    189  190 -173.14  137.00                  -41.10
    4   4718 151E 152N C   N    1236 1238 -107.43 -119.90   81.86    3.42  -63.20  106.79   11.57
    4        152N 152N N   CA   1238 1239   56.10  137.00                  -41.10


report______> Distribution of short non-bonded contacts:


DISTANCE1:  0.00 2.10 2.20 2.30 2.40 2.50 2.60 2.70 2.80 2.90 3.00 3.10 3.20 3.30 3.40
DISTANCE2:  2.10 2.20 2.30 2.40 2.50 2.60 2.70 2.80 2.90 3.00 3.10 3.20 3.30 3.40 3.50
FREQUENCY:     0    0    0    0    0    7   10   58  116  146   98  167  246  261  213


<< end of ENERGY.
>> Model assessment by DOPE potential
iatmcls_286W> MODEL atom not classified:  GLU:OXT  GLU


>> ENERGY; Differences between the model's features and restraints:
Number of all residues in MODEL                   :      161
Number of all, selected real atoms                :     1331    1331
Number of all, selected pseudo atoms              :        0       0
Number of all static, selected restraints         :    14525   14525
COVALENT_CYS                                      :        F
NONBONDED_SEL_ATOMS                               :        1
Number of non-bonded pairs (excluding 1-2,1-3,1-4):   222134
Dynamic pairs routine                             : 1, NATM x NATM double loop
Atomic shift for contacts update (UPDATE_DYNAMIC) :    0.390
LENNARD_JONES_SWITCH                              :    6.500   7.500
COULOMB_JONES_SWITCH                              :    6.500   7.500
RESIDUE_SPAN_RANGE                                :        1    9999
NLOGN_USE                                         :       15
CONTACT_SHELL                                     :   15.000
DYNAMIC_PAIRS,_SPHERE,_COULOMB,_LENNARD,_MODELLER :        T       F       F       F       T
SPHERE_STDV                                       :    0.050
RADII_FACTOR                                      :    0.820
Current energy                                    :      -18337.2324




<< end of ENERGY.
DOPE score               : -18337.232422
>> Model assessment by GA341 potential

Surface library          : C:\Program Files\Modeller9.17/modlib/surf5.de
Pair library             : C:\Program Files\Modeller9.17/modlib/pair9.de
Chain identifier         : _
% sequence identity      :    99.350998
Sequence length          :          161
Compactness              :     0.270014
Native energy (pair)     :  -426.084242
Native energy (surface)  :   -11.259229
Native energy (combined) :   -20.070263
Z score (pair)           :    -8.770598
Z score (surface)        :    -6.057506
Z score (combined)       :    -9.201009
GA341 score              :     1.000000



>> ENERGY; Differences between the model's features and restraints:
Number of all residues in MODEL                   :      161
Number of all, selected real atoms                :     1331    1331
Number of all, selected pseudo atoms              :        0       0
Number of all static, selected restraints         :    14525   14525
COVALENT_CYS                                      :        F
NONBONDED_SEL_ATOMS                               :        1
Number of non-bonded pairs (excluding 1-2,1-3,1-4):     2999
Dynamic pairs routine                             : 2, NATM x NATM cell sorting
Atomic shift for contacts update (UPDATE_DYNAMIC) :    0.390
LENNARD_JONES_SWITCH                              :    6.500   7.500
COULOMB_JONES_SWITCH                              :    6.500   7.500
RESIDUE_SPAN_RANGE                                :        0   99999
NLOGN_USE                                         :       15
CONTACT_SHELL                                     :    4.000
DYNAMIC_PAIRS,_SPHERE,_COULOMB,_LENNARD,_MODELLER :        T       T       F       F       F
SPHERE_STDV                                       :    0.050
RADII_FACTOR                                      :    0.820
Current energy                                    :         590.3035





Summary of the restraint violations: 

   NUM     ... number of restraints.
   NUMVI   ... number of restraints with RVIOL > VIOL_REPORT_CUT[i].
   RVIOL   ... relative difference from the best value.
   NUMVP   ... number of restraints with -Ln(pdf) > VIOL_REPORT_CUT2[i].
   RMS_1   ... RMS(feature, minimally_violated_basis_restraint, NUMB).
   RMS_2   ... RMS(feature, best_value, NUMB).
   MOL.PDF ... scaled contribution to -Ln(Molecular pdf).

 #                     RESTRAINT_GROUP      NUM   NUMVI  NUMVP   RMS_1   RMS_2         MOL.PDF     S_i
------------------------------------------------------------------------------------------------------
 1 Bond length potential              :    1353       0      0   0.004   0.004      7.3034       1.000
 2 Bond angle potential               :    1828       0      1   1.618   1.618      95.013       1.000
 3 Stereochemical cosine torsion poten:     828       0     10  42.079  42.079      236.41       1.000
 4 Stereochemical improper torsion pot:     558       0      0   1.117   1.117      13.015       1.000
 5 Soft-sphere overlap restraints     :    2999       0      0   0.001   0.001     0.47396       1.000
 6 Lennard-Jones 6-12 potential       :       0       0      0   0.000   0.000      0.0000       1.000
 7 Coulomb point-point electrostatic p:       0       0      0   0.000   0.000      0.0000       1.000
 8 H-bonding potential                :       0       0      0   0.000   0.000      0.0000       1.000
 9 Distance restraints 1 (CA-CA)      :    2655       0      1   0.227   0.227      38.915       1.000
10 Distance restraints 2 (N-O)        :    2723       0      0   0.252   0.252      47.233       1.000
11 Mainchain Phi dihedral restraints  :       0       0      0   0.000   0.000      0.0000       1.000
12 Mainchain Psi dihedral restraints  :       0       0      0   0.000   0.000      0.0000       1.000
13 Mainchain Omega dihedral restraints:     160       0      1   3.609   3.609      23.968       1.000
14 Sidechain Chi_1 dihedral restraints:     149       0      0  55.682  55.682      15.263       1.000
15 Sidechain Chi_2 dihedral restraints:     124       0      0  56.087  56.087      31.784       1.000
16 Sidechain Chi_3 dihedral restraints:      54       0      0  61.534  61.534      40.147       1.000
17 Sidechain Chi_4 dihedral restraints:      14       0      0  63.743  63.743      8.7632       1.000
18 Disulfide distance restraints      :       0       0      0   0.000   0.000      0.0000       1.000
19 Disulfide angle restraints         :       0       0      0   0.000   0.000      0.0000       1.000
20 Disulfide dihedral angle restraints:       0       0      0   0.000   0.000      0.0000       1.000
21 Lower bound distance restraints    :       0       0      0   0.000   0.000      0.0000       1.000
22 Upper bound distance restraints    :       0       0      0   0.000   0.000      0.0000       1.000
23 Distance restraints 3 (SDCH-MNCH)  :    2306       0      0   0.385   0.385      46.080       1.000
24 Sidechain Chi_5 dihedral restraints:       0       0      0   0.000   0.000      0.0000       1.000
25 Phi/Psi pair of dihedral restraints:     159       6      4  16.183  35.482     -126.25       1.000
26 Distance restraints 4 (SDCH-SDCH)  :    1614       0      0   0.765   0.765      112.19       1.000
27 Distance restraints 5 (X-Y)        :       0       0      0   0.000   0.000      0.0000       1.000
28 NMR distance restraints 6 (X-Y)    :       0       0      0   0.000   0.000      0.0000       1.000
29 NMR distance restraints 7 (X-Y)    :       0       0      0   0.000   0.000      0.0000       1.000
30 Minimal distance restraints        :       0       0      0   0.000   0.000      0.0000       1.000
31 Non-bonded restraints              :       0       0      0   0.000   0.000      0.0000       1.000
32 Atomic accessibility restraints    :       0       0      0   0.000   0.000      0.0000       1.000
33 Atomic density restraints          :       0       0      0   0.000   0.000      0.0000       1.000
34 Absolute position restraints       :       0       0      0   0.000   0.000      0.0000       1.000
35 Dihedral angle difference restraint:       0       0      0   0.000   0.000      0.0000       1.000
36 GBSA implicit solvent potential    :       0       0      0   0.000   0.000      0.0000       1.000
37 EM density fitting potential       :       0       0      0   0.000   0.000      0.0000       1.000
38 SAXS restraints                    :       0       0      0   0.000   0.000      0.0000       1.000
39 Symmetry restraints                :       0       0      0   0.000   0.000      0.0000       1.000



# Heavy relative violation of each residue is written to: T0678.V99990005
# The profile is NOT normalized by the number of restraints.
# The profiles are smoothed over a window of residues:    1
# The sum of all numbers in the file:   12103.0762



List of the violated restraints:
   A restraint is violated when the relative difference
   from the best value (RVIOL) is larger than CUTOFF.

   ICSR   ... index of a restraint in the current set.
   RESNO  ... residue numbers of the first two atoms.
   ATM    ... IUPAC atom names of the first two atoms.
   FEAT   ... the value of the feature in the model.
   restr  ... the mean of the basis restraint with the smallest
              difference from the model (local minimum).
   viol   ... difference from the local minimum.
   rviol  ... relative difference from the local minimum.
   RESTR  ... the best value (global minimum).
   VIOL   ... difference from the best value.
   RVIOL  ... relative difference from the best value.


-------------------------------------------------------------------------------------------------

Feature 25                           : Phi/Psi pair of dihedral restraints     
List of the RVIOL violations larger than   :       6.5000

    #   ICSR  RESNO1/2 ATM1/2   INDATM1/2    FEAT   restr    viol   rviol   RESTR    VIOL   RVIOL
    1   4568   1M   2N C   N       7    9 -112.43 -119.90   23.81    1.23  -63.20  166.73   23.65
    1          2N   2N N   CA      9   10  159.61  137.00                  -41.10
    2   4589  22D  23T C   N     180  182  167.58 -124.80   74.83    3.03  -63.20 -167.75   32.39
    2         23T  23T N   CA    182  183  175.56  143.50                  -42.10
    3   4591  24N  25G C   N     195  197 -127.65 -167.20   65.50    1.70   82.20 -171.54   14.69
    3         25G  25G N   CA    197  198  122.39  174.60                    8.50
    4   4593  26S  27P C   N     205  207  -65.16  -58.70   11.16    0.68  -64.50  168.60   12.62
    4         27P  27P N   CA    207  208  -21.40  -30.50                  147.20
    5   4718 151E 152N C   N    1236 1238 -107.91 -119.90   82.36    3.45  -63.20  106.46   11.53
    5        152N 152N N   CA   1238 1239   55.51  137.00                  -41.10
    6   4726 159V 160Q C   N    1311 1313  -66.40  -63.80    3.97    0.51  -73.00  178.13   11.51
    6        160Q 160Q N   CA   1313 1314  -37.31  -40.30                  140.70


report______> Distribution of short non-bonded contacts:


DISTANCE1:  0.00 2.10 2.20 2.30 2.40 2.50 2.60 2.70 2.80 2.90 3.00 3.10 3.20 3.30 3.40
DISTANCE2:  2.10 2.20 2.30 2.40 2.50 2.60 2.70 2.80 2.90 3.00 3.10 3.20 3.30 3.40 3.50
FREQUENCY:     0    0    0    0    0    8   15   50  122  139  113  158  246  249  204


<< end of ENERGY.

>> Summary of successfully produced models:
Filename                          molpdf     DOPE score    GA341 score
----------------------------------------------------------------------
T0678.B99990001.pdb            643.56921   -18270.39844        1.00000
T0678.B99990002.pdb            613.73462   -18336.48047        1.00000
T0678.B99990003.pdb           1147.81177   -17304.24219        1.00000
T0678.B99990004.pdb            595.51093   -18572.18359        1.00000
T0678.B99990005.pdb            590.30353   -18337.23242        1.00000

Total CPU time [seconds]                                 :     181.18
