
                         MODELLER 9.17, 2016/07/02, r10881

     PROTEIN STRUCTURE MODELLING BY SATISFACTION OF SPATIAL RESTRAINTS


                     Copyright(c) 1989-2016 Andrej Sali
                            All Rights Reserved

                             Written by A. Sali
                               with help from
              B. Webb, M.S. Madhusudhan, M-Y. Shen, G.Q. Dong,
          M.A. Marti-Renom, N. Eswar, F. Alber, M. Topf, B. Oliva,
             A. Fiser, R. Sanchez, B. Yerkovich, A. Badretdinov,
                     F. Melo, J.P. Overington, E. Feyfant
                 University of California, San Francisco, USA
                    Rockefeller University, New York, USA
                      Harvard University, Cambridge, USA
                   Imperial Cancer Research Fund, London, UK
              Birkbeck College, University of London, London, UK


Kind, OS, HostName, Kernel, Processor: 4, Windows Vista build 7601 Service Pack 1, SAI-PC, SMP, unknown
Date and time of compilation         : 2016/07/01 22:06:57
MODELLER executable type             : x86_64-w64
Job starting time (YY/MM/DD HH:MM:SS): 2016/11/26 15:39:28


check_ali___> Checking the sequence-structure alignment. 

Implied intrachain target CA(i)-CA(i+1) distances longer than  8.0 angstroms:

ALN_POS  TMPL  RID1  RID2  NAM1  NAM2     DIST
----------------------------------------------
END OF TABLE
read_to_681_> topology.submodel read from topology file:        3
The following 4 residues contain 6-membered rings with poor geometries
after transfer from templates. Rebuilding rings from internal coordinates:
   <Residue 39 (type TYR)>
   <Residue 78 (type TYR)>
   <Residue 81 (type TYR)>
   <Residue 142 (type PHE)>
mdtrsr__446W> A potential that relies on one protein is used, yet you have at
              least one known structure available. MDT, not library, potential is used.
0 atoms in HETATM/BLK residues constrained
to protein atoms within 2.30 angstroms
and protein CA atoms within 10.00 angstroms
0 atoms in residues without defined topology
constrained to be rigid bodies
condens_443_> Restraints marked for deletion were removed.
              Total number of restraints before, now:    11993    10888
>> Model assessment by DOPE potential
iatmcls_286W> MODEL atom not classified:  ARG:OXT  ARG


>> ENERGY; Differences between the model's features and restraints:
Number of all residues in MODEL                   :      159
Number of all, selected real atoms                :     1243    1243
Number of all, selected pseudo atoms              :        0       0
Number of all static, selected restraints         :    10888   10888
COVALENT_CYS                                      :        F
NONBONDED_SEL_ATOMS                               :        1
Number of non-bonded pairs (excluding 1-2,1-3,1-4):   168464
Dynamic pairs routine                             : 1, NATM x NATM double loop
Atomic shift for contacts update (UPDATE_DYNAMIC) :    0.390
LENNARD_JONES_SWITCH                              :    6.500   7.500
COULOMB_JONES_SWITCH                              :    6.500   7.500
RESIDUE_SPAN_RANGE                                :        1    9999
NLOGN_USE                                         :       15
CONTACT_SHELL                                     :   15.000
DYNAMIC_PAIRS,_SPHERE,_COULOMB,_LENNARD,_MODELLER :        T       F       F       F       T
SPHERE_STDV                                       :    0.050
RADII_FACTOR                                      :    0.820
Current energy                                    :      -11897.6250




<< end of ENERGY.
DOPE score               : -11897.625000
>> Model assessment by GA341 potential

Surface library          : C:\Program Files\Modeller9.17/modlib/surf5.de
Pair library             : C:\Program Files\Modeller9.17/modlib/pair9.de
Chain identifier         : _
% sequence identity      :    21.384001
Sequence length          :          159
Compactness              :     0.265426
Native energy (pair)     :    13.534369
Native energy (surface)  :     9.385800
Native energy (combined) :     3.317988
Z score (pair)           :    -2.163868
Z score (surface)        :    -0.836623
Z score (combined)       :    -2.255402
GA341 score              :     0.099977



>> ENERGY; Differences between the model's features and restraints:
Number of all residues in MODEL                   :      159
Number of all, selected real atoms                :     1243    1243
Number of all, selected pseudo atoms              :        0       0
Number of all static, selected restraints         :    10888   10888
COVALENT_CYS                                      :        F
NONBONDED_SEL_ATOMS                               :        1
Number of non-bonded pairs (excluding 1-2,1-3,1-4):     2657
Dynamic pairs routine                             : 2, NATM x NATM cell sorting
Atomic shift for contacts update (UPDATE_DYNAMIC) :    0.390
LENNARD_JONES_SWITCH                              :    6.500   7.500
COULOMB_JONES_SWITCH                              :    6.500   7.500
RESIDUE_SPAN_RANGE                                :        0   99999
NLOGN_USE                                         :       15
CONTACT_SHELL                                     :    4.000
DYNAMIC_PAIRS,_SPHERE,_COULOMB,_LENNARD,_MODELLER :        T       T       F       F       F
SPHERE_STDV                                       :    0.050
RADII_FACTOR                                      :    0.820
Current energy                                    :        1230.6044





Summary of the restraint violations: 

   NUM     ... number of restraints.
   NUMVI   ... number of restraints with RVIOL > VIOL_REPORT_CUT[i].
   RVIOL   ... relative difference from the best value.
   NUMVP   ... number of restraints with -Ln(pdf) > VIOL_REPORT_CUT2[i].
   RMS_1   ... RMS(feature, minimally_violated_basis_restraint, NUMB).
   RMS_2   ... RMS(feature, best_value, NUMB).
   MOL.PDF ... scaled contribution to -Ln(Molecular pdf).

 #                     RESTRAINT_GROUP      NUM   NUMVI  NUMVP   RMS_1   RMS_2         MOL.PDF     S_i
------------------------------------------------------------------------------------------------------
 1 Bond length potential              :    1273       0      0   0.006   0.006      12.972       1.000
 2 Bond angle potential               :    1720       0      4   2.030   2.030      138.50       1.000
 3 Stereochemical cosine torsion poten:     823       0     24  44.173  44.173      249.63       1.000
 4 Stereochemical improper torsion pot:     546       0      0   1.069   1.069      13.202       1.000
 5 Soft-sphere overlap restraints     :    2657       0      0   0.005   0.005      7.4220       1.000
 6 Lennard-Jones 6-12 potential       :       0       0      0   0.000   0.000      0.0000       1.000
 7 Coulomb point-point electrostatic p:       0       0      0   0.000   0.000      0.0000       1.000
 8 H-bonding potential                :       0       0      0   0.000   0.000      0.0000       1.000
 9 Distance restraints 1 (CA-CA)      :    2152       1      9   0.768   0.768      218.40       1.000
10 Distance restraints 2 (N-O)        :    2313       5     24   0.817   0.817      317.75       1.000
11 Mainchain Phi dihedral restraints  :       0       0      0   0.000   0.000      0.0000       1.000
12 Mainchain Psi dihedral restraints  :       0       0      0   0.000   0.000      0.0000       1.000
13 Mainchain Omega dihedral restraints:     158       1      2   5.014   5.014      46.840       1.000
14 Sidechain Chi_1 dihedral restraints:     134       0      2  87.748  87.748      47.080       1.000
15 Sidechain Chi_2 dihedral restraints:      95       0      0  75.848  75.848      41.680       1.000
16 Sidechain Chi_3 dihedral restraints:      41       0      0  70.077  70.077      26.496       1.000
17 Sidechain Chi_4 dihedral restraints:      14       0      0  73.234  73.234      10.581       1.000
18 Disulfide distance restraints      :       0       0      0   0.000   0.000      0.0000       1.000
19 Disulfide angle restraints         :       0       0      0   0.000   0.000      0.0000       1.000
20 Disulfide dihedral angle restraints:       0       0      0   0.000   0.000      0.0000       1.000
21 Lower bound distance restraints    :       0       0      0   0.000   0.000      0.0000       1.000
22 Upper bound distance restraints    :       0       0      0   0.000   0.000      0.0000       1.000
23 Distance restraints 3 (SDCH-MNCH)  :    1285       0      0   0.540   0.540      20.209       1.000
24 Sidechain Chi_5 dihedral restraints:       0       0      0   0.000   0.000      0.0000       1.000
25 Phi/Psi pair of dihedral restraints:     157      42     22  30.850  87.496      60.756       1.000
26 Distance restraints 4 (SDCH-SDCH)  :     177       0      0   1.864   1.864      19.092       1.000
27 Distance restraints 5 (X-Y)        :       0       0      0   0.000   0.000      0.0000       1.000
28 NMR distance restraints 6 (X-Y)    :       0       0      0   0.000   0.000      0.0000       1.000
29 NMR distance restraints 7 (X-Y)    :       0       0      0   0.000   0.000      0.0000       1.000
30 Minimal distance restraints        :       0       0      0   0.000   0.000      0.0000       1.000
31 Non-bonded restraints              :       0       0      0   0.000   0.000      0.0000       1.000
32 Atomic accessibility restraints    :       0       0      0   0.000   0.000      0.0000       1.000
33 Atomic density restraints          :       0       0      0   0.000   0.000      0.0000       1.000
34 Absolute position restraints       :       0       0      0   0.000   0.000      0.0000       1.000
35 Dihedral angle difference restraint:       0       0      0   0.000   0.000      0.0000       1.000
36 GBSA implicit solvent potential    :       0       0      0   0.000   0.000      0.0000       1.000
37 EM density fitting potential       :       0       0      0   0.000   0.000      0.0000       1.000
38 SAXS restraints                    :       0       0      0   0.000   0.000      0.0000       1.000
39 Symmetry restraints                :       0       0      0   0.000   0.000      0.0000       1.000



# Heavy relative violation of each residue is written to: T0856.V99990001
# The profile is NOT normalized by the number of restraints.
# The profiles are smoothed over a window of residues:    1
# The sum of all numbers in the file:   21003.5273



List of the violated restraints:
   A restraint is violated when the relative difference
   from the best value (RVIOL) is larger than CUTOFF.

   ICSR   ... index of a restraint in the current set.
   RESNO  ... residue numbers of the first two atoms.
   ATM    ... IUPAC atom names of the first two atoms.
   FEAT   ... the value of the feature in the model.
   restr  ... the mean of the basis restraint with the smallest
              difference from the model (local minimum).
   viol   ... difference from the local minimum.
   rviol  ... relative difference from the local minimum.
   RESTR  ... the best value (global minimum).
   VIOL   ... difference from the best value.
   RVIOL  ... relative difference from the best value.


-------------------------------------------------------------------------------------------------

Feature  9                           : Distance restraints 1 (CA-CA)           
List of the RVIOL violations larger than   :       4.5000

    #   ICSR  RESNO1/2 ATM1/2   INDATM1/2    FEAT   restr    viol   rviol   RESTR    VIOL   RVIOL
    1   5136  20H  23G CA  CA    144  164    7.27    5.27    2.00    5.03    5.27    2.00    5.03

-------------------------------------------------------------------------------------------------

Feature 10                           : Distance restraints 2 (N-O)             
List of the RVIOL violations larger than   :       4.5000

    #   ICSR  RESNO1/2 ATM1/2   INDATM1/2    FEAT   restr    viol   rviol   RESTR    VIOL   RVIOL
    1   7347  25K  38C N   O     171  259   14.54   10.24    4.30    4.82   10.24    4.30    4.82
    2   7354  26G  22S N   O     180  162    5.45    3.21    2.24    5.15    3.21    2.24    5.15
    3   8889 123E 119K N   O     949  927    5.78    3.18    2.60    4.70    3.18    2.60    4.70
    4   9412 157Q 153I N   O    1215 1192    5.69    3.15    2.54    4.50    3.15    2.54    4.50

-------------------------------------------------------------------------------------------------

Feature 25                           : Phi/Psi pair of dihedral restraints     
List of the RVIOL violations larger than   :       6.5000

    #   ICSR  RESNO1/2 ATM1/2   INDATM1/2    FEAT   restr    viol   rviol   RESTR    VIOL   RVIOL
    1   4382  20H  21G C   N     151  153  -51.35  -62.40   11.88    1.90   82.20  144.09   11.07
    1         21G  21G N   CA    153  154  -45.58  -41.20                    8.50
    2   4383  21G  22S C   N     155  157   49.50   56.90   23.48    2.13  -64.10  123.77   16.52
    2         22S  22S N   CA    157  158   14.12   36.40                  -35.00
    3   4385  23G  24G C   N     165  167  -70.64  -62.40    9.38    1.44   82.20  159.39   12.00
    3         24G  24G N   CA    167  168  -36.72  -41.20                    8.50
    4   4387  25K  26G C   N     178  180  -73.21  -80.20    7.27    0.53   82.20 -131.44    6.87
    4         26G  26G N   CA    180  181  176.09  174.10                    8.50
    5   4388  26G  27Y C   N     182  184   72.74   55.90   89.49    5.10  -63.50  136.33   23.27
    5         27Y  27Y N   CA    184  185  -48.39   39.50                  -43.40
    6   4389  27Y  28G C   N     194  196  -74.77  -62.40   12.56    2.32   82.20  165.32   12.54
    6         28G  28G N   CA    196  197  -43.36  -41.20                    8.50
    7   4393  31S  32T C   N     217  219  -94.32 -124.80   54.44    1.69  -63.20  143.90   16.58
    7         32T  32T N   CA    219  220   98.39  143.50                  -42.10
    8   4394  32T  33G C   N     224  226  -62.10  -62.40   10.46    1.58   82.20  149.54   11.19
    8         33G  33G N   CA    226  227  -30.75  -41.20                    8.50
    9   4396  34V  35T C   N     235  237  -65.03  -63.20   13.13    1.81  -78.10  155.64    7.09
    9         35T  35T N   CA    237  238  -55.11  -42.10                  149.80
   10   4397  35T  36S C   N     242  244  -83.24  -72.40   18.26    0.84  -64.10  159.06   12.76
   10         36S  36S N   CA    244  245  167.09  152.40                  -35.00
   11   4398  36S  37G C   N     248  250  -63.52  -62.40    4.29    0.70   82.20  155.35   11.87
   11         37G  37G N   CA    250  251  -45.34  -41.20                    8.50
   12   4400  38C  39Y C   N     258  260  169.25 -124.30   66.54    5.10  -63.50 -143.27   29.90
   12         39Y  39Y N   CA    260  261  132.04  135.40                  -43.40
   13   4412  50R  51G C   N     377  379  -64.58  -62.40    8.97    1.45   82.20  157.98   12.13
   13         51G  51G N   CA    379  380  -49.90  -41.20                    8.50
   14   4413  51G  52N C   N     381  383   64.07   55.90   27.18    1.39  -63.20  138.52   22.66
   14         52N  52N N   CA    383  384   13.58   39.50                  -41.10
   15   4414  52N  53E C   N     389  391  162.79 -117.80   86.25    2.55  -63.60 -159.69   33.68
   15         53E  53E N   CA    391  392  170.46  136.80                  -40.30
   16   4415  53E  54G C   N     398  400   57.80   78.70   76.26    1.37  -62.40  130.80   20.76
   16         54G  54G N   CA    400  401  -92.76 -166.10                  -41.20
   17   4430  68N  69H C   N     515  517  -52.67  -67.60   16.68    1.04  -63.20  175.17   22.57
   17         69H  69H N   CA    517  518  132.55  140.00                  -42.30
   18   4431  69H  70R C   N     525  527 -138.53 -125.20   42.10    1.70  -63.00  157.64   26.40
   18         70R  70R N   CA    527  528 -179.46  140.60                  -41.10
   19   4432  70R  71T C   N     536  538 -124.54 -124.80   10.83    0.46  -63.20 -174.77   20.36
   19         71T  71T N   CA    538  539  132.67  143.50                  -42.10
   20   4434  72T  73S C   N     550  552  -65.66  -72.40   34.34    1.80  -64.10  153.74   11.05
   20         73S  73S N   CA    552  553  118.73  152.40                  -35.00
   21   4435  73S  74D C   N     556  558 -144.58  -96.50   85.98    3.61  -63.30  157.16   24.59
   21         74D  74D N   CA    558  559 -174.51  114.20                  -40.00
   22   4437  75M  76W C   N     572  574  -56.98 -124.90   78.60    2.57  -63.00  148.17   18.89
   22         76W  76W N   CA    574  575  103.85  143.40                  -44.20
   23   4438  76W  77L C   N     586  588  160.95  -63.50  136.54   24.23  -63.50  136.54   24.23
   23         77L  77L N   CA    588  589  -57.67  -41.20                  -41.20
   24   4444  82S  83G C   N     640  642  -61.78  -62.40   10.04    1.53   82.20  149.35   11.18
   24         83G  83G N   CA    642  643  -31.19  -41.20                    8.50
   25   4445  83G  84N C   N     644  646  -44.75  -71.20   28.27    1.77  -63.20  174.89   22.90
   25         84N  84N N   CA    646  647  132.82  142.80                  -41.10
   26   4446  84N  85L C   N     652  654 -109.78 -108.50   21.79    1.16  -63.50  170.93   26.58
   26         85L  85L N   CA    654  655  154.25  132.50                  -41.20
   27   4448  86Y  87H C   N     672  674 -106.04 -125.60   82.46    2.74  -63.20  109.71   11.77
   27         87H  87H N   CA    674  675   58.69  138.80                  -42.30
   28   4451  89G  90E C   N     694  696 -111.49 -117.80   29.32    1.34  -63.60  156.00   18.62
   28         90E  90E N   CA    696  697  108.16  136.80                  -40.30
   29   4452  90E  91Q C   N     703  705 -164.59 -121.10   67.04    2.26  -63.80  163.69   29.01
   29         91Q  91Q N   CA    705  706 -169.28  139.70                  -40.30
   30   4462 100Q 101G C   N     781  783  -69.42  -62.40   10.21    1.88   82.20  162.02   12.40
   30        101G 101G N   CA    783  784  -48.61  -41.20                    8.50
   31   4464 102D 103F C   N     793  795   65.38   58.10   10.47    1.53  -63.20  153.98   27.78
   31        103F 103F N   CA    795  796   40.43   32.90                  -44.30
   32   4479 117F 118G C   N     913  915  -65.25  -62.40    5.06    0.91   82.20  156.99   11.99
   32        118G 118G N   CA    915  916  -45.38  -41.20                    8.50
   33   4480 118G 119K C   N     917  919  -71.59 -118.00   54.32    2.57  -62.90  152.14   20.24
   33        119K 119K N   CA    919  920  167.31  139.10                  -40.80
   34   4481 119K 120N C   N     926  928   70.55   55.90   66.16    3.64  -63.20  134.71   21.07
   34        120N 120N N   CA    928  929  -25.02   39.50                  -41.10
   35   4482 120N 121G C   N     934  936  -76.33  -62.40   14.44    2.70   82.20  167.32   12.71
   35        121G 121G N   CA    936  937  -45.03  -41.20                    8.50
   36   4493 131V 132D C   N    1020 1022  -70.97  -63.30   12.27    1.34  -70.90  179.28    8.83
   36        132D 132D N   CA   1022 1023  -30.42  -40.00                  150.30
   37   4507 145S 146N C   N    1130 1132 -113.91 -119.90   54.63    2.34  -63.20  133.79   14.59
   37        146N 146N N   CA   1132 1133   82.70  137.00                  -41.10
   38   4508 146N 147P C   N    1138 1140  -80.82  -64.50   48.84    2.94  -58.70  138.06   13.23
   38        147P 147P N   CA   1140 1141 -166.77  147.20                  -30.50
   39   4509 147P 148G C   N    1145 1147  -93.85  -80.20   25.78    0.62   82.20 -113.50   18.94
   39        148G 148G N   CA   1147 1148 -164.03  174.10                    8.50
   40   4514 152K 153I C   N    1183 1185  -66.48  -97.30   46.21    3.66  -63.40  154.80   25.48
   40        153I 153I N   CA   1185 1186  161.63  127.20                  -43.60
   41   4515 153I 154C C   N    1191 1193   78.97  -63.00  141.99   23.79  -63.00  141.99   23.79
   41        154C 154C N   CA   1193 1194  -38.63  -41.10                  -41.10
   42   4519 157Q 158M C   N    1222 1224 -112.25 -125.60   13.35    0.52  -63.40 -174.19   31.65
   42        158M 158M N   CA   1224 1225  140.23  140.50                  -40.50


report______> Distribution of short non-bonded contacts:


DISTANCE1:  0.00 2.10 2.20 2.30 2.40 2.50 2.60 2.70 2.80 2.90 3.00 3.10 3.20 3.30 3.40
DISTANCE2:  2.10 2.20 2.30 2.40 2.50 2.60 2.70 2.80 2.90 3.00 3.10 3.20 3.30 3.40 3.50
FREQUENCY:     0    0    0    0    1   18   19   87  130  126  150  145  204  211  189


<< end of ENERGY.
iupac_m_397W> Atoms were not swapped because of the uncertainty of how to handle the H atom.
iupac_m_397W> Atoms were not swapped because of the uncertainty of how to handle the H atom.
>> Model assessment by DOPE potential
iatmcls_286W> MODEL atom not classified:  ARG:OXT  ARG


>> ENERGY; Differences between the model's features and restraints:
Number of all residues in MODEL                   :      159
Number of all, selected real atoms                :     1243    1243
Number of all, selected pseudo atoms              :        0       0
Number of all static, selected restraints         :    10888   10888
COVALENT_CYS                                      :        F
NONBONDED_SEL_ATOMS                               :        1
Number of non-bonded pairs (excluding 1-2,1-3,1-4):   160469
Dynamic pairs routine                             : 1, NATM x NATM double loop
Atomic shift for contacts update (UPDATE_DYNAMIC) :    0.390
LENNARD_JONES_SWITCH                              :    6.500   7.500
COULOMB_JONES_SWITCH                              :    6.500   7.500
RESIDUE_SPAN_RANGE                                :        1    9999
NLOGN_USE                                         :       15
CONTACT_SHELL                                     :   15.000
DYNAMIC_PAIRS,_SPHERE,_COULOMB,_LENNARD,_MODELLER :        T       F       F       F       T
SPHERE_STDV                                       :    0.050
RADII_FACTOR                                      :    0.820
Current energy                                    :      -11365.8350




<< end of ENERGY.
DOPE score               : -11365.834961
>> Model assessment by GA341 potential

Surface library          : C:\Program Files\Modeller9.17/modlib/surf5.de
Pair library             : C:\Program Files\Modeller9.17/modlib/pair9.de
Chain identifier         : _
% sequence identity      :    21.384001
Sequence length          :          159
Compactness              :     0.238572
Native energy (pair)     :    13.964193
Native energy (surface)  :     7.544123
Native energy (combined) :     2.924240
Z score (pair)           :    -1.709274
Z score (surface)        :    -1.513840
Z score (combined)       :    -2.133705
GA341 score              :     0.084275



>> ENERGY; Differences between the model's features and restraints:
Number of all residues in MODEL                   :      159
Number of all, selected real atoms                :     1243    1243
Number of all, selected pseudo atoms              :        0       0
Number of all static, selected restraints         :    10888   10888
COVALENT_CYS                                      :        F
NONBONDED_SEL_ATOMS                               :        1
Number of non-bonded pairs (excluding 1-2,1-3,1-4):     2538
Dynamic pairs routine                             : 2, NATM x NATM cell sorting
Atomic shift for contacts update (UPDATE_DYNAMIC) :    0.390
LENNARD_JONES_SWITCH                              :    6.500   7.500
COULOMB_JONES_SWITCH                              :    6.500   7.500
RESIDUE_SPAN_RANGE                                :        0   99999
NLOGN_USE                                         :       15
CONTACT_SHELL                                     :    4.000
DYNAMIC_PAIRS,_SPHERE,_COULOMB,_LENNARD,_MODELLER :        T       T       F       F       F
SPHERE_STDV                                       :    0.050
RADII_FACTOR                                      :    0.820
Current energy                                    :        1257.4724





Summary of the restraint violations: 

   NUM     ... number of restraints.
   NUMVI   ... number of restraints with RVIOL > VIOL_REPORT_CUT[i].
   RVIOL   ... relative difference from the best value.
   NUMVP   ... number of restraints with -Ln(pdf) > VIOL_REPORT_CUT2[i].
   RMS_1   ... RMS(feature, minimally_violated_basis_restraint, NUMB).
   RMS_2   ... RMS(feature, best_value, NUMB).
   MOL.PDF ... scaled contribution to -Ln(Molecular pdf).

 #                     RESTRAINT_GROUP      NUM   NUMVI  NUMVP   RMS_1   RMS_2         MOL.PDF     S_i
------------------------------------------------------------------------------------------------------
 1 Bond length potential              :    1273       0      0   0.005   0.005      8.8632       1.000
 2 Bond angle potential               :    1720       0      2   1.984   1.984      129.75       1.000
 3 Stereochemical cosine torsion poten:     823       0     27  44.908  44.908      249.89       1.000
 4 Stereochemical improper torsion pot:     546       0      0   1.169   1.169      15.286       1.000
 5 Soft-sphere overlap restraints     :    2538       0      0   0.004   0.004      5.1574       1.000
 6 Lennard-Jones 6-12 potential       :       0       0      0   0.000   0.000      0.0000       1.000
 7 Coulomb point-point electrostatic p:       0       0      0   0.000   0.000      0.0000       1.000
 8 H-bonding potential                :       0       0      0   0.000   0.000      0.0000       1.000
 9 Distance restraints 1 (CA-CA)      :    2152       0      2   0.772   0.772      166.97       1.000
10 Distance restraints 2 (N-O)        :    2313       1     20   0.882   0.882      304.38       1.000
11 Mainchain Phi dihedral restraints  :       0       0      0   0.000   0.000      0.0000       1.000
12 Mainchain Psi dihedral restraints  :       0       0      0   0.000   0.000      0.0000       1.000
13 Mainchain Omega dihedral restraints:     158       0      0   4.274   4.274      34.042       1.000
14 Sidechain Chi_1 dihedral restraints:     134       0      1  84.293  84.293      50.814       1.000
15 Sidechain Chi_2 dihedral restraints:      95       0      1  73.668  73.668      41.818       1.000
16 Sidechain Chi_3 dihedral restraints:      41       0      0  80.007  80.007      36.619       1.000
17 Sidechain Chi_4 dihedral restraints:      14       0      0  89.668  89.668      13.122       1.000
18 Disulfide distance restraints      :       0       0      0   0.000   0.000      0.0000       1.000
19 Disulfide angle restraints         :       0       0      0   0.000   0.000      0.0000       1.000
20 Disulfide dihedral angle restraints:       0       0      0   0.000   0.000      0.0000       1.000
21 Lower bound distance restraints    :       0       0      0   0.000   0.000      0.0000       1.000
22 Upper bound distance restraints    :       0       0      0   0.000   0.000      0.0000       1.000
23 Distance restraints 3 (SDCH-MNCH)  :    1285       0      0   0.596   0.596      22.442       1.000
24 Sidechain Chi_5 dihedral restraints:       0       0      0   0.000   0.000      0.0000       1.000
25 Phi/Psi pair of dihedral restraints:     157      51     33  39.123  92.156      157.40       1.000
26 Distance restraints 4 (SDCH-SDCH)  :     177       0      0   1.595   1.595      20.920       1.000
27 Distance restraints 5 (X-Y)        :       0       0      0   0.000   0.000      0.0000       1.000
28 NMR distance restraints 6 (X-Y)    :       0       0      0   0.000   0.000      0.0000       1.000
29 NMR distance restraints 7 (X-Y)    :       0       0      0   0.000   0.000      0.0000       1.000
30 Minimal distance restraints        :       0       0      0   0.000   0.000      0.0000       1.000
31 Non-bonded restraints              :       0       0      0   0.000   0.000      0.0000       1.000
32 Atomic accessibility restraints    :       0       0      0   0.000   0.000      0.0000       1.000
33 Atomic density restraints          :       0       0      0   0.000   0.000      0.0000       1.000
34 Absolute position restraints       :       0       0      0   0.000   0.000      0.0000       1.000
35 Dihedral angle difference restraint:       0       0      0   0.000   0.000      0.0000       1.000
36 GBSA implicit solvent potential    :       0       0      0   0.000   0.000      0.0000       1.000
37 EM density fitting potential       :       0       0      0   0.000   0.000      0.0000       1.000
38 SAXS restraints                    :       0       0      0   0.000   0.000      0.0000       1.000
39 Symmetry restraints                :       0       0      0   0.000   0.000      0.0000       1.000



# Heavy relative violation of each residue is written to: T0856.V99990002
# The profile is NOT normalized by the number of restraints.
# The profiles are smoothed over a window of residues:    1
# The sum of all numbers in the file:   21506.5176



List of the violated restraints:
   A restraint is violated when the relative difference
   from the best value (RVIOL) is larger than CUTOFF.

   ICSR   ... index of a restraint in the current set.
   RESNO  ... residue numbers of the first two atoms.
   ATM    ... IUPAC atom names of the first two atoms.
   FEAT   ... the value of the feature in the model.
   restr  ... the mean of the basis restraint with the smallest
              difference from the model (local minimum).
   viol   ... difference from the local minimum.
   rviol  ... relative difference from the local minimum.
   RESTR  ... the best value (global minimum).
   VIOL   ... difference from the best value.
   RVIOL  ... relative difference from the best value.


-------------------------------------------------------------------------------------------------

Feature 10                           : Distance restraints 2 (N-O)             
List of the RVIOL violations larger than   :       4.5000

    #   ICSR  RESNO1/2 ATM1/2   INDATM1/2    FEAT   restr    viol   rviol   RESTR    VIOL   RVIOL
    1   7437  30A  26G N   O     208  183    5.29    3.08    2.21    4.59    3.08    2.21    4.59

-------------------------------------------------------------------------------------------------

Feature 25                           : Phi/Psi pair of dihedral restraints     
List of the RVIOL violations larger than   :       6.5000

    #   ICSR  RESNO1/2 ATM1/2   INDATM1/2    FEAT   restr    viol   rviol   RESTR    VIOL   RVIOL
    1   4368   6K   7A C   N      47   49  -69.94  -68.20   27.06    2.12  -62.50  146.99   24.46
    1          7A   7A N   CA     49   50  172.30  145.30                  -40.90
    2   4369   7A   8Q C   N      52   54   84.76  -63.80  151.29   23.78  -63.80  151.29   23.78
    2          8Q   8Q N   CA     54   55  -68.89  -40.30                  -40.30
    3   4371   9C  10C C   N      67   69  -64.42  -63.00    1.73    0.31 -117.90 -175.27    7.94
    3         10C  10C N   CA     69   70  -42.08  -41.10                  141.10
    4   4375  13E  14N C   N      97   99  -51.32 -119.90   81.35    4.28  -63.20  138.66   16.71
    4         14N  14N N   CA     99  100 -179.25  137.00                  -41.10
    5   4376  14N  15G C   N     105  107   74.94   78.70   85.10    2.27  -62.40  143.01   23.63
    5         15G  15G N   CA    107  108  -81.08 -166.10                  -41.20
    6   4382  20H  21G C   N     151  153  -60.63  -62.40    2.09    0.39   82.20  150.87   11.47
    6         21G  21G N   CA    153  154  -40.09  -41.20                    8.50
    7   4384  22S  23G C   N     161  163  -63.99  -62.40    4.73    0.79   82.20  155.90   11.91
    7         23G  23G N   CA    163  164  -45.65  -41.20                    8.50
    8   4385  23G  24G C   N     165  167  -68.33  -62.40    6.42    1.02   82.20  157.77   11.92
    8         24G  24G N   CA    167  168  -38.74  -41.20                    8.50
    9   4387  25K  26G C   N     178  180  -71.47  -80.20    9.11    0.66   82.20 -132.16    6.80
    9         26G  26G N   CA    180  181  176.71  174.10                    8.50
   10   4388  26G  27Y C   N     182  184   73.03   55.90   96.53    5.56  -63.50  137.07   23.05
   10         27Y  27Y N   CA    184  185  -55.50   39.50                  -43.40
   11   4389  27Y  28G C   N     194  196  -73.26  -62.40   13.60    2.56   82.20  165.89   12.68
   11         28G  28G N   CA    196  197  -49.38  -41.20                    8.50
   12   4393  31S  32T C   N     217  219 -108.03 -124.80   51.34    1.75  -63.20  144.22   15.97
   12         32T  32T N   CA    219  220   94.98  143.50                  -42.10
   13   4394  32T  33G C   N     224  226  -80.69  -80.20   65.38    2.60   82.20 -168.74    7.94
   13         33G  33G N   CA    226  227  108.72  174.10                    8.50
   14   4398  36S  37G C   N     248  250  -73.10  -80.20   25.03    0.66   82.20 -149.84    6.93
   14         37G  37G N   CA    250  251  150.10  174.10                    8.50
   15   4400  38C  39Y C   N     258  260 -126.07 -124.30   20.29    1.00  -63.50  172.72   30.54
   15         39Y  39Y N   CA    260  261  155.61  135.40                  -43.40
   16   4406  44Y  45I C   N     325  327  -64.70  -97.30   51.17    4.16  -63.40  149.75   24.59
   16         45I  45I N   CA    327  328  166.65  127.20                  -43.60
   17   4407  45I  46V C   N     333  335   82.85  -62.40  146.30   22.34  -62.40  146.30   22.34
   17         46V  46V N   CA    335  336  -59.87  -42.40                  -42.40
   18   4411  49N  50R C   N     366  368 -101.46 -125.20   82.84    3.42  -63.00  109.32   12.69
   18         50R  50R N   CA    368  369   61.24  140.60                  -41.10
   19   4412  50R  51G C   N     377  379 -144.87  -62.40   87.99   16.57   82.20  155.34    6.51
   19         51G  51G N   CA    379  380  -71.88  -41.20                    8.50
   20   4413  51G  52N C   N     381  383   66.66   55.90   19.53    0.97  -63.20  144.91   23.78
   20         52N  52N N   CA    383  384   23.21   39.50                  -41.10
   21   4414  52N  53E C   N     389  391  163.68 -117.80   88.86    2.60  -63.60 -166.14   32.71
   21         53E  53E N   CA    391  392  178.40  136.80                  -40.30
   22   4415  53E  54G C   N     398  400   55.37   78.70   73.08    1.22  -62.40  130.26   20.42
   22         54G  54G N   CA    400  401  -96.84 -166.10                  -41.20
   23   4430  68N  69H C   N     515  517  -80.36  -67.60   58.49    4.85  -63.20  126.39   14.81
   23         69H  69H N   CA    517  518   82.92  140.00                  -42.30
   24   4431  69H  70R C   N     525  527 -151.50 -125.20   97.11    5.16  -63.00  124.95   14.78
   24         70R  70R N   CA    527  528   47.12  140.60                  -41.10
   25   4432  70R  71T C   N     536  538 -110.48 -124.80   50.10    1.75  -63.20  145.48   16.03
   25         71T  71T N   CA    538  539   95.48  143.50                  -42.10
   26   4433  71T  72T C   N     543  545  -96.67  -78.10   72.30    2.56  -63.20  103.77   15.53
   26         72T  72T N   CA    545  546 -140.32  149.80                  -42.10
   27   4434  72T  73S C   N     550  552  -53.78  -72.40   35.54    1.63  -64.10  157.47   12.05
   27         73S  73S N   CA    552  553  122.13  152.40                  -35.00
   28   4435  73S  74D C   N     556  558 -116.30  -96.50   79.04    3.33  -63.30  139.72   20.67
   28         74D  74D N   CA    558  559 -169.28  114.20                  -40.00
   29   4437  75M  76W C   N     572  574   59.47  -63.00  136.90   19.05  -63.00  136.90   19.05
   29         76W  76W N   CA    574  575 -105.37  -44.20                  -44.20
   30   4443  81Y  82S C   N     634  636  -57.90  -72.40   19.24    1.54  -64.10  160.06   11.24
   30         82S  82S N   CA    636  637  165.06  152.40                  -35.00
   31   4444  82S  83G C   N     640  642   71.65   78.70   29.74    0.57   82.20  146.09    7.62
   31         83G  83G N   CA    642  643 -137.21 -166.10                    8.50
   32   4445  83G  84N C   N     644  646   49.21   55.90   13.78    0.66  -63.20  145.66   23.80
   32         84N  84N N   CA    646  647   51.55   39.50                  -41.10
   33   4446  84N  85L C   N     652  654 -128.52 -108.50   79.87    4.08  -63.50  126.90   21.61
   33         85L  85L N   CA    654  655 -150.18  132.50                  -41.20
   34   4447  85L  86Y C   N     660  662  -64.67  -98.40   34.67    1.47  -63.50  179.80   28.47
   34         86Y  86Y N   CA    662  663  136.40  128.40                  -43.40
   35   4448  86Y  87H C   N     672  674 -163.14 -125.60   46.34    1.15  -63.20 -178.31   29.09
   35         87H  87H N   CA    674  675  165.97  138.80                  -42.30
   36   4451  89G  90E C   N     694  696 -133.93 -117.80   56.39    2.48  -63.60  146.81   23.48
   36         90E  90E N   CA    696  697 -169.16  136.80                  -40.30
   37   4462 100Q 101G C   N     781  783  -69.89  -62.40   10.05    1.87   82.20  162.21   12.40
   37        101G 101G N   CA    783  784  -47.90  -41.20                    8.50
   38   4464 102D 103F C   N     793  795   64.08   58.10   13.71    1.73  -63.20  155.61   28.08
   38        103F 103F N   CA    795  796   45.23   32.90                  -44.30
   39   4479 117F 118G C   N     913  915  -64.69  -62.40    3.71    0.67   82.20  156.03   11.90
   39        118G 118G N   CA    915  916  -44.11  -41.20                    8.50
   40   4482 120N 121G C   N     934  936  -66.68  -62.40    6.78    1.23   82.20  158.70   12.13
   40        121G 121G N   CA    936  937  -46.45  -41.20                    8.50
   41   4489 127A 128F C   N     985  987 -103.53  -63.20   85.24    9.72  -63.20   85.24    9.72
   41        128F 128F N   CA    987  988   30.80  -44.30                  -44.30
   42   4492 130D 131V C   N    1013 1015  -58.59  -62.40    3.87    0.58 -125.40 -173.99   10.47
   42        131V 131V N   CA   1015 1016  -43.10  -42.40                  143.30
   43   4493 131V 132D C   N    1020 1022   77.13   54.50   45.96    2.25  -70.90 -149.69    8.44
   43        132D 132D N   CA   1022 1023    0.90   40.90                  150.30
   44   4500 138P 139C C   N    1074 1076  -64.59  -63.00    1.84    0.33 -117.90 -175.28    7.94
   44        139C 139C N   CA   1076 1077  -42.03  -41.10                  141.10
   45   4507 145S 146N C   N    1130 1132 -115.11 -119.90   75.13    3.30  -63.20  115.45   12.45
   45        146N 146N N   CA   1132 1133   62.03  137.00                  -41.10
   46   4512 150K 151V C   N    1167 1169  -60.95  -73.50   16.56    1.40  -62.40  167.60   21.13
   46        151V 151V N   CA   1169 1170  150.01  139.20                  -42.40
   47   4513 151V 152K C   N    1174 1176  -61.32  -62.90   13.73    1.87   56.60  135.02   17.27
   47        152K 152K N   CA   1176 1177  -27.16  -40.80                   38.60
   48   4514 152K 153I C   N    1183 1185  -45.11  -97.30   59.93    3.53  -63.40  160.78   25.74
   48        153I 153I N   CA   1185 1186  156.66  127.20                  -43.60
   49   4515 153I 154C C   N    1191 1193   79.20  -63.00  143.98   22.71  -63.00  143.98   22.71
   49        154C 154C N   CA   1193 1194  -63.66  -41.10                  -41.10
   50   4518 156M 157Q C   N    1213 1215   54.75   55.10    4.01    0.32  -63.80  141.15   25.63
   50        157Q 157Q N   CA   1215 1216   36.31   40.30                  -40.30
   51   4519 157Q 158M C   N    1222 1224 -139.64 -125.60   35.87    1.37  -63.40  164.70   30.54
   51        158M 158M N   CA   1224 1225  173.51  140.50                  -40.50


report______> Distribution of short non-bonded contacts:


DISTANCE1:  0.00 2.10 2.20 2.30 2.40 2.50 2.60 2.70 2.80 2.90 3.00 3.10 3.20 3.30 3.40
DISTANCE2:  2.10 2.20 2.30 2.40 2.50 2.60 2.70 2.80 2.90 3.00 3.10 3.20 3.30 3.40 3.50
FREQUENCY:     0    0    0    0    1   14   21   88   99  144  135  161  179  199  188


<< end of ENERGY.
iupac_m_397W> Atoms were not swapped because of the uncertainty of how to handle the H atom.
iupac_m_397W> Atoms were not swapped because of the uncertainty of how to handle the H atom.
iupac_m_397W> Atoms were not swapped because of the uncertainty of how to handle the H atom.
iupac_m_397W> Atoms were not swapped because of the uncertainty of how to handle the H atom.
>> Model assessment by DOPE potential
iatmcls_286W> MODEL atom not classified:  ARG:OXT  ARG


>> ENERGY; Differences between the model's features and restraints:
Number of all residues in MODEL                   :      159
Number of all, selected real atoms                :     1243    1243
Number of all, selected pseudo atoms              :        0       0
Number of all static, selected restraints         :    10888   10888
COVALENT_CYS                                      :        F
NONBONDED_SEL_ATOMS                               :        1
Number of non-bonded pairs (excluding 1-2,1-3,1-4):   167897
Dynamic pairs routine                             : 1, NATM x NATM double loop
Atomic shift for contacts update (UPDATE_DYNAMIC) :    0.390
LENNARD_JONES_SWITCH                              :    6.500   7.500
COULOMB_JONES_SWITCH                              :    6.500   7.500
RESIDUE_SPAN_RANGE                                :        1    9999
NLOGN_USE                                         :       15
CONTACT_SHELL                                     :   15.000
DYNAMIC_PAIRS,_SPHERE,_COULOMB,_LENNARD,_MODELLER :        T       F       F       F       T
SPHERE_STDV                                       :    0.050
RADII_FACTOR                                      :    0.820
Current energy                                    :      -12129.0146




<< end of ENERGY.
DOPE score               : -12129.014648
>> Model assessment by GA341 potential

Surface library          : C:\Program Files\Modeller9.17/modlib/surf5.de
Pair library             : C:\Program Files\Modeller9.17/modlib/pair9.de
Chain identifier         : _
% sequence identity      :    21.384001
Sequence length          :          159
Compactness              :     0.242366
Native energy (pair)     :    22.913189
Native energy (surface)  :     6.303366
Native energy (combined) :     2.697125
Z score (pair)           :    -1.516672
Z score (surface)        :    -1.672860
Z score (combined)       :    -2.104123
GA341 score              :     0.082580



>> ENERGY; Differences between the model's features and restraints:
Number of all residues in MODEL                   :      159
Number of all, selected real atoms                :     1243    1243
Number of all, selected pseudo atoms              :        0       0
Number of all static, selected restraints         :    10888   10888
COVALENT_CYS                                      :        F
NONBONDED_SEL_ATOMS                               :        1
Number of non-bonded pairs (excluding 1-2,1-3,1-4):     2559
Dynamic pairs routine                             : 2, NATM x NATM cell sorting
Atomic shift for contacts update (UPDATE_DYNAMIC) :    0.390
LENNARD_JONES_SWITCH                              :    6.500   7.500
COULOMB_JONES_SWITCH                              :    6.500   7.500
RESIDUE_SPAN_RANGE                                :        0   99999
NLOGN_USE                                         :       15
CONTACT_SHELL                                     :    4.000
DYNAMIC_PAIRS,_SPHERE,_COULOMB,_LENNARD,_MODELLER :        T       T       F       F       F
SPHERE_STDV                                       :    0.050
RADII_FACTOR                                      :    0.820
Current energy                                    :        1164.8976





Summary of the restraint violations: 

   NUM     ... number of restraints.
   NUMVI   ... number of restraints with RVIOL > VIOL_REPORT_CUT[i].
   RVIOL   ... relative difference from the best value.
   NUMVP   ... number of restraints with -Ln(pdf) > VIOL_REPORT_CUT2[i].
   RMS_1   ... RMS(feature, minimally_violated_basis_restraint, NUMB).
   RMS_2   ... RMS(feature, best_value, NUMB).
   MOL.PDF ... scaled contribution to -Ln(Molecular pdf).

 #                     RESTRAINT_GROUP      NUM   NUMVI  NUMVP   RMS_1   RMS_2         MOL.PDF     S_i
------------------------------------------------------------------------------------------------------
 1 Bond length potential              :    1273       0      0   0.005   0.005      9.9234       1.000
 2 Bond angle potential               :    1720       0      4   2.162   2.162      152.42       1.000
 3 Stereochemical cosine torsion poten:     823       0     26  44.719  44.719      249.29       1.000
 4 Stereochemical improper torsion pot:     546       0      0   1.302   1.302      18.411       1.000
 5 Soft-sphere overlap restraints     :    2559       0      1   0.005   0.005      6.9550       1.000
 6 Lennard-Jones 6-12 potential       :       0       0      0   0.000   0.000      0.0000       1.000
 7 Coulomb point-point electrostatic p:       0       0      0   0.000   0.000      0.0000       1.000
 8 H-bonding potential                :       0       0      0   0.000   0.000      0.0000       1.000
 9 Distance restraints 1 (CA-CA)      :    2152       2     13   0.783   0.783      245.03       1.000
10 Distance restraints 2 (N-O)        :    2313       1     11   0.779   0.779      235.21       1.000
11 Mainchain Phi dihedral restraints  :       0       0      0   0.000   0.000      0.0000       1.000
12 Mainchain Psi dihedral restraints  :       0       0      0   0.000   0.000      0.0000       1.000
13 Mainchain Omega dihedral restraints:     158       0      0   4.598   4.598      39.397       1.000
14 Sidechain Chi_1 dihedral restraints:     134       0      3  78.073  78.073      40.986       1.000
15 Sidechain Chi_2 dihedral restraints:      95       0      4  80.799  80.799      53.061       1.000
16 Sidechain Chi_3 dihedral restraints:      41       0      1  76.678  76.678      33.393       1.000
17 Sidechain Chi_4 dihedral restraints:      14       0      0 104.625 104.625      11.962       1.000
18 Disulfide distance restraints      :       0       0      0   0.000   0.000      0.0000       1.000
19 Disulfide angle restraints         :       0       0      0   0.000   0.000      0.0000       1.000
20 Disulfide dihedral angle restraints:       0       0      0   0.000   0.000      0.0000       1.000
21 Lower bound distance restraints    :       0       0      0   0.000   0.000      0.0000       1.000
22 Upper bound distance restraints    :       0       0      0   0.000   0.000      0.0000       1.000
23 Distance restraints 3 (SDCH-MNCH)  :    1285       0      0   0.544   0.544      18.051       1.000
24 Sidechain Chi_5 dihedral restraints:       0       0      0   0.000   0.000      0.0000       1.000
25 Phi/Psi pair of dihedral restraints:     157      38     18  28.518  80.512      36.556       1.000
26 Distance restraints 4 (SDCH-SDCH)  :     177       0      0   1.367   1.367      14.252       1.000
27 Distance restraints 5 (X-Y)        :       0       0      0   0.000   0.000      0.0000       1.000
28 NMR distance restraints 6 (X-Y)    :       0       0      0   0.000   0.000      0.0000       1.000
29 NMR distance restraints 7 (X-Y)    :       0       0      0   0.000   0.000      0.0000       1.000
30 Minimal distance restraints        :       0       0      0   0.000   0.000      0.0000       1.000
31 Non-bonded restraints              :       0       0      0   0.000   0.000      0.0000       1.000
32 Atomic accessibility restraints    :       0       0      0   0.000   0.000      0.0000       1.000
33 Atomic density restraints          :       0       0      0   0.000   0.000      0.0000       1.000
34 Absolute position restraints       :       0       0      0   0.000   0.000      0.0000       1.000
35 Dihedral angle difference restraint:       0       0      0   0.000   0.000      0.0000       1.000
36 GBSA implicit solvent potential    :       0       0      0   0.000   0.000      0.0000       1.000
37 EM density fitting potential       :       0       0      0   0.000   0.000      0.0000       1.000
38 SAXS restraints                    :       0       0      0   0.000   0.000      0.0000       1.000
39 Symmetry restraints                :       0       0      0   0.000   0.000      0.0000       1.000



# Heavy relative violation of each residue is written to: T0856.V99990003
# The profile is NOT normalized by the number of restraints.
# The profiles are smoothed over a window of residues:    1
# The sum of all numbers in the file:   20563.8145



List of the violated restraints:
   A restraint is violated when the relative difference
   from the best value (RVIOL) is larger than CUTOFF.

   ICSR   ... index of a restraint in the current set.
   RESNO  ... residue numbers of the first two atoms.
   ATM    ... IUPAC atom names of the first two atoms.
   FEAT   ... the value of the feature in the model.
   restr  ... the mean of the basis restraint with the smallest
              difference from the model (local minimum).
   viol   ... difference from the local minimum.
   rviol  ... relative difference from the local minimum.
   RESTR  ... the best value (global minimum).
   VIOL   ... difference from the best value.
   RVIOL  ... relative difference from the best value.


-------------------------------------------------------------------------------------------------

Feature 10                           : Distance restraints 2 (N-O)             
List of the RVIOL violations larger than   :       4.5000

    #   ICSR  RESNO1/2 ATM1/2   INDATM1/2    FEAT   restr    viol   rviol   RESTR    VIOL   RVIOL
    1   7327  24G  20H N   O     167  152    5.23    3.05    2.17    5.99    3.05    2.17    5.99

-------------------------------------------------------------------------------------------------

Feature 25                           : Phi/Psi pair of dihedral restraints     
List of the RVIOL violations larger than   :       6.5000

    #   ICSR  RESNO1/2 ATM1/2   INDATM1/2    FEAT   restr    viol   rviol   RESTR    VIOL   RVIOL
    1   4375  13E  14N C   N      97   99  -70.95 -119.90   55.21    2.84  -63.20  156.56   20.00
    1         14N  14N N   CA     99  100  162.53  137.00                  -41.10
    2   4376  14N  15G C   N     105  107   89.14   82.20   63.06    2.71  -62.40  152.10   26.61
    2         15G  15G N   CA    107  108  -54.17    8.50                  -41.20
    3   4382  20H  21G C   N     151  153  -60.10  -62.40    8.28    1.36   82.20  148.30   11.15
    3         21G  21G N   CA    153  154  -33.24  -41.20                    8.50
    4   4383  21G  22S C   N     155  157  -66.93  -72.40   47.61    2.99  -64.10  125.34    9.25
    4         22S  22S N   CA    157  158 -160.31  152.40                  -35.00
    5   4386  24G  25K C   N     169  171   56.82   56.60    6.12    0.45  -62.90  147.12   25.56
    5         25K  25K N   CA    171  172   44.71   38.60                  -40.80
    6   4388  26G  27Y C   N     182  184   58.79   55.90    6.81    0.69  -63.50  151.29   28.66
    6         27Y  27Y N   CA    184  185   45.66   39.50                  -43.40
    7   4390  28G  29L C   N     198  200   39.35  -70.70  131.33    9.15  -63.50  151.42   27.09
    7         29L  29L N   CA    200  201   69.92  141.60                  -41.20
    8   4391  29L  30A C   N     206  208   20.99  -68.20   99.29    6.87  -62.50  165.22   31.53
    8         30A  30A N   CA    208  209  101.67  145.30                  -40.90
    9   4392  30A  31S C   N     211  213   50.11   56.90    7.96    0.64  -64.10  136.94   17.85
    9         31S  31S N   CA    213  214   40.55   36.40                  -35.00
   10   4397  35T  36S C   N     242  244  -63.25  -72.40    9.17    0.67  -64.10  171.95   12.41
   10         36S  36S N   CA    244  245  153.05  152.40                  -35.00
   11   4400  38C  39Y C   N     258  260 -131.86 -124.30   48.89    2.28  -63.50  149.44   27.04
   11         39Y  39Y N   CA    260  261 -176.29  135.40                  -43.40
   12   4412  50R  51G C   N     377  379  -61.19  -62.40    3.26    0.44   82.20  152.78   11.67
   12         51G  51G N   CA    379  380  -44.22  -41.20                    8.50
   13   4413  51G  52N C   N     381  383   51.92   55.90   12.70    1.19  -63.20  133.97   22.03
   13         52N  52N N   CA    383  384   27.44   39.50                  -41.10
   14   4414  52N  53E C   N     389  391  152.28 -117.80   98.13    2.89  -63.60 -156.55   34.49
   14         53E  53E N   CA    391  392  176.10  136.80                  -40.30
   15   4415  53E  54G C   N     398  400   56.09   78.70   76.07    1.31  -62.40  129.50   20.48
   15         54G  54G N   CA    400  401  -93.47 -166.10                  -41.20
   16   4430  68N  69H C   N     515  517   50.82   56.30   13.84    1.00  -63.20  148.94   25.30
   16         69H  69H N   CA    517  518   53.52   40.80                  -42.30
   17   4431  69H  70R C   N     525  527 -102.80 -125.20   54.86    3.00  -63.00  134.27   20.89
   17         70R  70R N   CA    527  528 -169.33  140.60                  -41.10
   18   4432  70R  71T C   N     536  538 -103.72 -124.80   22.19    0.98  -63.20 -176.81   21.06
   18         71T  71T N   CA    538  539  136.55  143.50                  -42.10
   19   4434  72T  73S C   N     550  552  -66.55  -72.40   20.71    1.03  -64.10  167.55   12.00
   19         73S  73S N   CA    552  553  132.53  152.40                  -35.00
   20   4435  73S  74D C   N     556  558 -152.75  -96.50   90.60    3.80  -63.30  161.76   25.65
   20         74D  74D N   CA    558  559 -174.78  114.20                  -40.00
   21   4444  82S  83G C   N     640  642  -64.23  -62.40    5.42    0.74   82.20  153.08   11.54
   21         83G  83G N   CA    642  643  -36.10  -41.20                    8.50
   22   4445  83G  84N C   N     644  646  -58.08  -71.20   22.73    1.20  -63.20  165.41   20.96
   22         84N  84N N   CA    646  647  124.23  142.80                  -41.10
   23   4446  84N  85L C   N     652  654 -164.07 -108.50   89.23    4.11  -63.50  153.89   27.36
   23         85L  85L N   CA    654  655 -157.68  132.50                  -41.20
   24   4448  86Y  87H C   N     672  674  -45.39  -67.60   24.27    1.54  -63.20  173.43   22.82
   24         87H  87H N   CA    674  675  130.21  140.00                  -42.30
   25   4449  87H  88N C   N     682  684  -80.95  -71.20   29.55    1.65  -63.20  149.27   19.66
   25         88N  88N N   CA    684  685  170.69  142.80                  -41.10
   26   4451  89G  90E C   N     694  696 -136.31 -117.80   26.81    1.43  -63.60  173.66   20.22
   26         90E  90E N   CA    696  697  117.40  136.80                  -40.30
   27   4452  90E  91Q C   N     703  705 -168.69 -121.10   53.90    1.66  -63.80 -173.10   32.75
   27         91Q  91Q N   CA    705  706  165.01  139.70                  -40.30
   28   4462 100Q 101G C   N     781  783  -68.31  -62.40   11.15    1.98   82.20  161.72   12.41
   28        101G 101G N   CA    783  784  -50.66  -41.20                    8.50
   29   4464 102D 103F C   N     793  795   64.49   58.10    8.87    1.31  -63.20  152.48   27.51
   29        103F 103F N   CA    795  796   39.05   32.90                  -44.30
   30   4479 117F 118G C   N     913  915  -65.16  -62.40    4.65    0.84   82.20  156.75   11.96
   30        118G 118G N   CA    915  916  -44.95  -41.20                    8.50
   31   4482 120N 121G C   N     934  936  -63.18  -62.40    1.70    0.29   82.20  154.14   11.74
   31        121G 121G N   CA    936  937  -42.71  -41.20                    8.50
   32   4491 129E 130D C   N    1005 1007  -80.15  -96.50   54.45    2.29  -63.30  103.64   11.87
   32        130D 130D N   CA   1007 1008   62.26  114.20                  -40.00
   33   4493 131V 132D C   N    1020 1022  -73.53  -63.30   12.80    1.54  -70.90  177.41    8.61
   33        132D 132D N   CA   1022 1023  -32.31  -40.00                  150.30
   34   4508 146N 147P C   N    1138 1140  -67.97  -64.50   20.26    1.34  -58.70  162.61   14.20
   34        147P 147P N   CA   1140 1141  167.16  147.20                  -30.50
   35   4512 150K 151V C   N    1167 1169  -67.81  -73.50    9.58    0.83  -62.40  170.78   21.93
   35        151V 151V N   CA   1169 1170  146.90  139.20                  -42.40
   36   4513 151V 152K C   N    1174 1176  -75.58  -70.20   60.92    4.54   56.60  138.43   13.84
   36        152K 152K N   CA   1176 1177   79.72  140.40                   38.60
   37   4517 155D 156M C   N    1205 1207  -68.30  -73.00   36.36    2.38  -63.40  147.52   21.65
   37        156M 156M N   CA   1207 1208  106.94  143.00                  -40.50
   38   4518 156M 157Q C   N    1213 1215  -62.22  -73.00   13.24    0.79  -63.80  173.31   25.57
   38        157Q 157Q N   CA   1215 1216  133.00  140.70                  -40.30


report______> Distribution of short non-bonded contacts:


DISTANCE1:  0.00 2.10 2.20 2.30 2.40 2.50 2.60 2.70 2.80 2.90 3.00 3.10 3.20 3.30 3.40
DISTANCE2:  2.10 2.20 2.30 2.40 2.50 2.60 2.70 2.80 2.90 3.00 3.10 3.20 3.30 3.40 3.50
FREQUENCY:     0    0    0    0    1   11   22   81  104  134  150  155  165  206  201


<< end of ENERGY.
>> Model assessment by DOPE potential
iatmcls_286W> MODEL atom not classified:  ARG:OXT  ARG


>> ENERGY; Differences between the model's features and restraints:
Number of all residues in MODEL                   :      159
Number of all, selected real atoms                :     1243    1243
Number of all, selected pseudo atoms              :        0       0
Number of all static, selected restraints         :    10888   10888
COVALENT_CYS                                      :        F
NONBONDED_SEL_ATOMS                               :        1
Number of non-bonded pairs (excluding 1-2,1-3,1-4):   164198
Dynamic pairs routine                             : 1, NATM x NATM double loop
Atomic shift for contacts update (UPDATE_DYNAMIC) :    0.390
LENNARD_JONES_SWITCH                              :    6.500   7.500
COULOMB_JONES_SWITCH                              :    6.500   7.500
RESIDUE_SPAN_RANGE                                :        1    9999
NLOGN_USE                                         :       15
CONTACT_SHELL                                     :   15.000
DYNAMIC_PAIRS,_SPHERE,_COULOMB,_LENNARD,_MODELLER :        T       F       F       F       T
SPHERE_STDV                                       :    0.050
RADII_FACTOR                                      :    0.820
Current energy                                    :      -12010.2148




<< end of ENERGY.
DOPE score               : -12010.214844
>> Model assessment by GA341 potential

Surface library          : C:\Program Files\Modeller9.17/modlib/surf5.de
Pair library             : C:\Program Files\Modeller9.17/modlib/pair9.de
Chain identifier         : _
% sequence identity      :    21.384001
Sequence length          :          159
Compactness              :     0.208093
Native energy (pair)     :   -14.363005
Native energy (surface)  :     7.760988
Native energy (combined) :     1.716231
Z score (pair)           :    -1.845276
Z score (surface)        :    -1.412112
Z score (combined)       :    -2.177044
GA341 score              :     0.082172



>> ENERGY; Differences between the model's features and restraints:
Number of all residues in MODEL                   :      159
Number of all, selected real atoms                :     1243    1243
Number of all, selected pseudo atoms              :        0       0
Number of all static, selected restraints         :    10888   10888
COVALENT_CYS                                      :        F
NONBONDED_SEL_ATOMS                               :        1
Number of non-bonded pairs (excluding 1-2,1-3,1-4):     2594
Dynamic pairs routine                             : 2, NATM x NATM cell sorting
Atomic shift for contacts update (UPDATE_DYNAMIC) :    0.390
LENNARD_JONES_SWITCH                              :    6.500   7.500
COULOMB_JONES_SWITCH                              :    6.500   7.500
RESIDUE_SPAN_RANGE                                :        0   99999
NLOGN_USE                                         :       15
CONTACT_SHELL                                     :    4.000
DYNAMIC_PAIRS,_SPHERE,_COULOMB,_LENNARD,_MODELLER :        T       T       F       F       F
SPHERE_STDV                                       :    0.050
RADII_FACTOR                                      :    0.820
Current energy                                    :         847.8442





Summary of the restraint violations: 

   NUM     ... number of restraints.
   NUMVI   ... number of restraints with RVIOL > VIOL_REPORT_CUT[i].
   RVIOL   ... relative difference from the best value.
   NUMVP   ... number of restraints with -Ln(pdf) > VIOL_REPORT_CUT2[i].
   RMS_1   ... RMS(feature, minimally_violated_basis_restraint, NUMB).
   RMS_2   ... RMS(feature, best_value, NUMB).
   MOL.PDF ... scaled contribution to -Ln(Molecular pdf).

 #                     RESTRAINT_GROUP      NUM   NUMVI  NUMVP   RMS_1   RMS_2         MOL.PDF     S_i
------------------------------------------------------------------------------------------------------
 1 Bond length potential              :    1273       0      0   0.004   0.004      5.9182       1.000
 2 Bond angle potential               :    1720       0      1   1.764   1.764      102.94       1.000
 3 Stereochemical cosine torsion poten:     823       0     16  42.467  42.467      225.67       1.000
 4 Stereochemical improper torsion pot:     546       0      0   0.950   0.950      9.8661       1.000
 5 Soft-sphere overlap restraints     :    2594       0      0   0.003   0.003      2.8685       1.000
 6 Lennard-Jones 6-12 potential       :       0       0      0   0.000   0.000      0.0000       1.000
 7 Coulomb point-point electrostatic p:       0       0      0   0.000   0.000      0.0000       1.000
 8 H-bonding potential                :       0       0      0   0.000   0.000      0.0000       1.000
 9 Distance restraints 1 (CA-CA)      :    2152       0      0   0.665   0.665      121.53       1.000
10 Distance restraints 2 (N-O)        :    2313       1      6   0.724   0.724      183.30       1.000
11 Mainchain Phi dihedral restraints  :       0       0      0   0.000   0.000      0.0000       1.000
12 Mainchain Psi dihedral restraints  :       0       0      0   0.000   0.000      0.0000       1.000
13 Mainchain Omega dihedral restraints:     158       0      1   4.164   4.164      32.303       1.000
14 Sidechain Chi_1 dihedral restraints:     134       0      1  80.940  80.940      35.971       1.000
15 Sidechain Chi_2 dihedral restraints:      95       0      0  73.792  73.792      32.494       1.000
16 Sidechain Chi_3 dihedral restraints:      41       0      0  72.922  72.922      30.112       1.000
17 Sidechain Chi_4 dihedral restraints:      14       0      0  78.147  78.147      7.4335       1.000
18 Disulfide distance restraints      :       0       0      0   0.000   0.000      0.0000       1.000
19 Disulfide angle restraints         :       0       0      0   0.000   0.000      0.0000       1.000
20 Disulfide dihedral angle restraints:       0       0      0   0.000   0.000      0.0000       1.000
21 Lower bound distance restraints    :       0       0      0   0.000   0.000      0.0000       1.000
22 Upper bound distance restraints    :       0       0      0   0.000   0.000      0.0000       1.000
23 Distance restraints 3 (SDCH-MNCH)  :    1285       0      0   0.495   0.495      14.773       1.000
24 Sidechain Chi_5 dihedral restraints:       0       0      0   0.000   0.000      0.0000       1.000
25 Phi/Psi pair of dihedral restraints:     157      40     24  30.609  84.739      29.038       1.000
26 Distance restraints 4 (SDCH-SDCH)  :     177       0      0   1.280   1.280      13.621       1.000
27 Distance restraints 5 (X-Y)        :       0       0      0   0.000   0.000      0.0000       1.000
28 NMR distance restraints 6 (X-Y)    :       0       0      0   0.000   0.000      0.0000       1.000
29 NMR distance restraints 7 (X-Y)    :       0       0      0   0.000   0.000      0.0000       1.000
30 Minimal distance restraints        :       0       0      0   0.000   0.000      0.0000       1.000
31 Non-bonded restraints              :       0       0      0   0.000   0.000      0.0000       1.000
32 Atomic accessibility restraints    :       0       0      0   0.000   0.000      0.0000       1.000
33 Atomic density restraints          :       0       0      0   0.000   0.000      0.0000       1.000
34 Absolute position restraints       :       0       0      0   0.000   0.000      0.0000       1.000
35 Dihedral angle difference restraint:       0       0      0   0.000   0.000      0.0000       1.000
36 GBSA implicit solvent potential    :       0       0      0   0.000   0.000      0.0000       1.000
37 EM density fitting potential       :       0       0      0   0.000   0.000      0.0000       1.000
38 SAXS restraints                    :       0       0      0   0.000   0.000      0.0000       1.000
39 Symmetry restraints                :       0       0      0   0.000   0.000      0.0000       1.000



# Heavy relative violation of each residue is written to: T0856.V99990004
# The profile is NOT normalized by the number of restraints.
# The profiles are smoothed over a window of residues:    1
# The sum of all numbers in the file:   18501.2422



List of the violated restraints:
   A restraint is violated when the relative difference
   from the best value (RVIOL) is larger than CUTOFF.

   ICSR   ... index of a restraint in the current set.
   RESNO  ... residue numbers of the first two atoms.
   ATM    ... IUPAC atom names of the first two atoms.
   FEAT   ... the value of the feature in the model.
   restr  ... the mean of the basis restraint with the smallest
              difference from the model (local minimum).
   viol   ... difference from the local minimum.
   rviol  ... relative difference from the local minimum.
   RESTR  ... the best value (global minimum).
   VIOL   ... difference from the best value.
   RVIOL  ... relative difference from the best value.


-------------------------------------------------------------------------------------------------

Feature 10                           : Distance restraints 2 (N-O)             
List of the RVIOL violations larger than   :       4.5000

    #   ICSR  RESNO1/2 ATM1/2   INDATM1/2    FEAT   restr    viol   rviol   RESTR    VIOL   RVIOL
    1   9197 142F 138P N   O    1097 1075    5.42    2.98    2.44    5.38    2.98    2.44    5.38

-------------------------------------------------------------------------------------------------

Feature 25                           : Phi/Psi pair of dihedral restraints     
List of the RVIOL violations larger than   :       6.5000

    #   ICSR  RESNO1/2 ATM1/2   INDATM1/2    FEAT   restr    viol   rviol   RESTR    VIOL   RVIOL
    1   4382  20H  21G C   N     151  153  -63.11  -62.40    1.56    0.21   82.20  153.13   11.62
    1         21G  21G N   CA    153  154  -39.82  -41.20                    8.50
    2   4384  22S  23G C   N     161  163  -63.94  -62.40    3.68    0.63   82.20  155.47   11.87
    2         23G  23G N   CA    163  164  -44.54  -41.20                    8.50
    3   4385  23G  24G C   N     165  167  -66.83  -62.40    6.93    1.26   82.20  158.87   12.14
    3         24G  24G N   CA    167  168  -46.53  -41.20                    8.50
    4   4387  25K  26G C   N     178  180  -63.17  -62.40    1.17    0.22   82.20  153.92   11.72
    4         26G  26G N   CA    180  181  -42.09  -41.20                    8.50
    5   4389  27Y  28G C   N     194  196  -66.68  -62.40    6.23    1.15   82.20  158.45   12.10
    5         28G  28G N   CA    196  197  -45.73  -41.20                    8.50
    6   4393  31S  32T C   N     217  219 -104.58 -124.80   63.24    2.16  -63.20  132.31   14.64
    6         32T  32T N   CA    219  220   83.57  143.50                  -42.10
    7   4394  32T  33G C   N     224  226  -67.97  -80.20   69.62    2.15   82.20  178.81    7.23
    7         33G  33G N   CA    226  227  105.57  174.10                    8.50
    8   4398  36S  37G C   N     248  250  -74.44  -80.20   20.34    0.54   82.20 -145.80    6.97
    8         37G  37G N   CA    250  251  154.59  174.10                    8.50
    9   4400  38C  39Y C   N     258  260 -141.97 -124.30   33.72    1.33  -63.50  171.49   31.03
    9         39Y  39Y N   CA    260  261  164.11  135.40                  -43.40
   10   4411  49N  50R C   N     366  368  -91.51  -72.10   84.39    6.89  -63.00  104.82   12.50
   10         50R  50R N   CA    368  369   59.77  141.90                  -41.10
   11   4412  50R  51G C   N     377  379  172.93 -167.20   31.33    1.22   82.20  168.40   12.15
   11         51G  51G N   CA    379  380  150.37  174.60                    8.50
   12   4413  51G  52N C   N     381  383 -136.52 -119.90   36.86    1.96  -63.20  162.66   17.54
   12         52N  52N N   CA    383  384  104.10  137.00                  -41.10
   13   4414  52N  53E C   N     389  391   99.10   54.60  141.38   14.39  -63.60 -143.32   26.32
   13         53E  53E N   CA    391  392  176.59   42.40                  -40.30
   14   4415  53E  54G C   N     398  400   55.51   78.70   68.96    1.12  -62.40  132.28   20.54
   14         54G  54G N   CA    400  401 -101.16 -166.10                  -41.20
   15   4430  68N  69H C   N     515  517  -57.91  -67.60   13.71    0.81  -63.20  172.69   21.92
   15         69H  69H N   CA    517  518  130.31  140.00                  -42.30
   16   4431  69H  70R C   N     525  527 -160.20 -125.20  113.50    4.62  -63.00  119.98   21.83
   16         70R  70R N   CA    527  528 -111.43  140.60                  -41.10
   17   4432  70R  71T C   N     536  538  -81.52 -124.80   63.24    2.02  -63.20  140.69   16.89
   17         71T  71T N   CA    538  539   97.39  143.50                  -42.10
   18   4434  72T  73S C   N     550  552  -74.03  -72.40   23.41    1.43  -64.10  164.35   11.35
   18         73S  73S N   CA    552  553  129.04  152.40                  -35.00
   19   4435  73S  74D C   N     556  558 -136.54  -96.50   80.20    3.37  -63.30  154.74   23.81
   19         74D  74D N   CA    558  559 -176.31  114.20                  -40.00
   20   4444  82S  83G C   N     640  642  -82.11  -80.20   63.12    2.39   82.20 -149.66   16.37
   20         83G  83G N   CA    642  643 -122.81  174.10                    8.50
   21   4445  83G  84N C   N     644  646   51.69   55.90   21.63    1.22  -63.20  153.51   24.99
   21         84N  84N N   CA    646  647   60.71   39.50                  -41.10
   22   4446  84N  85L C   N     652  654 -126.38 -108.50   71.53    3.65  -63.50  132.86   22.33
   22         85L  85L N   CA    654  655 -158.24  132.50                  -41.20
   23   4447  85L  86Y C   N     660  662  -79.83  -98.40   19.24    0.84  -63.50  177.60   27.36
   23         86Y  86Y N   CA    662  663  133.44  128.40                  -43.40
   24   4448  86Y  87H C   N     672  674 -156.03 -125.60   43.99    1.09  -63.20  173.98   27.70
   24         87H  87H N   CA    674  675  170.56  138.80                  -42.30
   25   4449  87H  88N C   N     682  684  -87.71  -71.20   21.54    1.18  -63.20  164.10   21.90
   25         88N  88N N   CA    684  685  156.64  142.80                  -41.10
   26   4451  89G  90E C   N     694  696 -109.23 -117.80   12.01    0.64  -63.60 -179.65   26.63
   26         90E  90E N   CA    696  697  145.22  136.80                  -40.30
   27   4452  90E  91Q C   N     703  705 -153.20 -121.10   51.90    1.78  -63.80  165.45   28.85
   27         91Q  91Q N   CA    705  706 -179.52  139.70                  -40.30
   28   4462 100Q 101G C   N     781  783  -63.99  -62.40    7.29    1.17   82.20  156.84   12.02
   28        101G 101G N   CA    783  784  -48.32  -41.20                    8.50
   29   4463 101G 102D C   N     785  787  -82.95  -70.90   51.36    1.98  -63.30  121.37   16.23
   29        102D 102D N   CA    787  788 -159.77  150.30                  -40.00
   30   4464 102D 103F C   N     793  795 -135.53 -124.20   63.78    3.26  -63.20  144.28   16.38
   30        103F 103F N   CA    795  796   80.54  143.30                  -44.30
   31   4479 117F 118G C   N     913  915  -65.20  -62.40    5.13    0.91   82.20  156.99   11.99
   31        118G 118G N   CA    915  916  -45.50  -41.20                    8.50
   32   4482 120N 121G C   N     934  936  -64.23  -62.40    2.22    0.42   82.20  155.04   11.80
   32        121G 121G N   CA    936  937  -42.46  -41.20                    8.50
   33   4493 131V 132D C   N    1020 1022  -69.62  -63.30   10.42    1.13  -70.90  177.99    8.83
   33        132D 132D N   CA   1022 1023  -31.72  -40.00                  150.30
   34   4499 137Y 138P C   N    1067 1069  -68.73  -64.50   22.55    1.48  -58.70  160.47   14.08
   34        138P 138P N   CA   1069 1070  169.34  147.20                  -30.50
   35   4500 138P 139C C   N    1074 1076   75.75   57.40   76.60    2.86 -117.90 -115.29   10.84
   35        139C 139C N   CA   1076 1077  -38.37   36.00                  141.10
   36   4508 146N 147P C   N    1138 1140  -83.13  -64.50   19.98    1.69  -58.70  176.79   16.62
   36        147P 147P N   CA   1140 1141  154.41  147.20                  -30.50
   37   4509 147P 148G C   N    1145 1147  153.20   82.20   96.21    7.43   82.20   96.21    7.43
   37        148G 148G N   CA   1147 1148   73.43    8.50                    8.50
   38   4512 150K 151V C   N    1167 1169  -74.76  -73.50    4.14    0.36  -62.40  178.09   21.85
   38        151V 151V N   CA   1169 1170  135.26  139.20                  -42.40
   39   4513 151V 152K C   N    1174 1176  -85.60  -70.20   55.63    4.37   56.60  150.19   14.74
   39        152K 152K N   CA   1176 1177   86.94  140.40                   38.60
   40   4519 157Q 158M C   N    1222 1224  -80.74  -73.00    7.90    0.62  -63.40  178.93   28.09
   40        158M 158M N   CA   1224 1225  141.41  143.00                  -40.50


report______> Distribution of short non-bonded contacts:


DISTANCE1:  0.00 2.10 2.20 2.30 2.40 2.50 2.60 2.70 2.80 2.90 3.00 3.10 3.20 3.30 3.40
DISTANCE2:  2.10 2.20 2.30 2.40 2.50 2.60 2.70 2.80 2.90 3.00 3.10 3.20 3.30 3.40 3.50
FREQUENCY:     0    0    0    0    0   15   27   94  114  127  115  165  192  238  177


<< end of ENERGY.
iupac_m_397W> Atoms were not swapped because of the uncertainty of how to handle the H atom.
iupac_m_397W> Atoms were not swapped because of the uncertainty of how to handle the H atom.
iupac_m_397W> Atoms were not swapped because of the uncertainty of how to handle the H atom.
iupac_m_397W> Atoms were not swapped because of the uncertainty of how to handle the H atom.
>> Model assessment by DOPE potential
iatmcls_286W> MODEL atom not classified:  ARG:OXT  ARG


>> ENERGY; Differences between the model's features and restraints:
Number of all residues in MODEL                   :      159
Number of all, selected real atoms                :     1243    1243
Number of all, selected pseudo atoms              :        0       0
Number of all static, selected restraints         :    10888   10888
COVALENT_CYS                                      :        F
NONBONDED_SEL_ATOMS                               :        1
Number of non-bonded pairs (excluding 1-2,1-3,1-4):   162290
Dynamic pairs routine                             : 1, NATM x NATM double loop
Atomic shift for contacts update (UPDATE_DYNAMIC) :    0.390
LENNARD_JONES_SWITCH                              :    6.500   7.500
COULOMB_JONES_SWITCH                              :    6.500   7.500
RESIDUE_SPAN_RANGE                                :        1    9999
NLOGN_USE                                         :       15
CONTACT_SHELL                                     :   15.000
DYNAMIC_PAIRS,_SPHERE,_COULOMB,_LENNARD,_MODELLER :        T       F       F       F       T
SPHERE_STDV                                       :    0.050
RADII_FACTOR                                      :    0.820
Current energy                                    :      -12121.9766




<< end of ENERGY.
DOPE score               : -12121.976563
>> Model assessment by GA341 potential

Surface library          : C:\Program Files\Modeller9.17/modlib/surf5.de
Pair library             : C:\Program Files\Modeller9.17/modlib/pair9.de
Chain identifier         : _
% sequence identity      :    21.384001
Sequence length          :          159
Compactness              :     0.267953
Native energy (pair)     :    14.790404
Native energy (surface)  :     9.770027
Native energy (combined) :     3.452020
Z score (pair)           :    -1.278331
Z score (surface)        :    -0.826611
Z score (combined)       :    -1.398644
GA341 score              :     0.043959



>> ENERGY; Differences between the model's features and restraints:
Number of all residues in MODEL                   :      159
Number of all, selected real atoms                :     1243    1243
Number of all, selected pseudo atoms              :        0       0
Number of all static, selected restraints         :    10888   10888
COVALENT_CYS                                      :        F
NONBONDED_SEL_ATOMS                               :        1
Number of non-bonded pairs (excluding 1-2,1-3,1-4):     2565
Dynamic pairs routine                             : 2, NATM x NATM cell sorting
Atomic shift for contacts update (UPDATE_DYNAMIC) :    0.390
LENNARD_JONES_SWITCH                              :    6.500   7.500
COULOMB_JONES_SWITCH                              :    6.500   7.500
RESIDUE_SPAN_RANGE                                :        0   99999
NLOGN_USE                                         :       15
CONTACT_SHELL                                     :    4.000
DYNAMIC_PAIRS,_SPHERE,_COULOMB,_LENNARD,_MODELLER :        T       T       F       F       F
SPHERE_STDV                                       :    0.050
RADII_FACTOR                                      :    0.820
Current energy                                    :         899.6876





Summary of the restraint violations: 

   NUM     ... number of restraints.
   NUMVI   ... number of restraints with RVIOL > VIOL_REPORT_CUT[i].
   RVIOL   ... relative difference from the best value.
   NUMVP   ... number of restraints with -Ln(pdf) > VIOL_REPORT_CUT2[i].
   RMS_1   ... RMS(feature, minimally_violated_basis_restraint, NUMB).
   RMS_2   ... RMS(feature, best_value, NUMB).
   MOL.PDF ... scaled contribution to -Ln(Molecular pdf).

 #                     RESTRAINT_GROUP      NUM   NUMVI  NUMVP   RMS_1   RMS_2         MOL.PDF     S_i
------------------------------------------------------------------------------------------------------
 1 Bond length potential              :    1273       0      0   0.005   0.005      7.9858       1.000
 2 Bond angle potential               :    1720       0      2   1.867   1.867      114.16       1.000
 3 Stereochemical cosine torsion poten:     823       0     15  42.502  42.502      225.72       1.000
 4 Stereochemical improper torsion pot:     546       0      0   1.132   1.132      13.894       1.000
 5 Soft-sphere overlap restraints     :    2565       0      0   0.003   0.003      3.6740       1.000
 6 Lennard-Jones 6-12 potential       :       0       0      0   0.000   0.000      0.0000       1.000
 7 Coulomb point-point electrostatic p:       0       0      0   0.000   0.000      0.0000       1.000
 8 H-bonding potential                :       0       0      0   0.000   0.000      0.0000       1.000
 9 Distance restraints 1 (CA-CA)      :    2152       0      0   0.652   0.652      114.79       1.000
10 Distance restraints 2 (N-O)        :    2313       1      7   0.791   0.791      211.06       1.000
11 Mainchain Phi dihedral restraints  :       0       0      0   0.000   0.000      0.0000       1.000
12 Mainchain Psi dihedral restraints  :       0       0      0   0.000   0.000      0.0000       1.000
13 Mainchain Omega dihedral restraints:     158       0      0   3.845   3.845      27.545       1.000
14 Sidechain Chi_1 dihedral restraints:     134       0      0  80.852  80.852      34.532       1.000
15 Sidechain Chi_2 dihedral restraints:      95       0      0  86.977  86.977      46.661       1.000
16 Sidechain Chi_3 dihedral restraints:      41       0      0  73.035  73.035      31.253       1.000
17 Sidechain Chi_4 dihedral restraints:      14       0      0  71.385  71.385      9.0898       1.000
18 Disulfide distance restraints      :       0       0      0   0.000   0.000      0.0000       1.000
19 Disulfide angle restraints         :       0       0      0   0.000   0.000      0.0000       1.000
20 Disulfide dihedral angle restraints:       0       0      0   0.000   0.000      0.0000       1.000
21 Lower bound distance restraints    :       0       0      0   0.000   0.000      0.0000       1.000
22 Upper bound distance restraints    :       0       0      0   0.000   0.000      0.0000       1.000
23 Distance restraints 3 (SDCH-MNCH)  :    1285       0      0   0.554   0.554      14.981       1.000
24 Sidechain Chi_5 dihedral restraints:       0       0      0   0.000   0.000      0.0000       1.000
25 Phi/Psi pair of dihedral restraints:     157      34     18  28.208  77.897      28.391       1.000
26 Distance restraints 4 (SDCH-SDCH)  :     177       0      0   1.429   1.429      15.949       1.000
27 Distance restraints 5 (X-Y)        :       0       0      0   0.000   0.000      0.0000       1.000
28 NMR distance restraints 6 (X-Y)    :       0       0      0   0.000   0.000      0.0000       1.000
29 NMR distance restraints 7 (X-Y)    :       0       0      0   0.000   0.000      0.0000       1.000
30 Minimal distance restraints        :       0       0      0   0.000   0.000      0.0000       1.000
31 Non-bonded restraints              :       0       0      0   0.000   0.000      0.0000       1.000
32 Atomic accessibility restraints    :       0       0      0   0.000   0.000      0.0000       1.000
33 Atomic density restraints          :       0       0      0   0.000   0.000      0.0000       1.000
34 Absolute position restraints       :       0       0      0   0.000   0.000      0.0000       1.000
35 Dihedral angle difference restraint:       0       0      0   0.000   0.000      0.0000       1.000
36 GBSA implicit solvent potential    :       0       0      0   0.000   0.000      0.0000       1.000
37 EM density fitting potential       :       0       0      0   0.000   0.000      0.0000       1.000
38 SAXS restraints                    :       0       0      0   0.000   0.000      0.0000       1.000
39 Symmetry restraints                :       0       0      0   0.000   0.000      0.0000       1.000



# Heavy relative violation of each residue is written to: T0856.V99990005
# The profile is NOT normalized by the number of restraints.
# The profiles are smoothed over a window of residues:    1
# The sum of all numbers in the file:   18411.3906



List of the violated restraints:
   A restraint is violated when the relative difference
   from the best value (RVIOL) is larger than CUTOFF.

   ICSR   ... index of a restraint in the current set.
   RESNO  ... residue numbers of the first two atoms.
   ATM    ... IUPAC atom names of the first two atoms.
   FEAT   ... the value of the feature in the model.
   restr  ... the mean of the basis restraint with the smallest
              difference from the model (local minimum).
   viol   ... difference from the local minimum.
   rviol  ... relative difference from the local minimum.
   RESTR  ... the best value (global minimum).
   VIOL   ... difference from the best value.
   RVIOL  ... relative difference from the best value.


-------------------------------------------------------------------------------------------------

Feature 10                           : Distance restraints 2 (N-O)             
List of the RVIOL violations larger than   :       4.5000

    #   ICSR  RESNO1/2 ATM1/2   INDATM1/2    FEAT   restr    viol   rviol   RESTR    VIOL   RVIOL
    1   9197 142F 138P N   O    1097 1075    5.44    2.98    2.45    5.41    2.98    2.45    5.41

-------------------------------------------------------------------------------------------------

Feature 25                           : Phi/Psi pair of dihedral restraints     
List of the RVIOL violations larger than   :       6.5000

    #   ICSR  RESNO1/2 ATM1/2   INDATM1/2    FEAT   restr    viol   rviol   RESTR    VIOL   RVIOL
    1   4375  13E  14N C   N      97   99  -84.98 -119.90   43.23    2.30  -63.20  157.92   20.97
    1         14N  14N N   CA     99  100  162.49  137.00                  -41.10
    2   4376  14N  15G C   N     105  107   86.90   82.20   57.43    2.55  -62.40  149.49   26.39
    2         15G  15G N   CA    107  108  -48.74    8.50                  -41.20
    3   4382  20H  21G C   N     151  153  -61.94  -62.40    0.49    0.09   82.20  152.42   11.59
    3         21G  21G N   CA    153  154  -41.02  -41.20                    8.50
    4   4384  22S  23G C   N     161  163  -63.50  -62.40    4.87    0.79   82.20  155.55   11.89
    4         23G  23G N   CA    163  164  -45.95  -41.20                    8.50
    5   4385  23G  24G C   N     165  167  -63.59  -62.40    1.22    0.20   82.20  153.94   11.70
    5         24G  24G N   CA    167  168  -40.91  -41.20                    8.50
    6   4387  25K  26G C   N     178  180  -62.96  -62.40    2.62    0.42   82.20  154.28   11.77
    6         26G  26G N   CA    180  181  -43.77  -41.20                    8.50
    7   4389  27Y  28G C   N     194  196  -63.80  -62.40    3.50    0.60   82.20  155.30   11.85
    7         28G  28G N   CA    196  197  -44.41  -41.20                    8.50
    8   4398  36S  37G C   N     248  250  -95.33  -80.20   51.05    2.76   82.20 -147.47    8.51
    8         37G  37G N   CA    250  251  125.34  174.10                    8.50
    9   4400  38C  39Y C   N     258  260 -123.86 -124.30   31.99    1.71  -63.50  160.95   28.55
    9         39Y  39Y N   CA    260  261  167.39  135.40                  -43.40
   10   4412  50R  51G C   N     377  379  -75.37  -80.20   32.19    1.03   82.20 -153.30    7.12
   10         51G  51G N   CA    379  380  142.28  174.10                    8.50
   11   4414  52N  53E C   N     389  391 -152.42 -117.80   69.81    2.66  -63.60  151.13   24.94
   11         53E  53E N   CA    391  392 -162.58  136.80                  -40.30
   12   4415  53E  54G C   N     398  400   65.53   78.70   78.31    1.70  -62.40  136.54   22.02
   12         54G  54G N   CA    400  401  -88.91 -166.10                  -41.20
   13   4430  68N  69H C   N     515  517  169.56 -125.60   95.55    2.39  -63.20  167.36   28.40
   13         69H  69H N   CA    517  518 -151.02  138.80                  -42.30
   14   4431  69H  70R C   N     525  527 -118.24 -125.20   34.90    1.52  -63.00  157.50   18.29
   14         70R  70R N   CA    527  528  106.40  140.60                  -41.10
   15   4432  70R  71T C   N     536  538 -112.49 -124.80   82.59    3.18  -63.20  115.03   12.29
   15         71T  71T N   CA    538  539   61.83  143.50                  -42.10
   16   4434  72T  73S C   N     550  552  -74.12  -72.40   16.52    1.03  -64.10  171.27   11.85
   16         73S  73S N   CA    552  553  135.97  152.40                  -35.00
   17   4435  73S  74D C   N     556  558 -165.20  -96.50   92.06    3.84  -63.30  176.83   28.27
   17         74D  74D N   CA    558  559  175.48  114.20                  -40.00
   18   4437  75M  76W C   N     572  574   52.55  -63.00  129.18   17.97  -63.00  129.18   17.97
   18         76W  76W N   CA    574  575 -101.94  -44.20                  -44.20
   19   4444  82S  83G C   N     640  642  -81.30  -80.20   57.07    2.19   82.20 -146.47   16.58
   19         83G  83G N   CA    642  643 -128.84  174.10                    8.50
   20   4445  83G  84N C   N     644  646   47.77   55.90   32.41    1.73  -63.20  157.65   25.46
   20         84N  84N N   CA    646  647   70.88   39.50                  -41.10
   21   4446  84N  85L C   N     652  654 -134.43 -108.50   92.02    4.66  -63.50  120.98   21.10
   21         85L  85L N   CA    654  655 -139.21  132.50                  -41.20
   22   4448  86Y  87H C   N     672  674  -57.25  -67.60   10.48    0.84  -63.20  176.15   21.66
   22         87H  87H N   CA    674  675  141.65  140.00                  -42.30
   23   4449  87H  88N C   N     682  684 -103.68 -119.90   17.71    0.89  -63.20  179.41   24.73
   23         88N  88N N   CA    684  685  144.12  137.00                  -41.10
   24   4451  89G  90E C   N     694  696  -58.50  -69.30   16.75    1.54  -63.60  164.46   21.65
   24         90E  90E N   CA    696  697  155.31  142.50                  -40.30
   25   4462 100Q 101G C   N     781  783  -70.33  -62.40   10.29    1.93   82.20  162.58   12.42
   25        101G 101G N   CA    783  784  -47.75  -41.20                    8.50
   26   4464 102D 103F C   N     793  795   67.60   58.10   10.08    1.54  -63.20  153.62   27.69
   26        103F 103F N   CA    795  796   36.26   32.90                  -44.30
   27   4479 117F 118G C   N     913  915  -64.57  -62.40    3.65    0.66   82.20  155.92   11.89
   27        118G 118G N   CA    915  916  -44.14  -41.20                    8.50
   28   4482 120N 121G C   N     934  936  -65.29  -62.40    6.13    1.07   82.20  157.45   12.04
   28        121G 121G N   CA    936  937  -46.61  -41.20                    8.50
   29   4493 131V 132D C   N    1020 1022  -68.59  -63.30   13.08    1.39  -70.90  178.35    8.67
   29        132D 132D N   CA   1022 1023  -28.03  -40.00                  150.30
   30   4499 137Y 138P C   N    1067 1069  -69.15  -64.50   20.60    1.32  -58.70  162.57   14.29
   30        138P 138P N   CA   1069 1070  167.26  147.20                  -30.50
   31   4500 138P 139C C   N    1074 1076   75.85   57.40   75.35    2.79 -117.90 -116.32   10.79
   31        139C 139C N   CA   1076 1077  -37.06   36.00                  141.10
   32   4508 146N 147P C   N    1138 1140  -79.30  -64.50   15.57    1.36  -58.70  178.68   16.46
   32        147P 147P N   CA   1140 1141  152.02  147.20                  -30.50
   33   4509 147P 148G C   N    1145 1147  150.08   82.20  100.10    7.61   82.20  100.10    7.61
   33        148G 148G N   CA   1147 1148   82.07    8.50                    8.50
   34   4519 157Q 158M C   N    1222 1224  -69.23  -73.00   48.12    3.32  -63.40  128.66   19.67
   34        158M 158M N   CA   1224 1225 -169.03  143.00                  -40.50


report______> Distribution of short non-bonded contacts:


DISTANCE1:  0.00 2.10 2.20 2.30 2.40 2.50 2.60 2.70 2.80 2.90 3.00 3.10 3.20 3.30 3.40
DISTANCE2:  2.10 2.20 2.30 2.40 2.50 2.60 2.70 2.80 2.90 3.00 3.10 3.20 3.30 3.40 3.50
FREQUENCY:     0    0    0    0    0    9   19   77  126  127  114  151  192  233  189


<< end of ENERGY.

>> Summary of successfully produced models:
Filename                          molpdf     DOPE score    GA341 score
----------------------------------------------------------------------
T0856.B99990001.pdb           1230.60437   -11897.62500        0.09998
T0856.B99990002.pdb           1257.47241   -11365.83496        0.08427
T0856.B99990003.pdb           1164.89758   -12129.01465        0.08258
T0856.B99990004.pdb            847.84418   -12010.21484        0.08217
T0856.B99990005.pdb            899.68762   -12121.97656        0.04396

Total CPU time [seconds]                                 :     152.49
