
                         MODELLER 9.17, 2016/07/02, r10881

     PROTEIN STRUCTURE MODELLING BY SATISFACTION OF SPATIAL RESTRAINTS


                     Copyright(c) 1989-2016 Andrej Sali
                            All Rights Reserved

                             Written by A. Sali
                               with help from
              B. Webb, M.S. Madhusudhan, M-Y. Shen, G.Q. Dong,
          M.A. Marti-Renom, N. Eswar, F. Alber, M. Topf, B. Oliva,
             A. Fiser, R. Sanchez, B. Yerkovich, A. Badretdinov,
                     F. Melo, J.P. Overington, E. Feyfant
                 University of California, San Francisco, USA
                    Rockefeller University, New York, USA
                      Harvard University, Cambridge, USA
                   Imperial Cancer Research Fund, London, UK
              Birkbeck College, University of London, London, UK


Kind, OS, HostName, Kernel, Processor: 4, Windows Vista build 7601 Service Pack 1, SAI-PC, SMP, unknown
Date and time of compilation         : 2016/07/01 22:06:57
MODELLER executable type             : x86_64-w64
Job starting time (YY/MM/DD HH:MM:SS): 2016/11/26 14:45:21


Multiple dynamic programming alignment (MALIGN):
  Residue-residue metric  : $(LIB)/as1.sim.mat
  ALIGN_BLOCK             :            1
  Gap introduction penalty:    -900.0000
  Gap extension penalty   :     -50.0000
  Length of alignment     :          354
# Sequence alignment of the structurally conserved regions
# [average distance and standard deviation are with respect
#  to the framework (i.e., average structure)]
#
#  N av ds st dv   1jfgA  1kiyA  2aekA  4qt6A  
# =============================================
   1 1.005 0.579   A  39  A  39  A  39  D2036  
# =============================================
   2 0.615 0.348   A  43  A  43  A  43  P2037  
# =============================================
   3 1.116 0.642   A  87  A  87  A  87  E2038  
   4 0.842 0.491   D  88  D  88  D  88  K2039  
# =============================================
   5 0.228 0.122   I  91  I  91  I  91  A2040  
   6 1.017 0.588   H  92  H  92  H  92  Q2041  
# =============================================
   7 1.124 0.648   Y  95  Y  95  Y  95  C2043  
# =============================================
   8 0.598 0.344   V  98  V  98  V  98  H2053  
# =============================================
   9 0.809 0.463   W 127  W 127  W 127  G2057  
# =============================================
  10 1.094 0.634   S 147  S 147  S 147  H2098  
# =============================================
  11 0.194 0.113   L 150  L 150  L 150  D2099  
# =============================================
  12 0.569 0.330   S 153  S 153  S 153  N2101  
# =============================================
  13 1.066 0.616   L 187  L 187  L 187  H2102  
# =============================================
  14 0.707 0.406   H 189  H 189  H 189  T2105  
# =============================================
  15 0.415 0.233   V 191  V 191  V 191  M2108  
# =============================================
  16 0.757 0.432   E 218  E 218  E 218  H2120  
# =============================================
  17 0.834 0.478   V 224  V 224  V 224  F2150  
# =============================================
  18 0.797 0.462   M 228  M 228  M 228  G2151  
# =============================================
  19 0.885 0.502   F 230  F 230  F 230  K2152  
  20 0.625 0.335   Y 231  Y 231  Y 231  N2153  
# =============================================
  21 0.921 0.530   T 266  T 266  T 266  L2159  
# =============================================
  22 0.967 0.553   M 273  M 273  M 273  E2162  
# =============================================
  23 0.790 0.452   T 287  T 287  T 287  A2167  
# =============================================
  24 0.475 0.256   D 302  D 302  D 302  C2187  
# =============================================
  25 0.968 0.542 * R 306  R 306  R 306  R2192  
# =============================================
# Sequence alignment of the structurally conserved regions
# [average distance and standard deviation are with respect
#  to the framework (i.e., average structure)]
#
#  N av ds st dv   1jfgA  1kiyA  2aekA  4qt6A  
# =============================================
   1 0.434 0.238   V  71  V  71  V  71  F2035  
# =============================================
   2 0.924 0.530   A  87  A  87  A  87  E2038  
   3 0.922 0.539   D  88  D  88  D  88  K2039  
# =============================================
   4 0.383 0.212   I  91  I  91  I  91  A2040  
   5 0.886 0.512   H  92  H  92  H  92  Q2041  
# =============================================
   6 1.001 0.575   Y  95  Y  95  Y  95  C2043  
# =============================================
   7 0.655 0.375   V  98  V  98  V  98  H2053  
# =============================================
   8 1.068 0.618   W 127  W 127  W 127  G2056  
   9 1.085 0.629   W 128  W 128  W 128  G2057  
# =============================================
  10 1.045 0.605   S 147  S 147  S 147  H2098  
# =============================================
  11 0.254 0.149   L 150  L 150  L 150  D2099  
# =============================================
  12 0.319 0.184   S 153  S 153  S 153  N2101  
# =============================================
  13 1.116 0.645   L 187  L 187  L 187  H2102  
# =============================================
  14 0.617 0.357   H 189  H 189  H 189  T2105  
# =============================================
  15 0.512 0.296   V 191  V 191  V 191  M2108  
# =============================================
  16 0.737 0.422   E 218  E 218  E 218  H2120  
# =============================================
  17 0.813 0.466   V 224  V 224  V 224  F2150  
# =============================================
  18 0.859 0.491   L 227  L 227  L 227  G2151  
# =============================================
  19 0.626 0.352   F 230  F 230  F 230  K2152  
  20 0.368 0.199   Y 231  Y 231  Y 231  N2153  
# =============================================
  21 0.785 0.451   T 266  T 266  T 266  L2159  
# =============================================
  22 0.789 0.444   M 273  M 273  M 273  D2163  
# =============================================
  23 0.559 0.336   T 287  T 287  T 287  A2167  
# =============================================
  24 1.305 0.753   F 291  F 291  F 291  L2169  
# =============================================
  25 0.302 0.130   D 302  D 302  D 302  C2187  
# =============================================
  26 0.754 0.437 * R 306  R 306  R 306  R2192  
# =============================================
# Sequence alignment of the structurally conserved regions
# [average distance and standard deviation are with respect
#  to the framework (i.e., average structure)]
#
#  N av ds st dv   1jfgA  1kiyA  2aekA  4qt6A  
# =============================================
   1 0.397 0.222   V  71  V  71  V  71  F2035  
# =============================================
   2 0.755 0.425   A  87  A  87  A  87  E2038  
# =============================================
   3 0.874 0.498   L  89  L  89  L  89  K2039  
# =============================================
   4 0.547 0.309   I  91  I  91  I  91  A2040  
   5 0.736 0.427   H  92  H  92  H  92  Q2041  
# =============================================
   6 0.841 0.481   Y  95  Y  95  Y  95  C2043  
# =============================================
   7 0.597 0.343   V  98  V  98  V  98  H2053  
# =============================================
   8 1.080 0.625   W 127  W 127  W 127  G2056  
   9 1.077 0.624   W 128  W 128  W 128  G2057  
# =============================================
  10 1.050 0.607   S 147  S 147  S 147  H2098  
# =============================================
  11 0.379 0.216   L 150  L 150  L 150  D2099  
# =============================================
  12 0.192 0.107   S 153  S 153  S 153  N2101  
# =============================================
  13 1.236 0.714   L 187  L 187  L 187  H2102  
# =============================================
  14 0.572 0.328   H 189  H 189  H 189  T2105  
# =============================================
  15 0.717 0.414   V 191  V 191  V 191  M2108  
# =============================================
  16 0.748 0.428   E 218  E 218  E 218  H2120  
# =============================================
  17 0.902 0.519   V 224  V 224  V 224  F2150  
# =============================================
  18 0.700 0.398   L 227  L 227  L 227  G2151  
# =============================================
  19 0.380 0.201   F 230  F 230  F 230  K2152  
  20 0.269 0.181   Y 231  Y 231  Y 231  N2153  
# =============================================
  21 1.082 0.637   T 263  T 263  T 263  K2158  
# =============================================
  22 0.593 0.336   T 266  T 266  T 266  L2159  
# =============================================
  23 1.188 0.686   S 269  S 269  S 269  E2162  
# =============================================
  24 0.604 0.339   M 273  M 273  M 273  D2163  
# =============================================
  25 0.435 0.249   T 287  T 287  T 287  A2167  
# =============================================
  26 1.056 0.609   F 291  F 291  F 291  L2169  
# =============================================
  27 0.257 0.097   D 302  D 302  D 302  C2187  
# =============================================
  28 0.763 0.464 * R 306  R 306  R 306  R2192  
# =============================================
# Sequence alignment of the structurally conserved regions
# [average distance and standard deviation are with respect
#  to the framework (i.e., average structure)]
#
#  N av ds st dv   1jfgA  1kiyA  2aekA  4qt6A  
# =============================================
   1 0.386 0.224   V  71  V  71  V  71  F2035  
# =============================================
   2 0.621 0.343   A  87  A  87  A  87  E2038  
# =============================================
   3 0.806 0.458   L  89  L  89  L  89  K2039  
# =============================================
   4 0.646 0.368   I  91  I  91  I  91  A2040  
   5 0.645 0.374   H  92  H  92  H  92  Q2041  
# =============================================
   6 0.824 0.472   Y  95  Y  95  Y  95  C2043  
# =============================================
   7 0.564 0.324   V  98  V  98  V  98  H2053  
# =============================================
   8 1.099 0.636   W 127  W 127  W 127  G2056  
   9 1.106 0.641   W 128  W 128  W 128  G2057  
# =============================================
  10 1.077 0.623   S 147  S 147  S 147  H2098  
# =============================================
  11 0.432 0.245   L 150  L 150  L 150  D2099  
# =============================================
  12 0.221 0.120   S 153  S 153  S 153  N2101  
# =============================================
  13 1.287 0.743   L 187  L 187  L 187  H2102  
# =============================================
  14 0.577 0.325   H 189  H 189  H 189  T2105  
# =============================================
  15 0.692 0.401   G 192  G 192  G 192  D2107  
# =============================================
  16 0.787 0.452   E 218  E 218  E 218  H2120  
# =============================================
  17 1.004 0.578   V 224  V 224  V 224  F2150  
# =============================================
  18 0.678 0.385   L 227  L 227  L 227  G2151  
# =============================================
  19 0.272 0.129   F 230  F 230  F 230  K2152  
  20 0.333 0.190   Y 231  Y 231  Y 231  N2153  
# =============================================
  21 0.911 0.539   T 263  T 263  T 263  K2158  
# =============================================
  22 0.505 0.283   T 266  T 266  T 266  L2159  
# =============================================
  23 0.980 0.565   S 269  S 269  S 269  E2162  
# =============================================
  24 0.602 0.344   M 273  M 273  M 273  D2163  
# =============================================
  25 0.509 0.281   T 287  T 287  T 287  A2167  
# =============================================
  26 0.914 0.527   F 291  F 291  F 291  L2169  
# =============================================
  27 0.293 0.138   D 302  D 302  D 302  C2187  
# =============================================
  28 0.692 0.379   S 308  S 308  S 308  Q2190  
# =============================================

Least-squares dynamic programming alignment:
     FIT_ATOMS atoms for alignment     : CA
     Max dist from frw for equivalence :    3.5000
     Gap introduction penalty          :    0.0000
     Gap extension penalty             :    1.7500
     Numb of residues in framework     :        28




COMPARISON OF SEVERAL 3D STRUCTURES:


  #  ALGNMT CODE      ATOM FILE                          

  1  1jfgA
  2  1kiyA
  3  2aekA
  4  4qt6A



Variability at a given position is calculated as: 
VAR = 1/Nij * sum_ij (feat_i - feat_j)
sum runs over all pairs of proteins with residues present.



>> Least-squares superposition (FIT)           :       T

   Atom types for superposition/RMS (FIT_ATOMS): CA
   Atom type for position average/variability (VARATOM): CA


   Position comparison (FIT_ATOMS): 

       Cutoff for RMS calculation:     3.5000

       Upper = RMS, Lower = numb equiv positions

        1jfgA   1kiyA   2aekA   4qt6A   
1jfgA      0.000   0.226   0.299   1.969
1kiyA        354   0.000   0.255   1.960
2aekA        354     354   0.000   1.962
4qt6A         28      28      28   0.000



   Distance comparison (FIT_ATOMS): 

       Cutoff for rms calculation:     3.5000

       Upper = Distance RMS, Lower = numb equiv distances

        1jfgA   1kiyA   2aekA   4qt6A   
1jfgA      0.000   0.192   0.269   1.519
1kiyA      62481   0.000   0.203   1.520
2aekA      62481   62481   0.000   1.545
4qt6A        362     361     364   0.000

>> Sequence comparison: 

       Diag=numb res, Upper=numb equiv res, Lower = % seq ID


            1jfgA   1kiyA   2aekA   4qt6A
1jfgA         354     353     353       0
1kiyA         100     354     352       0
2aekA         100      99     354       0
4qt6A           0       0       0     159


>> Dihedral angle comparison: Alph


       Cutoff for rms comparison:    60.0000

       Upper = RMS Alph, Lower = numb of equiv angles

        1jfgA   1kiyA   2aekA   4qt6A   
1jfgA      0.000   3.779   3.720  35.186
1kiyA        351   0.000   3.756  35.464
2aekA        351     351   0.000  35.148
4qt6A         11      11      11   0.000


>> Dihedral angle comparison: Phi 


       Cutoff for rms comparison:    60.0000

       Upper = RMS Phi , Lower = numb of equiv angles

        1jfgA   1kiyA   2aekA   4qt6A   
1jfgA      0.000   7.774   8.820  34.402
1kiyA        352   0.000   7.637  37.020
2aekA        352     352   0.000  39.030
4qt6A         15      15      15   0.000


>> Dihedral angle comparison: Psi 


       Cutoff for rms comparison:    15.0000

       Upper = RMS Psi , Lower = numb of equiv angles

        1jfgA   1kiyA   2aekA   4qt6A   
1jfgA      0.000   4.855   6.114  10.972
1kiyA        337   0.000   5.886  11.014
2aekA        324     335   0.000  13.210
4qt6A          2       1       2   0.000


>> Dihedral angle comparison: Omeg


       Cutoff for rms comparison:    60.0000

       Upper = RMS Omeg, Lower = numb of equiv angles

        1jfgA   1kiyA   2aekA   4qt6A   
1jfgA      0.000   0.850   0.940   4.936
1kiyA        353   0.000   0.834   5.084
2aekA        353     353   0.000   5.250
4qt6A         28      28      28   0.000


>> Dihedral angle comparison: chi1


       Cutoff for rms comparison:    60.0000

       Upper = RMS chi1, Lower = numb of equiv angles

        1jfgA   1kiyA   2aekA   4qt6A   
1jfgA      0.000  11.023  10.928  23.813
1kiyA        306   0.000  11.401  23.858
2aekA        304     304   0.000  18.226
4qt6A          9      10       9   0.000


>> Dihedral angle comparison: chi2


       Cutoff for rms comparison:    60.0000

       Upper = RMS chi2, Lower = numb of equiv angles

        1jfgA   1kiyA   2aekA   4qt6A   
1jfgA      0.000  10.098  11.967  16.600
1kiyA        233   0.000  10.706  16.487
2aekA        234     227   0.000  20.029
4qt6A          3       3       2   0.000


>> Dihedral angle comparison: chi3


       Cutoff for rms comparison:    60.0000

       Upper = RMS chi3, Lower = numb of equiv angles

        1jfgA   1kiyA   2aekA   4qt6A   
1jfgA      0.000  19.868  20.731   0.000
1kiyA         80   0.000  13.580   0.000
2aekA         85      76   0.000   0.000
4qt6A          0       0       0   0.000


>> Dihedral angle comparison: chi4


       Cutoff for rms comparison:    60.0000

       Upper = RMS chi4, Lower = numb of equiv angles

        1jfgA   1kiyA   2aekA   4qt6A   
1jfgA      0.000  15.358  14.918   0.000
1kiyA         24   0.000  10.514   0.000
2aekA         25      20   0.000   0.000
4qt6A          0       0       0   0.000


>> Dihedral angle comparison: chi5


       Cutoff for rms comparison:    60.0000

       Upper = RMS chi5, Lower = numb of equiv angles

        1jfgA   1kiyA   2aekA   4qt6A   
1jfgA      0.000   0.000   0.000   0.000
1kiyA          0   0.000   0.000   0.000
2aekA          0       0   0.000   0.000
4qt6A          0       0       0   0.000



>> Ramachandran mainchain class substitution
   prot 1 --> prot 2; class on vert --> class on horiz

              A      P      B      L      E      U
      A     897      9     41      9      3      0
      P       0     74      9      0      0      0
      B       2      9     60      0      0      0
      L       3      0      0     21      0      0
      E       0      0      0      0      3      0
      U       0      0      0      0      0      6


   Summary (% does not count undefined):

   CODE   # ID # NID # TOT   % ID  % NID  % TOT
      A    897    62   959   78.7    5.4   84.1
      P     74     9    83    6.5    0.8    7.3
      B     60    11    71    5.3    1.0    6.2
      L     21     3    24    1.8    0.3    2.1
      E      3     0     3    0.3    0.0    0.3
   --------------------------------------------
   SUMS   1055    85  1140   92.5    7.5  100.0
   --------------------------------------------
      U      6     0     6    0.5    0.0    0.5



>> Dihedral class substitution: Alph
   prot 1 --> prot 2; class on vert --> class on horiz

              1      2      3      4
      1      13      0      2      0
      2      12    862     45      0
      3       2      8    193      0
      4       0      0      0      9


   Summary (% does not count undefined):

   CODE   # ID # NID # TOT   % ID  % NID  % TOT
      1     13     2    15    1.1    0.2    1.3
      2    862    57   919   75.8    5.0   80.8
      3    193    10   203   17.0    0.9   17.9
   --------------------------------------------
   SUMS   1068    69  1137   93.9    6.1  100.0
   --------------------------------------------
      4      9     0     9    0.8    0.0    0.8



>> Dihedral class substitution: Phi 
   prot 1 --> prot 2; class on vert --> class on horiz

              1      2      3      4
      1     893     12     67      0
      2       3     24      0      0
      3      27      0    117      0
      4       0      0      0      3


   Summary (% does not count undefined):

   CODE   # ID # NID # TOT   % ID  % NID  % TOT
      1    893    79   972   78.1    6.9   85.0
      2     24     3    27    2.1    0.3    2.4
      3    117    27   144   10.2    2.4   12.6
   --------------------------------------------
   SUMS   1034   109  1143   90.5    9.5  100.0
   --------------------------------------------
      4      3     0     3    0.3    0.0    0.3



>> Dihedral class substitution: Psi 
   prot 1 --> prot 2; class on vert --> class on horiz

              1      2      3      4
      1     826     29     53      0
      2      17     79      2      0
      3       0      0    137      0
      4       0      0      0      3


   Summary (% does not count undefined):

   CODE   # ID # NID # TOT   % ID  % NID  % TOT
      1    826    82   908   72.3    7.2   79.4
      2     79    19    98    6.9    1.7    8.6
      3    137     0   137   12.0    0.0   12.0
   --------------------------------------------
   SUMS   1042   101  1143   91.2    8.8  100.0
   --------------------------------------------
      4      3     0     3    0.3    0.0    0.3



>> Dihedral class substitution: Omeg
   prot 1 --> prot 2; class on vert --> class on horiz

              1      2      3      4
      1    1140      0      0      0
      2       0      3      0      0
      3       0      0      0      0
      4       0      0      0      3


   Summary (% does not count undefined):

   CODE   # ID # NID # TOT   % ID  % NID  % TOT
      1   1140     0  1140   99.7    0.0   99.7
      2      3     0     3    0.3    0.0    0.3
      3      0     0     0    0.0    0.0    0.0
   --------------------------------------------
   SUMS   1143     0  1143  100.0    0.0  100.0
   --------------------------------------------
      4      3     0     3    0.3    0.0    0.3



>> Dihedral class substitution: chi1
   prot 1 --> prot 2; class on vert --> class on horiz

              1      2      3      4
      1     530     36     15      9
      2      36    351      2      6
      3       5      6     42      0
      4       6      0      0    102


   Summary (% does not count undefined):

   CODE   # ID # NID # TOT   % ID  % NID  % TOT
      1    530    60   590   51.1    5.8   56.8
      2    351    44   395   33.8    4.2   38.1
      3     42    11    53    4.0    1.1    5.1
   --------------------------------------------
   SUMS    923   115  1038   88.9   11.1  100.0
   --------------------------------------------
      4    102     6   108    8.9    0.5    9.4



>> Dihedral class substitution: chi2
   prot 1 --> prot 2; class on vert --> class on horiz

              1      2      3      4
      1     438     17      2     15
      2      36    225      9      3
      3       7      4     42      3
      4      24      6      3    312


   Summary (% does not count undefined):

   CODE   # ID # NID # TOT   % ID  % NID  % TOT
      1    438    34   472   54.7    4.2   58.9
      2    225    48   273   28.1    6.0   34.1
      3     42    14    56    5.2    1.7    7.0
   --------------------------------------------
   SUMS    705    96   801   88.0   12.0  100.0
   --------------------------------------------
      4    312    33   345   27.2    2.9   30.1



>> Dihedral class substitution: chi3
   prot 1 --> prot 2; class on vert --> class on horiz

              1      2      3      4
      1     214     24      7      4
      2      18     28      4      1
      3       7      6     13      2
      4      16      3      0    799


   Summary (% does not count undefined):

   CODE   # ID # NID # TOT   % ID  % NID  % TOT
      1    214    35   249   65.2   10.7   75.9
      2     28    23    51    8.5    7.0   15.5
      3     13    15    28    4.0    4.6    8.5
   --------------------------------------------
   SUMS    255    73   328   77.7   22.3  100.0
   --------------------------------------------
      4    799    19   818   69.7    1.7   71.4



>> Dihedral class substitution: chi4
   prot 1 --> prot 2; class on vert --> class on horiz

              1      2      3      4
      1      40      7      7      0
      2       7      8      7      0
      3       7      1     18      0
      4       3      3      0   1038


   Summary (% does not count undefined):

   CODE   # ID # NID # TOT   % ID  % NID  % TOT
      1     40    14    54   39.2   13.7   52.9
      2      8    14    22    7.8   13.7   21.6
      3     18     8    26   17.6    7.8   25.5
   --------------------------------------------
   SUMS     66    36   102   64.7   35.3  100.0
   --------------------------------------------
      4   1038     6  1044   90.6    0.5   91.1



>> Dihedral class substitution: chi5
   prot 1 --> prot 2; class on vert --> class on horiz

              1      2      3      4
      1       0      0      0      0
      2       0      0      0      0
      3       0      0      0      0
      4       0      0      0   1146


   Summary (% does not count undefined):

   CODE   # ID # NID # TOT   % ID  % NID  % TOT
      1      0     0     0    0.0    0.0    0.0
      2      0     0     0    0.0    0.0    0.0
      3      0     0     0    0.0    0.0    0.0
   --------------------------------------------
   SUMS      0     0     0    0.0    0.0    0.0
   --------------------------------------------
      4   1146     0  1146  100.0    0.0  100.0



>> Detailed comparison:


       Structure :  2
       Structure :  3
       Structure :  4
       ALN      ... alignment position
       RESID... ... residue numbers 1/2/3
       AAA      ... amino acid types 1/2/3
       MNC      ... mainchain classes 1/2/3
       ALP...   ... dihedral angle classes (alpha,phi,psi,...)

ALN RESIDUE_NUMBERS AAA MNC ALP PHI PSI OMG CH1 CH2 CH3 CH4 CH5 
---------------------------------------------------------------
  1  ---- ----2034  --G --U --4 --4 --3 --1 --4 --4 --4 --4 --4
  2    1    1  ---- MM- UU- 44- 44- 33- 11- 33- 11- 32- 44- 44-
  3    2    2  ---- EE- AA- 22- 31- 11- 11- 22- 33- 11- 44- 44-
  4    3    3  ---- NN- PB- 33- 33- 33- 11- 11- 21- 44- 44- 44-
  5    4    4  ---- FF- PP- 33- 11- 33- 11- 22- 22- 44- 44- 44-
  6    5    5  ---- PP- BA- 33- 11- 21- 11- 11- 22- 11- 44- 44-
  7    6    6  ---- TT- AA- 22- 11- 11- 11- 11- 44- 44- 44- 44-
  8    7    7  ---- EE- AA- 22- 11- 11- 11- 22- 11- 11- 44- 44-
  9    8    8  ---- YY- AA- 22- 11- 11- 11- 22- 21- 44- 44- 44-
 10    9    9  ---- FF- AA- 22- 11- 11- 11- 22- 22- 44- 44- 44-
 11   10   10  ---- LL- AA- 22- 11- 11- 11- 11- 11- 44- 44- 44-
 12   11   11  ---- NN- AA- 22- 11- 11- 11- 22- 12- 44- 44- 44-
 13   12   12  ---- TT- AA- 22- 11- 11- 11- 12- 44- 44- 44- 44-
 14   13   13  ---- TT- AA- 22- 11- 11- 11- 11- 44- 44- 44- 44-
 15   14   14  ---- VV- AA- 22- 11- 11- 11- 11- 44- 44- 44- 44-
 16   15   15  ---- RR- AA- 22- 11- 11- 11- 11- 11- 23- 11- 44-
 17   16   16  ---- LL- AA- 22- 11- 11- 11- 22- 22- 44- 44- 44-
 18   17   17  ---- LL- AA- 22- 11- 11- 11- 11- 11- 44- 44- 44-
 19   18   18  ---- EE- AA- 22- 11- 11- 11- 11- 11- 12- 44- 44-
 20   19   19  ---- YY- AA- 22- 11- 11- 11- 11- 22- 44- 44- 44-
 21   20   20  ---- II- AA- 33- 11- 21- 11- 22- 11- 44- 44- 44-
 22   21   21  ---- RR- LL- 33- 22- 22- 11- 11- 11- 11- 11- 44-
 23   22   22  ---- YY- PP- 33- 11- 33- 11- 22- 22- 44- 44- 44-
 24   23   23  ---- RR- BB- 11- 33- 33- 11- 33- 11- 11- 22- 44-
 25   24   24  ---- DD- PP- 33- 11- 33- 11- 11- 11- 44- 44- 44-
 26   25   25  ---- SS- BB- 33- 33- 33- 11- 11- 44- 44- 44- 44-
 27   26   26  ---- NN- AA- 22- 13- 12- 11- 13- 12- 44- 44- 44-
 28   27   27  ---- YY- BB- 33- 13- 33- 11- 22- 22- 44- 44- 44-
 29   28   28  ---- TT- PP- 33- 11- 33- 11- 22- 44- 44- 44- 44-
 30   29   29  ---- RR- AA- 22- 11- 11- 11- 21- 11- 13- 31- 44-
 31   30   30  ---- EE- AA- 22- 11- 11- 11- 11- 33- 11- 44- 44-
 32   31   31  ---- EE- AA- 22- 11- 11- 11- 11- 11- 11- 44- 44-
 33   32   32  ---- RR- AA- 22- 11- 11- 11- 11- 11- 11- 33- 44-
 34   33   33  ---- II- AA- 22- 11- 11- 11- 11- 11- 44- 44- 44-
 35   34   34  ---- EE- AA- 22- 11- 11- 11- 21- 11- 21- 44- 44-
 36   35   35  ---- NN- AA- 22- 11- 11- 11- 11- 11- 44- 44- 44-
 37   36   36  ---- LL- AA- 22- 11- 11- 11- 11- 11- 44- 44- 44-
 38   37   37  ---- HH- AA- 22- 11- 11- 11- 22- 22- 44- 44- 44-
 39   38   38  ---- YY- AA- 22- 11- 11- 11- 22- 22- 44- 44- 44-
 40   39   39  ---- AA- AA- 22- 11- 11- 11- 44- 44- 44- 44- 44-
 41   40   40  ---- YY- AA- 22- 11- 11- 11- 22- 22- 44- 44- 44-
 42   41   41  ---- NN- AA- 22- 11- 11- 11- 22- 22- 44- 44- 44-
 43   42   42  ---- KK- AA- 22- 11- 11- 11- 22- 11- 11- 11- 44-
 44   43   43  ---- AA- AA- 22- 11- 11- 11- 44- 44- 44- 44- 44-
 45   44   44  ---- AA- AA- 22- 11- 11- 11- 44- 44- 44- 44- 44-
 46   45   45  ---- HH- AA- 22- 11- 11- 11- 11- 22- 44- 44- 44-
 47   46   46  ---- HH- AA- 22- 11- 11- 11- 22- 11- 44- 44- 44-
 48   47   47  ---- FF- AA- 22- 11- 11- 11- 11- 11- 44- 44- 44-
 49   48   48  ---- AA- AA- 22- 11- 11- 11- 44- 44- 44- 44- 44-
 50   49   49  ---- QQ- PP- 33- 11- 33- 11- 11- 11- 11- 44- 44-
 51   50   50  ---- PP- AA- 22- 11- 11- 11- 12- 21- 12- 44- 44-
 52   51   51  ---- RR- AA- 22- 11- 11- 11- 22- 11- 11- 23- 44-
 53   52   52  ---- QQ- AA- 22- 11- 11- 11- 11- 22- 11- 44- 44-
 54   53   53  ---- QQ- AA- 22- 11- 11- 11- 11- 22- 11- 44- 44-
 55   54   54  ---- QQ- AA- 22- 11- 11- 11- 11- 11- 11- 44- 44-
 56   55   55  ---- LL- AA- 22- 11- 11- 11- 11- 11- 44- 44- 44-
 57   56   56  ---- LL- BB- 33- 33- 33- 11- 22- 22- 44- 44- 44-
 58   57   57  ---- KK- BB- 33- 11- 33- 11- 11- 22- 11- 11- 44-
 59   58   58  ---- VV- BB- 33- 33- 33- 11- 11- 44- 44- 44- 44-
 60   59   59  ---- DD- PP- 33- 11- 33- 11- 22- 11- 44- 44- 44-
 61   60   60  ---- PP- AA- 22- 11- 11- 11- 11- 22- 11- 44- 44-
 62   61   61  ---- KK- AA- 22- 11- 11- 11- 11- 12- 11- 33- 44-
 63   62   62  ---- RR- AA- 22- 11- 11- 11- 11- 21- 23- 13- 44-
 64   63   63  ---- LL- AA- 22- 11- 11- 11- 22- 22- 44- 44- 44-
 65   64   64  ---- QQ- AA- 22- 11- 11- 11- 22- 33- 22- 44- 44-
 66   65   65  ---- AA- AA- 22- 11- 11- 11- 44- 44- 44- 44- 44-
 67   66   66  ---- SS- AA- 22- 11- 11- 11- 22- 44- 44- 44- 44-
 68   67   67  ---- LL- AA- 22- 11- 11- 11- 22- 22- 44- 44- 44-
 69   68   68  ---- QQ- AA- 22- 11- 11- 11- 11- 11- 11- 44- 44-
 70   69   69  ---- TT- AA- 22- 11- 11- 11- 11- 44- 44- 44- 44-
 71   70   70  ---- II- AA- 22- 11- 11- 11- 11- 22- 44- 44- 44-
 72   71   71 2035  VVF AAB 223 113 113 111 111 441 444 444 444
 73  ---- ----2036  --D --B --3 --3 --3 --1 --2 --1 --4 --4 --4
 74  ---- ----2037  --P --A --2 --1 --1 --1 --2 --1 --2 --4 --4
 75   72   72  ---- GG- AA- 22- 11- 11- 11- 44- 44- 44- 44- 44-
 76   73   73  ---- MM- AA- 22- 11- 11- 11- 22- 11- 22- 44- 44-
 77   74   74  ---- VV- AA- 22- 11- 11- 11- 11- 44- 44- 44- 44-
 78   75   75  ---- VV- AA- 22- 11- 11- 11- 11- 44- 44- 44- 44-
 79   76   76  ---- YY- AA- 22- 11- 11- 11- 11- 22- 44- 44- 44-
 80   77   77  ---- SS- AA- 22- 33- 11- 11- 22- 44- 44- 44- 44-
 81   78   78  ---- WW- AA- 33- 33- 22- 11- 11- 22- 44- 44- 44-
 82   79   79  ---- AA- AA- 22- 11- 11- 11- 44- 44- 44- 44- 44-
 83   80   80  ---- KK- AA- 22- 33- 12- 11- 11- 22- 11- 31- 44-
 84   81   81  ---- VV- PP- 31- 33- 33- 11- 22- 44- 44- 44- 44-
 85   82   82  ---- SS- PP- 33- 11- 33- 11- 11- 44- 44- 44- 44-
 86   83   83  ---- KK- AA- 22- 11- 11- 11- 11- 11- 11- 23- 44-
 87   84   84  ---- EE- AA- 22- 11- 11- 11- 11- 22- 11- 44- 44-
 88   85   85  ---- CC- AA- 22- 11- 11- 11- 22- 44- 44- 44- 44-
 89   86   86  ---- MM- AA- 22- 11- 11- 11- 11- 11- 33- 44- 44-
 90   87   87 2038  AAE AAA 222 111 111 111 441 441 441 444 444
 91   88   88  ---- DD- AA- 22- 11- 11- 11- 11- 11- 44- 44- 44-
 92   89   89 2039  LLK AAA 222 113 112 111 111 111 442 442 444
 93   90   90  ---- SS- AA- 22- 11- 11- 11- 22- 44- 44- 44- 44-
 94   91   91 2040  IIA AAB 223 113 113 111 114 114 444 444 444
 95   92   92 2041  HHQ AAB 221 113 113 111 222 223 441 444 444
 96  ---- ----2042  --C --L --2 --2 --2 --1 --1 --4 --4 --4 --4
 97   93   93  ---- YY- AA- 22- 11- 11- 11- 11- 11- 44- 44- 44-
 98   94   94  ---- TT- AA- 22- 11- 11- 11- 11- 44- 44- 44- 44-
 99   95   95 2043  YYC AAB 223 113 113 111 111 114 444 444 444
100  ---- ----2044  --L --B --3 --3 --3 --1 --1 --1 --4 --4 --4
101  ---- ----2045  --V --B --3 --3 --3 --1 --1 --4 --4 --4 --4
102  ---- ----2046  --E --B --1 --3 --3 --1 --2 --1 --1 --4 --4
103  ---- ----2047  --N --L --1 --2 --2 --1 --1 --1 --4 --4 --4
104  ---- ----2048  --G --L --2 --2 --1 --1 --4 --4 --4 --4 --4
105  ---- ----2049  --Q --A --2 --3 --1 --1 --1 --1 --1 --4 --4
106  ---- ----2050  --I --B --3 --3 --3 --1 --1 --1 --4 --4 --4
107  ---- ----2051  --L --B --3 --3 --3 --1 --2 --2 --4 --4 --4
108  ---- ----2052  --T --B --3 --3 --3 --1 --1 --4 --4 --4 --4
109   96   96  ---- TT- AA- 22- 11- 11- 11- 22- 44- 44- 44- 44-
110   97   97  ---- LL- AA- 22- 11- 11- 11- 22- 22- 44- 44- 44-
111   98   98 2053  VVH AAP 223 111 113 111 112 443 444 444 444
112  ---- ----2054  --G --P --1 --3 --3 --1 --4 --4 --4 --4 --4
113  ---- ----2055  --S --P --2 --1 --3 --1 --1 --4 --4 --4 --4
114   99   99  ---- LL- AA- 22- 11- 11- 11- 22- 22- 44- 44- 44-
115  100  100  ---- ED- AA- 22- 11- 12- 11- 12- 11- 14- 44- 44-
116  101  101  ---- DD- AA- 22- 13- 11- 11- 11- 11- 44- 44- 44-
117  102  102  ---- SS- PP- 33- 11- 33- 11- 33- 44- 44- 44- 44-
118  103  103  ---- KK- AA- 33- 33- 11- 11- 22- 11- 11- 21- 44-
119  104  104  ---- DD- PP- 33- 11- 33- 11- 11- 11- 44- 44- 44-
120  105  105  ---- DD- PP- 33- 11- 33- 11- 22- 11- 44- 44- 44-
121  106  106  ---- PP- AA- 22- 11- 11- 11- 11- 22- 11- 44- 44-
122  107  107  ---- YY- AA- 22- 11- 11- 11- 22- 11- 44- 44- 44-
123  108  108  ---- PP- AA- 22- 11- 11- 11- 32- 21- 12- 44- 44-
124  109  109  ---- TT- AA- 22- 11- 11- 11- 22- 44- 44- 44- 44-
125  110  110  ---- MM- AA- 22- 33- 22- 11- 11- 22- 11- 44- 44-
126  111  111  ---- VV- AA- 22- 11- 11- 11- 11- 44- 44- 44- 44-
127  112  112  ---- NN- AA- 33- 33- 22- 11- 11- 11- 44- 44- 44-
128  113  113  ---- YY- AA- 22- 11- 11- 11- 22- 22- 44- 44- 44-
129  114  114  ---- FF- AA- 22- 11- 11- 11- 22- 22- 44- 44- 44-
130  115  115  ---- DD- AA- 22- 11- 11- 11- 11- 11- 44- 44- 44-
131  116  116  ---- DD- AA- 22- 11- 11- 11- 11- 11- 44- 44- 44-
132  117  117  ---- LL- AA- 22- 11- 11- 11- 22- 22- 44- 44- 44-
133  118  118  ---- QQ- AA- 22- 11- 11- 11- 22- 33- 11- 44- 44-
134  119  119  ---- AA- AA- 33- 11- 11- 11- 44- 44- 44- 44- 44-
135  120  120  ---- GG- LL- 33- 22- 22- 11- 44- 44- 44- 44- 44-
136  121  121  ---- RR- PP- 33- 33- 33- 11- 11- 11- 22- 22- 44-
137  122  122  ---- EE- PP- 33- 11- 33- 11- 22- 11- 11- 44- 44-
138  123  123  ---- QQ- PP- 33- 11- 33- 11- 11- 22- 11- 44- 44-
139  124  124  ---- AA- AA- 22- 11- 11- 11- 44- 44- 44- 44- 44-
140  125  125  ---- HH- BB- 33- 11- 33- 11- 22- 11- 44- 44- 44-
141  126  126  ---- PP- AA- 22- 11- 11- 11- 32- 21- 12- 44- 44-
142  127  127 2056  WWG AAL 223 112 112 111 224 114 444 444 444
143  128  128 2057  WWG AAE 222 112 113 111 114 114 444 444 444
144  ---- ----2058  --K --P --3 --1 --3 --1 --1 --1 --1 --1 --4
145  ---- ----2059  --G --B --3 --3 --3 --1 --4 --4 --4 --4 --4
146  ---- ----2060  --Y --B --3 --3 --3 --1 --3 --2 --4 --4 --4
147  ---- ----2061  --G --B --3 --3 --3 --1 --4 --4 --4 --4 --4
148  ---- ----2062  --L --B --3 --3 --3 --1 --1 --2 --4 --4 --4
149  ---- ----2063  --A --P --3 --1 --3 --1 --4 --4 --4 --4 --4
150  ---- ----2064  --S --A --2 --1 --1 --1 --2 --4 --4 --4 --4
151  ---- ----2065  --T --B --3 --3 --3 --1 --1 --4 --4 --4 --4
152  ---- ----2066  --G --P --3 --1 --3 --1 --4 --4 --4 --4 --4
153  ---- ----2067  --V --B --3 --3 --3 --1 --1 --4 --4 --4 --4
154  ---- ----2068  --T --A --2 --3 --1 --1 --2 --4 --4 --4 --4
155  ---- ----2069  --S --B --2 --3 --3 --1 --1 --4 --4 --4 --4
156  ---- ----2070  --G --E --1 --2 --3 --1 --4 --4 --4 --4 --4
157  ---- ----2071  --C --B --3 --3 --3 --1 --2 --4 --4 --4 --4
158  ---- ----2072  --Y --B --3 --3 --3 --1 --2 --2 --4 --4 --4
159  ---- ----2073  --Q --B --3 --3 --3 --1 --2 --1 --1 --4 --4
160  ---- ----2074  --W --B --3 --3 --3 --1 --3 --1 --4 --4 --4
161  ---- ----2075  --K --B --3 --3 --3 --1 --1 --1 --1 --1 --4
162  ---- ----2076  --F --B --3 --3 --3 --1 --1 --1 --4 --4 --4
163  ---- ----2077  --Y --B --3 --3 --3 --1 --2 --2 --4 --4 --4
164  ---- ----2078  --I --B --3 --1 --3 --1 --1 --2 --4 --4 --4
165  ---- ----2079  --V --A --2 --1 --1 --1 --1 --4 --4 --4 --4
166  ---- ----2080  --K --B --3 --3 --3 --1 --2 --3 --1 --3 --4
167  ---- ----2081  --E --B --3 --3 --3 --1 --1 --2 --2 --4 --4
168  ---- ----2082  --N --B --3 --3 --3 --1 --1 --2 --4 --4 --4
169  ---- ----2083  --R --P --2 --1 --3 --1 --1 --1 --1 --2 --4
170  ---- ----2084  --G --L --2 --2 --2 --1 --4 --4 --4 --4 --4
171  ---- ----2085  --N --A --3 --3 --2 --1 --2 --1 --4 --4 --4
172  ---- ----2086  --E --P --3 --1 --3 --1 --1 --3 --1 --4 --4
173  ---- ----2087  --G --A --2 --3 --2 --1 --4 --4 --4 --4 --4
174  ---- ----2088  --T --B --3 --3 --3 --1 --1 --4 --4 --4 --4
175  ---- ----2089  --C --B --3 --3 --3 --1 --1 --4 --4 --4 --4
176  ---- ----2090  --V --B --2 --3 --3 --1 --2 --4 --4 --4 --4
177  ---- ----2091  --G --B --1 --3 --3 --1 --4 --4 --4 --4 --4
178  ---- ----2092  --V --B --3 --3 --3 --1 --2 --4 --4 --4 --4
179  ---- ----2093  --S --B --3 --3 --3 --1 --3 --4 --4 --4 --4
180  ---- ----2094  --R --P --3 --1 --3 --1 --1 --1 --1 --3 --4
181  ---- ----2095  --W --B --2 --3 --3 --2 --2 --2 --4 --4 --4
182  ---- ----2096  --P --P --3 --1 --2 --1 --2 --1 --2 --4 --4
183  ---- ----2097  --V --B --3 --3 --3 --1 --1 --4 --4 --4 --4
184  129  129  ---- AA- AA- 22- 11- 11- 11- 44- 44- 44- 44- 44-
185  130  130  ---- LL- AA- 22- 11- 11- 11- 11- 11- 44- 44- 44-
186  131  131  ---- VV- AA- 22- 11- 11- 11- 11- 44- 44- 44- 44-
187  132  132  ---- NN- AA- 22- 11- 11- 11- 11- 11- 44- 44- 44-
188  133  133  ---- EE- AA- 22- 11- 11- 11- 22- 11- 11- 44- 44-
189  134  134  ---- HH- AA- 22- 11- 11- 11- 22- 11- 44- 44- 44-
190  135  135  ---- FF- AA- 22- 11- 11- 11- 22- 11- 44- 44- 44-
191  136  136  ---- PP- AA- 22- 11- 11- 11- 11- 22- 11- 44- 44-
192  137  137  ---- NN- AA- 22- 11- 11- 11- 11- 22- 44- 44- 44-
193  138  138  ---- VV- AA- 22- 33- 11- 11- 11- 44- 44- 44- 44-
194  139  139  ---- LL- AA- 22- 11- 11- 11- 11- 11- 44- 44- 44-
195  140  140  ---- RR- AA- 22- 11- 11- 11- 33- 11- 11- 11- 44-
196  141  141  ---- HH- AA- 22- 11- 11- 11- 11- 11- 44- 44- 44-
197  142  142  ---- FF- BB- 33- 33- 33- 11- 11- 22- 44- 44- 44-
198  143  143  ---- GG- PP- 33- 11- 33- 11- 44- 44- 44- 44- 44-
199  144  144  ---- PP- AA- 22- 11- 11- 11- 22- 11- 22- 44- 44-
200  145  145  ---- FF- AA- 22- 11- 11- 11- 22- 22- 44- 44- 44-
201  146  146  ---- CC- AA- 22- 11- 11- 11- 11- 44- 44- 44- 44-
202  147  147 2098  SSH AAA 222 113 111 111 221 442 444 444 444
203  148  148  ---- LL- AA- 22- 11- 11- 11- 22- 22- 44- 44- 44-
204  149  149  ---- NN- AA- 22- 11- 11- 11- 11- 11- 44- 44- 44-
205  150  150 2099  LLD AAB 223 113 113 111 112 221 444 444 444
206  ---- ----2100  --F --A --3 --3 --2 --1 --3 --1 --4 --4 --4
207  151  151  ---- II- AA- 22- 11- 11- 11- 11- 11- 44- 44- 44-
208  152  152  ---- RR- AA- 22- 11- 11- 11- 11- 11- 22- 33- 44-
209  153  153 2101  SSN AAB 223 111 113 111 332 441 444 444 444
210  154  154  ---- TT- AA- 22- 11- 11- 11- 11- 44- 44- 44- 44-
211  155  155  ---- LL- AA- 22- 11- 11- 11- 22- 22- 44- 44- 44-
212  156  156  ---- DD- AA- 22- 11- 11- 11- 11- 11- 44- 44- 44-
213  157  157  ---- FF- AA- 22- 11- 11- 11- 22- 22- 44- 44- 44-
214  158  158  ---- FF- AA- 22- 11- 11- 11- 22- 22- 44- 44- 44-
215  159  159  ---- EE- AA- 22- 11- 11- 11- 22- 11- 11- 44- 44-
216  160  160  ---- GG- AA- 22- 11- 11- 11- 44- 44- 44- 44- 44-
217  161  161  ---- CC- AA- 22- 11- 11- 11- 11- 44- 44- 44- 44-
218  162  162  ---- WW- AA- 22- 11- 11- 11- 22- 33- 44- 44- 44-
219  163  163  ---- II- AA- 22- 11- 11- 11- 11- 11- 44- 44- 44-
220  164  164  ---- EE- AA- 22- 11- 11- 11- 11- 21- 11- 44- 44-
221  165  165  ---- QQ- AA- 22- 11- 11- 11- 11- 11- 11- 44- 44-
222  166  166  ---- YY- AA- 33- 13- 12- 11- 11- 22- 44- 44- 44-
223  167  167  ---- NN- LL- 33- 22- 22- 11- 21- 21- 44- 44- 44-
224  168  168  ---- FF- BB- 33- 33- 33- 11- 22- 22- 44- 44- 44-
225  169  169  ---- GG- AA- 33- 11- 22- 11- 44- 44- 44- 44- 44-
226  170  170  ---- GG- EE- 11- 22- 33- 11- 44- 44- 44- 44- 44-
227  171  171  ---- FF- PP- 33- 11- 33- 11- 11- 11- 44- 44- 44-
228  172  172  ---- PP- PP- 22- 11- 22- 11- 11- 22- 11- 44- 44-
229  173  173  ---- GG- LL- 33- 22- 22- 11- 44- 44- 44- 44- 44-
230  174  174  ---- SS- BB- 33- 31- 22- 11- 33- 44- 44- 44- 44-
231  175  175  ---- HH- AA- 22- 11- 11- 11- 11- 11- 44- 44- 44-
232  176  176  ---- DD- AA- 22- 11- 11- 11- 11- 11- 44- 44- 44-
233  177  177  ---- YY- AA- 22- 11- 11- 11- 22- 22- 44- 44- 44-
234  178  178  ---- PP- AA- 22- 11- 11- 11- 11- 22- 11- 44- 44-
235  179  179  ---- QQ- AA- 22- 11- 11- 11- 11- 11- 11- 44- 44-
236  180  180  ---- FF- AA- 22- 11- 11- 11- 22- 22- 44- 44- 44-
237  181  181  ---- LL- AA- 22- 11- 11- 11- 22- 22- 44- 44- 44-
238  182  182  ---- RR- AA- 22- 11- 11- 11- 22- 33- 11- 11- 44-
239  183  183  ---- RR- AA- 22- 11- 11- 11- 11- 11- 22- 12- 44-
240  184  184  ---- MM- AA- 22- 11- 11- 11- 22- 33- 21- 44- 44-
241  185  185  ---- NN- AA- 22- 33- 22- 11- 33- 12- 44- 44- 44-
242  186  186  ---- GG- AA- 33- 11- 22- 11- 44- 44- 44- 44- 44-
243  187  187 2102  LLH LLA 332 221 221 111 113 111 444 444 444
244  ---- ----2103  --R --A --2 --1 --1 --1 --1 --2 --1 --1 --4
245  ---- ----2104  --T --A --3 --3 --1 --1 --2 --4 --4 --4 --4
246  188  188  ---- GG- AA- 22- 11- 11- 11- 44- 44- 44- 44- 44-
247  189  189 2105  HHT AAP 223 111 113 111 113 334 444 444 444
248  ---- ----2106  --S --A --2 --3 --2 --1 --2 --4 --4 --4 --4
249  190  190  ---- CC- AA- 22- 11- 11- 11- 22- 44- 44- 44- 44-
250  191  191  ---- VV- AA- 22- 11- 11- 11- 11- 44- 44- 44- 44-
251  192  192 2107  GGD AAA 222 111 111 111 441 441 444 444 444
252  ---- ----2108  --M --B --3 --3 --3 --1 --1 --1 --3 --4 --4
253  ---- ----2109  --W --B --3 --3 --3 --1 --1 --2 --4 --4 --4
254  ---- ----2110  --L --B --3 --3 --3 --1 --1 --1 --4 --4 --4
255  ---- ----2111  --Y --B --3 --3 --3 --1 --2 --2 --4 --4 --4
256  ---- ----2112  --R --B --3 --3 --3 --1 --2 --1 --1 --1 --4
257  ---- ----2113  --A --A --2 --1 --1 --1 --4 --4 --4 --4 --4
258  ---- ----2114  --Y --A --2 --1 --1 --1 --2 --2 --4 --4 --4
259  ---- ----2115  --S --A --3 --3 --1 --1 --1 --4 --4 --4 --4
260  ---- ----2116  --G --L --3 --2 --2 --1 --4 --4 --4 --4 --4
261  ---- ----2117  --N --P --3 --1 --3 --1 --1 --2 --4 --4 --4
262  ---- ----2118  --L --B --3 --3 --3 --1 --1 --1 --4 --4 --4
263  ---- ----2119  --Y --B --3 --3 --3 --1 --1 --2 --4 --4 --4
264  193  193  ---- AA- AA- 22- 11- 11- 11- 44- 44- 44- 44- 44-
265  194  194  ---- SS- AA- 22- 11- 21- 11- 11- 44- 44- 44- 44-
266  195  195  ---- LL- AA- 22- 11- 21- 11- 11- 11- 44- 44- 44-
267  196  196  ---- WW- BB- 33- 33- 22- 11- 11- 11- 44- 44- 44-
268  197  197  ---- PP- PP- 33- 11- 22- 11- 11- 22- 11- 44- 44-
269  198  198  ---- KK- AA- 22- 11- 11- 11- 33- 11- 11- 11- 44-
270  199  199  ---- EE- AA- 22- 11- 11- 11- 12- 11- 11- 44- 44-
271  200  200  ---- QQ- AA- 22- 33- 12- 11- 13- 32- 11- 44- 44-
272  201  201  ---- FF- BB- 33- 33- 33- 11- 11- 22- 44- 44- 44-
273  202  202  ---- NN- BB- 33- 33- 33- 11- 22- 11- 44- 44- 44-
274  203  203  ---- EE- AA- 22- 11- 11- 11- 22- 11- 11- 44- 44-
275  204  204  ---- RR- AA- 22- 11- 11- 11- 11- 11- 33- 11- 44-
276  205  205  ---- SS- AA- 22- 11- 11- 11- 22- 44- 44- 44- 44-
277  206  206  ---- LL- AA- 33- 33- 22- 11- 11- 11- 44- 44- 44-
278  207  207  ---- FF- AA- 22- 11- 11- 11- 22- 22- 44- 44- 44-
279  208  208  ---- LL- AA- 22- 11- 11- 11- 11- 11- 44- 44- 44-
280  209  209  ---- EE- AA- 22- 11- 11- 11- 13- 32- 21- 44- 44-
281  210  210  ---- II- AA- 22- 11- 11- 11- 11- 11- 44- 44- 44-
282  211  211  ---- TT- AA- 22- 11- 11- 11- 11- 44- 44- 44- 44-
283  212  212  ---- SS- AA- 22- 11- 11- 11- 22- 44- 44- 44- 44-
284  213  213  ---- AA- AA- 22- 11- 11- 11- 44- 44- 44- 44- 44-
285  214  214  ---- II- AA- 22- 11- 11- 11- 11- 11- 44- 44- 44-
286  215  215  ---- AA- AA- 22- 11- 11- 11- 44- 44- 44- 44- 44-
287  216  216  ---- QQ- AA- 22- 11- 11- 11- 11- 11- 11- 44- 44-
288  217  217  ---- MM- AA- 22- 11- 11- 11- 22- 33- 11- 44- 44-
289  218  218 2120  EEH AAB 221 113 113 111 222 112 114 444 444
290  ---- ----2121  --N --L --1 --2 --2 --1 --2 --1 --4 --4 --4
291  ---- ----2122  --G --E --1 --2 --3 --1 --4 --4 --4 --4 --4
292  ---- ----2123  --E --P --3 --1 --3 --1 --2 --1 --1 --4 --4
293  ---- ----2124  --Q --P --3 --3 --3 --1 --1 --2 --1 --4 --4
294  ---- ----2125  --T --A --2 --1 --1 --1 --1 --4 --4 --4 --4
295  ---- ----2126  --L --P --3 --1 --3 --1 --2 --2 --4 --4 --4
296  ---- ----2127  --T --B --3 --3 --3 --1 --1 --4 --4 --4 --4
297  ---- ----2128  --L --P --1 --3 --3 --1 --1 --1 --4 --4 --4
298  ---- ----2129  --S --P --3 --1 --3 --1 --2 --4 --4 --4 --4
299  ---- ----2130  --S --P --3 --1 --3 --1 --1 --4 --4 --4 --4
300  ---- ----2131  --F --B --3 --3 --3 --1 --3 --1 --4 --4 --4
301  ---- ----2132  --T --B --1 --3 --3 --1 --3 --4 --4 --4 --4
302  ---- ----2133  --Q --P --2 --1 --3 --1 --2 --1 --1 --4 --4
303  ---- ----2134  --G --L --2 --2 --2 --1 --4 --4 --4 --4 --4
304  ---- ----2135  --D --P --3 --3 --3 --1 --1 --1 --4 --4 --4
305  ---- ----2136  --F --B --3 --3 --3 --1 --1 --2 --4 --4 --4
306  ---- ----2137  --I --B --3 --3 --3 --1 --1 --2 --4 --4 --4
307  ---- ----2138  --T --P --3 --1 --3 --1 --1 --4 --4 --4 --4
308  ---- ----2139  --C --B --3 --3 --3 --1 --1 --4 --4 --4 --4
309  ---- ----2140  --V --B --3 --3 --3 --1 --1 --4 --4 --4 --4
310  ---- ----2141  --L --B --3 --3 --3 --1 --2 --2 --4 --4 --4
311  ---- ----2142  --D --B --3 --3 --3 --1 --2 --1 --4 --4 --4
312  ---- ----2143  --M --A --2 --1 --1 --1 --1 --2 --1 --4 --4
313  ---- ----2144  --E --A --2 --1 --1 --1 --2 --3 --2 --4 --4
314  ---- ----2145  --A --A --3 --1 --1 --1 --4 --4 --4 --4 --4
315  ---- ----2146  --R --L --3 --2 --2 --1 --1 --1 --4 --4 --4
316  ---- ----2147  --T --B --3 --3 --3 --1 --2 --4 --4 --4 --4
317  ---- ----2148  --I --B --3 --3 --3 --1 --1 --1 --4 --4 --4
318  ---- ----2149  --S --B --3 --3 --3 --1 --2 --4 --4 --4 --4
319  219  219  ---- NN- AA- 22- 11- 11- 11- 11- 11- 44- 44- 44-
320  220  220  ---- WW- AA- 22- 11- 11- 11- 22- 11- 44- 44- 44-
321  221  221  ---- MM- AA- 22- 11- 11- 11- 22- 22- 11- 44- 44-
322  222  222  ---- VV- AA- 22- 11- 11- 11- 22- 44- 44- 44- 44-
323  223  223  ---- WW- AA- 22- 11- 11- 11- 11- 33- 44- 44- 44-
324  224  224 2150  VVF AAB 223 113 113 111 111 441 444 444 444
325  225  225  ---- NN- AA- 22- 11- 11- 11- 22- 11- 44- 44- 44-
326  226  226  ---- DD- AA- 22- 11- 11- 11- 11- 11- 44- 44- 44-
327  227  227 2151  LLG AAB 223 113 113 111 224 224 444 444 444
328  228  228  ---- MM- AA- 22- 11- 11- 11- 11- 22- 31- 44- 44-
329  229  229  ---- SS- AA- 22- 13- 11- 11- 22- 44- 44- 44- 44-
330  230  230 2152  FFK AAB 221 113 113 111 222 221 441 441 444
331  231  231 2153  YYN AAL 221 112 112 111 221 221 444 444 444
332  ---- ----2154  --G --L --3 --2 --2 --1 --4 --4 --4 --4 --4
333  ---- ----2155  --E --P --1 --1 --3 --1 --4 --4 --1 --4 --4
334  ---- ----2156  --E --P --3 --1 --3 --1 --1 --2 --1 --4 --4
335  ---- ----2157  --P --P --3 --1 --2 --1 --1 --2 --1 --4 --4
336  232  232  ---- KK- AA- 22- 11- 11- 11- 33- 11- 11- 33- 44-
337  233  233  ---- EE- AA- 22- 11- 11- 11- 11- 11- 12- 44- 44-
338  234  234  ---- FF- AA- 22- 11- 11- 11- 22- 22- 44- 44- 44-
339  235  235  ---- DD- AA- 22- 33- 22- 11- 11- 11- 44- 44- 44-
340  236  236  ---- DD- BB- 33- 13- 33- 11- 22- 11- 44- 44- 44-
341  237  237  ---- EE- AA- 22- 11- 11- 11- 11- 11- 11- 44- 44-
342  238  238  ---- RR- AA- 22- 11- 11- 11- 21- 11- 13- 23- 44-
343  239  239  ---- DD- BB- 33- 33- 33- 11- 22- 11- 44- 44- 44-
344  240  240  ---- QQ- AA- 22- 33- 11- 11- 11- 11- 21- 44- 44-
345  241  241  ---- II- BB- 33- 33- 33- 11- 22- 11- 44- 44- 44-
346  242  242  ---- SS- BB- 33- 33- 33- 11- 11- 44- 44- 44- 44-
347  243  243  ---- LL- AA- 22- 11- 11- 11- 22- 22- 44- 44- 44-
348  244  244  ---- VV- AA- 22- 11- 11- 11- 11- 44- 44- 44- 44-
349  245  245  ---- KK- AA- 22- 11- 11- 11- 11- 11- 11- 33- 44-
350  246  246  ---- NN- AA- 22- 11- 11- 11- 11- 11- 44- 44- 44-
351  247  247  ---- YY- AA- 22- 11- 11- 11- 11- 11- 44- 44- 44-
352  248  248  ---- VV- AA- 22- 11- 11- 11- 11- 44- 44- 44- 44-
353  249  249  ---- VV- AA- 22- 11- 11- 11- 11- 44- 44- 44- 44-
354  250  250  ---- SS- AA- 22- 11- 11- 11- 22- 44- 44- 44- 44-
355  251  251  ---- DD- AA- 33- 33- 11- 11- 11- 11- 44- 44- 44-
356  252  252  ---- EE- LL- 33- 22- 22- 11- 11- 11- 11- 44- 44-
357  253  253  ---- II- BB- 13- 33- 33- 11- 22- 11- 44- 44- 44-
358  254  254  ---- SS- PP- 33- 11- 33- 11- 11- 44- 44- 44- 44-
359  255  255  ---- LL- AA- 22- 11- 11- 11- 22- 22- 44- 44- 44-
360  256  256  ---- HH- AA- 22- 11- 11- 11- 21- 21- 44- 44- 44-
361  257  257  ---- EE- AA- 22- 11- 11- 11- 11- 11- 11- 44- 44-
362  258  258  ---- AA- AA- 22- 11- 11- 11- 44- 44- 44- 44- 44-
363  259  259  ---- LL- AA- 22- 11- 11- 11- 22- 22- 44- 44- 44-
364  260  260  ---- EE- AA- 22- 11- 11- 11- 12- 13- 11- 44- 44-
365  261  261  ---- KK- AA- 22- 11- 11- 11- 22- 11- 11- 33- 44-
366  262  262  ---- LL- AA- 22- 11- 11- 11- 22- 22- 44- 44- 44-
367  263  263 2158  TTK AAB 223 113 113 111 111 441 444 444 444
368  264  264  ---- QQ- AA- 22- 11- 11- 11- 11- 21- 11- 44- 44-
369  265  265  ---- DD- AA- 22- 11- 11- 11- 11- 11- 44- 44- 44-
370  266  266 2159  TTL AAP 223 111 113 111 112 442 444 444 444
371  ---- ----2160  --A --A --2 --3 --1 --1 --4 --4 --4 --4 --4
372  ---- ----2161  --F --B --3 --3 --3 --1 --1 --1 --4 --4 --4
373  267  267  ---- LL- AA- 22- 11- 11- 11- 11- 11- 44- 44- 44-
374  268  268  ---- HH- AA- 22- 11- 11- 11- 12- 23- 44- 44- 44-
375  269  269 2162  SSE AAB 222 113 113 111 331 441 441 444 444
376  270  270  ---- SS- AA- 22- 11- 11- 11- 22- 44- 44- 44- 44-
377  271  271  ---- KK- AA- 22- 11- 11- 11- 22- 11- 11- 31- 44-
378  272  272  ---- QQ- AA- 22- 11- 11- 11- 11- 22- 21- 44- 44-
379  273  273 2163  MMD AAL 223 112 112 111 121 231 324 444 444
380  ---- ----2164  --V --P --3 --1 --3 --1 --1 --4 --4 --4 --4
381  ---- ----2165  --D --A --2 --3 --2 --1 --3 --1 --4 --4 --4
382  ---- ----2166  --A --B --3 --3 --3 --1 --4 --4 --4 --4 --4
383  274  274  ---- VV- AA- 22- 11- 11- 11- 11- 44- 44- 44- 44-
384  275  275  ---- AA- AA- 22- 11- 11- 11- 44- 44- 44- 44- 44-
385  276  276  ---- VV- AA- 22- 11- 11- 11- 11- 44- 44- 44- 44-
386  277  277  ---- FF- AA- 22- 33- 11- 11- 11- 11- 44- 44- 44-
387  278  278  ---- SS- AA- 22- 11- 11- 11- 12- 44- 44- 44- 44-
388  279  279  ---- DD- AA- 22- 31- 22- 11- 33- 11- 44- 44- 44-
389  280  280  ---- KK- PP- 11- 33- 33- 11- 11- 33- 11- 12- 44-
390  281  281  ---- DD- PP- 33- 11- 33- 11- 22- 11- 44- 44- 44-
391  282  282  ---- PP- AA- 22- 11- 11- 11- 22- 11- 22- 44- 44-
392  283  283  ---- QQ- AA- 22- 11- 11- 11- 22- 11- 11- 44- 44-
393  284  284  ---- VV- AA- 22- 11- 11- 11- 11- 44- 44- 44- 44-
394  285  285  ---- MM- AA- 22- 11- 11- 11- 22- 33- 33- 44- 44-
395  286  286  ---- DD- AA- 22- 11- 11- 11- 22- 11- 44- 44- 44-
396  287  287 2167  TTA AAA 222 111 111 111 114 444 444 444 444
397  ---- ----2168  --E --B --3 --3 --3 --1 --2 --1 --1 --4 --4
398  288  288  ---- II- AA- 22- 11- 11- 11- 11- 11- 44- 44- 44-
399  289  289  ---- EE- AA- 22- 11- 11- 11- 22- 11- 22- 44- 44-
400  290  290  ---- CC- AA- 22- 11- 11- 11- 11- 44- 44- 44- 44-
401  291  291 2169  FFL AAB 223 113 113 111 221 221 444 444 444
402  ---- ----2170  --Y --B --3 --3 --3 --1 --1 --2 --4 --4 --4
403  ---- ----2171  --P --P --3 --1 --2 --1 --1 --2 --1 --4 --4
404  ---- ----2172  --C --B --3 --3 --3 --1 --3 --4 --4 --4 --4
405  ---- ----2173  --V --B --3 --3 --3 --1 --1 --4 --4 --4 --4
406  ---- ----2174  --M --B --3 --3 --3 --1 --2 --2 --1 --4 --4
407  ---- ----2175  --F --B --3 --3 --3 --1 --1 --1 --4 --4 --4
408  ---- ----2176  --Y --A --2 --3 --2 --1 --3 --2 --4 --4 --4
409  ---- ----2177  --S --P --3 --1 --3 --1 --1 --4 --4 --4 --4
410  ---- ----2178  --S --A --2 --1 --1 --1 --1 --4 --4 --4 --4
411  ---- ----2179  --N --P --3 --3 --3 --1 --1 --1 --4 --4 --4
412  ---- ----2180  --P --P --2 --1 --2 --1 --2 --1 --2 --4 --4
413  ---- ----2181  --G --L --3 --3 --2 --1 --4 --4 --4 --4 --4
414  ---- ----2182  --E --P --3 --1 --3 --1 --1 --3 --1 --4 --4
415  ---- ----2183  --K --B --3 --3 --3 --1 --1 --1 --1 --1 --4
416  ---- ----2184  --V --B --3 --3 --3 --1 --1 --4 --4 --4 --4
417  ---- ----2185  --K --B --3 --3 --3 --1 --2 --1 --1 --1 --4
418  ---- ----2186  --I --P --3 --3 --3 --1 --3 --1 --4 --4 --4
419  292  292  ---- MM- AA- 22- 11- 11- 11- 11- 11- 11- 44- 44-
420  293  293  ---- HH- AA- 22- 11- 11- 11- 11- 33- 44- 44- 44-
421  294  294  ---- GG- AA- 22- 11- 11- 11- 44- 44- 44- 44- 44-
422  295  295  ---- YY- AA- 22- 11- 11- 11- 22- 22- 44- 44- 44-
423  296  296  ---- VV- AA- 22- 11- 11- 11- 11- 44- 44- 44- 44-
424  297  297  ---- TT- AA- 22- 11- 11- 11- 11- 44- 44- 44- 44-
425  298  298  ---- WW- AA- 22- 11- 11- 11- 22- 11- 44- 44- 44-
426  299  299  ---- HH- AA- 22- 11- 11- 11- 11- 11- 44- 44- 44-
427  300  300  ---- LL- AA- 22- 11- 11- 11- 11- 11- 44- 44- 44-
428  301  301  ---- CC- AA- 22- 33- 11- 11- 11- 44- 44- 44- 44-
429  302  302 2187  DDC PPB 333 113 333 111 221 114 444 444 444
430  ---- ----2188  --D --P --3 --1 --3 --1 --3 --2 --4 --4 --4
431  ---- ----2189  --M --A --2 --1 --1 --1 --3 --1 --1 --4 --4
432  303  303  ---- RR- AA- 22- 11- 11- 11- 11- 22- 11- 11- 44-
433  304  304  ---- RK- AA- 22- 11- 11- 11- 22- 11- 21- 31- 44-
434  305  305  ---- YY- AA- 33- 11- 11- 11- 11- 11- 44- 44- 44-
435  306  306  ---- RR- LL- 33- 22- 22- 11- 11- 11- 23- 11- 44-
436  307  307  ---- LL- AA- 22- 11- 11- 11- 11- 11- 44- 44- 44-
437  308  308 2190  SSQ AAA 222 113 112 111 111 441 441 444 444
438  ---- ----2191  --M --P --4 --1 --3 --1 --2 --1 --1 --4 --4
439  ---- ----2192  --R --U --4 --3 --4 --4 --3 --1 --2 --1 --4
440  309  309  ---- EE- AA- 22- 11- 11- 11- 11- 11- 11- 44- 44-
441  310  310  ---- II- AA- 22- 11- 11- 11- 11- 21- 44- 44- 44-
442  311  311  ---- YY- AA- 22- 11- 11- 11- 22- 22- 44- 44- 44-
443  312  312  ---- EE- AA- 22- 11- 12- 11- 12- 33- 11- 44- 44-
444  313  313  ---- KK- AA- 22- 13- 11- 11- 22- 11- 11- 13- 44-
445  314  314  ---- VV- AA- 22- 33- 22- 11- 22- 44- 44- 44- 44-
446  315  315  ---- KK- AA- 22- 11- 21- 11- 32- 11- 11- 11- 44-
447  316  316  ---- EE- AA- 23- 33- 22- 11- 13- 11- 12- 44- 44-
448  317  317  ---- EE- BP- 33- 31- 33- 11- 12- 11- 11- 44- 44-
449  318  318  ---- KK- AA- 32- 33- 22- 11- 11- 21- 11- 11- 44-
450  319  319  ---- TT- PP- 33- 11- 33- 11- 22- 44- 44- 44- 44-
451  320  320  ---- EE- AA- 22- 11- 11- 11- 22- 11- 11- 44- 44-
452  321  321  ---- DD- AA- 22- 11- 11- 11- 11- 11- 44- 44- 44-
453  322  322  ---- AA- AA- 22- 11- 11- 11- 44- 44- 44- 44- 44-
454  323  323  ---- QQ- AA- 22- 11- 11- 11- 11- 11- 11- 44- 44-
455  324  324  ---- KK- AA- 22- 11- 11- 11- 11- 21- 23- 21- 44-
456  325  325  ---- FF- AA- 22- 11- 11- 11- 22- 22- 44- 44- 44-
457  326  326  ---- CC- AA- 22- 11- 11- 11- 11- 44- 44- 44- 44-
458  327  327  ---- KK- AA- 22- 11- 11- 11- 11- 11- 11- 21- 44-
459  328  328  ---- FF- AA- 22- 11- 11- 11- 11- 11- 44- 44- 44-
460  329  329  ---- YY- AA- 22- 11- 11- 11- 22- 11- 44- 44- 44-
461  330  330  ---- EE- AA- 22- 11- 11- 11- 11- 11- 11- 44- 44-
462  331  331  ---- QQ- AA- 22- 11- 11- 11- 11- 11- 11- 44- 44-
463  332  332  ---- AA- AA- 22- 11- 11- 11- 44- 44- 44- 44- 44-
464  333  333  ---- AA- AA- 22- 11- 11- 11- 44- 44- 44- 44- 44-
465  334  334  ---- NN- AA- 22- 11- 11- 11- 11- 11- 44- 44- 44-
466  335  335  ---- VV- AA- 22- 33- 11- 11- 22- 44- 44- 44- 44-
467  336  336  ---- GG- AA- 22- 31- 21- 11- 44- 44- 44- 44- 44-
468  337  337  ---- AA- BP- 33- 11- 33- 11- 44- 44- 44- 44- 44-
469  338  338  ---- VV- BB- 33- 33- 33- 11- 11- 44- 44- 44- 44-
470  339  339  ---- SS- PP- 33- 11- 33- 11- 33- 44- 44- 44- 44-
471  340  340  ---- PP- AA- 22- 11- 11- 11- 11- 22- 11- 44- 44-
472  341  341  ---- SS- AA- 22- 11- 11- 11- 11- 44- 44- 44- 44-
473  342  342  ---- EE- AA- 11- 11- 11- 11- 11- 11- 11- 44- 44-
474  343  343  ---- WW- AA- 22- 33- 11- 11- 33- 22- 44- 44- 44-
475  344  344  ---- AA- BB- 33- 11- 33- 11- 44- 44- 44- 44- 44-
476  345  345  ---- YY- BB- 22- 33- 33- 22- 33- 22- 44- 44- 44-
477  346  346  ---- PP- PP- 33- 11- 22- 11- 22- 11- 22- 44- 44-
478  347  347  ---- PP- PP- 33- 11- 22- 11- 22- 11- 22- 44- 44-
479  348  348  ---- VV- AA- 22- 11- 11- 11- 11- 44- 44- 44- 44-
480  349  349  ---- AA- AA- 22- 11- 11- 11- 44- 44- 44- 44- 44-
481  350  350  ---- QQ- AA- 22- 11- 11- 11- 22- 11- 12- 44- 44-
482  351  351  ---- LL- AA- 22- 11- 11- 11- 11- 11- 44- 44- 44-
483  352  352  ---- AA- AA- 22- 11- 11- 11- 44- 44- 44- 44- 44-
484  353  353  ---- NN- AA- 44- 11- 11- 11- 12- 22- 44- 44- 44-
485  354  354  ---- VV- UU- 44- 11- 44- 44- 11- 44- 44- 44- 44-

Sequence identity comparison (ID_TABLE):

   Diagonal       ... number of residues;
   Upper triangle ... number of identical residues;
   Lower triangle ... % sequence identity, id/min(length).

         1jfgA @21kiyA @22aekA @24qt6A @1
1jfgA @2      354     353     353       0
1kiyA @2      100     354     352       0
2aekA @2      100      99     354       0
4qt6A @1        0       0       0     159


Weighted pair-group average clustering based on a distance matrix:


                                                               .--- 1jfgA @2.5     0.0000
                                                               |
                                                               .--- 1kiyA @2.4     0.5000
                                                               |
        .---------------------------------------------------------- 2aekA @2.9   100.0000
        |
      .------------------------------------------------------------ 4qt6A @1.6

      +----+----+----+----+----+----+----+----+----+----+----+----+
   104.0000   86.0000   68.0000   50.0000   32.0000   14.0000   -4.0000
         95.0000   77.0000   59.0000   41.0000   23.0000    5.0000



Total CPU time [seconds]                                 :       2.04
